----------------------------------------
Timestamp: 5/28/2021 12:03:23 AM

Message: Scheduler: Task executed: 'Telerik.Sitefinity.Authentication.IdentityServer.Data.TransientDataCleanupTask'. Start time: 5/28/2021 12:03:23 AM. End time: 5/28/2021 12:03:23 AM. Task data: ''


----------------------------------------
----------------------------------------
Timestamp: 5/28/2021 12:03:23 AM

Message: Scheduler: Task executed: 'Telerik.Sitefinity.Translations.Synchronization.TranslationSyncTask'. Start time: 5/28/2021 12:03:23 AM. End time: 5/28/2021 12:03:23 AM. Task data: ''


----------------------------------------
----------------------------------------
Timestamp: 5/28/2021 12:03:24 AM

Message: Scheduler: Task executed: 'Telerik.Sitefinity.ABTesting.Scheduling.ABTestsSyncTask'. Start time: 5/28/2021 12:03:23 AM. End time: 5/28/2021 12:03:24 AM. Task data: ''


----------------------------------------
----------------------------------------
Timestamp: 5/28/2021 12:03:26 AM

Message: Scheduler: Task executed: 'Telerik.Sitefinity.Translations.Synchronization.TranslationImportTask'. Start time: 5/28/2021 12:03:26 AM. End time: 5/28/2021 12:03:26 AM. Task data: ''


----------------------------------------
----------------------------------------
Timestamp: 5/28/2021 12:03:34 AM

Message: Scheduler: Task executed: 'Telerik.Sitefinity.UsageTracking.Scheduling.UsageTrackingTask'. Start time: 5/28/2021 12:03:23 AM. End time: 5/28/2021 12:03:34 AM. Task data: ''


----------------------------------------
