----------------------------------------
Timestamp: 4/22/2021 11:09:15 PM

Message: Attempting application domain unload. Reason: 'Activation error occured while trying to get instance of type LogWriter, key "" ---> Resolution of the dependency failed, type = "Telerik.Microsoft.Practices.EnterpriseLibrary.Logging.LogWriter", name = "(none)".
Exception occurred while: Calling constructor Telerik.Microsoft.Practices.EnterpriseLibrary.Logging.TraceListeners.RollingFlatFileTraceListener(System.String fileName, System.String header, System.String footer, Telerik.Microsoft.Practices.EnterpriseLibrary.Logging.Formatters.ILogFormatter formatter, System.Int32 rollSizeKB, System.String timeStampPattern, Telerik.Microsoft.Practices.EnterpriseLibrary.Logging.TraceListeners.RollFileExistsBehavior rollFileExistsBehavior, Telerik.Microsoft.Practices.EnterpriseLibrary.Logging.TraceListeners.RollInterval rollInterval, System.Int32 maxArchivedFiles).
Exception is: ThreadAbortException - Thread was being aborted.
-----------------------------------------------
At the time of the exception, the container was:

  Resolving Telerik.Microsoft.Practices.EnterpriseLibrary.Logging.LogWriterImpl,LogWriter.__default__ (mapped from Telerik.Microsoft.Practices.EnterpriseLibrary.Logging.LogWriter, (none))
  Resolving parameter "structureHolder" of constructor Telerik.Microsoft.Practices.EnterpriseLibrary.Logging.LogWriterImpl(Telerik.Microsoft.Practices.EnterpriseLibrary.Logging.LogWriterStructureHolder structureHolder, Telerik.Microsoft.Practices.EnterpriseLibrary.Logging.Instrumentation.ILoggingInstrumentationProvider instrumentationProvider, Telerik.Microsoft.Practices.EnterpriseLibrary.Logging.ILoggingUpdateCoordinator updateCoordinator)
    Resolving Telerik.Microsoft.Practices.EnterpriseLibrary.Logging.LogWriterStructureHolder,LogWriterStructureHolder.__default__ (mapped from Telerik.Microsoft.Practices.EnterpriseLibrary.Logging.LogWriterStructureHolder, (none))
    Resolving parameter "traceSources" of constructor Telerik.Microsoft.Practices.EnterpriseLibrary.Logging.LogWriterStructureHolder(System.Collections.Generic.IEnumerable`1[[Telerik.Microsoft.Practices.EnterpriseLibrary.Logging.Filters.ILogFilter, Telerik.Sitefinity.Utilities, Version=13.3.7600.0, Culture=neutral, PublicKeyToken=b28c218413bdf563]] filters, System.Collections.Generic.IEnumerable`1[[System.String, mscorlib, Version=4.0.0.0, Culture=neutral, PublicKeyToken=b77a5c561934e089]] traceSourceNames, System.Collections.Generic.IEnumerable`1[[Telerik.Microsoft.Practices.EnterpriseLibrary.Logging.LogSource, Telerik.Sitefinity.Utilities, Version=13.3.7600.0, Culture=neutral, PublicKeyToken=b28c218413bdf563]] traceSources, Telerik.Microsoft.Practices.EnterpriseLibrary.Logging.LogSource allEventsTraceSource, Telerik.Microsoft.Practices.EnterpriseLibrary.Logging.LogSource notProcessedTraceSource, Telerik.Microsoft.Practices.EnterpriseLibrary.Logging.LogSource errorsTraceSource, System.String defaultCategory, System.Boolean tracingEnabled, System.Boolean logWarningsWhenNoCategoriesMatch, System.Boolean revertImpersonation)
      Resolving Telerik.Microsoft.Practices.EnterpriseLibrary.Logging.LogSource,Default
      Resolving parameter "traceListeners" of constructor Telerik.Microsoft.Practices.EnterpriseLibrary.Logging.LogSource(System.String name, System.Collections.Generic.IEnumerable`1[[System.Diagnostics.TraceListener, System, Version=4.0.0.0, Culture=neutral, PublicKeyToken=b77a5c561934e089]] traceListeners, System.Diagnostics.SourceLevels level, System.Boolean autoFlush, Telerik.Microsoft.Practices.EnterpriseLibrary.Logging.Instrumentation.ILoggingInstrumentationProvider instrumentationProvider)
        Resolving Telerik.Microsoft.Practices.EnterpriseLibrary.Logging.TraceListeners.ReconfigurableTraceListenerWrapper,Default (mapped from System.Diagnostics.TraceListener, Default)
        Resolving parameter "wrappedTraceListener" of constructor Telerik.Microsoft.Practices.EnterpriseLibrary.Logging.TraceListeners.ReconfigurableTraceListenerWrapper(System.Diagnostics.TraceListener wrappedTraceListener, Telerik.Microsoft.Practices.EnterpriseLibrary.Logging.ILoggingUpdateCoordinator coordinator)
          Resolving Telerik.Microsoft.Practices.EnterpriseLibrary.Logging.TraceListeners.RollingFlatFileTraceListener,Default‌implementation (mapped from System.Diagnostics.TraceListener, Default‌implementation)
          Calling constructor Telerik.Microsoft.Practices.EnterpriseLibrary.Logging.TraceListeners.RollingFlatFileTraceListener(System.String fileName, System.String header, System.String footer, Telerik.Microsoft.Practices.EnterpriseLibrary.Logging.Formatters.ILogFormatter formatter, System.Int32 rollSizeKB, System.String timeStampPattern, Telerik.Microsoft.Practices.EnterpriseLibrary.Logging.TraceListeners.RollFileExistsBehavior rollFileExistsBehavior, Telerik.Microsoft.Practices.EnterpriseLibrary.Logging.TraceListeners.RollInterval rollInterval, System.Int32 maxArchivedFiles)
 ---> Thread was being aborted.'. StackTrace: '   at System.Environment.GetStackTrace(Exception e, Boolean needFileInfo)
   at System.Environment.get_StackTrace()
   at Telerik.Sitefinity.Services.SystemManager.TryRestartApplication(String restartReason)
   at Telerik.Sitefinity.Web.SitefinityHttpModule.HandleBootstrapException(Exception exception)
   at Telerik.Sitefinity.Web.SitefinityHttpModule.<>c.<BootstrapAsync>b__4_0(Object ctx)
   at System.Threading.Tasks.Task.Execute()
   at System.Threading.ExecutionContext.RunInternal(ExecutionContext executionContext, ContextCallback callback, Object state, Boolean preserveSyncCtx)
   at System.Threading.ExecutionContext.Run(ExecutionContext executionContext, ContextCallback callback, Object state, Boolean preserveSyncCtx)
   at System.Threading.Tasks.Task.ExecuteWithThreadLocal(Task& currentTaskSlot)
   at System.Threading.Tasks.Task.ExecuteEntry(Boolean bPreventDoubleExecution)
   at System.Threading.ThreadPoolWorkQueue.Dispatch()'


----------------------------------------
----------------------------------------
Timestamp: 4/22/2021 11:09:15 PM

Message: Application domain unload succeeded. StackTrace: '   at System.Environment.GetStackTrace(Exception e, Boolean needFileInfo)
   at System.Environment.get_StackTrace()
   at Telerik.Sitefinity.Services.SystemManager.TryRestartApplication(String restartReason)
   at Telerik.Sitefinity.Web.SitefinityHttpModule.HandleBootstrapException(Exception exception)
   at Telerik.Sitefinity.Web.SitefinityHttpModule.<>c.<BootstrapAsync>b__4_0(Object ctx)
   at System.Threading.Tasks.Task.Execute()
   at System.Threading.ExecutionContext.RunInternal(ExecutionContext executionContext, ContextCallback callback, Object state, Boolean preserveSyncCtx)
   at System.Threading.ExecutionContext.Run(ExecutionContext executionContext, ContextCallback callback, Object state, Boolean preserveSyncCtx)
   at System.Threading.Tasks.Task.ExecuteWithThreadLocal(Task& currentTaskSlot)
   at System.Threading.Tasks.Task.ExecuteEntry(Boolean bPreventDoubleExecution)
   at System.Threading.ThreadPoolWorkQueue.Dispatch()'


----------------------------------------
