----------------------------------------
Timestamp: 5/23/2021 12:55:44 AM

Message: Scheduler: Task executed: 'Telerik.Sitefinity.Authentication.IdentityServer.Data.TransientDataCleanupTask'. Start time: 5/23/2021 12:55:44 AM. End time: 5/23/2021 12:55:44 AM. Task data: ''


----------------------------------------
----------------------------------------
Timestamp: 5/23/2021 12:55:44 AM

Message: Scheduler: Task executed: 'Telerik.Sitefinity.Translations.Synchronization.TranslationSyncTask'. Start time: 5/23/2021 12:55:44 AM. End time: 5/23/2021 12:55:44 AM. Task data: ''


----------------------------------------
----------------------------------------
Timestamp: 5/23/2021 12:55:45 AM

Message: Scheduler: Task executed: 'Telerik.Sitefinity.ABTesting.Scheduling.ABTestsSyncTask'. Start time: 5/23/2021 12:55:45 AM. End time: 5/23/2021 12:55:45 AM. Task data: ''


----------------------------------------
----------------------------------------
Timestamp: 5/23/2021 12:55:45 AM

Message: Scheduler: Task executed: 'Telerik.Sitefinity.Translations.Synchronization.TranslationImportTask'. Start time: 5/23/2021 12:55:45 AM. End time: 5/23/2021 12:55:45 AM. Task data: ''


----------------------------------------
----------------------------------------
Timestamp: 5/23/2021 12:55:49 AM

Message: Scheduler: Task executed: 'Telerik.Sitefinity.Lifecycle.Cleanup.TempItemsCleanupTask'. Start time: 5/23/2021 12:55:44 AM. End time: 5/23/2021 12:55:49 AM. Task data: ''


----------------------------------------
----------------------------------------
Timestamp: 5/23/2021 12:55:56 AM

Message: Scheduler: Task executed: 'Telerik.Sitefinity.UsageTracking.Scheduling.UsageTrackingTask'. Start time: 5/23/2021 12:55:44 AM. End time: 5/23/2021 12:55:56 AM. Task data: ''


----------------------------------------
----------------------------------------
Timestamp: 5/23/2021 1:00:07 AM

Message: Scheduler: Task executed: 'Telerik.Sitefinity.Versioning.Cleaner.VersioningCleanerTask'. Start time: 5/23/2021 1:00:07 AM. End time: 5/23/2021 1:00:07 AM. Task data: ''


----------------------------------------
