----------------------------------------
ActivityId: 00000000-0000-0000-0000-000000000000

Timestamp: 4/22/2021 11:41:00 PM

Message: HandlingInstanceID: 00a741df-f1e0-4025-b462-9706ab28a8ac
An exception of type 'Telerik.OpenAccess.OpenAccessException' occurred and was caught.
--------------------------------------------------------------------------------------
04/22/2021 23:41:00
Type : Telerik.OpenAccess.OpenAccessException, Telerik.OpenAccess, Version=2020.0.428.1, Culture=neutral, PublicKeyToken=7ce17eeaf1d59342
Message : System.ArgumentException: MsSqlDriver.GetCreateDatabaseSql : Database= missing
Source : Unity_ILEmit_DynamicClasses
Help link : 
InnerExceptions : System.Exception[]
FailedObject : 
BackendError : 
Reason : Runtime
CanRetry : True
Data : System.Collections.ListDictionaryInternal
TargetSite : Void Initialize(System.String, System.Collections.Specialized.NameValueCollection, System.Type)
HResult : -2146233088
Stack Trace :    at DynamicModule.ns.Wrapped_OpenAccessMetaDataProvider_d9373d15eca44430824460071b914bf9.Initialize(String providerName, NameValueCollection config, Type managerType)
   at Telerik.Sitefinity.Data.ManagerBase`1.InstantiateProvider(IDataProviderSettings providerSettings, Type providerType, ExceptionPolicyName policy, Type managerType)

Additional Info:

MachineName : INSTANCE-TFS-SI
TimeStamp : 4/22/2021 11:41:00 PM
FullName : Telerik.Sitefinity.Utilities, Version=13.3.7600.0, Culture=neutral, PublicKeyToken=b28c218413bdf563
AppDomainName : /LM/W3SVC/7/ROOT-14-132636084452664035
ThreadIdentity : 
WindowsIdentity : IIS APPPOOL\Test2
Requested URL : http://127.0.0.1/
	Inner Exception
	---------------
	Type : System.ArgumentException, mscorlib, Version=4.0.0.0, Culture=neutral, PublicKeyToken=b77a5c561934e089
	Message : MsSqlDriver.GetCreateDatabaseSql : Database= missing
	Source : Telerik.OpenAccess.Runtime
	Help link : 
	ParamName : 
	Data : System.Collections.ListDictionaryInternal
	TargetSite : System.String GetCreateDatabaseSql(System.String, System.String, System.Collections.IDictionary, Telerik.OpenAccess.RT.Adonet2Generic.Impl.DBDriver, System.IO.StreamWriter)
	HResult : -2147024809
	Stack Trace :    at OpenAccessRuntime.Relational.sql.MsSqlDriver.GetCreateDatabaseSql(String url, String databaseName, IDictionary p, DBDriver drv, StreamWriter out_Renamed)
	   at OpenAccessRuntime.DataObjects.tools.ant.DatabaseCreationTask.createDatabase()



Category: ErrorLog

Priority: 0

EventId: 9010

Severity: Warning

Title:Enterprise Library Exception Handling

Machine: INSTANCE-TFS-SI

App Domain: /LM/W3SVC/7/ROOT-14-132636084452664035

ProcessId: 6040

Process Name: c:\windows\system32\inetsrv\w3wp.exe

Thread Name: 

Win32 ThreadId:6812

Extended Properties: 
----------------------------------------
----------------------------------------
ActivityId: 00000000-0000-0000-0000-000000000000

Timestamp: 4/22/2021 11:41:10 PM

Message: HandlingInstanceID: ebbe0dc0-76e1-4eaf-864b-3d5316b869f2
An exception of type 'Telerik.OpenAccess.OpenAccessException' occurred and was caught.
--------------------------------------------------------------------------------------
04/22/2021 23:41:10
Type : Telerik.OpenAccess.OpenAccessException, Telerik.OpenAccess, Version=2020.0.428.1, Culture=neutral, PublicKeyToken=7ce17eeaf1d59342
Message : System.ArgumentException: MsSqlDriver.GetCreateDatabaseSql : Database= missing
Source : Unity_ILEmit_DynamicClasses
Help link : 
InnerExceptions : System.Exception[]
FailedObject : 
BackendError : 
Reason : Runtime
CanRetry : True
Data : System.Collections.ListDictionaryInternal
TargetSite : Void Initialize(System.String, System.Collections.Specialized.NameValueCollection, System.Type)
HResult : -2146233088
Stack Trace :    at DynamicModule.ns.Wrapped_OpenAccessMetaDataProvider_d9373d15eca44430824460071b914bf9.Initialize(String providerName, NameValueCollection config, Type managerType)
   at Telerik.Sitefinity.Data.ManagerBase`1.InstantiateProvider(IDataProviderSettings providerSettings, Type providerType, ExceptionPolicyName policy, Type managerType)

Additional Info:

MachineName : INSTANCE-TFS-SI
TimeStamp : 4/22/2021 11:41:10 PM
FullName : Telerik.Sitefinity.Utilities, Version=13.3.7600.0, Culture=neutral, PublicKeyToken=b28c218413bdf563
AppDomainName : /LM/W3SVC/7/ROOT-14-132636084452664035
ThreadIdentity : 
WindowsIdentity : IIS APPPOOL\Test2
Requested URL : http://127.0.0.1/
	Inner Exception
	---------------
	Type : System.ArgumentException, mscorlib, Version=4.0.0.0, Culture=neutral, PublicKeyToken=b77a5c561934e089
	Message : MsSqlDriver.GetCreateDatabaseSql : Database= missing
	Source : Telerik.OpenAccess.Runtime
	Help link : 
	ParamName : 
	Data : System.Collections.ListDictionaryInternal
	TargetSite : System.String GetCreateDatabaseSql(System.String, System.String, System.Collections.IDictionary, Telerik.OpenAccess.RT.Adonet2Generic.Impl.DBDriver, System.IO.StreamWriter)
	HResult : -2147024809
	Stack Trace :    at OpenAccessRuntime.Relational.sql.MsSqlDriver.GetCreateDatabaseSql(String url, String databaseName, IDictionary p, DBDriver drv, StreamWriter out_Renamed)
	   at OpenAccessRuntime.DataObjects.tools.ant.DatabaseCreationTask.createDatabase()



Category: ErrorLog

Priority: 0

EventId: 90030

Severity: Error

Title:Enterprise Library Exception Handling

Machine: INSTANCE-TFS-SI

App Domain: /LM/W3SVC/7/ROOT-14-132636084452664035

ProcessId: 6040

Process Name: c:\windows\system32\inetsrv\w3wp.exe

Thread Name: 

Win32 ThreadId:6812

Extended Properties: 
----------------------------------------
----------------------------------------
ActivityId: 00000000-0000-0000-0000-000000000000

Timestamp: 4/22/2021 11:41:10 PM

Message: Timestamp: 4/22/2021 11:41:10 PM
Message: Telerik.OpenAccess.OpenAccessException: System.ArgumentException: MsSqlDriver.GetCreateDatabaseSql : Database= missing ---> System.ArgumentException: MsSqlDriver.GetCreateDatabaseSql : Database= missing
   at OpenAccessRuntime.Relational.sql.MsSqlDriver.GetCreateDatabaseSql(String url, String databaseName, IDictionary p, DBDriver drv, StreamWriter out_Renamed)
   at OpenAccessRuntime.DataObjects.tools.ant.DatabaseCreationTask.createDatabase()
   --- End of inner exception stack trace ---
   at DynamicModule.ns.Wrapped_OpenAccessMetaDataProvider_d9373d15eca44430824460071b914bf9.Initialize(String providerName, NameValueCollection config, Type managerType)
   at Telerik.Sitefinity.Data.ManagerBase`1.InstantiateProvider(IDataProviderSettings providerSettings, Type providerType, ExceptionPolicyName policy, Type managerType)
   at Telerik.Sitefinity.Data.ManagerBase`1.InstantiateProvider(IDataProviderSettings providerSettings, ExceptionPolicyName policy, Type managerType)
   at Telerik.Sitefinity.Data.ManagerBase`1.ResolveProvider(String providerName, String dataSourceName)
   at Telerik.Sitefinity.Data.ManagerBase`1.SetProvider(String providerName, String transactionName)
   at Telerik.Sitefinity.Data.Metadata.MetadataManager..ctor()
Category: 
Priority: -1
EventId: 0
Severity: Critical
Title:
Machine: INSTANCE-TFS-SI
App Domain: /LM/W3SVC/7/ROOT-14-132636084452664035
ProcessId: 6040
Process Name: c:\windows\system32\inetsrv\w3wp.exe
Thread Name: 
Win32 ThreadId:6812
Extended Properties: 

Category: ErrorLog

Priority: -1

EventId: 1

Severity: Information

Title:

Machine: INSTANCE-TFS-SI

App Domain: /LM/W3SVC/7/ROOT-14-132636084452664035

ProcessId: 6040

Process Name: c:\windows\system32\inetsrv\w3wp.exe

Thread Name: 

Win32 ThreadId:6812

Extended Properties: 
----------------------------------------
----------------------------------------
ActivityId: 00000000-0000-0000-0000-000000000000

Timestamp: 4/22/2021 11:41:19 PM

Message: HandlingInstanceID: 9e71d354-7305-42fd-9e2b-e849edcd7a82
An exception of type 'Telerik.OpenAccess.OpenAccessException' occurred and was caught.
--------------------------------------------------------------------------------------
04/22/2021 23:41:19
Type : Telerik.OpenAccess.OpenAccessException, Telerik.OpenAccess, Version=2020.0.428.1, Culture=neutral, PublicKeyToken=7ce17eeaf1d59342
Message : System.ArgumentException: MsSqlDriver.GetCreateDatabaseSql : Database= missing
Source : Unity_ILEmit_DynamicClasses
Help link : 
InnerExceptions : System.Exception[]
FailedObject : 
BackendError : 
Reason : Runtime
CanRetry : True
Data : System.Collections.ListDictionaryInternal
TargetSite : Void Initialize(System.String, System.Collections.Specialized.NameValueCollection, System.Type)
HResult : -2146233088
Stack Trace :    at DynamicModule.ns.Wrapped_OpenAccessMetaDataProvider_d9373d15eca44430824460071b914bf9.Initialize(String providerName, NameValueCollection config, Type managerType)
   at Telerik.Sitefinity.Data.ManagerBase`1.InstantiateProvider(IDataProviderSettings providerSettings, Type providerType, ExceptionPolicyName policy, Type managerType)

Additional Info:

MachineName : INSTANCE-TFS-SI
TimeStamp : 4/22/2021 11:41:19 PM
FullName : Telerik.Sitefinity.Utilities, Version=13.3.7600.0, Culture=neutral, PublicKeyToken=b28c218413bdf563
AppDomainName : /LM/W3SVC/7/ROOT-14-132636084452664035
ThreadIdentity : 
WindowsIdentity : IIS APPPOOL\Test2
Requested URL : http://127.0.0.1/
	Inner Exception
	---------------
	Type : System.ArgumentException, mscorlib, Version=4.0.0.0, Culture=neutral, PublicKeyToken=b77a5c561934e089
	Message : MsSqlDriver.GetCreateDatabaseSql : Database= missing
	Source : Telerik.OpenAccess.Runtime
	Help link : 
	ParamName : 
	Data : System.Collections.ListDictionaryInternal
	TargetSite : System.String GetCreateDatabaseSql(System.String, System.String, System.Collections.IDictionary, Telerik.OpenAccess.RT.Adonet2Generic.Impl.DBDriver, System.IO.StreamWriter)
	HResult : -2147024809
	Stack Trace :    at OpenAccessRuntime.Relational.sql.MsSqlDriver.GetCreateDatabaseSql(String url, String databaseName, IDictionary p, DBDriver drv, StreamWriter out_Renamed)
	   at OpenAccessRuntime.DataObjects.tools.ant.DatabaseCreationTask.createDatabase()



Category: ErrorLog

Priority: 0

EventId: 90030

Severity: Error

Title:Enterprise Library Exception Handling

Machine: INSTANCE-TFS-SI

App Domain: /LM/W3SVC/7/ROOT-14-132636084452664035

ProcessId: 6040

Process Name: c:\windows\system32\inetsrv\w3wp.exe

Thread Name: 

Win32 ThreadId:2188

Extended Properties: 
----------------------------------------
----------------------------------------
ActivityId: 00000000-0000-0000-0000-000000000000

Timestamp: 4/22/2021 11:41:29 PM

Message: HandlingInstanceID: 276e5fad-935f-4f63-ad93-d57e741c5d74
An exception of type 'Telerik.OpenAccess.OpenAccessException' occurred and was caught.
--------------------------------------------------------------------------------------
04/22/2021 23:41:29
Type : Telerik.OpenAccess.OpenAccessException, Telerik.OpenAccess, Version=2020.0.428.1, Culture=neutral, PublicKeyToken=7ce17eeaf1d59342
Message : System.ArgumentException: MsSqlDriver.GetCreateDatabaseSql : Database= missing
Source : Unity_ILEmit_DynamicClasses
Help link : 
InnerExceptions : System.Exception[]
FailedObject : 
BackendError : 
Reason : Runtime
CanRetry : True
Data : System.Collections.ListDictionaryInternal
TargetSite : Void Initialize(System.String, System.Collections.Specialized.NameValueCollection, System.Type)
HResult : -2146233088
Stack Trace :    at DynamicModule.ns.Wrapped_OpenAccessMetaDataProvider_d9373d15eca44430824460071b914bf9.Initialize(String providerName, NameValueCollection config, Type managerType)
   at Telerik.Sitefinity.Data.ManagerBase`1.InstantiateProvider(IDataProviderSettings providerSettings, Type providerType, ExceptionPolicyName policy, Type managerType)

Additional Info:

MachineName : INSTANCE-TFS-SI
TimeStamp : 4/22/2021 11:41:29 PM
FullName : Telerik.Sitefinity.Utilities, Version=13.3.7600.0, Culture=neutral, PublicKeyToken=b28c218413bdf563
AppDomainName : /LM/W3SVC/7/ROOT-14-132636084452664035
ThreadIdentity : 
WindowsIdentity : IIS APPPOOL\Test2
Requested URL : http://127.0.0.1/
	Inner Exception
	---------------
	Type : System.ArgumentException, mscorlib, Version=4.0.0.0, Culture=neutral, PublicKeyToken=b77a5c561934e089
	Message : MsSqlDriver.GetCreateDatabaseSql : Database= missing
	Source : Telerik.OpenAccess.Runtime
	Help link : 
	ParamName : 
	Data : System.Collections.ListDictionaryInternal
	TargetSite : System.String GetCreateDatabaseSql(System.String, System.String, System.Collections.IDictionary, Telerik.OpenAccess.RT.Adonet2Generic.Impl.DBDriver, System.IO.StreamWriter)
	HResult : -2147024809
	Stack Trace :    at OpenAccessRuntime.Relational.sql.MsSqlDriver.GetCreateDatabaseSql(String url, String databaseName, IDictionary p, DBDriver drv, StreamWriter out_Renamed)
	   at OpenAccessRuntime.DataObjects.tools.ant.DatabaseCreationTask.createDatabase()



Category: ErrorLog

Priority: 0

EventId: 90030

Severity: Error

Title:Enterprise Library Exception Handling

Machine: INSTANCE-TFS-SI

App Domain: /LM/W3SVC/7/ROOT-14-132636084452664035

ProcessId: 6040

Process Name: c:\windows\system32\inetsrv\w3wp.exe

Thread Name: 

Win32 ThreadId:2188

Extended Properties: 
----------------------------------------
