----------------------------------------
Timestamp: 5/9/2021 12:09:46 AM

Message: Scheduler: Task executed: 'Telerik.Sitefinity.Authentication.IdentityServer.Data.TransientDataCleanupTask'. Start time: 5/9/2021 12:09:46 AM. End time: 5/9/2021 12:09:46 AM. Task data: ''


----------------------------------------
----------------------------------------
Timestamp: 5/9/2021 12:09:46 AM

Message: Scheduler: Task executed: 'Telerik.Sitefinity.Translations.Synchronization.TranslationSyncTask'. Start time: 5/9/2021 12:09:45 AM. End time: 5/9/2021 12:09:46 AM. Task data: ''


----------------------------------------
----------------------------------------
Timestamp: 5/9/2021 12:09:48 AM

Message: Scheduler: Task executed: 'Telerik.Sitefinity.Translations.Synchronization.TranslationImportTask'. Start time: 5/9/2021 12:09:48 AM. End time: 5/9/2021 12:09:48 AM. Task data: ''


----------------------------------------
----------------------------------------
Timestamp: 5/9/2021 12:09:48 AM

Message: Scheduler: Task executed: 'Telerik.Sitefinity.ABTesting.Scheduling.ABTestsSyncTask'. Start time: 5/9/2021 12:09:46 AM. End time: 5/9/2021 12:09:48 AM. Task data: ''


----------------------------------------
----------------------------------------
Timestamp: 5/9/2021 12:09:50 AM

Message: Scheduler: Task executed: 'Telerik.Sitefinity.Lifecycle.Cleanup.TempItemsCleanupTask'. Start time: 5/9/2021 12:09:46 AM. End time: 5/9/2021 12:09:50 AM. Task data: ''


----------------------------------------
----------------------------------------
Timestamp: 5/9/2021 12:09:56 AM

Message: Scheduler: Task executed: 'Telerik.Sitefinity.UsageTracking.Scheduling.UsageTrackingTask'. Start time: 5/9/2021 12:09:46 AM. End time: 5/9/2021 12:09:56 AM. Task data: ''


----------------------------------------
