----------------------------------------
Timestamp: 5/20/2021 3:23:43 AM

Message: Scheduler: Task executed: 'Telerik.Sitefinity.Authentication.IdentityServer.Data.TransientDataCleanupTask'. Start time: 5/20/2021 3:23:42 AM. End time: 5/20/2021 3:23:43 AM. Task data: ''


----------------------------------------
----------------------------------------
Timestamp: 5/20/2021 3:23:43 AM

Message: Scheduler: Task executed: 'Telerik.Sitefinity.ABTesting.Scheduling.ABTestsSyncTask'. Start time: 5/20/2021 3:23:43 AM. End time: 5/20/2021 3:23:43 AM. Task data: ''


----------------------------------------
----------------------------------------
Timestamp: 5/20/2021 3:23:43 AM

Message: Scheduler: Task executed: 'Telerik.Sitefinity.Translations.Synchronization.TranslationSyncTask'. Start time: 5/20/2021 3:23:43 AM. End time: 5/20/2021 3:23:43 AM. Task data: ''


----------------------------------------
----------------------------------------
Timestamp: 5/20/2021 3:23:43 AM

Message: Scheduler: Task executed: 'Telerik.Sitefinity.Versioning.Cleaner.VersioningCleanerTask'. Start time: 5/20/2021 3:23:43 AM. End time: 5/20/2021 3:23:43 AM. Task data: ''


----------------------------------------
----------------------------------------
Timestamp: 5/20/2021 3:23:43 AM

Message: Scheduler: Task executed: 'Telerik.Sitefinity.Translations.Synchronization.TranslationImportTask'. Start time: 5/20/2021 3:23:43 AM. End time: 5/20/2021 3:23:43 AM. Task data: ''


----------------------------------------
----------------------------------------
Timestamp: 5/20/2021 3:23:55 AM

Message: Scheduler: Task executed: 'Telerik.Sitefinity.UsageTracking.Scheduling.UsageTrackingTask'. Start time: 5/20/2021 3:23:42 AM. End time: 5/20/2021 3:23:55 AM. Task data: ''


----------------------------------------
