----------------------------------------
Timestamp: 5/27/2021 1:28:31 AM

Message: The domain name Default configured to serve your website content was not found in your current license file. Refer to tfs-sitefinity.virtualdreams.io for troubleshooting advice.


----------------------------------------
----------------------------------------
Timestamp: 5/27/2021 2:01:01 AM

Message: System.Web.HttpException (0x80070057): The remote host closed the connection. The error code is 0x80070057.
   at System.Web.Hosting.IIS7WorkerRequest.RaiseCommunicationError(Int32 result, Boolean throwOnDisconnect)
   at System.Web.Hosting.IIS7WorkerRequest.ExplicitFlush()
   at System.Web.HttpResponse.Flush(Boolean finalFlush, Boolean async)
   at System.Web.HttpWriter.WriteFromStream(Byte[] data, Int32 offset, Int32 size)
   at Telerik.Sitefinity.Modules.Libraries.Web.LibraryHttpHandler.<>c__DisplayClass33_0.<WritePartialResponse>b__0()
   at Telerik.Sitefinity.Modules.Libraries.Web.LibraryHttpHandler.IgnoringClosedConnection(Action action)


----------------------------------------
----------------------------------------
Timestamp: 5/27/2021 2:01:01 AM

Message: System.Web.HttpException (0x80070057): The remote host closed the connection. The error code is 0x80070057.
   at System.Web.Hosting.IIS7WorkerRequest.RaiseCommunicationError(Int32 result, Boolean throwOnDisconnect)
   at System.Web.Hosting.IIS7WorkerRequest.ExplicitFlush()
   at System.Web.HttpResponse.Flush(Boolean finalFlush, Boolean async)
   at System.Web.HttpWriter.WriteFromStream(Byte[] data, Int32 offset, Int32 size)
   at Telerik.Sitefinity.Modules.Libraries.Web.LibraryHttpHandler.<>c__DisplayClass33_0.<WritePartialResponse>b__0()
   at Telerik.Sitefinity.Modules.Libraries.Web.LibraryHttpHandler.IgnoringClosedConnection(Action action)


----------------------------------------
