----------------------------------------
Timestamp: 5/27/2021 12:13:00 AM

Message: Scheduler: Task executed: 'Telerik.Sitefinity.Translations.Synchronization.TranslationSyncTask'. Start time: 5/27/2021 12:13:00 AM. End time: 5/27/2021 12:13:00 AM. Task data: ''


----------------------------------------
----------------------------------------
Timestamp: 5/27/2021 12:13:00 AM

Message: Scheduler: Task executed: 'Telerik.Sitefinity.Authentication.IdentityServer.Data.TransientDataCleanupTask'. Start time: 5/27/2021 12:13:00 AM. End time: 5/27/2021 12:13:00 AM. Task data: ''


----------------------------------------
----------------------------------------
Timestamp: 5/27/2021 12:13:02 AM

Message: Scheduler: Task executed: 'Telerik.Sitefinity.ABTesting.Scheduling.ABTestsSyncTask'. Start time: 5/27/2021 12:13:02 AM. End time: 5/27/2021 12:13:02 AM. Task data: ''


----------------------------------------
----------------------------------------
Timestamp: 5/27/2021 12:13:02 AM

Message: Scheduler: Task executed: 'Telerik.Sitefinity.Translations.Synchronization.TranslationImportTask'. Start time: 5/27/2021 12:13:02 AM. End time: 5/27/2021 12:13:02 AM. Task data: ''


----------------------------------------
----------------------------------------
Timestamp: 5/27/2021 12:13:11 AM

Message: Scheduler: Task executed: 'Telerik.Sitefinity.UsageTracking.Scheduling.UsageTrackingTask'. Start time: 5/27/2021 12:13:00 AM. End time: 5/27/2021 12:13:11 AM. Task data: ''


----------------------------------------
