----------------------------------------
Timestamp: 5/26/2021 1:01:50 AM

Message: Scheduler: Task executed: 'Telerik.Sitefinity.Translations.Synchronization.TranslationSyncTask'. Start time: 5/26/2021 1:01:50 AM. End time: 5/26/2021 1:01:50 AM. Task data: ''


----------------------------------------
----------------------------------------
Timestamp: 5/26/2021 1:01:50 AM

Message: Scheduler: Task executed: 'Telerik.Sitefinity.Authentication.IdentityServer.Data.TransientDataCleanupTask'. Start time: 5/26/2021 1:01:50 AM. End time: 5/26/2021 1:01:50 AM. Task data: ''


----------------------------------------
----------------------------------------
Timestamp: 5/26/2021 1:01:50 AM

Message: Scheduler: Task executed: 'Telerik.Sitefinity.ABTesting.Scheduling.ABTestsSyncTask'. Start time: 5/26/2021 1:01:50 AM. End time: 5/26/2021 1:01:50 AM. Task data: ''


----------------------------------------
----------------------------------------
Timestamp: 5/26/2021 1:01:50 AM

Message: Scheduler: Task executed: 'Telerik.Sitefinity.Versioning.Cleaner.VersioningCleanerTask'. Start time: 5/26/2021 1:01:50 AM. End time: 5/26/2021 1:01:50 AM. Task data: ''


----------------------------------------
----------------------------------------
Timestamp: 5/26/2021 1:01:50 AM

Message: Scheduler: Task executed: 'Telerik.Sitefinity.Translations.Synchronization.TranslationImportTask'. Start time: 5/26/2021 1:01:50 AM. End time: 5/26/2021 1:01:50 AM. Task data: ''


----------------------------------------
----------------------------------------
Timestamp: 5/26/2021 1:02:02 AM

Message: Scheduler: Task executed: 'Telerik.Sitefinity.UsageTracking.Scheduling.UsageTrackingTask'. Start time: 5/26/2021 1:01:50 AM. End time: 5/26/2021 1:02:02 AM. Task data: ''


----------------------------------------
