----------------------------------------
Timestamp: 5/14/2021 12:00:04 AM

Message: Scheduler: Task executed: 'Telerik.Sitefinity.Authentication.IdentityServer.Data.TransientDataCleanupTask'. Start time: 5/14/2021 12:00:04 AM. End time: 5/14/2021 12:00:04 AM. Task data: ''


----------------------------------------
----------------------------------------
Timestamp: 5/14/2021 12:00:04 AM

Message: Scheduler: Task executed: 'Telerik.Sitefinity.Translations.Synchronization.TranslationSyncTask'. Start time: 5/14/2021 12:00:04 AM. End time: 5/14/2021 12:00:04 AM. Task data: ''


----------------------------------------
----------------------------------------
Timestamp: 5/14/2021 12:00:04 AM

Message: Scheduler: Task executed: 'Telerik.Sitefinity.Translations.Synchronization.TranslationImportTask'. Start time: 5/14/2021 12:00:04 AM. End time: 5/14/2021 12:00:04 AM. Task data: ''


----------------------------------------
----------------------------------------
Timestamp: 5/14/2021 12:00:14 AM

Message: Scheduler: Task executed: 'Telerik.Sitefinity.UsageTracking.Scheduling.UsageTrackingTask'. Start time: 5/14/2021 12:00:04 AM. End time: 5/14/2021 12:00:14 AM. Task data: ''


----------------------------------------
----------------------------------------
Timestamp: 5/14/2021 12:01:05 AM

Message: Scheduler: Task executed: 'Telerik.Sitefinity.ABTesting.Scheduling.ABTestsSyncTask'. Start time: 5/14/2021 12:01:05 AM. End time: 5/14/2021 12:01:05 AM. Task data: ''


----------------------------------------
----------------------------------------
Timestamp: 5/14/2021 1:00:01 AM

Message: Scheduler: Task executed: 'Telerik.Sitefinity.Versioning.Cleaner.VersioningCleanerTask'. Start time: 5/14/2021 1:00:01 AM. End time: 5/14/2021 1:00:01 AM. Task data: ''


----------------------------------------
