----------------------------------------
ActivityId: 00000000-0000-0000-0000-000000000000

Timestamp: 6/1/2021 9:47:26 PM

Message: HandlingInstanceID: 2db5f31a-b19c-48d0-ad3d-8714d5b6c591
An exception of type 'System.NullReferenceException' occurred and was caught.
-----------------------------------------------------------------------------
06/01/2021 18:47:26
Type : System.NullReferenceException, mscorlib, Version=4.0.0.0, Culture=neutral, PublicKeyToken=b77a5c561934e089
Message : Object reference not set to an instance of an object.
Source : Telerik.Sitefinity
Help link : 
Data : System.Collections.ListDictionaryInternal
TargetSite : Boolean CanAdaptComponent(Telerik.Sitefinity.Pages.Model.ControlData)
HResult : -2147467261
Stack Trace :    at Telerik.Sitefinity.Modules.GenericContent.Web.Services.ContentBlockControllerAdaptor.CanAdaptComponent(ControlData component)
   at Telerik.Sitefinity.Web.Services.Contracts.Operations.Pages.PropertyEditor.Adaptors.ComponentAdaptorBase.<>c__DisplayClass3_0.<SupportsAdminAppEditor>b__0(IPropertiesAdaptor x)
   at System.Linq.Enumerable.Any[TSource](IEnumerable`1 source, Func`2 predicate)
   at Telerik.Sitefinity.Web.Services.Contracts.Operations.Pages.PropertyEditor.Adaptors.ComponentAdaptorBase.SupportsAdminAppEditor(ControlData controlData)
   at Telerik.Sitefinity.Web.UI.ZoneEditor.OpenNewWidgetEditor(ControlData control)
   at Telerik.Sitefinity.Modules.Pages.Web.Services.ZoneEditorService.UpdateState(ZoneEditorWebServiceArgs state, Boolean isLayoutControl)
   at Telerik.Sitefinity.Modules.Pages.Web.Services.ZoneEditorService.UpdateControlState(ZoneEditorWebServiceArgs state)
   at SyncInvokeUpdateControlState(Object , Object[] , Object[] )
   at System.ServiceModel.Dispatcher.SyncMethodInvoker.Invoke(Object instance, Object[] inputs, Object[]& outputs)
   at System.ServiceModel.Dispatcher.DispatchOperationRuntime.InvokeBegin(MessageRpc& rpc)
   at System.ServiceModel.Dispatcher.ImmutableDispatchRuntime.ProcessMessage5(MessageRpc& rpc)
   at System.ServiceModel.Dispatcher.ImmutableDispatchRuntime.ProcessMessage41(MessageRpc& rpc)
   at System.ServiceModel.Dispatcher.ImmutableDispatchRuntime.ProcessMessage4(MessageRpc& rpc)
   at System.ServiceModel.Dispatcher.ImmutableDispatchRuntime.ProcessMessage31(MessageRpc& rpc)
   at System.ServiceModel.Dispatcher.ImmutableDispatchRuntime.ProcessMessage3(MessageRpc& rpc)
   at System.ServiceModel.Dispatcher.ImmutableDispatchRuntime.ProcessMessage2(MessageRpc& rpc)
   at System.ServiceModel.Dispatcher.ImmutableDispatchRuntime.ProcessMessage11(MessageRpc& rpc)
   at System.ServiceModel.Dispatcher.ImmutableDispatchRuntime.ProcessMessage1(MessageRpc& rpc)
   at System.ServiceModel.Dispatcher.MessageRpc.Process(Boolean isOperationContextSet)

Additional Info:

MachineName : DESKTOP-UP3FQ7N
TimeStamp : 6/1/2021 9:47:26 PM
FullName : Telerik.Sitefinity.Utilities, Version=13.3.7625.0, Culture=neutral, PublicKeyToken=b28c218413bdf563
AppDomainName : /LM/W3SVC/2/ROOT-1-132670559150090716
ThreadIdentity : tomas.vera@virtualdreams.io
WindowsIdentity : DESKTOP-UP3FQ7N\Tomas Vera
Requested URL : http://localhost:60876/Sitefinity/Services/Pages/ZoneEditorService.svc/Control/?package=Bootstrap4


Category: ErrorLog

Priority: 0

EventId: 90000

Severity: Error

Title:Enterprise Library Exception Handling

Machine: DESKTOP-UP3FQ7N

App Domain: /LM/W3SVC/2/ROOT-1-132670559150090716

ProcessId: 9500

Process Name: C:\Program Files (x86)\IIS Express\iisexpress.exe

Thread Name: 

Win32 ThreadId:34868

Extended Properties: 
----------------------------------------
