----------------------------------------
ActivityId: 00000000-0000-0000-0000-000000000000

Timestamp: 4/22/2021 11:28:47 PM

Message: HandlingInstanceID: 98ed20d9-0a77-41c9-9f4a-7f15379a4147
An exception of type 'Telerik.OpenAccess.OpenAccessException' occurred and was caught.
--------------------------------------------------------------------------------------
04/22/2021 23:28:47
Type : Telerik.OpenAccess.OpenAccessException, Telerik.OpenAccess, Version=2020.0.428.1, Culture=neutral, PublicKeyToken=7ce17eeaf1d59342
Message : System.ArgumentException: MsSqlDriver.GetCreateDatabaseSql : Database= missing
Source : Unity_ILEmit_DynamicClasses
Help link : 
InnerExceptions : System.Exception[]
FailedObject : 
BackendError : 
Reason : Runtime
CanRetry : True
Data : System.Collections.ListDictionaryInternal
TargetSite : Void Initialize(System.String, System.Collections.Specialized.NameValueCollection, System.Type)
HResult : -2146233088
Stack Trace :    at DynamicModule.ns.Wrapped_OpenAccessMetaDataProvider_526bc1c2e88c4b78876f596bc956c14f.Initialize(String providerName, NameValueCollection config, Type managerType)
   at Telerik.Sitefinity.Data.ManagerBase`1.InstantiateProvider(IDataProviderSettings providerSettings, Type providerType, ExceptionPolicyName policy, Type managerType)

Additional Info:

MachineName : INSTANCE-TFS-SI
TimeStamp : 4/22/2021 11:28:47 PM
FullName : Telerik.Sitefinity.Utilities, Version=13.3.7600.0, Culture=neutral, PublicKeyToken=b28c218413bdf563
AppDomainName : /LM/W3SVC/7/ROOT-3-132636077087307775
ThreadIdentity : 
WindowsIdentity : IIS APPPOOL\Test2
Requested URL : http://127.0.0.1/
	Inner Exception
	---------------
	Type : System.ArgumentException, mscorlib, Version=4.0.0.0, Culture=neutral, PublicKeyToken=b77a5c561934e089
	Message : MsSqlDriver.GetCreateDatabaseSql : Database= missing
	Source : Telerik.OpenAccess.Runtime
	Help link : 
	ParamName : 
	Data : System.Collections.ListDictionaryInternal
	TargetSite : System.String GetCreateDatabaseSql(System.String, System.String, System.Collections.IDictionary, Telerik.OpenAccess.RT.Adonet2Generic.Impl.DBDriver, System.IO.StreamWriter)
	HResult : -2147024809
	Stack Trace :    at OpenAccessRuntime.Relational.sql.MsSqlDriver.GetCreateDatabaseSql(String url, String databaseName, IDictionary p, DBDriver drv, StreamWriter out_Renamed)
	   at OpenAccessRuntime.DataObjects.tools.ant.DatabaseCreationTask.createDatabase()



Category: ErrorLog

Priority: 0

EventId: 9010

Severity: Warning

Title:Enterprise Library Exception Handling

Machine: INSTANCE-TFS-SI

App Domain: /LM/W3SVC/7/ROOT-3-132636077087307775

ProcessId: 6040

Process Name: c:\windows\system32\inetsrv\w3wp.exe

Thread Name: 

Win32 ThreadId:4796

Extended Properties: 
----------------------------------------
----------------------------------------
ActivityId: 00000000-0000-0000-0000-000000000000

Timestamp: 4/22/2021 11:28:57 PM

Message: HandlingInstanceID: f43e41f2-39e1-44d8-b597-6aadc75d6e34
An exception of type 'Telerik.OpenAccess.OpenAccessException' occurred and was caught.
--------------------------------------------------------------------------------------
04/22/2021 23:28:57
Type : Telerik.OpenAccess.OpenAccessException, Telerik.OpenAccess, Version=2020.0.428.1, Culture=neutral, PublicKeyToken=7ce17eeaf1d59342
Message : System.ArgumentException: MsSqlDriver.GetCreateDatabaseSql : Database= missing
Source : Unity_ILEmit_DynamicClasses
Help link : 
InnerExceptions : System.Exception[]
FailedObject : 
BackendError : 
Reason : Runtime
CanRetry : True
Data : System.Collections.ListDictionaryInternal
TargetSite : Void Initialize(System.String, System.Collections.Specialized.NameValueCollection, System.Type)
HResult : -2146233088
Stack Trace :    at DynamicModule.ns.Wrapped_OpenAccessMetaDataProvider_526bc1c2e88c4b78876f596bc956c14f.Initialize(String providerName, NameValueCollection config, Type managerType)
   at Telerik.Sitefinity.Data.ManagerBase`1.InstantiateProvider(IDataProviderSettings providerSettings, Type providerType, ExceptionPolicyName policy, Type managerType)

Additional Info:

MachineName : INSTANCE-TFS-SI
TimeStamp : 4/22/2021 11:28:57 PM
FullName : Telerik.Sitefinity.Utilities, Version=13.3.7600.0, Culture=neutral, PublicKeyToken=b28c218413bdf563
AppDomainName : /LM/W3SVC/7/ROOT-3-132636077087307775
ThreadIdentity : 
WindowsIdentity : IIS APPPOOL\Test2
Requested URL : http://127.0.0.1/
	Inner Exception
	---------------
	Type : System.ArgumentException, mscorlib, Version=4.0.0.0, Culture=neutral, PublicKeyToken=b77a5c561934e089
	Message : MsSqlDriver.GetCreateDatabaseSql : Database= missing
	Source : Telerik.OpenAccess.Runtime
	Help link : 
	ParamName : 
	Data : System.Collections.ListDictionaryInternal
	TargetSite : System.String GetCreateDatabaseSql(System.String, System.String, System.Collections.IDictionary, Telerik.OpenAccess.RT.Adonet2Generic.Impl.DBDriver, System.IO.StreamWriter)
	HResult : -2147024809
	Stack Trace :    at OpenAccessRuntime.Relational.sql.MsSqlDriver.GetCreateDatabaseSql(String url, String databaseName, IDictionary p, DBDriver drv, StreamWriter out_Renamed)
	   at OpenAccessRuntime.DataObjects.tools.ant.DatabaseCreationTask.createDatabase()



Category: ErrorLog

Priority: 0

EventId: 90030

Severity: Error

Title:Enterprise Library Exception Handling

Machine: INSTANCE-TFS-SI

App Domain: /LM/W3SVC/7/ROOT-3-132636077087307775

ProcessId: 6040

Process Name: c:\windows\system32\inetsrv\w3wp.exe

Thread Name: 

Win32 ThreadId:4796

Extended Properties: 
----------------------------------------
----------------------------------------
ActivityId: 00000000-0000-0000-0000-000000000000

Timestamp: 4/22/2021 11:28:57 PM

Message: Timestamp: 4/22/2021 11:28:57 PM
Message: Telerik.OpenAccess.OpenAccessException: System.ArgumentException: MsSqlDriver.GetCreateDatabaseSql : Database= missing ---> System.ArgumentException: MsSqlDriver.GetCreateDatabaseSql : Database= missing
   at OpenAccessRuntime.Relational.sql.MsSqlDriver.GetCreateDatabaseSql(String url, String databaseName, IDictionary p, DBDriver drv, StreamWriter out_Renamed)
   at OpenAccessRuntime.DataObjects.tools.ant.DatabaseCreationTask.createDatabase()
   --- End of inner exception stack trace ---
   at DynamicModule.ns.Wrapped_OpenAccessMetaDataProvider_526bc1c2e88c4b78876f596bc956c14f.Initialize(String providerName, NameValueCollection config, Type managerType)
   at Telerik.Sitefinity.Data.ManagerBase`1.InstantiateProvider(IDataProviderSettings providerSettings, Type providerType, ExceptionPolicyName policy, Type managerType)
   at Telerik.Sitefinity.Data.ManagerBase`1.InstantiateProvider(IDataProviderSettings providerSettings, ExceptionPolicyName policy, Type managerType)
   at Telerik.Sitefinity.Data.ManagerBase`1.ResolveProvider(String providerName, String dataSourceName)
   at Telerik.Sitefinity.Data.ManagerBase`1.SetProvider(String providerName, String transactionName)
   at Telerik.Sitefinity.Data.Metadata.MetadataManager..ctor()
Category: 
Priority: -1
EventId: 0
Severity: Critical
Title:
Machine: INSTANCE-TFS-SI
App Domain: /LM/W3SVC/7/ROOT-3-132636077087307775
ProcessId: 6040
Process Name: c:\windows\system32\inetsrv\w3wp.exe
Thread Name: 
Win32 ThreadId:4796
Extended Properties: 

Category: ErrorLog

Priority: -1

EventId: 1

Severity: Information

Title:

Machine: INSTANCE-TFS-SI

App Domain: /LM/W3SVC/7/ROOT-3-132636077087307775

ProcessId: 6040

Process Name: c:\windows\system32\inetsrv\w3wp.exe

Thread Name: 

Win32 ThreadId:4796

Extended Properties: 
----------------------------------------
----------------------------------------
ActivityId: 00000000-0000-0000-0000-000000000000

Timestamp: 4/22/2021 11:29:06 PM

Message: HandlingInstanceID: 4c6c1660-d572-4468-8e18-e25ec8477f8a
An exception of type 'Telerik.OpenAccess.OpenAccessException' occurred and was caught.
--------------------------------------------------------------------------------------
04/22/2021 23:29:06
Type : Telerik.OpenAccess.OpenAccessException, Telerik.OpenAccess, Version=2020.0.428.1, Culture=neutral, PublicKeyToken=7ce17eeaf1d59342
Message : System.ArgumentException: MsSqlDriver.GetCreateDatabaseSql : Database= missing
Source : Unity_ILEmit_DynamicClasses
Help link : 
InnerExceptions : System.Exception[]
FailedObject : 
BackendError : 
Reason : Runtime
CanRetry : True
Data : System.Collections.ListDictionaryInternal
TargetSite : Void Initialize(System.String, System.Collections.Specialized.NameValueCollection, System.Type)
HResult : -2146233088
Stack Trace :    at DynamicModule.ns.Wrapped_OpenAccessMetaDataProvider_526bc1c2e88c4b78876f596bc956c14f.Initialize(String providerName, NameValueCollection config, Type managerType)
   at Telerik.Sitefinity.Data.ManagerBase`1.InstantiateProvider(IDataProviderSettings providerSettings, Type providerType, ExceptionPolicyName policy, Type managerType)

Additional Info:

MachineName : INSTANCE-TFS-SI
TimeStamp : 4/22/2021 11:29:06 PM
FullName : Telerik.Sitefinity.Utilities, Version=13.3.7600.0, Culture=neutral, PublicKeyToken=b28c218413bdf563
AppDomainName : /LM/W3SVC/7/ROOT-3-132636077087307775
ThreadIdentity : 
WindowsIdentity : IIS APPPOOL\Test2
Requested URL : http://127.0.0.1/
	Inner Exception
	---------------
	Type : System.ArgumentException, mscorlib, Version=4.0.0.0, Culture=neutral, PublicKeyToken=b77a5c561934e089
	Message : MsSqlDriver.GetCreateDatabaseSql : Database= missing
	Source : Telerik.OpenAccess.Runtime
	Help link : 
	ParamName : 
	Data : System.Collections.ListDictionaryInternal
	TargetSite : System.String GetCreateDatabaseSql(System.String, System.String, System.Collections.IDictionary, Telerik.OpenAccess.RT.Adonet2Generic.Impl.DBDriver, System.IO.StreamWriter)
	HResult : -2147024809
	Stack Trace :    at OpenAccessRuntime.Relational.sql.MsSqlDriver.GetCreateDatabaseSql(String url, String databaseName, IDictionary p, DBDriver drv, StreamWriter out_Renamed)
	   at OpenAccessRuntime.DataObjects.tools.ant.DatabaseCreationTask.createDatabase()



Category: ErrorLog

Priority: 0

EventId: 90030

Severity: Error

Title:Enterprise Library Exception Handling

Machine: INSTANCE-TFS-SI

App Domain: /LM/W3SVC/7/ROOT-3-132636077087307775

ProcessId: 6040

Process Name: c:\windows\system32\inetsrv\w3wp.exe

Thread Name: 

Win32 ThreadId:5848

Extended Properties: 
----------------------------------------
----------------------------------------
ActivityId: 00000000-0000-0000-0000-000000000000

Timestamp: 4/22/2021 11:29:16 PM

Message: HandlingInstanceID: a2e53dd8-b97d-4299-9b57-73eda3d9d388
An exception of type 'Telerik.OpenAccess.OpenAccessException' occurred and was caught.
--------------------------------------------------------------------------------------
04/22/2021 23:29:16
Type : Telerik.OpenAccess.OpenAccessException, Telerik.OpenAccess, Version=2020.0.428.1, Culture=neutral, PublicKeyToken=7ce17eeaf1d59342
Message : System.ArgumentException: MsSqlDriver.GetCreateDatabaseSql : Database= missing
Source : Unity_ILEmit_DynamicClasses
Help link : 
InnerExceptions : System.Exception[]
FailedObject : 
BackendError : 
Reason : Runtime
CanRetry : True
Data : System.Collections.ListDictionaryInternal
TargetSite : Void Initialize(System.String, System.Collections.Specialized.NameValueCollection, System.Type)
HResult : -2146233088
Stack Trace :    at DynamicModule.ns.Wrapped_OpenAccessMetaDataProvider_526bc1c2e88c4b78876f596bc956c14f.Initialize(String providerName, NameValueCollection config, Type managerType)
   at Telerik.Sitefinity.Data.ManagerBase`1.InstantiateProvider(IDataProviderSettings providerSettings, Type providerType, ExceptionPolicyName policy, Type managerType)

Additional Info:

MachineName : INSTANCE-TFS-SI
TimeStamp : 4/22/2021 11:29:16 PM
FullName : Telerik.Sitefinity.Utilities, Version=13.3.7600.0, Culture=neutral, PublicKeyToken=b28c218413bdf563
AppDomainName : /LM/W3SVC/7/ROOT-3-132636077087307775
ThreadIdentity : 
WindowsIdentity : IIS APPPOOL\Test2
Requested URL : http://127.0.0.1/
	Inner Exception
	---------------
	Type : System.ArgumentException, mscorlib, Version=4.0.0.0, Culture=neutral, PublicKeyToken=b77a5c561934e089
	Message : MsSqlDriver.GetCreateDatabaseSql : Database= missing
	Source : Telerik.OpenAccess.Runtime
	Help link : 
	ParamName : 
	Data : System.Collections.ListDictionaryInternal
	TargetSite : System.String GetCreateDatabaseSql(System.String, System.String, System.Collections.IDictionary, Telerik.OpenAccess.RT.Adonet2Generic.Impl.DBDriver, System.IO.StreamWriter)
	HResult : -2147024809
	Stack Trace :    at OpenAccessRuntime.Relational.sql.MsSqlDriver.GetCreateDatabaseSql(String url, String databaseName, IDictionary p, DBDriver drv, StreamWriter out_Renamed)
	   at OpenAccessRuntime.DataObjects.tools.ant.DatabaseCreationTask.createDatabase()



Category: ErrorLog

Priority: 0

EventId: 90030

Severity: Error

Title:Enterprise Library Exception Handling

Machine: INSTANCE-TFS-SI

App Domain: /LM/W3SVC/7/ROOT-3-132636077087307775

ProcessId: 6040

Process Name: c:\windows\system32\inetsrv\w3wp.exe

Thread Name: 

Win32 ThreadId:5848

Extended Properties: 
----------------------------------------
