----------------------------------------
Timestamp: 4/23/2021 5:03:16 PM

Message: System.ArgumentException: Cannot find template "~/Frontend-Assembly/Telerik.Sitefinity.Frontend/GridSystem/Templates/customContainer.html". Most probably it is specific for a particular resource package which is not applied in the current context. Try duplicating the template in SitefinityWebApp root folder while keeping the same folder hierarchy.
   at Telerik.Sitefinity.Frontend.GridSystem.GridControl.GetTemplate(Boolean isVirtualPath, Boolean isHtmlTemplate, String layout)
   at Telerik.Sitefinity.Frontend.GridSystem.GridControl.GetTemplate()
   at Telerik.Sitefinity.Web.UI.LayoutControl.Initialize()
   at Telerik.Sitefinity.Web.UI.LayoutControl.CreateChildControls()


----------------------------------------
----------------------------------------
Timestamp: 4/23/2021 5:03:16 PM

Message: System.ArgumentException: Cannot find template "~/Frontend-Assembly/Telerik.Sitefinity.Frontend/GridSystem/Templates/customContainer.html". Most probably it is specific for a particular resource package which is not applied in the current context. Try duplicating the template in SitefinityWebApp root folder while keeping the same folder hierarchy.
   at Telerik.Sitefinity.Frontend.GridSystem.GridControl.GetTemplate(Boolean isVirtualPath, Boolean isHtmlTemplate, String layout)
   at Telerik.Sitefinity.Frontend.GridSystem.GridControl.GetTemplate()
   at Telerik.Sitefinity.Web.UI.LayoutControl.Initialize()
   at Telerik.Sitefinity.Web.UI.LayoutControl.CreateChildControls()


----------------------------------------
----------------------------------------
Timestamp: 4/23/2021 5:03:28 PM

Message: System.ArgumentException: Cannot find template "~/Frontend-Assembly/Telerik.Sitefinity.Frontend/GridSystem/Templates/customContainer.html". Most probably it is specific for a particular resource package which is not applied in the current context. Try duplicating the template in SitefinityWebApp root folder while keeping the same folder hierarchy.
   at Telerik.Sitefinity.Frontend.GridSystem.GridControl.GetTemplate(Boolean isVirtualPath, Boolean isHtmlTemplate, String layout)
   at Telerik.Sitefinity.Frontend.GridSystem.GridControl.GetTemplate()
   at Telerik.Sitefinity.Web.UI.LayoutControl.Initialize()
   at Telerik.Sitefinity.Web.UI.LayoutControl.CreateChildControls()


----------------------------------------
----------------------------------------
Timestamp: 4/23/2021 5:03:31 PM

Message: System.ArgumentException: Cannot find template "~/Frontend-Assembly/Telerik.Sitefinity.Frontend/GridSystem/Templates/customContainer.html". Most probably it is specific for a particular resource package which is not applied in the current context. Try duplicating the template in SitefinityWebApp root folder while keeping the same folder hierarchy.
   at Telerik.Sitefinity.Frontend.GridSystem.GridControl.GetTemplate(Boolean isVirtualPath, Boolean isHtmlTemplate, String layout)
   at Telerik.Sitefinity.Frontend.GridSystem.GridControl.GetTemplate()
   at Telerik.Sitefinity.Web.UI.LayoutControl.Initialize()
   at Telerik.Sitefinity.Web.UI.LayoutControl.CreateChildControls()


----------------------------------------
----------------------------------------
Timestamp: 4/23/2021 5:03:31 PM

Message: System.ArgumentException: Cannot find template "~/Frontend-Assembly/Telerik.Sitefinity.Frontend/GridSystem/Templates/customContainer.html". Most probably it is specific for a particular resource package which is not applied in the current context. Try duplicating the template in SitefinityWebApp root folder while keeping the same folder hierarchy.
   at Telerik.Sitefinity.Frontend.GridSystem.GridControl.GetTemplate(Boolean isVirtualPath, Boolean isHtmlTemplate, String layout)
   at Telerik.Sitefinity.Frontend.GridSystem.GridControl.GetTemplate()
   at Telerik.Sitefinity.Web.UI.LayoutControl.Initialize()
   at Telerik.Sitefinity.Web.UI.LayoutControl.CreateChildControls()


----------------------------------------
----------------------------------------
Timestamp: 4/23/2021 5:03:34 PM

Message: System.ArgumentException: Cannot find template "~/Frontend-Assembly/Telerik.Sitefinity.Frontend/GridSystem/Templates/customContainer.html". Most probably it is specific for a particular resource package which is not applied in the current context. Try duplicating the template in SitefinityWebApp root folder while keeping the same folder hierarchy.
   at Telerik.Sitefinity.Frontend.GridSystem.GridControl.GetTemplate(Boolean isVirtualPath, Boolean isHtmlTemplate, String layout)
   at Telerik.Sitefinity.Frontend.GridSystem.GridControl.GetTemplate()
   at Telerik.Sitefinity.Web.UI.LayoutControl.Initialize()
   at Telerik.Sitefinity.Web.UI.LayoutControl.CreateChildControls()


----------------------------------------
----------------------------------------
Timestamp: 23/04/2021 18:01:03

Message: Scheduler: Task executed: 'Telerik.Sitefinity.ABTesting.Scheduling.ABTestsSyncTask'. Start time: 23/04/2021 18:01:02. End time: 23/04/2021 18:01:03. Task data: ''


----------------------------------------
