----------------------------------------
ActivityId: 00000000-0000-0000-6d00-0080010000fc

Timestamp: 4/19/2021 8:06:45 PM

Message: User login failed with exception: IDX10311: RequireNonce is 'true' (default) but validationContext.Nonce is null. A nonce cannot be validated. If you don't need to check the nonce, set OpenIdConnectProtocolValidator.RequireNonce to 'false'.

Category: Authentication

Priority: -1

EventId: 1

Severity: Information

Title:

Machine: INSTANCE-TFS-SI

App Domain: /LM/W3SVC/1/ROOT-2-132633349130897465

ProcessId: 1840

Process Name: C:\Program Files (x86)\IIS Express\IISExpress.exe

Thread Name: 

Win32 ThreadId:5068

Extended Properties: 
----------------------------------------
----------------------------------------
ActivityId: 00000000-0000-0000-0300-0080000000f6

Timestamp: 4/20/2021 4:17:34 PM

Message: User login failed with exception: IDX10311: RequireNonce is 'true' (default) but validationContext.Nonce is null. A nonce cannot be validated. If you don't need to check the nonce, set OpenIdConnectProtocolValidator.RequireNonce to 'false'.

Category: Authentication

Priority: -1

EventId: 1

Severity: Information

Title:

Machine: INSTANCE-TFS-SI

App Domain: /LM/W3SVC/1/ROOT-2-132633349130897465

ProcessId: 1840

Process Name: C:\Program Files (x86)\IIS Express\IISExpress.exe

Thread Name: 

Win32 ThreadId:7120

Extended Properties: 
----------------------------------------
----------------------------------------
ActivityId: 4a0b0b60-090b-41bf-a161-4fb5b10edf83

Timestamp: 4/22/2021 4:33:04 PM

Message: Identity Server: NoSignInCookie

Category: Authentication

Priority: -1

EventId: 1

Severity: Information

Title:

Machine: INSTANCE-TFS-SI

App Domain: /LM/W3SVC/5/ROOT-3-132635826712970162

ProcessId: 9376

Process Name: c:\windows\system32\inetsrv\w3wp.exe

Thread Name: 

Win32 ThreadId:4468

Extended Properties: 
----------------------------------------
----------------------------------------
ActivityId: c871adae-d04b-402f-85e5-0859bd4675a4

Timestamp: 22/04/2021 16:36:35

Message: Identity Server: NoSignInCookie

Category: Authentication

Priority: -1

EventId: 1

Severity: Information

Title:

Machine: INSTANCE-TFS-SI

App Domain: /LM/W3SVC/5/ROOT-3-132635826712970162

ProcessId: 9376

Process Name: c:\windows\system32\inetsrv\w3wp.exe

Thread Name: 

Win32 ThreadId:5652

Extended Properties: 
----------------------------------------
----------------------------------------
ActivityId: d5d1724d-4f62-4b8c-b2e6-cbe63eec983e

Timestamp: 4/22/2021 4:40:07 PM

Message: Identity Server: NoSignInCookie

Category: Authentication

Priority: -1

EventId: 1

Severity: Information

Title:

Machine: INSTANCE-TFS-SI

App Domain: /LM/W3SVC/5/ROOT-3-132635826712970162

ProcessId: 9376

Process Name: c:\windows\system32\inetsrv\w3wp.exe

Thread Name: 

Win32 ThreadId:6520

Extended Properties: 
----------------------------------------
----------------------------------------
ActivityId: 88b01701-9828-4a5e-8286-ef65ab3753a5

Timestamp: 4/22/2021 4:40:08 PM

Message: Identity Server: NoSignInCookie

Category: Authentication

Priority: -1

EventId: 1

Severity: Information

Title:

Machine: INSTANCE-TFS-SI

App Domain: /LM/W3SVC/5/ROOT-3-132635826712970162

ProcessId: 9376

Process Name: c:\windows\system32\inetsrv\w3wp.exe

Thread Name: 

Win32 ThreadId:8456

Extended Properties: 
----------------------------------------
----------------------------------------
ActivityId: 02cfd223-4a52-494c-8056-d92c75373169

Timestamp: 4/22/2021 4:40:11 PM

Message: Identity Server: NoSignInCookie

Category: Authentication

Priority: -1

EventId: 1

Severity: Information

Title:

Machine: INSTANCE-TFS-SI

App Domain: /LM/W3SVC/5/ROOT-3-132635826712970162

ProcessId: 9376

Process Name: c:\windows\system32\inetsrv\w3wp.exe

Thread Name: 

Win32 ThreadId:4812

Extended Properties: 
----------------------------------------
----------------------------------------
ActivityId: 42b9b0e9-f1e4-4529-8a16-0bde4895740c

Timestamp: 4/22/2021 4:40:11 PM

Message: Identity Server: NoSignInCookie

Category: Authentication

Priority: -1

EventId: 1

Severity: Information

Title:

Machine: INSTANCE-TFS-SI

App Domain: /LM/W3SVC/5/ROOT-3-132635826712970162

ProcessId: 9376

Process Name: c:\windows\system32\inetsrv\w3wp.exe

Thread Name: 

Win32 ThreadId:6520

Extended Properties: 
----------------------------------------
----------------------------------------
ActivityId: 541f5e51-7ec7-4641-9410-741fd29013c0

Timestamp: 4/22/2021 4:40:13 PM

Message: Identity Server: NoSignInCookie

Category: Authentication

Priority: -1

EventId: 1

Severity: Information

Title:

Machine: INSTANCE-TFS-SI

App Domain: /LM/W3SVC/5/ROOT-3-132635826712970162

ProcessId: 9376

Process Name: c:\windows\system32\inetsrv\w3wp.exe

Thread Name: 

Win32 ThreadId:9908

Extended Properties: 
----------------------------------------
----------------------------------------
ActivityId: f5f5946b-dc9d-4ba4-bfed-4bacda8bc197

Timestamp: 4/22/2021 4:52:17 PM

Message: Identity Server: NoSignInCookie

Category: Authentication

Priority: -1

EventId: 1

Severity: Information

Title:

Machine: INSTANCE-TFS-SI

App Domain: /LM/W3SVC/5/ROOT-3-132635826712970162

ProcessId: 9376

Process Name: c:\windows\system32\inetsrv\w3wp.exe

Thread Name: 

Win32 ThreadId:9336

Extended Properties: 
----------------------------------------
----------------------------------------
ActivityId: 91f90093-36cd-4e88-8e12-7ff0c5f3fdb8

Timestamp: 4/22/2021 4:52:18 PM

Message: Identity Server: NoSignInCookie

Category: Authentication

Priority: -1

EventId: 1

Severity: Information

Title:

Machine: INSTANCE-TFS-SI

App Domain: /LM/W3SVC/5/ROOT-3-132635826712970162

ProcessId: 9376

Process Name: c:\windows\system32\inetsrv\w3wp.exe

Thread Name: 

Win32 ThreadId:4044

Extended Properties: 
----------------------------------------
----------------------------------------
ActivityId: e2264a79-5858-402c-b6df-feaaea72b4b5

Timestamp: 4/22/2021 4:52:23 PM

Message: Identity Server: NoSignInCookie

Category: Authentication

Priority: -1

EventId: 1

Severity: Information

Title:

Machine: INSTANCE-TFS-SI

App Domain: /LM/W3SVC/5/ROOT-3-132635826712970162

ProcessId: 9376

Process Name: c:\windows\system32\inetsrv\w3wp.exe

Thread Name: 

Win32 ThreadId:1048

Extended Properties: 
----------------------------------------
----------------------------------------
ActivityId: c2f0dbe8-e86e-4468-9394-6231ca642f68

Timestamp: 4/22/2021 4:52:25 PM

Message: Identity Server: NoSignInCookie

Category: Authentication

Priority: -1

EventId: 1

Severity: Information

Title:

Machine: INSTANCE-TFS-SI

App Domain: /LM/W3SVC/5/ROOT-3-132635826712970162

ProcessId: 9376

Process Name: c:\windows\system32\inetsrv\w3wp.exe

Thread Name: 

Win32 ThreadId:1048

Extended Properties: 
----------------------------------------
----------------------------------------
ActivityId: 439c281f-83f9-4e47-9283-f1c17c772336

Timestamp: 22/04/2021 22:36:54

Message: Identity Server: NoSignInCookie

Category: Authentication

Priority: -1

EventId: 1

Severity: Information

Title:

Machine: INSTANCE-TFS-SI

App Domain: /LM/W3SVC/5/ROOT-1-132636032264244910

ProcessId: 10216

Process Name: c:\windows\system32\inetsrv\w3wp.exe

Thread Name: 

Win32 ThreadId:5228

Extended Properties: 
----------------------------------------
----------------------------------------
ActivityId: dc2ee14f-af59-4375-92c1-20096f2e6f32

Timestamp: 4/23/2021 1:09:21 AM

Message: Identity Server: NoSignInCookie

Category: Authentication

Priority: -1

EventId: 1

Severity: Information

Title:

Machine: INSTANCE-TFS-SI

App Domain: /LM/W3SVC/5/ROOT-3-132636133377672425

ProcessId: 648

Process Name: c:\windows\system32\inetsrv\w3wp.exe

Thread Name: 

Win32 ThreadId:6444

Extended Properties: 
----------------------------------------
----------------------------------------
ActivityId: c16abeb0-c5c4-49e0-8f3a-80ca13e2d24a

Timestamp: 23/04/2021 2:19:15

Message: Identity Server: NoSignInCookie

Category: Authentication

Priority: -1

EventId: 1

Severity: Information

Title:

Machine: INSTANCE-TFS-SI

App Domain: /LM/W3SVC/5/ROOT-1-132636173497409445

ProcessId: 8216

Process Name: c:\windows\system32\inetsrv\w3wp.exe

Thread Name: 

Win32 ThreadId:6804

Extended Properties: 
----------------------------------------
----------------------------------------
ActivityId: e176114c-9f44-4a41-abb4-c25d5833351f

Timestamp: 4/23/2021 4:36:04 AM

Message: Identity Server: NoSignInCookie

Category: Authentication

Priority: -1

EventId: 1

Severity: Information

Title:

Machine: INSTANCE-TFS-SI

App Domain: /LM/W3SVC/5/ROOT-1-132636257124484254

ProcessId: 9676

Process Name: c:\windows\system32\inetsrv\w3wp.exe

Thread Name: 

Win32 ThreadId:5452

Extended Properties: 
----------------------------------------
----------------------------------------
ActivityId: c38f145e-894b-473f-8c0f-d5e6712e7050

Timestamp: 4/23/2021 5:12:28 AM

Message: Identity Server: NoSignInCookie

Category: Authentication

Priority: -1

EventId: 1

Severity: Information

Title:

Machine: INSTANCE-TFS-SI

App Domain: /LM/W3SVC/5/ROOT-1-132636257124484254

ProcessId: 9676

Process Name: c:\windows\system32\inetsrv\w3wp.exe

Thread Name: 

Win32 ThreadId:5148

Extended Properties: 
----------------------------------------
----------------------------------------
ActivityId: 23dd24ab-3242-4fc9-88ac-983f7b8d793b

Timestamp: 4/23/2021 1:08:03 PM

Message: Identity Server: NoSignInCookie

Category: Authentication

Priority: -1

EventId: 1

Severity: Information

Title:

Machine: INSTANCE-TFS-SI

App Domain: /LM/W3SVC/5/ROOT-1-132636528199456769

ProcessId: 8340

Process Name: c:\windows\system32\inetsrv\w3wp.exe

Thread Name: 

Win32 ThreadId:7472

Extended Properties: 
----------------------------------------
----------------------------------------
ActivityId: e7148b21-5b65-4d31-b377-10a31cfd21ba

Timestamp: 4/23/2021 1:08:04 PM

Message: Identity Server: NoSignInCookie

Category: Authentication

Priority: -1

EventId: 1

Severity: Information

Title:

Machine: INSTANCE-TFS-SI

App Domain: /LM/W3SVC/5/ROOT-1-132636528199456769

ProcessId: 8340

Process Name: c:\windows\system32\inetsrv\w3wp.exe

Thread Name: 

Win32 ThreadId:7472

Extended Properties: 
----------------------------------------
----------------------------------------
ActivityId: e4afb619-cc28-4b8e-b73f-2955b9f3c89d

Timestamp: 4/23/2021 1:15:01 PM

Message: Identity Server: NoSignInCookie

Category: Authentication

Priority: -1

EventId: 1

Severity: Information

Title:

Machine: INSTANCE-TFS-SI

App Domain: /LM/W3SVC/5/ROOT-1-132636528199456769

ProcessId: 8340

Process Name: c:\windows\system32\inetsrv\w3wp.exe

Thread Name: 

Win32 ThreadId:6216

Extended Properties: 
----------------------------------------
----------------------------------------
ActivityId: 3482ae68-a9b4-4e50-b733-45194e8b217b

Timestamp: 4/23/2021 1:15:02 PM

Message: Identity Server: NoSignInCookie

Category: Authentication

Priority: -1

EventId: 1

Severity: Information

Title:

Machine: INSTANCE-TFS-SI

App Domain: /LM/W3SVC/5/ROOT-1-132636528199456769

ProcessId: 8340

Process Name: c:\windows\system32\inetsrv\w3wp.exe

Thread Name: 

Win32 ThreadId:7472

Extended Properties: 
----------------------------------------
----------------------------------------
ActivityId: 5614d318-36db-4988-8b79-d1f19a275293

Timestamp: 4/23/2021 3:05:16 PM

Message: Identity Server: NoSignInCookie

Category: Authentication

Priority: -1

EventId: 1

Severity: Information

Title:

Machine: INSTANCE-TFS-SI

App Domain: /LM/W3SVC/5/ROOT-1-132636611763164575

ProcessId: 9068

Process Name: c:\windows\system32\inetsrv\w3wp.exe

Thread Name: 

Win32 ThreadId:8388

Extended Properties: 
----------------------------------------
----------------------------------------
ActivityId: 26b4af86-775a-4594-9268-e9108eba590b

Timestamp: 4/23/2021 3:05:17 PM

Message: Identity Server: NoSignInCookie

Category: Authentication

Priority: -1

EventId: 1

Severity: Information

Title:

Machine: INSTANCE-TFS-SI

App Domain: /LM/W3SVC/5/ROOT-1-132636611763164575

ProcessId: 9068

Process Name: c:\windows\system32\inetsrv\w3wp.exe

Thread Name: 

Win32 ThreadId:8320

Extended Properties: 
----------------------------------------
