----------------------------------------
Timestamp: 6/1/2021 12:28:36 AM

Message: Scheduler: Task executed: 'Telerik.Sitefinity.Translations.Synchronization.TranslationSyncTask'. Start time: 6/1/2021 12:28:35 AM. End time: 6/1/2021 12:28:36 AM. Task data: ''


----------------------------------------
----------------------------------------
Timestamp: 6/1/2021 12:28:38 AM

Message: Scheduler: Task executed: 'Telerik.Sitefinity.Authentication.IdentityServer.Data.TransientDataCleanupTask'. Start time: 6/1/2021 12:28:38 AM. End time: 6/1/2021 12:28:38 AM. Task data: ''


----------------------------------------
----------------------------------------
Timestamp: 6/1/2021 12:28:38 AM

Message: Scheduler: Task executed: 'Telerik.Sitefinity.ABTesting.Scheduling.ABTestsSyncTask'. Start time: 6/1/2021 12:28:38 AM. End time: 6/1/2021 12:28:38 AM. Task data: ''


----------------------------------------
----------------------------------------
Timestamp: 6/1/2021 12:28:44 AM

Message: Scheduler: Task executed: 'Telerik.Sitefinity.Translations.Synchronization.TranslationImportTask'. Start time: 6/1/2021 12:28:44 AM. End time: 6/1/2021 12:28:44 AM. Task data: ''


----------------------------------------
----------------------------------------
Timestamp: 6/1/2021 12:28:47 AM

Message: Scheduler: Task executed: 'Telerik.Sitefinity.UsageTracking.Scheduling.UsageTrackingTask'. Start time: 6/1/2021 12:28:36 AM. End time: 6/1/2021 12:28:47 AM. Task data: ''


----------------------------------------
----------------------------------------
Timestamp: 6/1/2021 1:00:01 AM

Message: Scheduler: Task executed: 'Telerik.Sitefinity.Versioning.Cleaner.VersioningCleanerTask'. Start time: 6/1/2021 1:00:01 AM. End time: 6/1/2021 1:00:01 AM. Task data: ''


----------------------------------------
