----------------------------------------
Timestamp: 5/31/2021 12:11:33 AM

Message: Scheduler: Task executed: 'Telerik.Sitefinity.Authentication.IdentityServer.Data.TransientDataCleanupTask'. Start time: 5/31/2021 12:11:33 AM. End time: 5/31/2021 12:11:33 AM. Task data: ''


----------------------------------------
----------------------------------------
Timestamp: 5/31/2021 12:11:33 AM

Message: Scheduler: Task executed: 'Telerik.Sitefinity.Translations.Synchronization.TranslationSyncTask'. Start time: 5/31/2021 12:11:33 AM. End time: 5/31/2021 12:11:33 AM. Task data: ''


----------------------------------------
----------------------------------------
Timestamp: 5/31/2021 12:11:33 AM

Message: Scheduler: Task executed: 'Telerik.Sitefinity.ABTesting.Scheduling.ABTestsSyncTask'. Start time: 5/31/2021 12:11:33 AM. End time: 5/31/2021 12:11:33 AM. Task data: ''


----------------------------------------
----------------------------------------
Timestamp: 5/31/2021 12:11:33 AM

Message: Scheduler: Task executed: 'Telerik.Sitefinity.Translations.Synchronization.TranslationImportTask'. Start time: 5/31/2021 12:11:33 AM. End time: 5/31/2021 12:11:33 AM. Task data: ''


----------------------------------------
----------------------------------------
Timestamp: 5/31/2021 12:11:46 AM

Message: Scheduler: Task executed: 'Telerik.Sitefinity.UsageTracking.Scheduling.UsageTrackingTask'. Start time: 5/31/2021 12:11:33 AM. End time: 5/31/2021 12:11:46 AM. Task data: ''


----------------------------------------
