----------------------------------------
ActivityId: 00000000-0000-0000-0000-000000000000

Timestamp: 4/22/2021 11:56:38 PM

Message: HandlingInstanceID: 69567fe5-55a0-40b2-8a6c-a652480fb968
An exception of type 'Telerik.OpenAccess.OpenAccessException' occurred and was caught.
--------------------------------------------------------------------------------------
04/22/2021 23:56:38
Type : Telerik.OpenAccess.OpenAccessException, Telerik.OpenAccess, Version=2020.0.428.1, Culture=neutral, PublicKeyToken=7ce17eeaf1d59342
Message : System.ArgumentException: MsSqlDriver.GetCreateDatabaseSql : Database= missing
Source : Telerik.OpenAccess
Help link : 
InnerExceptions : System.Exception[]
FailedObject : 
BackendError : 
Reason : Runtime
CanRetry : True
Data : System.Collections.ListDictionaryInternal
TargetSite : Void ThrowException(System.Exception)
HResult : -2146233088
Stack Trace :    at Telerik.OpenAccess.SPI.Backends.ThrowException(Exception e)
   at OpenAccessRuntime.ExceptionWrapper.Throw()
   at OpenAccessRuntime.DataObjects.tools.ant.DataObjectsTaskBase.throwBuildException(String str, Exception e)
   at OpenAccessRuntime.DataObjects.tools.ant.DatabaseCreationTask.createDatabase()
   at OpenAccessRuntime.OpenAccessSchemaAdapter.CreateDatabase(Boolean checkOnly)
   at OpenAccessRuntime.SchemaHandlerImpl.Telerik.OpenAccess.ISchemaHandler.CreateDatabase()
   at Telerik.Sitefinity.Data.OA.OpenAccessConnection.UpgradeDatabaseSchema(ISchemaHandler schemaHandler, OpenAccessConnection connection)
   at Telerik.Sitefinity.Data.OA.OpenAccessConnection.UpgradeDatabase(Database database, OpenAccessConnection connection)
   at Telerik.Sitefinity.Data.OA.OpenAccessConnection.GetAndUpgradeMetadataDatabase(IConnectionStringSettings connectionSettings, OpenAccessConnection oaConnection, MetadataContainer metadataContainer, String appName, String moduleName, String& connString, Int32& previousBuild, Boolean isSecondCall)

Additional Info:

MachineName : INSTANCE-TFS-SI
TimeStamp : 4/22/2021 11:56:38 PM
FullName : Telerik.Sitefinity.Utilities, Version=13.3.7600.0, Culture=neutral, PublicKeyToken=b28c218413bdf563
AppDomainName : /LM/W3SVC/10/ROOT-5-132636093886703380
ThreadIdentity : 
WindowsIdentity : IIS APPPOOL\Sitefinity-Https
Requested URL : http://127.0.0.1/
	Inner Exception
	---------------
	Type : System.ArgumentException, mscorlib, Version=4.0.0.0, Culture=neutral, PublicKeyToken=b77a5c561934e089
	Message : MsSqlDriver.GetCreateDatabaseSql : Database= missing
	Source : Telerik.OpenAccess.Runtime
	Help link : 
	ParamName : 
	Data : System.Collections.ListDictionaryInternal
	TargetSite : System.String GetCreateDatabaseSql(System.String, System.String, System.Collections.IDictionary, Telerik.OpenAccess.RT.Adonet2Generic.Impl.DBDriver, System.IO.StreamWriter)
	HResult : -2147024809
	Stack Trace :    at OpenAccessRuntime.Relational.sql.MsSqlDriver.GetCreateDatabaseSql(String url, String databaseName, IDictionary p, DBDriver drv, StreamWriter out_Renamed)
	   at OpenAccessRuntime.DataObjects.tools.ant.DatabaseCreationTask.createDatabase()



Category: ErrorLog

Priority: 0

EventId: 9010

Severity: Warning

Title:Enterprise Library Exception Handling

Machine: INSTANCE-TFS-SI

App Domain: /LM/W3SVC/10/ROOT-5-132636093886703380

ProcessId: 4792

Process Name: c:\windows\system32\inetsrv\w3wp.exe

Thread Name: 

Win32 ThreadId:7220

Extended Properties: 
----------------------------------------
----------------------------------------
ActivityId: 00000000-0000-0000-0000-000000000000

Timestamp: 4/22/2021 11:56:39 PM

Message: HandlingInstanceID: e42cc831-c10e-4623-8b9a-674502056989
An exception of type 'Telerik.OpenAccess.Exceptions.DataStoreException' occurred and was caught.
------------------------------------------------------------------------------------------------
04/22/2021 23:56:39
Type : Telerik.OpenAccess.Exceptions.DataStoreException, Telerik.OpenAccess, Version=2020.0.428.1, Culture=neutral, PublicKeyToken=7ce17eeaf1d59342
Message : Failed to generate a user instance of SQL Server due to failure in retrieving the user's local application data path. Please make sure the user has a local user profile on the computer. The connection will be closed. Telerik.OpenAccess.RT.sql.SQLException: Failed to generate a user instance of SQL Server due to failure in retrieving the user's local application data path. Please make sure the user has a local user profile on the computer. The connection will be closed. ---> System.Data.SqlClient.SqlException: Failed to generate a user instance of SQL Server due to failure in retrieving the user's local application data path. Please make sure the user has a local user profile on the computer. The connection will be closed.
   at System.Data.SqlClient.SqlInternalConnectionTds..ctor(DbConnectionPoolIdentity identity, SqlConnectionString connectionOptions, SqlCredential credential, Object providerInfo, String newPassword, SecureString newSecurePassword, Boolean redirectedUserInstance, SqlConnectionString userConnectionOptions, SessionData reconnectSessionData, DbConnectionPool pool, String accessToken, Boolean applyTransientFaultHandling, SqlAuthenticationProviderManager sqlAuthProviderManager)
   at System.Data.SqlClient.SqlConnectionFactory.CreateConnection(DbConnectionOptions options, DbConnectionPoolKey poolKey, Object poolGroupProviderInfo, DbConnectionPool pool, DbConnection owningConnection, DbConnectionOptions userOptions)
   at System.Data.ProviderBase.DbConnectionFactory.CreateNonPooledConnection(DbConnection owningConnection, DbConnectionPoolGroup poolGroup, DbConnectionOptions userOptions)
   at System.Data.ProviderBase.DbConnectionFactory.TryGetConnection(DbConnection owningConnection, TaskCompletionSource`1 retry, DbConnectionOptions userOptions, DbConnectionInternal oldConnection, DbConnectionInternal& connection)
   at System.Data.ProviderBase.DbConnectionInternal.TryOpenConnectionInternal(DbConnection outerConnection, DbConnectionFactory connectionFactory, TaskCompletionSource`1 retry, DbConnectionOptions userOptions)
   at System.Data.SqlClient.SqlConnection.TryOpenInner(TaskCompletionSource`1 retry)
   at System.Data.SqlClient.SqlConnection.TryOpen(TaskCompletionSource`1 retry)
   at System.Data.SqlClient.SqlConnection.Open()
   at OpenAccessRuntime.Intellitrace.OpenConnection(DbConnection connection, String connectionString, String id)
   at Telerik.OpenAccess.RT.Adonet2Generic.Impl.DBDriver.connect(ConnectionString connectionString, PropertySet driverProps, ConnectionPoolType poolType, LogEventStore pes)
   --- End of inner exception stack trace ---
   at Telerik.OpenAccess.RT.Adonet2Generic.Impl.DBDriver.connect(ConnectionString connectionString, PropertySet driverProps, ConnectionPoolType poolType, LogEventStore pes)
   at OpenAccessRuntime.Relational.sql.SqlDriver.InitializeFor(ConnectionString connectionString, Boolean noConnect, PropertySet props, DBDriver& driver, Connection& conn, ConnectionPoolType poolType)
Source : Unity_ILEmit_DynamicClasses
Help link : 
InnerExceptions : System.Exception[]
FailedObject : 
BackendError : Telerik.OpenAccess.RT.sql.SQLException: Failed to generate a user instance of SQL Server due to failure in retrieving the user's local application data path. Please make sure the user has a local user profile on the computer. The connection will be closed. ---> System.Data.SqlClient.SqlException: Failed to generate a user instance of SQL Server due to failure in retrieving the user's local application data path. Please make sure the user has a local user profile on the computer. The connection will be closed.
   at System.Data.SqlClient.SqlInternalConnectionTds..ctor(DbConnectionPoolIdentity identity, SqlConnectionString connectionOptions, SqlCredential credential, Object providerInfo, String newPassword, SecureString newSecurePassword, Boolean redirectedUserInstance, SqlConnectionString userConnectionOptions, SessionData reconnectSessionData, DbConnectionPool pool, String accessToken, Boolean applyTransientFaultHandling, SqlAuthenticationProviderManager sqlAuthProviderManager)
   at System.Data.SqlClient.SqlConnectionFactory.CreateConnection(DbConnectionOptions options, DbConnectionPoolKey poolKey, Object poolGroupProviderInfo, DbConnectionPool pool, DbConnection owningConnection, DbConnectionOptions userOptions)
   at System.Data.ProviderBase.DbConnectionFactory.CreateNonPooledConnection(DbConnection owningConnection, DbConnectionPoolGroup poolGroup, DbConnectionOptions userOptions)
   at System.Data.ProviderBase.DbConnectionFactory.TryGetConnection(DbConnection owningConnection, TaskCompletionSource`1 retry, DbConnectionOptions userOptions, DbConnectionInternal oldConnection, DbConnectionInternal& connection)
   at System.Data.ProviderBase.DbConnectionInternal.TryOpenConnectionInternal(DbConnection outerConnection, DbConnectionFactory connectionFactory, TaskCompletionSource`1 retry, DbConnectionOptions userOptions)
   at System.Data.SqlClient.SqlConnection.TryOpenInner(TaskCompletionSource`1 retry)
   at System.Data.SqlClient.SqlConnection.TryOpen(TaskCompletionSource`1 retry)
   at System.Data.SqlClient.SqlConnection.Open()
   at OpenAccessRuntime.Intellitrace.OpenConnection(DbConnection connection, String connectionString, String id)
   at Telerik.OpenAccess.RT.Adonet2Generic.Impl.DBDriver.connect(ConnectionString connectionString, PropertySet driverProps, ConnectionPoolType poolType, LogEventStore pes)
   --- End of inner exception stack trace ---
   at Telerik.OpenAccess.RT.Adonet2Generic.Impl.DBDriver.connect(ConnectionString connectionString, PropertySet driverProps, ConnectionPoolType poolType, LogEventStore pes)
   at OpenAccessRuntime.Relational.sql.SqlDriver.InitializeFor(ConnectionString connectionString, Boolean noConnect, PropertySet props, DBDriver& driver, Connection& conn, ConnectionPoolType poolType)
Reason : Runtime
CanRetry : False
Data : System.Collections.ListDictionaryInternal
TargetSite : Void Initialize(System.String, System.Collections.Specialized.NameValueCollection, System.Type)
HResult : -2146233088
Stack Trace :    at DynamicModule.ns.Wrapped_OpenAccessMetaDataProvider_eb83d4228e324c22a4196e4b080bf14f.Initialize(String providerName, NameValueCollection config, Type managerType)
   at Telerik.Sitefinity.Data.ManagerBase`1.InstantiateProvider(IDataProviderSettings providerSettings, Type providerType, ExceptionPolicyName policy, Type managerType)

Additional Info:

MachineName : INSTANCE-TFS-SI
TimeStamp : 4/22/2021 11:56:39 PM
FullName : Telerik.Sitefinity.Utilities, Version=13.3.7600.0, Culture=neutral, PublicKeyToken=b28c218413bdf563
AppDomainName : /LM/W3SVC/10/ROOT-5-132636093886703380
ThreadIdentity : 
WindowsIdentity : IIS APPPOOL\Sitefinity-Https
Requested URL : http://127.0.0.1/
	Inner Exception
	---------------
	Type : Telerik.OpenAccess.RT.sql.SQLException, Telerik.OpenAccess.Runtime, Version=2020.0.428.1, Culture=neutral, PublicKeyToken=7ce17eeaf1d59342
	Message : Failed to generate a user instance of SQL Server due to failure in retrieving the user's local application data path. Please make sure the user has a local user profile on the computer. The connection will be closed.
	Source : Telerik.OpenAccess.Runtime
	Help link : 
	ErrorCode : 15382
	ArrayBindIndex : -1
	Number : 15382
	ObjectId : 
	Description : Failed to generate a user instance of SQL Server due to failure in retrieving the user's local application data path. Please make sure the user has a local user profile on the computer. The connection will be closed.
	Data : System.Collections.ListDictionaryInternal
	TargetSite : Telerik.OpenAccess.RT.sql.Connection connect(Telerik.OpenAccess.Config.Sql.ConnectionString, Telerik.OpenAccess.SPI.PropertySet, Telerik.OpenAccess.ConnectionPoolType, OpenAccessRuntime.logging.LogEventStore)
	HResult : -2146233088
	Stack Trace :    at Telerik.OpenAccess.RT.Adonet2Generic.Impl.DBDriver.connect(ConnectionString connectionString, PropertySet driverProps, ConnectionPoolType poolType, LogEventStore pes)
	   at OpenAccessRuntime.Relational.sql.SqlDriver.InitializeFor(ConnectionString connectionString, Boolean noConnect, PropertySet props, DBDriver& driver, Connection& conn, ConnectionPoolType poolType)

		Inner Exception
		---------------
		Type : System.Data.SqlClient.SqlException, System.Data, Version=4.0.0.0, Culture=neutral, PublicKeyToken=b77a5c561934e089
		Message : Failed to generate a user instance of SQL Server due to failure in retrieving the user's local application data path. Please make sure the user has a local user profile on the computer. The connection will be closed.
		Source : .Net SqlClient Data Provider
		Help link : 
		Errors : System.Data.SqlClient.SqlErrorCollection
		ClientConnectionId : 5846f54a-f91b-42c6-82ca-22c864667685
		Class : 14
		LineNumber : 65536
		Number : 15382
		Procedure : 
		Server : .\SQLExpress
		State : 1
		ErrorCode : -2146232060
		Data : System.Collections.ListDictionaryInternal
		TargetSite : Void .ctor(System.Data.ProviderBase.DbConnectionPoolIdentity, System.Data.SqlClient.SqlConnectionString, System.Data.SqlClient.SqlCredential, System.Object, System.String, System.Security.SecureString, Boolean, System.Data.SqlClient.SqlConnectionString, System.Data.SqlClient.SessionData, System.Data.ProviderBase.DbConnectionPool, System.String, Boolean, System.Data.SqlClient.SqlAuthenticationProviderManager)
		HResult : -2146232060
		Stack Trace :    at System.Data.SqlClient.SqlInternalConnectionTds..ctor(DbConnectionPoolIdentity identity, SqlConnectionString connectionOptions, SqlCredential credential, Object providerInfo, String newPassword, SecureString newSecurePassword, Boolean redirectedUserInstance, SqlConnectionString userConnectionOptions, SessionData reconnectSessionData, DbConnectionPool pool, String accessToken, Boolean applyTransientFaultHandling, SqlAuthenticationProviderManager sqlAuthProviderManager)
		   at System.Data.SqlClient.SqlConnectionFactory.CreateConnection(DbConnectionOptions options, DbConnectionPoolKey poolKey, Object poolGroupProviderInfo, DbConnectionPool pool, DbConnection owningConnection, DbConnectionOptions userOptions)
		   at System.Data.ProviderBase.DbConnectionFactory.CreateNonPooledConnection(DbConnection owningConnection, DbConnectionPoolGroup poolGroup, DbConnectionOptions userOptions)
		   at System.Data.ProviderBase.DbConnectionFactory.TryGetConnection(DbConnection owningConnection, TaskCompletionSource`1 retry, DbConnectionOptions userOptions, DbConnectionInternal oldConnection, DbConnectionInternal& connection)
		   at System.Data.ProviderBase.DbConnectionInternal.TryOpenConnectionInternal(DbConnection outerConnection, DbConnectionFactory connectionFactory, TaskCompletionSource`1 retry, DbConnectionOptions userOptions)
		   at System.Data.SqlClient.SqlConnection.TryOpenInner(TaskCompletionSource`1 retry)
		   at System.Data.SqlClient.SqlConnection.TryOpen(TaskCompletionSource`1 retry)
		   at System.Data.SqlClient.SqlConnection.Open()
		   at OpenAccessRuntime.Intellitrace.OpenConnection(DbConnection connection, String connectionString, String id)
		   at Telerik.OpenAccess.RT.Adonet2Generic.Impl.DBDriver.connect(ConnectionString connectionString, PropertySet driverProps, ConnectionPoolType poolType, LogEventStore pes)



Category: ErrorLog

Priority: 0

EventId: 9010

Severity: Warning

Title:Enterprise Library Exception Handling

Machine: INSTANCE-TFS-SI

App Domain: /LM/W3SVC/10/ROOT-5-132636093886703380

ProcessId: 4792

Process Name: c:\windows\system32\inetsrv\w3wp.exe

Thread Name: 

Win32 ThreadId:7220

Extended Properties: 
----------------------------------------
----------------------------------------
ActivityId: 00000000-0000-0000-0000-000000000000

Timestamp: 4/22/2021 11:56:42 PM

Message: HandlingInstanceID: e0da4ea5-fa24-4d1b-98b5-43dc1044e029
An exception of type 'Telerik.OpenAccess.OpenAccessException' occurred and was caught.
--------------------------------------------------------------------------------------
04/22/2021 23:56:42
Type : Telerik.OpenAccess.OpenAccessException, Telerik.OpenAccess, Version=2020.0.428.1, Culture=neutral, PublicKeyToken=7ce17eeaf1d59342
Message : System.ArgumentException: MsSqlDriver.GetCreateDatabaseSql : Database= missing
Source : Telerik.OpenAccess
Help link : 
InnerExceptions : System.Exception[]
FailedObject : 
BackendError : 
Reason : Runtime
CanRetry : True
Data : System.Collections.ListDictionaryInternal
TargetSite : Void ThrowException(System.Exception)
HResult : -2146233088
Stack Trace :    at Telerik.OpenAccess.SPI.Backends.ThrowException(Exception e)
   at OpenAccessRuntime.ExceptionWrapper.Throw()
   at OpenAccessRuntime.DataObjects.tools.ant.DataObjectsTaskBase.throwBuildException(String str, Exception e)
   at OpenAccessRuntime.DataObjects.tools.ant.DatabaseCreationTask.createDatabase()
   at OpenAccessRuntime.OpenAccessSchemaAdapter.CreateDatabase(Boolean checkOnly)
   at OpenAccessRuntime.SchemaHandlerImpl.Telerik.OpenAccess.ISchemaHandler.CreateDatabase()
   at Telerik.Sitefinity.Data.OA.OpenAccessConnection.UpgradeDatabaseSchema(ISchemaHandler schemaHandler, OpenAccessConnection connection)
   at Telerik.Sitefinity.Data.OA.OpenAccessConnection.UpgradeDatabase(Database database, OpenAccessConnection connection)
   at Telerik.Sitefinity.Data.OA.OpenAccessConnection.GetAndUpgradeMetadataDatabase(IConnectionStringSettings connectionSettings, OpenAccessConnection oaConnection, MetadataContainer metadataContainer, String appName, String moduleName, String& connString, Int32& previousBuild, Boolean isSecondCall)

Additional Info:

MachineName : INSTANCE-TFS-SI
TimeStamp : 4/22/2021 11:56:42 PM
FullName : Telerik.Sitefinity.Utilities, Version=13.3.7600.0, Culture=neutral, PublicKeyToken=b28c218413bdf563
AppDomainName : /LM/W3SVC/10/ROOT-5-132636093886703380
ThreadIdentity : 
WindowsIdentity : IIS APPPOOL\Sitefinity-Https
Requested URL : http://127.0.0.1/
	Inner Exception
	---------------
	Type : System.ArgumentException, mscorlib, Version=4.0.0.0, Culture=neutral, PublicKeyToken=b77a5c561934e089
	Message : MsSqlDriver.GetCreateDatabaseSql : Database= missing
	Source : Telerik.OpenAccess.Runtime
	Help link : 
	ParamName : 
	Data : System.Collections.ListDictionaryInternal
	TargetSite : System.String GetCreateDatabaseSql(System.String, System.String, System.Collections.IDictionary, Telerik.OpenAccess.RT.Adonet2Generic.Impl.DBDriver, System.IO.StreamWriter)
	HResult : -2147024809
	Stack Trace :    at OpenAccessRuntime.Relational.sql.MsSqlDriver.GetCreateDatabaseSql(String url, String databaseName, IDictionary p, DBDriver drv, StreamWriter out_Renamed)
	   at OpenAccessRuntime.DataObjects.tools.ant.DatabaseCreationTask.createDatabase()



Category: ErrorLog

Priority: 0

EventId: 9010

Severity: Warning

Title:Enterprise Library Exception Handling

Machine: INSTANCE-TFS-SI

App Domain: /LM/W3SVC/10/ROOT-5-132636093886703380

ProcessId: 4792

Process Name: c:\windows\system32\inetsrv\w3wp.exe

Thread Name: 

Win32 ThreadId:7220

Extended Properties: 
----------------------------------------
----------------------------------------
ActivityId: 00000000-0000-0000-0000-000000000000

Timestamp: 4/22/2021 11:56:43 PM

Message: HandlingInstanceID: c9658e67-96e1-46b9-afce-d650f5dee80f
An exception of type 'Telerik.OpenAccess.Exceptions.DataStoreException' occurred and was caught.
------------------------------------------------------------------------------------------------
04/22/2021 23:56:43
Type : Telerik.OpenAccess.Exceptions.DataStoreException, Telerik.OpenAccess, Version=2020.0.428.1, Culture=neutral, PublicKeyToken=7ce17eeaf1d59342
Message : Failed to generate a user instance of SQL Server due to failure in retrieving the user's local application data path. Please make sure the user has a local user profile on the computer. The connection will be closed. Telerik.OpenAccess.RT.sql.SQLException: Failed to generate a user instance of SQL Server due to failure in retrieving the user's local application data path. Please make sure the user has a local user profile on the computer. The connection will be closed. ---> System.Data.SqlClient.SqlException: Failed to generate a user instance of SQL Server due to failure in retrieving the user's local application data path. Please make sure the user has a local user profile on the computer. The connection will be closed.
   at System.Data.SqlClient.SqlInternalConnectionTds..ctor(DbConnectionPoolIdentity identity, SqlConnectionString connectionOptions, SqlCredential credential, Object providerInfo, String newPassword, SecureString newSecurePassword, Boolean redirectedUserInstance, SqlConnectionString userConnectionOptions, SessionData reconnectSessionData, DbConnectionPool pool, String accessToken, Boolean applyTransientFaultHandling, SqlAuthenticationProviderManager sqlAuthProviderManager)
   at System.Data.SqlClient.SqlConnectionFactory.CreateConnection(DbConnectionOptions options, DbConnectionPoolKey poolKey, Object poolGroupProviderInfo, DbConnectionPool pool, DbConnection owningConnection, DbConnectionOptions userOptions)
   at System.Data.ProviderBase.DbConnectionFactory.CreateNonPooledConnection(DbConnection owningConnection, DbConnectionPoolGroup poolGroup, DbConnectionOptions userOptions)
   at System.Data.ProviderBase.DbConnectionFactory.TryGetConnection(DbConnection owningConnection, TaskCompletionSource`1 retry, DbConnectionOptions userOptions, DbConnectionInternal oldConnection, DbConnectionInternal& connection)
   at System.Data.ProviderBase.DbConnectionInternal.TryOpenConnectionInternal(DbConnection outerConnection, DbConnectionFactory connectionFactory, TaskCompletionSource`1 retry, DbConnectionOptions userOptions)
   at System.Data.SqlClient.SqlConnection.TryOpenInner(TaskCompletionSource`1 retry)
   at System.Data.SqlClient.SqlConnection.TryOpen(TaskCompletionSource`1 retry)
   at System.Data.SqlClient.SqlConnection.Open()
   at OpenAccessRuntime.Intellitrace.OpenConnection(DbConnection connection, String connectionString, String id)
   at Telerik.OpenAccess.RT.Adonet2Generic.Impl.DBDriver.connect(ConnectionString connectionString, PropertySet driverProps, ConnectionPoolType poolType, LogEventStore pes)
   --- End of inner exception stack trace ---
   at Telerik.OpenAccess.RT.Adonet2Generic.Impl.DBDriver.connect(ConnectionString connectionString, PropertySet driverProps, ConnectionPoolType poolType, LogEventStore pes)
   at OpenAccessRuntime.Relational.sql.SqlDriver.InitializeFor(ConnectionString connectionString, Boolean noConnect, PropertySet props, DBDriver& driver, Connection& conn, ConnectionPoolType poolType)
Source : Unity_ILEmit_DynamicClasses
Help link : 
InnerExceptions : System.Exception[]
FailedObject : 
BackendError : Telerik.OpenAccess.RT.sql.SQLException: Failed to generate a user instance of SQL Server due to failure in retrieving the user's local application data path. Please make sure the user has a local user profile on the computer. The connection will be closed. ---> System.Data.SqlClient.SqlException: Failed to generate a user instance of SQL Server due to failure in retrieving the user's local application data path. Please make sure the user has a local user profile on the computer. The connection will be closed.
   at System.Data.SqlClient.SqlInternalConnectionTds..ctor(DbConnectionPoolIdentity identity, SqlConnectionString connectionOptions, SqlCredential credential, Object providerInfo, String newPassword, SecureString newSecurePassword, Boolean redirectedUserInstance, SqlConnectionString userConnectionOptions, SessionData reconnectSessionData, DbConnectionPool pool, String accessToken, Boolean applyTransientFaultHandling, SqlAuthenticationProviderManager sqlAuthProviderManager)
   at System.Data.SqlClient.SqlConnectionFactory.CreateConnection(DbConnectionOptions options, DbConnectionPoolKey poolKey, Object poolGroupProviderInfo, DbConnectionPool pool, DbConnection owningConnection, DbConnectionOptions userOptions)
   at System.Data.ProviderBase.DbConnectionFactory.CreateNonPooledConnection(DbConnection owningConnection, DbConnectionPoolGroup poolGroup, DbConnectionOptions userOptions)
   at System.Data.ProviderBase.DbConnectionFactory.TryGetConnection(DbConnection owningConnection, TaskCompletionSource`1 retry, DbConnectionOptions userOptions, DbConnectionInternal oldConnection, DbConnectionInternal& connection)
   at System.Data.ProviderBase.DbConnectionInternal.TryOpenConnectionInternal(DbConnection outerConnection, DbConnectionFactory connectionFactory, TaskCompletionSource`1 retry, DbConnectionOptions userOptions)
   at System.Data.SqlClient.SqlConnection.TryOpenInner(TaskCompletionSource`1 retry)
   at System.Data.SqlClient.SqlConnection.TryOpen(TaskCompletionSource`1 retry)
   at System.Data.SqlClient.SqlConnection.Open()
   at OpenAccessRuntime.Intellitrace.OpenConnection(DbConnection connection, String connectionString, String id)
   at Telerik.OpenAccess.RT.Adonet2Generic.Impl.DBDriver.connect(ConnectionString connectionString, PropertySet driverProps, ConnectionPoolType poolType, LogEventStore pes)
   --- End of inner exception stack trace ---
   at Telerik.OpenAccess.RT.Adonet2Generic.Impl.DBDriver.connect(ConnectionString connectionString, PropertySet driverProps, ConnectionPoolType poolType, LogEventStore pes)
   at OpenAccessRuntime.Relational.sql.SqlDriver.InitializeFor(ConnectionString connectionString, Boolean noConnect, PropertySet props, DBDriver& driver, Connection& conn, ConnectionPoolType poolType)
Reason : Runtime
CanRetry : False
Data : System.Collections.ListDictionaryInternal
TargetSite : Void Initialize(System.String, System.Collections.Specialized.NameValueCollection, System.Type)
HResult : -2146233088
Stack Trace :    at DynamicModule.ns.Wrapped_OpenAccessMetaDataProvider_eb83d4228e324c22a4196e4b080bf14f.Initialize(String providerName, NameValueCollection config, Type managerType)
   at Telerik.Sitefinity.Data.ManagerBase`1.InstantiateProvider(IDataProviderSettings providerSettings, Type providerType, ExceptionPolicyName policy, Type managerType)

Additional Info:

MachineName : INSTANCE-TFS-SI
TimeStamp : 4/22/2021 11:56:43 PM
FullName : Telerik.Sitefinity.Utilities, Version=13.3.7600.0, Culture=neutral, PublicKeyToken=b28c218413bdf563
AppDomainName : /LM/W3SVC/10/ROOT-5-132636093886703380
ThreadIdentity : 
WindowsIdentity : IIS APPPOOL\Sitefinity-Https
Requested URL : http://127.0.0.1/
	Inner Exception
	---------------
	Type : Telerik.OpenAccess.RT.sql.SQLException, Telerik.OpenAccess.Runtime, Version=2020.0.428.1, Culture=neutral, PublicKeyToken=7ce17eeaf1d59342
	Message : Failed to generate a user instance of SQL Server due to failure in retrieving the user's local application data path. Please make sure the user has a local user profile on the computer. The connection will be closed.
	Source : Telerik.OpenAccess.Runtime
	Help link : 
	ErrorCode : 15382
	ArrayBindIndex : -1
	Number : 15382
	ObjectId : 
	Description : Failed to generate a user instance of SQL Server due to failure in retrieving the user's local application data path. Please make sure the user has a local user profile on the computer. The connection will be closed.
	Data : System.Collections.ListDictionaryInternal
	TargetSite : Telerik.OpenAccess.RT.sql.Connection connect(Telerik.OpenAccess.Config.Sql.ConnectionString, Telerik.OpenAccess.SPI.PropertySet, Telerik.OpenAccess.ConnectionPoolType, OpenAccessRuntime.logging.LogEventStore)
	HResult : -2146233088
	Stack Trace :    at Telerik.OpenAccess.RT.Adonet2Generic.Impl.DBDriver.connect(ConnectionString connectionString, PropertySet driverProps, ConnectionPoolType poolType, LogEventStore pes)
	   at OpenAccessRuntime.Relational.sql.SqlDriver.InitializeFor(ConnectionString connectionString, Boolean noConnect, PropertySet props, DBDriver& driver, Connection& conn, ConnectionPoolType poolType)

		Inner Exception
		---------------
		Type : System.Data.SqlClient.SqlException, System.Data, Version=4.0.0.0, Culture=neutral, PublicKeyToken=b77a5c561934e089
		Message : Failed to generate a user instance of SQL Server due to failure in retrieving the user's local application data path. Please make sure the user has a local user profile on the computer. The connection will be closed.
		Source : .Net SqlClient Data Provider
		Help link : 
		Errors : System.Data.SqlClient.SqlErrorCollection
		ClientConnectionId : 182ff5a5-be5b-474b-aa82-d795ee696057
		Class : 14
		LineNumber : 65536
		Number : 15382
		Procedure : 
		Server : .\SQLExpress
		State : 1
		ErrorCode : -2146232060
		Data : System.Collections.ListDictionaryInternal
		TargetSite : Void .ctor(System.Data.ProviderBase.DbConnectionPoolIdentity, System.Data.SqlClient.SqlConnectionString, System.Data.SqlClient.SqlCredential, System.Object, System.String, System.Security.SecureString, Boolean, System.Data.SqlClient.SqlConnectionString, System.Data.SqlClient.SessionData, System.Data.ProviderBase.DbConnectionPool, System.String, Boolean, System.Data.SqlClient.SqlAuthenticationProviderManager)
		HResult : -2146232060
		Stack Trace :    at System.Data.SqlClient.SqlInternalConnectionTds..ctor(DbConnectionPoolIdentity identity, SqlConnectionString connectionOptions, SqlCredential credential, Object providerInfo, String newPassword, SecureString newSecurePassword, Boolean redirectedUserInstance, SqlConnectionString userConnectionOptions, SessionData reconnectSessionData, DbConnectionPool pool, String accessToken, Boolean applyTransientFaultHandling, SqlAuthenticationProviderManager sqlAuthProviderManager)
		   at System.Data.SqlClient.SqlConnectionFactory.CreateConnection(DbConnectionOptions options, DbConnectionPoolKey poolKey, Object poolGroupProviderInfo, DbConnectionPool pool, DbConnection owningConnection, DbConnectionOptions userOptions)
		   at System.Data.ProviderBase.DbConnectionFactory.CreateNonPooledConnection(DbConnection owningConnection, DbConnectionPoolGroup poolGroup, DbConnectionOptions userOptions)
		   at System.Data.ProviderBase.DbConnectionFactory.TryGetConnection(DbConnection owningConnection, TaskCompletionSource`1 retry, DbConnectionOptions userOptions, DbConnectionInternal oldConnection, DbConnectionInternal& connection)
		   at System.Data.ProviderBase.DbConnectionInternal.TryOpenConnectionInternal(DbConnection outerConnection, DbConnectionFactory connectionFactory, TaskCompletionSource`1 retry, DbConnectionOptions userOptions)
		   at System.Data.SqlClient.SqlConnection.TryOpenInner(TaskCompletionSource`1 retry)
		   at System.Data.SqlClient.SqlConnection.TryOpen(TaskCompletionSource`1 retry)
		   at System.Data.SqlClient.SqlConnection.Open()
		   at OpenAccessRuntime.Intellitrace.OpenConnection(DbConnection connection, String connectionString, String id)
		   at Telerik.OpenAccess.RT.Adonet2Generic.Impl.DBDriver.connect(ConnectionString connectionString, PropertySet driverProps, ConnectionPoolType poolType, LogEventStore pes)



Category: ErrorLog

Priority: 0

EventId: 90030

Severity: Error

Title:Enterprise Library Exception Handling

Machine: INSTANCE-TFS-SI

App Domain: /LM/W3SVC/10/ROOT-5-132636093886703380

ProcessId: 4792

Process Name: c:\windows\system32\inetsrv\w3wp.exe

Thread Name: 

Win32 ThreadId:7220

Extended Properties: 
----------------------------------------
----------------------------------------
ActivityId: 00000000-0000-0000-0000-000000000000

Timestamp: 4/22/2021 11:56:43 PM

Message: Timestamp: 4/22/2021 11:56:43 PM
Message: Telerik.OpenAccess.Exceptions.DataStoreException: Failed to generate a user instance of SQL Server due to failure in retrieving the user's local application data path. Please make sure the user has a local user profile on the computer. The connection will be closed. Telerik.OpenAccess.RT.sql.SQLException: Failed to generate a user instance of SQL Server due to failure in retrieving the user's local application data path. Please make sure the user has a local user profile on the computer. The connection will be closed. ---> System.Data.SqlClient.SqlException: Failed to generate a user instance of SQL Server due to failure in retrieving the user's local application data path. Please make sure the user has a local user profile on the computer. The connection will be closed.
   at System.Data.SqlClient.SqlInternalConnectionTds..ctor(DbConnectionPoolIdentity identity, SqlConnectionString connectionOptions, SqlCredential credential, Object providerInfo, String newPassword, SecureString newSecurePassword, Boolean redirectedUserInstance, SqlConnectionString userConnectionOptions, SessionData reconnectSessionData, DbConnectionPool pool, String accessToken, Boolean applyTransientFaultHandling, SqlAuthenticationProviderManager sqlAuthProviderManager)
   at System.Data.SqlClient.SqlConnectionFactory.CreateConnection(DbConnectionOptions options, DbConnectionPoolKey poolKey, Object poolGroupProviderInfo, DbConnectionPool pool, DbConnection owningConnection, DbConnectionOptions userOptions)
   at System.Data.ProviderBase.DbConnectionFactory.CreateNonPooledConnection(DbConnection owningConnection, DbConnectionPoolGroup poolGroup, DbConnectionOptions userOptions)
   at System.Data.ProviderBase.DbConnectionFactory.TryGetConnection(DbConnection owningConnection, TaskCompletionSource`1 retry, DbConnectionOptions userOptions, DbConnectionInternal oldConnection, DbConnectionInternal& connection)
   at System.Data.ProviderBase.DbConnectionInternal.TryOpenConnectionInternal(DbConnection outerConnection, DbConnectionFactory connectionFactory, TaskCompletionSource`1 retry, DbConnectionOptions userOptions)
   at System.Data.SqlClient.SqlConnection.TryOpenInner(TaskCompletionSource`1 retry)
   at System.Data.SqlClient.SqlConnection.TryOpen(TaskCompletionSource`1 retry)
   at System.Data.SqlClient.SqlConnection.Open()
   at OpenAccessRuntime.Intellitrace.OpenConnection(DbConnection connection, String connectionString, String id)
   at Telerik.OpenAccess.RT.Adonet2Generic.Impl.DBDriver.connect(ConnectionString connectionString, PropertySet driverProps, ConnectionPoolType poolType, LogEventStore pes)
   --- End of inner exception stack trace ---
   at Telerik.OpenAccess.RT.Adonet2Generic.Impl.DBDriver.connect(ConnectionString connectionString, PropertySet driverProps, ConnectionPoolType poolType, LogEventStore pes)
   at OpenAccessRuntime.Relational.sql.SqlDriver.InitializeFor(ConnectionString connectionString, Boolean noConnect, PropertySet props, DBDriver& driver, Connection& conn, ConnectionPoolType poolType) ---> Telerik.OpenAccess.RT.sql.SQLException: Failed to generate a user instance of SQL Server due to failure in retrieving the user's local application data path. Please make sure the user has a local user profile on the computer. The connection will be closed. ---> System.Data.SqlClient.SqlException: Failed to generate a user instance of SQL Server due to failure in retrieving the user's local application data path. Please make sure the user has a local user profile on the computer. The connection will be closed.
   at System.Data.SqlClient.SqlInternalConnectionTds..ctor(DbConnectionPoolIdentity identity, SqlConnectionString connectionOptions, SqlCredential credential, Object providerInfo, String newPassword, SecureString newSecurePassword, Boolean redirectedUserInstance, SqlConnectionString userConnectionOptions, SessionData reconnectSessionData, DbConnectionPool pool, String accessToken, Boolean applyTransientFaultHandling, SqlAuthenticationProviderManager sqlAuthProviderManager)
   at System.Data.SqlClient.SqlConnectionFactory.CreateConnection(DbConnectionOptions options, DbConnectionPoolKey poolKey, Object poolGroupProviderInfo, DbConnectionPool pool, DbConnection owningConnection, DbConnectionOptions userOptions)
   at System.Data.ProviderBase.DbConnectionFactory.CreateNonPooledConnection(DbConnection owningConnection, DbConnectionPoolGroup poolGroup, DbConnectionOptions userOptions)
   at System.Data.ProviderBase.DbConnectionFactory.TryGetConnection(DbConnection owningConnection, TaskCompletionSource`1 retry, DbConnectionOptions userOptions, DbConnectionInternal oldConnection, DbConnectionInternal& connection)
   at System.Data.ProviderBase.DbConnectionInternal.TryOpenConnectionInternal(DbConnection outerConnection, DbConnectionFactory connectionFactory, TaskCompletionSource`1 retry, DbConnectionOptions userOptions)
   at System.Data.SqlClient.SqlConnection.TryOpenInner(TaskCompletionSource`1 retry)
   at System.Data.SqlClient.SqlConnection.TryOpen(TaskCompletionSource`1 retry)
   at System.Data.SqlClient.SqlConnection.Open()
   at OpenAccessRuntime.Intellitrace.OpenConnection(DbConnection connection, String connectionString, String id)
   at Telerik.OpenAccess.RT.Adonet2Generic.Impl.DBDriver.connect(ConnectionString connectionString, PropertySet driverProps, ConnectionPoolType poolType, LogEventStore pes)
   --- End of inner exception stack trace ---
   at Telerik.OpenAccess.RT.Adonet2Generic.Impl.DBDriver.connect(ConnectionString connectionString, PropertySet driverProps, ConnectionPoolType poolType, LogEventStore pes)
   at OpenAccessRuntime.Relational.sql.SqlDriver.InitializeFor(ConnectionString connectionString, Boolean noConnect, PropertySet props, DBDriver& driver, Connection& conn, ConnectionPoolType poolType)
   --- End of inner exception stack trace ---
   at DynamicModule.ns.Wrapped_OpenAccessMetaDataProvider_eb83d4228e324c22a4196e4b080bf14f.Initialize(String providerName, NameValueCollection config, Type managerType)
   at Telerik.Sitefinity.Data.ManagerBase`1.InstantiateProvider(IDataProviderSettings providerSettings, Type providerType, ExceptionPolicyName policy, Type managerType)
   at Telerik.Sitefinity.Data.ManagerBase`1.InstantiateProvider(IDataProviderSettings providerSettings, ExceptionPolicyName policy, Type managerType)
   at Telerik.Sitefinity.Data.ManagerBase`1.ResolveProvider(String providerName, String dataSourceName)
   at Telerik.Sitefinity.Data.ManagerBase`1.SetProvider(String providerName, String transactionName)
   at Telerik.Sitefinity.Data.Metadata.MetadataManager..ctor()
Category: 
Priority: -1
EventId: 0
Severity: Critical
Title:
Machine: INSTANCE-TFS-SI
App Domain: /LM/W3SVC/10/ROOT-5-132636093886703380
ProcessId: 4792
Process Name: c:\windows\system32\inetsrv\w3wp.exe
Thread Name: 
Win32 ThreadId:7220
Extended Properties: 

Category: ErrorLog

Priority: -1

EventId: 1

Severity: Information

Title:

Machine: INSTANCE-TFS-SI

App Domain: /LM/W3SVC/10/ROOT-5-132636093886703380

ProcessId: 4792

Process Name: c:\windows\system32\inetsrv\w3wp.exe

Thread Name: 

Win32 ThreadId:7220

Extended Properties: 
----------------------------------------
----------------------------------------
ActivityId: 00000000-0000-0000-0000-000000000000

Timestamp: 4/22/2021 11:56:46 PM

Message: HandlingInstanceID: f53152ab-b685-44d9-b333-b9fe7029ec4c
An exception of type 'Telerik.OpenAccess.OpenAccessException' occurred and was caught.
--------------------------------------------------------------------------------------
04/22/2021 23:56:46
Type : Telerik.OpenAccess.OpenAccessException, Telerik.OpenAccess, Version=2020.0.428.1, Culture=neutral, PublicKeyToken=7ce17eeaf1d59342
Message : System.ArgumentException: MsSqlDriver.GetCreateDatabaseSql : Database= missing
Source : Telerik.OpenAccess
Help link : 
InnerExceptions : System.Exception[]
FailedObject : 
BackendError : 
Reason : Runtime
CanRetry : True
Data : System.Collections.ListDictionaryInternal
TargetSite : Void ThrowException(System.Exception)
HResult : -2146233088
Stack Trace :    at Telerik.OpenAccess.SPI.Backends.ThrowException(Exception e)
   at OpenAccessRuntime.ExceptionWrapper.Throw()
   at OpenAccessRuntime.DataObjects.tools.ant.DataObjectsTaskBase.throwBuildException(String str, Exception e)
   at OpenAccessRuntime.DataObjects.tools.ant.DatabaseCreationTask.createDatabase()
   at OpenAccessRuntime.OpenAccessSchemaAdapter.CreateDatabase(Boolean checkOnly)
   at OpenAccessRuntime.SchemaHandlerImpl.Telerik.OpenAccess.ISchemaHandler.CreateDatabase()
   at Telerik.Sitefinity.Data.OA.OpenAccessConnection.UpgradeDatabaseSchema(ISchemaHandler schemaHandler, OpenAccessConnection connection)
   at Telerik.Sitefinity.Data.OA.OpenAccessConnection.UpgradeDatabase(Database database, OpenAccessConnection connection)
   at Telerik.Sitefinity.Data.OA.OpenAccessConnection.GetAndUpgradeMetadataDatabase(IConnectionStringSettings connectionSettings, OpenAccessConnection oaConnection, MetadataContainer metadataContainer, String appName, String moduleName, String& connString, Int32& previousBuild, Boolean isSecondCall)

Additional Info:

MachineName : INSTANCE-TFS-SI
TimeStamp : 4/22/2021 11:56:46 PM
FullName : Telerik.Sitefinity.Utilities, Version=13.3.7600.0, Culture=neutral, PublicKeyToken=b28c218413bdf563
AppDomainName : /LM/W3SVC/10/ROOT-5-132636093886703380
ThreadIdentity : 
WindowsIdentity : IIS APPPOOL\Sitefinity-Https
Requested URL : http://127.0.0.1/
	Inner Exception
	---------------
	Type : System.ArgumentException, mscorlib, Version=4.0.0.0, Culture=neutral, PublicKeyToken=b77a5c561934e089
	Message : MsSqlDriver.GetCreateDatabaseSql : Database= missing
	Source : Telerik.OpenAccess.Runtime
	Help link : 
	ParamName : 
	Data : System.Collections.ListDictionaryInternal
	TargetSite : System.String GetCreateDatabaseSql(System.String, System.String, System.Collections.IDictionary, Telerik.OpenAccess.RT.Adonet2Generic.Impl.DBDriver, System.IO.StreamWriter)
	HResult : -2147024809
	Stack Trace :    at OpenAccessRuntime.Relational.sql.MsSqlDriver.GetCreateDatabaseSql(String url, String databaseName, IDictionary p, DBDriver drv, StreamWriter out_Renamed)
	   at OpenAccessRuntime.DataObjects.tools.ant.DatabaseCreationTask.createDatabase()



Category: ErrorLog

Priority: 0

EventId: 9010

Severity: Warning

Title:Enterprise Library Exception Handling

Machine: INSTANCE-TFS-SI

App Domain: /LM/W3SVC/10/ROOT-5-132636093886703380

ProcessId: 4792

Process Name: c:\windows\system32\inetsrv\w3wp.exe

Thread Name: 

Win32 ThreadId:472

Extended Properties: 
----------------------------------------
----------------------------------------
ActivityId: 00000000-0000-0000-0000-000000000000

Timestamp: 4/22/2021 11:56:47 PM

Message: HandlingInstanceID: e4701134-309a-400a-8adf-b3f02192491f
An exception of type 'Telerik.OpenAccess.Exceptions.DataStoreException' occurred and was caught.
------------------------------------------------------------------------------------------------
04/22/2021 23:56:47
Type : Telerik.OpenAccess.Exceptions.DataStoreException, Telerik.OpenAccess, Version=2020.0.428.1, Culture=neutral, PublicKeyToken=7ce17eeaf1d59342
Message : Failed to generate a user instance of SQL Server due to failure in retrieving the user's local application data path. Please make sure the user has a local user profile on the computer. The connection will be closed. Telerik.OpenAccess.RT.sql.SQLException: Failed to generate a user instance of SQL Server due to failure in retrieving the user's local application data path. Please make sure the user has a local user profile on the computer. The connection will be closed. ---> System.Data.SqlClient.SqlException: Failed to generate a user instance of SQL Server due to failure in retrieving the user's local application data path. Please make sure the user has a local user profile on the computer. The connection will be closed.
   at System.Data.SqlClient.SqlInternalConnectionTds..ctor(DbConnectionPoolIdentity identity, SqlConnectionString connectionOptions, SqlCredential credential, Object providerInfo, String newPassword, SecureString newSecurePassword, Boolean redirectedUserInstance, SqlConnectionString userConnectionOptions, SessionData reconnectSessionData, DbConnectionPool pool, String accessToken, Boolean applyTransientFaultHandling, SqlAuthenticationProviderManager sqlAuthProviderManager)
   at System.Data.SqlClient.SqlConnectionFactory.CreateConnection(DbConnectionOptions options, DbConnectionPoolKey poolKey, Object poolGroupProviderInfo, DbConnectionPool pool, DbConnection owningConnection, DbConnectionOptions userOptions)
   at System.Data.ProviderBase.DbConnectionFactory.CreateNonPooledConnection(DbConnection owningConnection, DbConnectionPoolGroup poolGroup, DbConnectionOptions userOptions)
   at System.Data.ProviderBase.DbConnectionFactory.TryGetConnection(DbConnection owningConnection, TaskCompletionSource`1 retry, DbConnectionOptions userOptions, DbConnectionInternal oldConnection, DbConnectionInternal& connection)
   at System.Data.ProviderBase.DbConnectionInternal.TryOpenConnectionInternal(DbConnection outerConnection, DbConnectionFactory connectionFactory, TaskCompletionSource`1 retry, DbConnectionOptions userOptions)
   at System.Data.SqlClient.SqlConnection.TryOpenInner(TaskCompletionSource`1 retry)
   at System.Data.SqlClient.SqlConnection.TryOpen(TaskCompletionSource`1 retry)
   at System.Data.SqlClient.SqlConnection.Open()
   at OpenAccessRuntime.Intellitrace.OpenConnection(DbConnection connection, String connectionString, String id)
   at Telerik.OpenAccess.RT.Adonet2Generic.Impl.DBDriver.connect(ConnectionString connectionString, PropertySet driverProps, ConnectionPoolType poolType, LogEventStore pes)
   --- End of inner exception stack trace ---
   at Telerik.OpenAccess.RT.Adonet2Generic.Impl.DBDriver.connect(ConnectionString connectionString, PropertySet driverProps, ConnectionPoolType poolType, LogEventStore pes)
   at OpenAccessRuntime.Relational.sql.SqlDriver.InitializeFor(ConnectionString connectionString, Boolean noConnect, PropertySet props, DBDriver& driver, Connection& conn, ConnectionPoolType poolType)
Source : Unity_ILEmit_DynamicClasses
Help link : 
InnerExceptions : System.Exception[]
FailedObject : 
BackendError : Telerik.OpenAccess.RT.sql.SQLException: Failed to generate a user instance of SQL Server due to failure in retrieving the user's local application data path. Please make sure the user has a local user profile on the computer. The connection will be closed. ---> System.Data.SqlClient.SqlException: Failed to generate a user instance of SQL Server due to failure in retrieving the user's local application data path. Please make sure the user has a local user profile on the computer. The connection will be closed.
   at System.Data.SqlClient.SqlInternalConnectionTds..ctor(DbConnectionPoolIdentity identity, SqlConnectionString connectionOptions, SqlCredential credential, Object providerInfo, String newPassword, SecureString newSecurePassword, Boolean redirectedUserInstance, SqlConnectionString userConnectionOptions, SessionData reconnectSessionData, DbConnectionPool pool, String accessToken, Boolean applyTransientFaultHandling, SqlAuthenticationProviderManager sqlAuthProviderManager)
   at System.Data.SqlClient.SqlConnectionFactory.CreateConnection(DbConnectionOptions options, DbConnectionPoolKey poolKey, Object poolGroupProviderInfo, DbConnectionPool pool, DbConnection owningConnection, DbConnectionOptions userOptions)
   at System.Data.ProviderBase.DbConnectionFactory.CreateNonPooledConnection(DbConnection owningConnection, DbConnectionPoolGroup poolGroup, DbConnectionOptions userOptions)
   at System.Data.ProviderBase.DbConnectionFactory.TryGetConnection(DbConnection owningConnection, TaskCompletionSource`1 retry, DbConnectionOptions userOptions, DbConnectionInternal oldConnection, DbConnectionInternal& connection)
   at System.Data.ProviderBase.DbConnectionInternal.TryOpenConnectionInternal(DbConnection outerConnection, DbConnectionFactory connectionFactory, TaskCompletionSource`1 retry, DbConnectionOptions userOptions)
   at System.Data.SqlClient.SqlConnection.TryOpenInner(TaskCompletionSource`1 retry)
   at System.Data.SqlClient.SqlConnection.TryOpen(TaskCompletionSource`1 retry)
   at System.Data.SqlClient.SqlConnection.Open()
   at OpenAccessRuntime.Intellitrace.OpenConnection(DbConnection connection, String connectionString, String id)
   at Telerik.OpenAccess.RT.Adonet2Generic.Impl.DBDriver.connect(ConnectionString connectionString, PropertySet driverProps, ConnectionPoolType poolType, LogEventStore pes)
   --- End of inner exception stack trace ---
   at Telerik.OpenAccess.RT.Adonet2Generic.Impl.DBDriver.connect(ConnectionString connectionString, PropertySet driverProps, ConnectionPoolType poolType, LogEventStore pes)
   at OpenAccessRuntime.Relational.sql.SqlDriver.InitializeFor(ConnectionString connectionString, Boolean noConnect, PropertySet props, DBDriver& driver, Connection& conn, ConnectionPoolType poolType)
Reason : Runtime
CanRetry : False
Data : System.Collections.ListDictionaryInternal
TargetSite : Void Initialize(System.String, System.Collections.Specialized.NameValueCollection, System.Type)
HResult : -2146233088
Stack Trace :    at DynamicModule.ns.Wrapped_OpenAccessMetaDataProvider_eb83d4228e324c22a4196e4b080bf14f.Initialize(String providerName, NameValueCollection config, Type managerType)
   at Telerik.Sitefinity.Data.ManagerBase`1.InstantiateProvider(IDataProviderSettings providerSettings, Type providerType, ExceptionPolicyName policy, Type managerType)

Additional Info:

MachineName : INSTANCE-TFS-SI
TimeStamp : 4/22/2021 11:56:47 PM
FullName : Telerik.Sitefinity.Utilities, Version=13.3.7600.0, Culture=neutral, PublicKeyToken=b28c218413bdf563
AppDomainName : /LM/W3SVC/10/ROOT-5-132636093886703380
ThreadIdentity : 
WindowsIdentity : IIS APPPOOL\Sitefinity-Https
Requested URL : http://127.0.0.1/
	Inner Exception
	---------------
	Type : Telerik.OpenAccess.RT.sql.SQLException, Telerik.OpenAccess.Runtime, Version=2020.0.428.1, Culture=neutral, PublicKeyToken=7ce17eeaf1d59342
	Message : Failed to generate a user instance of SQL Server due to failure in retrieving the user's local application data path. Please make sure the user has a local user profile on the computer. The connection will be closed.
	Source : Telerik.OpenAccess.Runtime
	Help link : 
	ErrorCode : 15382
	ArrayBindIndex : -1
	Number : 15382
	ObjectId : 
	Description : Failed to generate a user instance of SQL Server due to failure in retrieving the user's local application data path. Please make sure the user has a local user profile on the computer. The connection will be closed.
	Data : System.Collections.ListDictionaryInternal
	TargetSite : Telerik.OpenAccess.RT.sql.Connection connect(Telerik.OpenAccess.Config.Sql.ConnectionString, Telerik.OpenAccess.SPI.PropertySet, Telerik.OpenAccess.ConnectionPoolType, OpenAccessRuntime.logging.LogEventStore)
	HResult : -2146233088
	Stack Trace :    at Telerik.OpenAccess.RT.Adonet2Generic.Impl.DBDriver.connect(ConnectionString connectionString, PropertySet driverProps, ConnectionPoolType poolType, LogEventStore pes)
	   at OpenAccessRuntime.Relational.sql.SqlDriver.InitializeFor(ConnectionString connectionString, Boolean noConnect, PropertySet props, DBDriver& driver, Connection& conn, ConnectionPoolType poolType)

		Inner Exception
		---------------
		Type : System.Data.SqlClient.SqlException, System.Data, Version=4.0.0.0, Culture=neutral, PublicKeyToken=b77a5c561934e089
		Message : Failed to generate a user instance of SQL Server due to failure in retrieving the user's local application data path. Please make sure the user has a local user profile on the computer. The connection will be closed.
		Source : .Net SqlClient Data Provider
		Help link : 
		Errors : System.Data.SqlClient.SqlErrorCollection
		ClientConnectionId : 5ddb4f64-9c47-4821-b9b9-e7c9366c3737
		Class : 14
		LineNumber : 65536
		Number : 15382
		Procedure : 
		Server : .\SQLExpress
		State : 1
		ErrorCode : -2146232060
		Data : System.Collections.ListDictionaryInternal
		TargetSite : Void .ctor(System.Data.ProviderBase.DbConnectionPoolIdentity, System.Data.SqlClient.SqlConnectionString, System.Data.SqlClient.SqlCredential, System.Object, System.String, System.Security.SecureString, Boolean, System.Data.SqlClient.SqlConnectionString, System.Data.SqlClient.SessionData, System.Data.ProviderBase.DbConnectionPool, System.String, Boolean, System.Data.SqlClient.SqlAuthenticationProviderManager)
		HResult : -2146232060
		Stack Trace :    at System.Data.SqlClient.SqlInternalConnectionTds..ctor(DbConnectionPoolIdentity identity, SqlConnectionString connectionOptions, SqlCredential credential, Object providerInfo, String newPassword, SecureString newSecurePassword, Boolean redirectedUserInstance, SqlConnectionString userConnectionOptions, SessionData reconnectSessionData, DbConnectionPool pool, String accessToken, Boolean applyTransientFaultHandling, SqlAuthenticationProviderManager sqlAuthProviderManager)
		   at System.Data.SqlClient.SqlConnectionFactory.CreateConnection(DbConnectionOptions options, DbConnectionPoolKey poolKey, Object poolGroupProviderInfo, DbConnectionPool pool, DbConnection owningConnection, DbConnectionOptions userOptions)
		   at System.Data.ProviderBase.DbConnectionFactory.CreateNonPooledConnection(DbConnection owningConnection, DbConnectionPoolGroup poolGroup, DbConnectionOptions userOptions)
		   at System.Data.ProviderBase.DbConnectionFactory.TryGetConnection(DbConnection owningConnection, TaskCompletionSource`1 retry, DbConnectionOptions userOptions, DbConnectionInternal oldConnection, DbConnectionInternal& connection)
		   at System.Data.ProviderBase.DbConnectionInternal.TryOpenConnectionInternal(DbConnection outerConnection, DbConnectionFactory connectionFactory, TaskCompletionSource`1 retry, DbConnectionOptions userOptions)
		   at System.Data.SqlClient.SqlConnection.TryOpenInner(TaskCompletionSource`1 retry)
		   at System.Data.SqlClient.SqlConnection.TryOpen(TaskCompletionSource`1 retry)
		   at System.Data.SqlClient.SqlConnection.Open()
		   at OpenAccessRuntime.Intellitrace.OpenConnection(DbConnection connection, String connectionString, String id)
		   at Telerik.OpenAccess.RT.Adonet2Generic.Impl.DBDriver.connect(ConnectionString connectionString, PropertySet driverProps, ConnectionPoolType poolType, LogEventStore pes)



Category: ErrorLog

Priority: 0

EventId: 90030

Severity: Error

Title:Enterprise Library Exception Handling

Machine: INSTANCE-TFS-SI

App Domain: /LM/W3SVC/10/ROOT-5-132636093886703380

ProcessId: 4792

Process Name: c:\windows\system32\inetsrv\w3wp.exe

Thread Name: 

Win32 ThreadId:472

Extended Properties: 
----------------------------------------
----------------------------------------
ActivityId: 00000000-0000-0000-0000-000000000000

Timestamp: 4/22/2021 11:56:51 PM

Message: HandlingInstanceID: 2d01eed5-e5ca-4e06-b027-c6ccb99abaa0
An exception of type 'Telerik.OpenAccess.OpenAccessException' occurred and was caught.
--------------------------------------------------------------------------------------
04/22/2021 23:56:51
Type : Telerik.OpenAccess.OpenAccessException, Telerik.OpenAccess, Version=2020.0.428.1, Culture=neutral, PublicKeyToken=7ce17eeaf1d59342
Message : System.ArgumentException: MsSqlDriver.GetCreateDatabaseSql : Database= missing
Source : Telerik.OpenAccess
Help link : 
InnerExceptions : System.Exception[]
FailedObject : 
BackendError : 
Reason : Runtime
CanRetry : True
Data : System.Collections.ListDictionaryInternal
TargetSite : Void ThrowException(System.Exception)
HResult : -2146233088
Stack Trace :    at Telerik.OpenAccess.SPI.Backends.ThrowException(Exception e)
   at OpenAccessRuntime.ExceptionWrapper.Throw()
   at OpenAccessRuntime.DataObjects.tools.ant.DataObjectsTaskBase.throwBuildException(String str, Exception e)
   at OpenAccessRuntime.DataObjects.tools.ant.DatabaseCreationTask.createDatabase()
   at OpenAccessRuntime.OpenAccessSchemaAdapter.CreateDatabase(Boolean checkOnly)
   at OpenAccessRuntime.SchemaHandlerImpl.Telerik.OpenAccess.ISchemaHandler.CreateDatabase()
   at Telerik.Sitefinity.Data.OA.OpenAccessConnection.UpgradeDatabaseSchema(ISchemaHandler schemaHandler, OpenAccessConnection connection)
   at Telerik.Sitefinity.Data.OA.OpenAccessConnection.UpgradeDatabase(Database database, OpenAccessConnection connection)
   at Telerik.Sitefinity.Data.OA.OpenAccessConnection.GetAndUpgradeMetadataDatabase(IConnectionStringSettings connectionSettings, OpenAccessConnection oaConnection, MetadataContainer metadataContainer, String appName, String moduleName, String& connString, Int32& previousBuild, Boolean isSecondCall)

Additional Info:

MachineName : INSTANCE-TFS-SI
TimeStamp : 4/22/2021 11:56:51 PM
FullName : Telerik.Sitefinity.Utilities, Version=13.3.7600.0, Culture=neutral, PublicKeyToken=b28c218413bdf563
AppDomainName : /LM/W3SVC/10/ROOT-5-132636093886703380
ThreadIdentity : 
WindowsIdentity : IIS APPPOOL\Sitefinity-Https
Requested URL : http://127.0.0.1/
	Inner Exception
	---------------
	Type : System.ArgumentException, mscorlib, Version=4.0.0.0, Culture=neutral, PublicKeyToken=b77a5c561934e089
	Message : MsSqlDriver.GetCreateDatabaseSql : Database= missing
	Source : Telerik.OpenAccess.Runtime
	Help link : 
	ParamName : 
	Data : System.Collections.ListDictionaryInternal
	TargetSite : System.String GetCreateDatabaseSql(System.String, System.String, System.Collections.IDictionary, Telerik.OpenAccess.RT.Adonet2Generic.Impl.DBDriver, System.IO.StreamWriter)
	HResult : -2147024809
	Stack Trace :    at OpenAccessRuntime.Relational.sql.MsSqlDriver.GetCreateDatabaseSql(String url, String databaseName, IDictionary p, DBDriver drv, StreamWriter out_Renamed)
	   at OpenAccessRuntime.DataObjects.tools.ant.DatabaseCreationTask.createDatabase()



Category: ErrorLog

Priority: 0

EventId: 9010

Severity: Warning

Title:Enterprise Library Exception Handling

Machine: INSTANCE-TFS-SI

App Domain: /LM/W3SVC/10/ROOT-5-132636093886703380

ProcessId: 4792

Process Name: c:\windows\system32\inetsrv\w3wp.exe

Thread Name: 

Win32 ThreadId:472

Extended Properties: 
----------------------------------------
----------------------------------------
ActivityId: 00000000-0000-0000-0000-000000000000

Timestamp: 4/22/2021 11:56:52 PM

Message: HandlingInstanceID: ae1cf84a-e88a-4ca4-a809-d5b8ec9defad
An exception of type 'Telerik.OpenAccess.Exceptions.DataStoreException' occurred and was caught.
------------------------------------------------------------------------------------------------
04/22/2021 23:56:52
Type : Telerik.OpenAccess.Exceptions.DataStoreException, Telerik.OpenAccess, Version=2020.0.428.1, Culture=neutral, PublicKeyToken=7ce17eeaf1d59342
Message : Failed to generate a user instance of SQL Server due to failure in retrieving the user's local application data path. Please make sure the user has a local user profile on the computer. The connection will be closed. Telerik.OpenAccess.RT.sql.SQLException: Failed to generate a user instance of SQL Server due to failure in retrieving the user's local application data path. Please make sure the user has a local user profile on the computer. The connection will be closed. ---> System.Data.SqlClient.SqlException: Failed to generate a user instance of SQL Server due to failure in retrieving the user's local application data path. Please make sure the user has a local user profile on the computer. The connection will be closed.
   at System.Data.SqlClient.SqlInternalConnectionTds..ctor(DbConnectionPoolIdentity identity, SqlConnectionString connectionOptions, SqlCredential credential, Object providerInfo, String newPassword, SecureString newSecurePassword, Boolean redirectedUserInstance, SqlConnectionString userConnectionOptions, SessionData reconnectSessionData, DbConnectionPool pool, String accessToken, Boolean applyTransientFaultHandling, SqlAuthenticationProviderManager sqlAuthProviderManager)
   at System.Data.SqlClient.SqlConnectionFactory.CreateConnection(DbConnectionOptions options, DbConnectionPoolKey poolKey, Object poolGroupProviderInfo, DbConnectionPool pool, DbConnection owningConnection, DbConnectionOptions userOptions)
   at System.Data.ProviderBase.DbConnectionFactory.CreateNonPooledConnection(DbConnection owningConnection, DbConnectionPoolGroup poolGroup, DbConnectionOptions userOptions)
   at System.Data.ProviderBase.DbConnectionFactory.TryGetConnection(DbConnection owningConnection, TaskCompletionSource`1 retry, DbConnectionOptions userOptions, DbConnectionInternal oldConnection, DbConnectionInternal& connection)
   at System.Data.ProviderBase.DbConnectionInternal.TryOpenConnectionInternal(DbConnection outerConnection, DbConnectionFactory connectionFactory, TaskCompletionSource`1 retry, DbConnectionOptions userOptions)
   at System.Data.SqlClient.SqlConnection.TryOpenInner(TaskCompletionSource`1 retry)
   at System.Data.SqlClient.SqlConnection.TryOpen(TaskCompletionSource`1 retry)
   at System.Data.SqlClient.SqlConnection.Open()
   at OpenAccessRuntime.Intellitrace.OpenConnection(DbConnection connection, String connectionString, String id)
   at Telerik.OpenAccess.RT.Adonet2Generic.Impl.DBDriver.connect(ConnectionString connectionString, PropertySet driverProps, ConnectionPoolType poolType, LogEventStore pes)
   --- End of inner exception stack trace ---
   at Telerik.OpenAccess.RT.Adonet2Generic.Impl.DBDriver.connect(ConnectionString connectionString, PropertySet driverProps, ConnectionPoolType poolType, LogEventStore pes)
   at OpenAccessRuntime.Relational.sql.SqlDriver.InitializeFor(ConnectionString connectionString, Boolean noConnect, PropertySet props, DBDriver& driver, Connection& conn, ConnectionPoolType poolType)
Source : Unity_ILEmit_DynamicClasses
Help link : 
InnerExceptions : System.Exception[]
FailedObject : 
BackendError : Telerik.OpenAccess.RT.sql.SQLException: Failed to generate a user instance of SQL Server due to failure in retrieving the user's local application data path. Please make sure the user has a local user profile on the computer. The connection will be closed. ---> System.Data.SqlClient.SqlException: Failed to generate a user instance of SQL Server due to failure in retrieving the user's local application data path. Please make sure the user has a local user profile on the computer. The connection will be closed.
   at System.Data.SqlClient.SqlInternalConnectionTds..ctor(DbConnectionPoolIdentity identity, SqlConnectionString connectionOptions, SqlCredential credential, Object providerInfo, String newPassword, SecureString newSecurePassword, Boolean redirectedUserInstance, SqlConnectionString userConnectionOptions, SessionData reconnectSessionData, DbConnectionPool pool, String accessToken, Boolean applyTransientFaultHandling, SqlAuthenticationProviderManager sqlAuthProviderManager)
   at System.Data.SqlClient.SqlConnectionFactory.CreateConnection(DbConnectionOptions options, DbConnectionPoolKey poolKey, Object poolGroupProviderInfo, DbConnectionPool pool, DbConnection owningConnection, DbConnectionOptions userOptions)
   at System.Data.ProviderBase.DbConnectionFactory.CreateNonPooledConnection(DbConnection owningConnection, DbConnectionPoolGroup poolGroup, DbConnectionOptions userOptions)
   at System.Data.ProviderBase.DbConnectionFactory.TryGetConnection(DbConnection owningConnection, TaskCompletionSource`1 retry, DbConnectionOptions userOptions, DbConnectionInternal oldConnection, DbConnectionInternal& connection)
   at System.Data.ProviderBase.DbConnectionInternal.TryOpenConnectionInternal(DbConnection outerConnection, DbConnectionFactory connectionFactory, TaskCompletionSource`1 retry, DbConnectionOptions userOptions)
   at System.Data.SqlClient.SqlConnection.TryOpenInner(TaskCompletionSource`1 retry)
   at System.Data.SqlClient.SqlConnection.TryOpen(TaskCompletionSource`1 retry)
   at System.Data.SqlClient.SqlConnection.Open()
   at OpenAccessRuntime.Intellitrace.OpenConnection(DbConnection connection, String connectionString, String id)
   at Telerik.OpenAccess.RT.Adonet2Generic.Impl.DBDriver.connect(ConnectionString connectionString, PropertySet driverProps, ConnectionPoolType poolType, LogEventStore pes)
   --- End of inner exception stack trace ---
   at Telerik.OpenAccess.RT.Adonet2Generic.Impl.DBDriver.connect(ConnectionString connectionString, PropertySet driverProps, ConnectionPoolType poolType, LogEventStore pes)
   at OpenAccessRuntime.Relational.sql.SqlDriver.InitializeFor(ConnectionString connectionString, Boolean noConnect, PropertySet props, DBDriver& driver, Connection& conn, ConnectionPoolType poolType)
Reason : Runtime
CanRetry : False
Data : System.Collections.ListDictionaryInternal
TargetSite : Void Initialize(System.String, System.Collections.Specialized.NameValueCollection, System.Type)
HResult : -2146233088
Stack Trace :    at DynamicModule.ns.Wrapped_OpenAccessMetaDataProvider_eb83d4228e324c22a4196e4b080bf14f.Initialize(String providerName, NameValueCollection config, Type managerType)
   at Telerik.Sitefinity.Data.ManagerBase`1.InstantiateProvider(IDataProviderSettings providerSettings, Type providerType, ExceptionPolicyName policy, Type managerType)

Additional Info:

MachineName : INSTANCE-TFS-SI
TimeStamp : 4/22/2021 11:56:52 PM
FullName : Telerik.Sitefinity.Utilities, Version=13.3.7600.0, Culture=neutral, PublicKeyToken=b28c218413bdf563
AppDomainName : /LM/W3SVC/10/ROOT-5-132636093886703380
ThreadIdentity : 
WindowsIdentity : IIS APPPOOL\Sitefinity-Https
Requested URL : http://127.0.0.1/
	Inner Exception
	---------------
	Type : Telerik.OpenAccess.RT.sql.SQLException, Telerik.OpenAccess.Runtime, Version=2020.0.428.1, Culture=neutral, PublicKeyToken=7ce17eeaf1d59342
	Message : Failed to generate a user instance of SQL Server due to failure in retrieving the user's local application data path. Please make sure the user has a local user profile on the computer. The connection will be closed.
	Source : Telerik.OpenAccess.Runtime
	Help link : 
	ErrorCode : 15382
	ArrayBindIndex : -1
	Number : 15382
	ObjectId : 
	Description : Failed to generate a user instance of SQL Server due to failure in retrieving the user's local application data path. Please make sure the user has a local user profile on the computer. The connection will be closed.
	Data : System.Collections.ListDictionaryInternal
	TargetSite : Telerik.OpenAccess.RT.sql.Connection connect(Telerik.OpenAccess.Config.Sql.ConnectionString, Telerik.OpenAccess.SPI.PropertySet, Telerik.OpenAccess.ConnectionPoolType, OpenAccessRuntime.logging.LogEventStore)
	HResult : -2146233088
	Stack Trace :    at Telerik.OpenAccess.RT.Adonet2Generic.Impl.DBDriver.connect(ConnectionString connectionString, PropertySet driverProps, ConnectionPoolType poolType, LogEventStore pes)
	   at OpenAccessRuntime.Relational.sql.SqlDriver.InitializeFor(ConnectionString connectionString, Boolean noConnect, PropertySet props, DBDriver& driver, Connection& conn, ConnectionPoolType poolType)

		Inner Exception
		---------------
		Type : System.Data.SqlClient.SqlException, System.Data, Version=4.0.0.0, Culture=neutral, PublicKeyToken=b77a5c561934e089
		Message : Failed to generate a user instance of SQL Server due to failure in retrieving the user's local application data path. Please make sure the user has a local user profile on the computer. The connection will be closed.
		Source : .Net SqlClient Data Provider
		Help link : 
		Errors : System.Data.SqlClient.SqlErrorCollection
		ClientConnectionId : d90564e5-353a-471f-bbab-e3f0271f5eb5
		Class : 14
		LineNumber : 65536
		Number : 15382
		Procedure : 
		Server : .\SQLExpress
		State : 1
		ErrorCode : -2146232060
		Data : System.Collections.ListDictionaryInternal
		TargetSite : Void .ctor(System.Data.ProviderBase.DbConnectionPoolIdentity, System.Data.SqlClient.SqlConnectionString, System.Data.SqlClient.SqlCredential, System.Object, System.String, System.Security.SecureString, Boolean, System.Data.SqlClient.SqlConnectionString, System.Data.SqlClient.SessionData, System.Data.ProviderBase.DbConnectionPool, System.String, Boolean, System.Data.SqlClient.SqlAuthenticationProviderManager)
		HResult : -2146232060
		Stack Trace :    at System.Data.SqlClient.SqlInternalConnectionTds..ctor(DbConnectionPoolIdentity identity, SqlConnectionString connectionOptions, SqlCredential credential, Object providerInfo, String newPassword, SecureString newSecurePassword, Boolean redirectedUserInstance, SqlConnectionString userConnectionOptions, SessionData reconnectSessionData, DbConnectionPool pool, String accessToken, Boolean applyTransientFaultHandling, SqlAuthenticationProviderManager sqlAuthProviderManager)
		   at System.Data.SqlClient.SqlConnectionFactory.CreateConnection(DbConnectionOptions options, DbConnectionPoolKey poolKey, Object poolGroupProviderInfo, DbConnectionPool pool, DbConnection owningConnection, DbConnectionOptions userOptions)
		   at System.Data.ProviderBase.DbConnectionFactory.CreateNonPooledConnection(DbConnection owningConnection, DbConnectionPoolGroup poolGroup, DbConnectionOptions userOptions)
		   at System.Data.ProviderBase.DbConnectionFactory.TryGetConnection(DbConnection owningConnection, TaskCompletionSource`1 retry, DbConnectionOptions userOptions, DbConnectionInternal oldConnection, DbConnectionInternal& connection)
		   at System.Data.ProviderBase.DbConnectionInternal.TryOpenConnectionInternal(DbConnection outerConnection, DbConnectionFactory connectionFactory, TaskCompletionSource`1 retry, DbConnectionOptions userOptions)
		   at System.Data.SqlClient.SqlConnection.TryOpenInner(TaskCompletionSource`1 retry)
		   at System.Data.SqlClient.SqlConnection.TryOpen(TaskCompletionSource`1 retry)
		   at System.Data.SqlClient.SqlConnection.Open()
		   at OpenAccessRuntime.Intellitrace.OpenConnection(DbConnection connection, String connectionString, String id)
		   at Telerik.OpenAccess.RT.Adonet2Generic.Impl.DBDriver.connect(ConnectionString connectionString, PropertySet driverProps, ConnectionPoolType poolType, LogEventStore pes)



Category: ErrorLog

Priority: 0

EventId: 90030

Severity: Error

Title:Enterprise Library Exception Handling

Machine: INSTANCE-TFS-SI

App Domain: /LM/W3SVC/10/ROOT-5-132636093886703380

ProcessId: 4792

Process Name: c:\windows\system32\inetsrv\w3wp.exe

Thread Name: 

Win32 ThreadId:472

Extended Properties: 
----------------------------------------
