----------------------------------------
ActivityId: 00000000-0000-0000-0000-000000000000

Timestamp: 4/22/2021 11:08:28 PM

Message: HandlingInstanceID: da5316c0-28d1-47b1-9cec-632aab23d486
An exception of type 'Telerik.OpenAccess.OpenAccessException' occurred and was caught.
--------------------------------------------------------------------------------------
04/22/2021 23:08:28
Type : Telerik.OpenAccess.OpenAccessException, Telerik.OpenAccess, Version=2020.0.428.1, Culture=neutral, PublicKeyToken=7ce17eeaf1d59342
Message : System.ArgumentException: MsSqlDriver.GetCreateDatabaseSql : Database= missing
Source : Telerik.OpenAccess
Help link : 
InnerExceptions : System.Exception[]
FailedObject : 
BackendError : 
Reason : Runtime
CanRetry : True
Data : System.Collections.ListDictionaryInternal
TargetSite : Void ThrowException(System.Exception)
HResult : -2146233088
Stack Trace :    at Telerik.OpenAccess.SPI.Backends.ThrowException(Exception e)
   at OpenAccessRuntime.ExceptionWrapper.Throw()
   at OpenAccessRuntime.DataObjects.tools.ant.DataObjectsTaskBase.throwBuildException(String str, Exception e)
   at OpenAccessRuntime.DataObjects.tools.ant.DatabaseCreationTask.createDatabase()
   at OpenAccessRuntime.OpenAccessSchemaAdapter.CreateDatabase(Boolean checkOnly)
   at OpenAccessRuntime.SchemaHandlerImpl.Telerik.OpenAccess.ISchemaHandler.CreateDatabase()
   at Telerik.Sitefinity.Data.OA.OpenAccessConnection.UpgradeDatabaseSchema(ISchemaHandler schemaHandler, OpenAccessConnection connection)
   at Telerik.Sitefinity.Data.OA.OpenAccessConnection.UpgradeDatabase(Database database, OpenAccessConnection connection)
   at Telerik.Sitefinity.Data.OA.OpenAccessConnection.GetAndUpgradeMetadataDatabase(IConnectionStringSettings connectionSettings, OpenAccessConnection oaConnection, MetadataContainer metadataContainer, String appName, String moduleName, String& connString, Int32& previousBuild, Boolean isSecondCall)

Additional Info:

MachineName : INSTANCE-TFS-SI
TimeStamp : 4/22/2021 11:08:28 PM
FullName : Telerik.Sitefinity.Utilities, Version=13.3.7600.0, Culture=neutral, PublicKeyToken=b28c218413bdf563
AppDomainName : /LM/W3SVC/8/ROOT-23-132636064802034449
ThreadIdentity : 
WindowsIdentity : IIS APPPOOL\Test3
Requested URL : http://127.0.0.1/
	Inner Exception
	---------------
	Type : System.ArgumentException, mscorlib, Version=4.0.0.0, Culture=neutral, PublicKeyToken=b77a5c561934e089
	Message : MsSqlDriver.GetCreateDatabaseSql : Database= missing
	Source : Telerik.OpenAccess.Runtime
	Help link : 
	ParamName : 
	Data : System.Collections.ListDictionaryInternal
	TargetSite : System.String GetCreateDatabaseSql(System.String, System.String, System.Collections.IDictionary, Telerik.OpenAccess.RT.Adonet2Generic.Impl.DBDriver, System.IO.StreamWriter)
	HResult : -2147024809
	Stack Trace :    at OpenAccessRuntime.Relational.sql.MsSqlDriver.GetCreateDatabaseSql(String url, String databaseName, IDictionary p, DBDriver drv, StreamWriter out_Renamed)
	   at OpenAccessRuntime.DataObjects.tools.ant.DatabaseCreationTask.createDatabase()



Category: ErrorLog

Priority: 0

EventId: 9010

Severity: Warning

Title:Enterprise Library Exception Handling

Machine: INSTANCE-TFS-SI

App Domain: /LM/W3SVC/8/ROOT-23-132636064802034449

ProcessId: 7300

Process Name: c:\windows\system32\inetsrv\w3wp.exe

Thread Name: 

Win32 ThreadId:3392

Extended Properties: 
----------------------------------------
----------------------------------------
ActivityId: 00000000-0000-0000-0000-000000000000

Timestamp: 4/22/2021 11:08:29 PM

Message: HandlingInstanceID: 56fae074-0daf-4336-a9fe-da057006422a
An exception of type 'Telerik.OpenAccess.Exceptions.DataStoreException' occurred and was caught.
------------------------------------------------------------------------------------------------
04/22/2021 23:08:29
Type : Telerik.OpenAccess.Exceptions.DataStoreException, Telerik.OpenAccess, Version=2020.0.428.1, Culture=neutral, PublicKeyToken=7ce17eeaf1d59342
Message : Failed to generate a user instance of SQL Server due to failure in retrieving the user's local application data path. Please make sure the user has a local user profile on the computer. The connection will be closed. Telerik.OpenAccess.RT.sql.SQLException: Failed to generate a user instance of SQL Server due to failure in retrieving the user's local application data path. Please make sure the user has a local user profile on the computer. The connection will be closed. ---> System.Data.SqlClient.SqlException: Failed to generate a user instance of SQL Server due to failure in retrieving the user's local application data path. Please make sure the user has a local user profile on the computer. The connection will be closed.
   at System.Data.SqlClient.SqlInternalConnectionTds..ctor(DbConnectionPoolIdentity identity, SqlConnectionString connectionOptions, SqlCredential credential, Object providerInfo, String newPassword, SecureString newSecurePassword, Boolean redirectedUserInstance, SqlConnectionString userConnectionOptions, SessionData reconnectSessionData, DbConnectionPool pool, String accessToken, Boolean applyTransientFaultHandling, SqlAuthenticationProviderManager sqlAuthProviderManager)
   at System.Data.SqlClient.SqlConnectionFactory.CreateConnection(DbConnectionOptions options, DbConnectionPoolKey poolKey, Object poolGroupProviderInfo, DbConnectionPool pool, DbConnection owningConnection, DbConnectionOptions userOptions)
   at System.Data.ProviderBase.DbConnectionFactory.CreateNonPooledConnection(DbConnection owningConnection, DbConnectionPoolGroup poolGroup, DbConnectionOptions userOptions)
   at System.Data.ProviderBase.DbConnectionFactory.TryGetConnection(DbConnection owningConnection, TaskCompletionSource`1 retry, DbConnectionOptions userOptions, DbConnectionInternal oldConnection, DbConnectionInternal& connection)
   at System.Data.ProviderBase.DbConnectionInternal.TryOpenConnectionInternal(DbConnection outerConnection, DbConnectionFactory connectionFactory, TaskCompletionSource`1 retry, DbConnectionOptions userOptions)
   at System.Data.SqlClient.SqlConnection.TryOpenInner(TaskCompletionSource`1 retry)
   at System.Data.SqlClient.SqlConnection.TryOpen(TaskCompletionSource`1 retry)
   at System.Data.SqlClient.SqlConnection.Open()
   at OpenAccessRuntime.Intellitrace.OpenConnection(DbConnection connection, String connectionString, String id)
   at Telerik.OpenAccess.RT.Adonet2Generic.Impl.DBDriver.connect(ConnectionString connectionString, PropertySet driverProps, ConnectionPoolType poolType, LogEventStore pes)
   --- End of inner exception stack trace ---
   at Telerik.OpenAccess.RT.Adonet2Generic.Impl.DBDriver.connect(ConnectionString connectionString, PropertySet driverProps, ConnectionPoolType poolType, LogEventStore pes)
   at OpenAccessRuntime.Relational.sql.SqlDriver.InitializeFor(ConnectionString connectionString, Boolean noConnect, PropertySet props, DBDriver& driver, Connection& conn, ConnectionPoolType poolType)
Source : Unity_ILEmit_DynamicClasses
Help link : 
InnerExceptions : System.Exception[]
FailedObject : 
BackendError : Telerik.OpenAccess.RT.sql.SQLException: Failed to generate a user instance of SQL Server due to failure in retrieving the user's local application data path. Please make sure the user has a local user profile on the computer. The connection will be closed. ---> System.Data.SqlClient.SqlException: Failed to generate a user instance of SQL Server due to failure in retrieving the user's local application data path. Please make sure the user has a local user profile on the computer. The connection will be closed.
   at System.Data.SqlClient.SqlInternalConnectionTds..ctor(DbConnectionPoolIdentity identity, SqlConnectionString connectionOptions, SqlCredential credential, Object providerInfo, String newPassword, SecureString newSecurePassword, Boolean redirectedUserInstance, SqlConnectionString userConnectionOptions, SessionData reconnectSessionData, DbConnectionPool pool, String accessToken, Boolean applyTransientFaultHandling, SqlAuthenticationProviderManager sqlAuthProviderManager)
   at System.Data.SqlClient.SqlConnectionFactory.CreateConnection(DbConnectionOptions options, DbConnectionPoolKey poolKey, Object poolGroupProviderInfo, DbConnectionPool pool, DbConnection owningConnection, DbConnectionOptions userOptions)
   at System.Data.ProviderBase.DbConnectionFactory.CreateNonPooledConnection(DbConnection owningConnection, DbConnectionPoolGroup poolGroup, DbConnectionOptions userOptions)
   at System.Data.ProviderBase.DbConnectionFactory.TryGetConnection(DbConnection owningConnection, TaskCompletionSource`1 retry, DbConnectionOptions userOptions, DbConnectionInternal oldConnection, DbConnectionInternal& connection)
   at System.Data.ProviderBase.DbConnectionInternal.TryOpenConnectionInternal(DbConnection outerConnection, DbConnectionFactory connectionFactory, TaskCompletionSource`1 retry, DbConnectionOptions userOptions)
   at System.Data.SqlClient.SqlConnection.TryOpenInner(TaskCompletionSource`1 retry)
   at System.Data.SqlClient.SqlConnection.TryOpen(TaskCompletionSource`1 retry)
   at System.Data.SqlClient.SqlConnection.Open()
   at OpenAccessRuntime.Intellitrace.OpenConnection(DbConnection connection, String connectionString, String id)
   at Telerik.OpenAccess.RT.Adonet2Generic.Impl.DBDriver.connect(ConnectionString connectionString, PropertySet driverProps, ConnectionPoolType poolType, LogEventStore pes)
   --- End of inner exception stack trace ---
   at Telerik.OpenAccess.RT.Adonet2Generic.Impl.DBDriver.connect(ConnectionString connectionString, PropertySet driverProps, ConnectionPoolType poolType, LogEventStore pes)
   at OpenAccessRuntime.Relational.sql.SqlDriver.InitializeFor(ConnectionString connectionString, Boolean noConnect, PropertySet props, DBDriver& driver, Connection& conn, ConnectionPoolType poolType)
Reason : Runtime
CanRetry : False
Data : System.Collections.ListDictionaryInternal
TargetSite : Void Initialize(System.String, System.Collections.Specialized.NameValueCollection, System.Type)
HResult : -2146233088
Stack Trace :    at DynamicModule.ns.Wrapped_OpenAccessMetaDataProvider_849ba9aa34d4410eacd5b6733b373e04.Initialize(String providerName, NameValueCollection config, Type managerType)
   at Telerik.Sitefinity.Data.ManagerBase`1.InstantiateProvider(IDataProviderSettings providerSettings, Type providerType, ExceptionPolicyName policy, Type managerType)

Additional Info:

MachineName : INSTANCE-TFS-SI
TimeStamp : 4/22/2021 11:08:29 PM
FullName : Telerik.Sitefinity.Utilities, Version=13.3.7600.0, Culture=neutral, PublicKeyToken=b28c218413bdf563
AppDomainName : /LM/W3SVC/8/ROOT-23-132636064802034449
ThreadIdentity : 
WindowsIdentity : IIS APPPOOL\Test3
Requested URL : http://127.0.0.1/
	Inner Exception
	---------------
	Type : Telerik.OpenAccess.RT.sql.SQLException, Telerik.OpenAccess.Runtime, Version=2020.0.428.1, Culture=neutral, PublicKeyToken=7ce17eeaf1d59342
	Message : Failed to generate a user instance of SQL Server due to failure in retrieving the user's local application data path. Please make sure the user has a local user profile on the computer. The connection will be closed.
	Source : Telerik.OpenAccess.Runtime
	Help link : 
	ErrorCode : 15382
	ArrayBindIndex : -1
	Number : 15382
	ObjectId : 
	Description : Failed to generate a user instance of SQL Server due to failure in retrieving the user's local application data path. Please make sure the user has a local user profile on the computer. The connection will be closed.
	Data : System.Collections.ListDictionaryInternal
	TargetSite : Telerik.OpenAccess.RT.sql.Connection connect(Telerik.OpenAccess.Config.Sql.ConnectionString, Telerik.OpenAccess.SPI.PropertySet, Telerik.OpenAccess.ConnectionPoolType, OpenAccessRuntime.logging.LogEventStore)
	HResult : -2146233088
	Stack Trace :    at Telerik.OpenAccess.RT.Adonet2Generic.Impl.DBDriver.connect(ConnectionString connectionString, PropertySet driverProps, ConnectionPoolType poolType, LogEventStore pes)
	   at OpenAccessRuntime.Relational.sql.SqlDriver.InitializeFor(ConnectionString connectionString, Boolean noConnect, PropertySet props, DBDriver& driver, Connection& conn, ConnectionPoolType poolType)

		Inner Exception
		---------------
		Type : System.Data.SqlClient.SqlException, System.Data, Version=4.0.0.0, Culture=neutral, PublicKeyToken=b77a5c561934e089
		Message : Failed to generate a user instance of SQL Server due to failure in retrieving the user's local application data path. Please make sure the user has a local user profile on the computer. The connection will be closed.
		Source : .Net SqlClient Data Provider
		Help link : 
		Errors : System.Data.SqlClient.SqlErrorCollection
		ClientConnectionId : f492d092-41e0-46b9-a069-c745355338e6
		Class : 14
		LineNumber : 65536
		Number : 15382
		Procedure : 
		Server : .\SQLExpress
		State : 1
		ErrorCode : -2146232060
		Data : System.Collections.ListDictionaryInternal
		TargetSite : Void .ctor(System.Data.ProviderBase.DbConnectionPoolIdentity, System.Data.SqlClient.SqlConnectionString, System.Data.SqlClient.SqlCredential, System.Object, System.String, System.Security.SecureString, Boolean, System.Data.SqlClient.SqlConnectionString, System.Data.SqlClient.SessionData, System.Data.ProviderBase.DbConnectionPool, System.String, Boolean, System.Data.SqlClient.SqlAuthenticationProviderManager)
		HResult : -2146232060
		Stack Trace :    at System.Data.SqlClient.SqlInternalConnectionTds..ctor(DbConnectionPoolIdentity identity, SqlConnectionString connectionOptions, SqlCredential credential, Object providerInfo, String newPassword, SecureString newSecurePassword, Boolean redirectedUserInstance, SqlConnectionString userConnectionOptions, SessionData reconnectSessionData, DbConnectionPool pool, String accessToken, Boolean applyTransientFaultHandling, SqlAuthenticationProviderManager sqlAuthProviderManager)
		   at System.Data.SqlClient.SqlConnectionFactory.CreateConnection(DbConnectionOptions options, DbConnectionPoolKey poolKey, Object poolGroupProviderInfo, DbConnectionPool pool, DbConnection owningConnection, DbConnectionOptions userOptions)
		   at System.Data.ProviderBase.DbConnectionFactory.CreateNonPooledConnection(DbConnection owningConnection, DbConnectionPoolGroup poolGroup, DbConnectionOptions userOptions)
		   at System.Data.ProviderBase.DbConnectionFactory.TryGetConnection(DbConnection owningConnection, TaskCompletionSource`1 retry, DbConnectionOptions userOptions, DbConnectionInternal oldConnection, DbConnectionInternal& connection)
		   at System.Data.ProviderBase.DbConnectionInternal.TryOpenConnectionInternal(DbConnection outerConnection, DbConnectionFactory connectionFactory, TaskCompletionSource`1 retry, DbConnectionOptions userOptions)
		   at System.Data.SqlClient.SqlConnection.TryOpenInner(TaskCompletionSource`1 retry)
		   at System.Data.SqlClient.SqlConnection.TryOpen(TaskCompletionSource`1 retry)
		   at System.Data.SqlClient.SqlConnection.Open()
		   at OpenAccessRuntime.Intellitrace.OpenConnection(DbConnection connection, String connectionString, String id)
		   at Telerik.OpenAccess.RT.Adonet2Generic.Impl.DBDriver.connect(ConnectionString connectionString, PropertySet driverProps, ConnectionPoolType poolType, LogEventStore pes)



Category: ErrorLog

Priority: 0

EventId: 9010

Severity: Warning

Title:Enterprise Library Exception Handling

Machine: INSTANCE-TFS-SI

App Domain: /LM/W3SVC/8/ROOT-23-132636064802034449

ProcessId: 7300

Process Name: c:\windows\system32\inetsrv\w3wp.exe

Thread Name: 

Win32 ThreadId:3392

Extended Properties: 
----------------------------------------
----------------------------------------
ActivityId: 00000000-0000-0000-0000-000000000000

Timestamp: 4/22/2021 11:08:33 PM

Message: HandlingInstanceID: b79c98d9-42fe-411a-b38c-164ca536b816
An exception of type 'Telerik.OpenAccess.OpenAccessException' occurred and was caught.
--------------------------------------------------------------------------------------
04/22/2021 23:08:33
Type : Telerik.OpenAccess.OpenAccessException, Telerik.OpenAccess, Version=2020.0.428.1, Culture=neutral, PublicKeyToken=7ce17eeaf1d59342
Message : System.ArgumentException: MsSqlDriver.GetCreateDatabaseSql : Database= missing
Source : Telerik.OpenAccess
Help link : 
InnerExceptions : System.Exception[]
FailedObject : 
BackendError : 
Reason : Runtime
CanRetry : True
Data : System.Collections.ListDictionaryInternal
TargetSite : Void ThrowException(System.Exception)
HResult : -2146233088
Stack Trace :    at Telerik.OpenAccess.SPI.Backends.ThrowException(Exception e)
   at OpenAccessRuntime.ExceptionWrapper.Throw()
   at OpenAccessRuntime.DataObjects.tools.ant.DataObjectsTaskBase.throwBuildException(String str, Exception e)
   at OpenAccessRuntime.DataObjects.tools.ant.DatabaseCreationTask.createDatabase()
   at OpenAccessRuntime.OpenAccessSchemaAdapter.CreateDatabase(Boolean checkOnly)
   at OpenAccessRuntime.SchemaHandlerImpl.Telerik.OpenAccess.ISchemaHandler.CreateDatabase()
   at Telerik.Sitefinity.Data.OA.OpenAccessConnection.UpgradeDatabaseSchema(ISchemaHandler schemaHandler, OpenAccessConnection connection)
   at Telerik.Sitefinity.Data.OA.OpenAccessConnection.UpgradeDatabase(Database database, OpenAccessConnection connection)
   at Telerik.Sitefinity.Data.OA.OpenAccessConnection.GetAndUpgradeMetadataDatabase(IConnectionStringSettings connectionSettings, OpenAccessConnection oaConnection, MetadataContainer metadataContainer, String appName, String moduleName, String& connString, Int32& previousBuild, Boolean isSecondCall)

Additional Info:

MachineName : INSTANCE-TFS-SI
TimeStamp : 4/22/2021 11:08:33 PM
FullName : Telerik.Sitefinity.Utilities, Version=13.3.7600.0, Culture=neutral, PublicKeyToken=b28c218413bdf563
AppDomainName : /LM/W3SVC/8/ROOT-23-132636064802034449
ThreadIdentity : 
WindowsIdentity : IIS APPPOOL\Test3
Requested URL : http://127.0.0.1/
	Inner Exception
	---------------
	Type : System.ArgumentException, mscorlib, Version=4.0.0.0, Culture=neutral, PublicKeyToken=b77a5c561934e089
	Message : MsSqlDriver.GetCreateDatabaseSql : Database= missing
	Source : Telerik.OpenAccess.Runtime
	Help link : 
	ParamName : 
	Data : System.Collections.ListDictionaryInternal
	TargetSite : System.String GetCreateDatabaseSql(System.String, System.String, System.Collections.IDictionary, Telerik.OpenAccess.RT.Adonet2Generic.Impl.DBDriver, System.IO.StreamWriter)
	HResult : -2147024809
	Stack Trace :    at OpenAccessRuntime.Relational.sql.MsSqlDriver.GetCreateDatabaseSql(String url, String databaseName, IDictionary p, DBDriver drv, StreamWriter out_Renamed)
	   at OpenAccessRuntime.DataObjects.tools.ant.DatabaseCreationTask.createDatabase()



Category: ErrorLog

Priority: 0

EventId: 9010

Severity: Warning

Title:Enterprise Library Exception Handling

Machine: INSTANCE-TFS-SI

App Domain: /LM/W3SVC/8/ROOT-23-132636064802034449

ProcessId: 7300

Process Name: c:\windows\system32\inetsrv\w3wp.exe

Thread Name: 

Win32 ThreadId:3392

Extended Properties: 
----------------------------------------
----------------------------------------
ActivityId: 00000000-0000-0000-0000-000000000000

Timestamp: 4/22/2021 11:08:34 PM

Message: HandlingInstanceID: cf7610ce-656f-4e7c-9d88-66197b346e71
An exception of type 'Telerik.OpenAccess.Exceptions.DataStoreException' occurred and was caught.
------------------------------------------------------------------------------------------------
04/22/2021 23:08:34
Type : Telerik.OpenAccess.Exceptions.DataStoreException, Telerik.OpenAccess, Version=2020.0.428.1, Culture=neutral, PublicKeyToken=7ce17eeaf1d59342
Message : Failed to generate a user instance of SQL Server due to failure in retrieving the user's local application data path. Please make sure the user has a local user profile on the computer. The connection will be closed. Telerik.OpenAccess.RT.sql.SQLException: Failed to generate a user instance of SQL Server due to failure in retrieving the user's local application data path. Please make sure the user has a local user profile on the computer. The connection will be closed. ---> System.Data.SqlClient.SqlException: Failed to generate a user instance of SQL Server due to failure in retrieving the user's local application data path. Please make sure the user has a local user profile on the computer. The connection will be closed.
   at System.Data.SqlClient.SqlInternalConnectionTds..ctor(DbConnectionPoolIdentity identity, SqlConnectionString connectionOptions, SqlCredential credential, Object providerInfo, String newPassword, SecureString newSecurePassword, Boolean redirectedUserInstance, SqlConnectionString userConnectionOptions, SessionData reconnectSessionData, DbConnectionPool pool, String accessToken, Boolean applyTransientFaultHandling, SqlAuthenticationProviderManager sqlAuthProviderManager)
   at System.Data.SqlClient.SqlConnectionFactory.CreateConnection(DbConnectionOptions options, DbConnectionPoolKey poolKey, Object poolGroupProviderInfo, DbConnectionPool pool, DbConnection owningConnection, DbConnectionOptions userOptions)
   at System.Data.ProviderBase.DbConnectionFactory.CreateNonPooledConnection(DbConnection owningConnection, DbConnectionPoolGroup poolGroup, DbConnectionOptions userOptions)
   at System.Data.ProviderBase.DbConnectionFactory.TryGetConnection(DbConnection owningConnection, TaskCompletionSource`1 retry, DbConnectionOptions userOptions, DbConnectionInternal oldConnection, DbConnectionInternal& connection)
   at System.Data.ProviderBase.DbConnectionInternal.TryOpenConnectionInternal(DbConnection outerConnection, DbConnectionFactory connectionFactory, TaskCompletionSource`1 retry, DbConnectionOptions userOptions)
   at System.Data.SqlClient.SqlConnection.TryOpenInner(TaskCompletionSource`1 retry)
   at System.Data.SqlClient.SqlConnection.TryOpen(TaskCompletionSource`1 retry)
   at System.Data.SqlClient.SqlConnection.Open()
   at OpenAccessRuntime.Intellitrace.OpenConnection(DbConnection connection, String connectionString, String id)
   at Telerik.OpenAccess.RT.Adonet2Generic.Impl.DBDriver.connect(ConnectionString connectionString, PropertySet driverProps, ConnectionPoolType poolType, LogEventStore pes)
   --- End of inner exception stack trace ---
   at Telerik.OpenAccess.RT.Adonet2Generic.Impl.DBDriver.connect(ConnectionString connectionString, PropertySet driverProps, ConnectionPoolType poolType, LogEventStore pes)
   at OpenAccessRuntime.Relational.sql.SqlDriver.InitializeFor(ConnectionString connectionString, Boolean noConnect, PropertySet props, DBDriver& driver, Connection& conn, ConnectionPoolType poolType)
Source : Unity_ILEmit_DynamicClasses
Help link : 
InnerExceptions : System.Exception[]
FailedObject : 
BackendError : Telerik.OpenAccess.RT.sql.SQLException: Failed to generate a user instance of SQL Server due to failure in retrieving the user's local application data path. Please make sure the user has a local user profile on the computer. The connection will be closed. ---> System.Data.SqlClient.SqlException: Failed to generate a user instance of SQL Server due to failure in retrieving the user's local application data path. Please make sure the user has a local user profile on the computer. The connection will be closed.
   at System.Data.SqlClient.SqlInternalConnectionTds..ctor(DbConnectionPoolIdentity identity, SqlConnectionString connectionOptions, SqlCredential credential, Object providerInfo, String newPassword, SecureString newSecurePassword, Boolean redirectedUserInstance, SqlConnectionString userConnectionOptions, SessionData reconnectSessionData, DbConnectionPool pool, String accessToken, Boolean applyTransientFaultHandling, SqlAuthenticationProviderManager sqlAuthProviderManager)
   at System.Data.SqlClient.SqlConnectionFactory.CreateConnection(DbConnectionOptions options, DbConnectionPoolKey poolKey, Object poolGroupProviderInfo, DbConnectionPool pool, DbConnection owningConnection, DbConnectionOptions userOptions)
   at System.Data.ProviderBase.DbConnectionFactory.CreateNonPooledConnection(DbConnection owningConnection, DbConnectionPoolGroup poolGroup, DbConnectionOptions userOptions)
   at System.Data.ProviderBase.DbConnectionFactory.TryGetConnection(DbConnection owningConnection, TaskCompletionSource`1 retry, DbConnectionOptions userOptions, DbConnectionInternal oldConnection, DbConnectionInternal& connection)
   at System.Data.ProviderBase.DbConnectionInternal.TryOpenConnectionInternal(DbConnection outerConnection, DbConnectionFactory connectionFactory, TaskCompletionSource`1 retry, DbConnectionOptions userOptions)
   at System.Data.SqlClient.SqlConnection.TryOpenInner(TaskCompletionSource`1 retry)
   at System.Data.SqlClient.SqlConnection.TryOpen(TaskCompletionSource`1 retry)
   at System.Data.SqlClient.SqlConnection.Open()
   at OpenAccessRuntime.Intellitrace.OpenConnection(DbConnection connection, String connectionString, String id)
   at Telerik.OpenAccess.RT.Adonet2Generic.Impl.DBDriver.connect(ConnectionString connectionString, PropertySet driverProps, ConnectionPoolType poolType, LogEventStore pes)
   --- End of inner exception stack trace ---
   at Telerik.OpenAccess.RT.Adonet2Generic.Impl.DBDriver.connect(ConnectionString connectionString, PropertySet driverProps, ConnectionPoolType poolType, LogEventStore pes)
   at OpenAccessRuntime.Relational.sql.SqlDriver.InitializeFor(ConnectionString connectionString, Boolean noConnect, PropertySet props, DBDriver& driver, Connection& conn, ConnectionPoolType poolType)
Reason : Runtime
CanRetry : False
Data : System.Collections.ListDictionaryInternal
TargetSite : Void Initialize(System.String, System.Collections.Specialized.NameValueCollection, System.Type)
HResult : -2146233088
Stack Trace :    at DynamicModule.ns.Wrapped_OpenAccessMetaDataProvider_849ba9aa34d4410eacd5b6733b373e04.Initialize(String providerName, NameValueCollection config, Type managerType)
   at Telerik.Sitefinity.Data.ManagerBase`1.InstantiateProvider(IDataProviderSettings providerSettings, Type providerType, ExceptionPolicyName policy, Type managerType)

Additional Info:

MachineName : INSTANCE-TFS-SI
TimeStamp : 4/22/2021 11:08:34 PM
FullName : Telerik.Sitefinity.Utilities, Version=13.3.7600.0, Culture=neutral, PublicKeyToken=b28c218413bdf563
AppDomainName : /LM/W3SVC/8/ROOT-23-132636064802034449
ThreadIdentity : 
WindowsIdentity : IIS APPPOOL\Test3
Requested URL : http://127.0.0.1/
	Inner Exception
	---------------
	Type : Telerik.OpenAccess.RT.sql.SQLException, Telerik.OpenAccess.Runtime, Version=2020.0.428.1, Culture=neutral, PublicKeyToken=7ce17eeaf1d59342
	Message : Failed to generate a user instance of SQL Server due to failure in retrieving the user's local application data path. Please make sure the user has a local user profile on the computer. The connection will be closed.
	Source : Telerik.OpenAccess.Runtime
	Help link : 
	ErrorCode : 15382
	ArrayBindIndex : -1
	Number : 15382
	ObjectId : 
	Description : Failed to generate a user instance of SQL Server due to failure in retrieving the user's local application data path. Please make sure the user has a local user profile on the computer. The connection will be closed.
	Data : System.Collections.ListDictionaryInternal
	TargetSite : Telerik.OpenAccess.RT.sql.Connection connect(Telerik.OpenAccess.Config.Sql.ConnectionString, Telerik.OpenAccess.SPI.PropertySet, Telerik.OpenAccess.ConnectionPoolType, OpenAccessRuntime.logging.LogEventStore)
	HResult : -2146233088
	Stack Trace :    at Telerik.OpenAccess.RT.Adonet2Generic.Impl.DBDriver.connect(ConnectionString connectionString, PropertySet driverProps, ConnectionPoolType poolType, LogEventStore pes)
	   at OpenAccessRuntime.Relational.sql.SqlDriver.InitializeFor(ConnectionString connectionString, Boolean noConnect, PropertySet props, DBDriver& driver, Connection& conn, ConnectionPoolType poolType)

		Inner Exception
		---------------
		Type : System.Data.SqlClient.SqlException, System.Data, Version=4.0.0.0, Culture=neutral, PublicKeyToken=b77a5c561934e089
		Message : Failed to generate a user instance of SQL Server due to failure in retrieving the user's local application data path. Please make sure the user has a local user profile on the computer. The connection will be closed.
		Source : .Net SqlClient Data Provider
		Help link : 
		Errors : System.Data.SqlClient.SqlErrorCollection
		ClientConnectionId : 6ff0e043-7923-4b4c-b636-a6f2a5bc3f91
		Class : 14
		LineNumber : 65536
		Number : 15382
		Procedure : 
		Server : .\SQLExpress
		State : 1
		ErrorCode : -2146232060
		Data : System.Collections.ListDictionaryInternal
		TargetSite : Void .ctor(System.Data.ProviderBase.DbConnectionPoolIdentity, System.Data.SqlClient.SqlConnectionString, System.Data.SqlClient.SqlCredential, System.Object, System.String, System.Security.SecureString, Boolean, System.Data.SqlClient.SqlConnectionString, System.Data.SqlClient.SessionData, System.Data.ProviderBase.DbConnectionPool, System.String, Boolean, System.Data.SqlClient.SqlAuthenticationProviderManager)
		HResult : -2146232060
		Stack Trace :    at System.Data.SqlClient.SqlInternalConnectionTds..ctor(DbConnectionPoolIdentity identity, SqlConnectionString connectionOptions, SqlCredential credential, Object providerInfo, String newPassword, SecureString newSecurePassword, Boolean redirectedUserInstance, SqlConnectionString userConnectionOptions, SessionData reconnectSessionData, DbConnectionPool pool, String accessToken, Boolean applyTransientFaultHandling, SqlAuthenticationProviderManager sqlAuthProviderManager)
		   at System.Data.SqlClient.SqlConnectionFactory.CreateConnection(DbConnectionOptions options, DbConnectionPoolKey poolKey, Object poolGroupProviderInfo, DbConnectionPool pool, DbConnection owningConnection, DbConnectionOptions userOptions)
		   at System.Data.ProviderBase.DbConnectionFactory.CreateNonPooledConnection(DbConnection owningConnection, DbConnectionPoolGroup poolGroup, DbConnectionOptions userOptions)
		   at System.Data.ProviderBase.DbConnectionFactory.TryGetConnection(DbConnection owningConnection, TaskCompletionSource`1 retry, DbConnectionOptions userOptions, DbConnectionInternal oldConnection, DbConnectionInternal& connection)
		   at System.Data.ProviderBase.DbConnectionInternal.TryOpenConnectionInternal(DbConnection outerConnection, DbConnectionFactory connectionFactory, TaskCompletionSource`1 retry, DbConnectionOptions userOptions)
		   at System.Data.SqlClient.SqlConnection.TryOpenInner(TaskCompletionSource`1 retry)
		   at System.Data.SqlClient.SqlConnection.TryOpen(TaskCompletionSource`1 retry)
		   at System.Data.SqlClient.SqlConnection.Open()
		   at OpenAccessRuntime.Intellitrace.OpenConnection(DbConnection connection, String connectionString, String id)
		   at Telerik.OpenAccess.RT.Adonet2Generic.Impl.DBDriver.connect(ConnectionString connectionString, PropertySet driverProps, ConnectionPoolType poolType, LogEventStore pes)



Category: ErrorLog

Priority: 0

EventId: 90030

Severity: Error

Title:Enterprise Library Exception Handling

Machine: INSTANCE-TFS-SI

App Domain: /LM/W3SVC/8/ROOT-23-132636064802034449

ProcessId: 7300

Process Name: c:\windows\system32\inetsrv\w3wp.exe

Thread Name: 

Win32 ThreadId:3392

Extended Properties: 
----------------------------------------
----------------------------------------
ActivityId: 00000000-0000-0000-0000-000000000000

Timestamp: 4/22/2021 11:08:34 PM

Message: Timestamp: 4/22/2021 11:08:34 PM
Message: Telerik.OpenAccess.Exceptions.DataStoreException: Failed to generate a user instance of SQL Server due to failure in retrieving the user's local application data path. Please make sure the user has a local user profile on the computer. The connection will be closed. Telerik.OpenAccess.RT.sql.SQLException: Failed to generate a user instance of SQL Server due to failure in retrieving the user's local application data path. Please make sure the user has a local user profile on the computer. The connection will be closed. ---> System.Data.SqlClient.SqlException: Failed to generate a user instance of SQL Server due to failure in retrieving the user's local application data path. Please make sure the user has a local user profile on the computer. The connection will be closed.
   at System.Data.SqlClient.SqlInternalConnectionTds..ctor(DbConnectionPoolIdentity identity, SqlConnectionString connectionOptions, SqlCredential credential, Object providerInfo, String newPassword, SecureString newSecurePassword, Boolean redirectedUserInstance, SqlConnectionString userConnectionOptions, SessionData reconnectSessionData, DbConnectionPool pool, String accessToken, Boolean applyTransientFaultHandling, SqlAuthenticationProviderManager sqlAuthProviderManager)
   at System.Data.SqlClient.SqlConnectionFactory.CreateConnection(DbConnectionOptions options, DbConnectionPoolKey poolKey, Object poolGroupProviderInfo, DbConnectionPool pool, DbConnection owningConnection, DbConnectionOptions userOptions)
   at System.Data.ProviderBase.DbConnectionFactory.CreateNonPooledConnection(DbConnection owningConnection, DbConnectionPoolGroup poolGroup, DbConnectionOptions userOptions)
   at System.Data.ProviderBase.DbConnectionFactory.TryGetConnection(DbConnection owningConnection, TaskCompletionSource`1 retry, DbConnectionOptions userOptions, DbConnectionInternal oldConnection, DbConnectionInternal& connection)
   at System.Data.ProviderBase.DbConnectionInternal.TryOpenConnectionInternal(DbConnection outerConnection, DbConnectionFactory connectionFactory, TaskCompletionSource`1 retry, DbConnectionOptions userOptions)
   at System.Data.SqlClient.SqlConnection.TryOpenInner(TaskCompletionSource`1 retry)
   at System.Data.SqlClient.SqlConnection.TryOpen(TaskCompletionSource`1 retry)
   at System.Data.SqlClient.SqlConnection.Open()
   at OpenAccessRuntime.Intellitrace.OpenConnection(DbConnection connection, String connectionString, String id)
   at Telerik.OpenAccess.RT.Adonet2Generic.Impl.DBDriver.connect(ConnectionString connectionString, PropertySet driverProps, ConnectionPoolType poolType, LogEventStore pes)
   --- End of inner exception stack trace ---
   at Telerik.OpenAccess.RT.Adonet2Generic.Impl.DBDriver.connect(ConnectionString connectionString, PropertySet driverProps, ConnectionPoolType poolType, LogEventStore pes)
   at OpenAccessRuntime.Relational.sql.SqlDriver.InitializeFor(ConnectionString connectionString, Boolean noConnect, PropertySet props, DBDriver& driver, Connection& conn, ConnectionPoolType poolType) ---> Telerik.OpenAccess.RT.sql.SQLException: Failed to generate a user instance of SQL Server due to failure in retrieving the user's local application data path. Please make sure the user has a local user profile on the computer. The connection will be closed. ---> System.Data.SqlClient.SqlException: Failed to generate a user instance of SQL Server due to failure in retrieving the user's local application data path. Please make sure the user has a local user profile on the computer. The connection will be closed.
   at System.Data.SqlClient.SqlInternalConnectionTds..ctor(DbConnectionPoolIdentity identity, SqlConnectionString connectionOptions, SqlCredential credential, Object providerInfo, String newPassword, SecureString newSecurePassword, Boolean redirectedUserInstance, SqlConnectionString userConnectionOptions, SessionData reconnectSessionData, DbConnectionPool pool, String accessToken, Boolean applyTransientFaultHandling, SqlAuthenticationProviderManager sqlAuthProviderManager)
   at System.Data.SqlClient.SqlConnectionFactory.CreateConnection(DbConnectionOptions options, DbConnectionPoolKey poolKey, Object poolGroupProviderInfo, DbConnectionPool pool, DbConnection owningConnection, DbConnectionOptions userOptions)
   at System.Data.ProviderBase.DbConnectionFactory.CreateNonPooledConnection(DbConnection owningConnection, DbConnectionPoolGroup poolGroup, DbConnectionOptions userOptions)
   at System.Data.ProviderBase.DbConnectionFactory.TryGetConnection(DbConnection owningConnection, TaskCompletionSource`1 retry, DbConnectionOptions userOptions, DbConnectionInternal oldConnection, DbConnectionInternal& connection)
   at System.Data.ProviderBase.DbConnectionInternal.TryOpenConnectionInternal(DbConnection outerConnection, DbConnectionFactory connectionFactory, TaskCompletionSource`1 retry, DbConnectionOptions userOptions)
   at System.Data.SqlClient.SqlConnection.TryOpenInner(TaskCompletionSource`1 retry)
   at System.Data.SqlClient.SqlConnection.TryOpen(TaskCompletionSource`1 retry)
   at System.Data.SqlClient.SqlConnection.Open()
   at OpenAccessRuntime.Intellitrace.OpenConnection(DbConnection connection, String connectionString, String id)
   at Telerik.OpenAccess.RT.Adonet2Generic.Impl.DBDriver.connect(ConnectionString connectionString, PropertySet driverProps, ConnectionPoolType poolType, LogEventStore pes)
   --- End of inner exception stack trace ---
   at Telerik.OpenAccess.RT.Adonet2Generic.Impl.DBDriver.connect(ConnectionString connectionString, PropertySet driverProps, ConnectionPoolType poolType, LogEventStore pes)
   at OpenAccessRuntime.Relational.sql.SqlDriver.InitializeFor(ConnectionString connectionString, Boolean noConnect, PropertySet props, DBDriver& driver, Connection& conn, ConnectionPoolType poolType)
   --- End of inner exception stack trace ---
   at DynamicModule.ns.Wrapped_OpenAccessMetaDataProvider_849ba9aa34d4410eacd5b6733b373e04.Initialize(String providerName, NameValueCollection config, Type managerType)
   at Telerik.Sitefinity.Data.ManagerBase`1.InstantiateProvider(IDataProviderSettings providerSettings, Type providerType, ExceptionPolicyName policy, Type managerType)
   at Telerik.Sitefinity.Data.ManagerBase`1.InstantiateProvider(IDataProviderSettings providerSettings, ExceptionPolicyName policy, Type managerType)
   at Telerik.Sitefinity.Data.ManagerBase`1.ResolveProvider(String providerName, String dataSourceName)
   at Telerik.Sitefinity.Data.ManagerBase`1.SetProvider(String providerName, String transactionName)
   at Telerik.Sitefinity.Data.Metadata.MetadataManager..ctor()
Category: 
Priority: -1
EventId: 0
Severity: Critical
Title:
Machine: INSTANCE-TFS-SI
App Domain: /LM/W3SVC/8/ROOT-23-132636064802034449
ProcessId: 7300
Process Name: c:\windows\system32\inetsrv\w3wp.exe
Thread Name: 
Win32 ThreadId:3392
Extended Properties: 

Category: ErrorLog

Priority: -1

EventId: 1

Severity: Information

Title:

Machine: INSTANCE-TFS-SI

App Domain: /LM/W3SVC/8/ROOT-23-132636064802034449

ProcessId: 7300

Process Name: c:\windows\system32\inetsrv\w3wp.exe

Thread Name: 

Win32 ThreadId:3392

Extended Properties: 
----------------------------------------
