----------------------------------------
Timestamp: 5/4/2021 12:43:17 AM

Message: Scheduler: Task executed: 'Telerik.Sitefinity.Translations.Synchronization.TranslationSyncTask'. Start time: 5/4/2021 12:43:16 AM. End time: 5/4/2021 12:43:17 AM. Task data: ''


----------------------------------------
----------------------------------------
Timestamp: 5/4/2021 12:43:17 AM

Message: Scheduler: Task executed: 'Telerik.Sitefinity.Authentication.IdentityServer.Data.TransientDataCleanupTask'. Start time: 5/4/2021 12:43:17 AM. End time: 5/4/2021 12:43:17 AM. Task data: ''


----------------------------------------
----------------------------------------
Timestamp: 5/4/2021 12:43:17 AM

Message: Scheduler: Task executed: 'Telerik.Sitefinity.ABTesting.Scheduling.ABTestsSyncTask'. Start time: 5/4/2021 12:43:17 AM. End time: 5/4/2021 12:43:17 AM. Task data: ''


----------------------------------------
----------------------------------------
Timestamp: 5/4/2021 12:43:17 AM

Message: Scheduler: Task executed: 'Telerik.Sitefinity.Translations.Synchronization.TranslationImportTask'. Start time: 5/4/2021 12:43:17 AM. End time: 5/4/2021 12:43:17 AM. Task data: ''


----------------------------------------
----------------------------------------
Timestamp: 5/4/2021 12:43:28 AM

Message: Scheduler: Task executed: 'Telerik.Sitefinity.UsageTracking.Scheduling.UsageTrackingTask'. Start time: 5/4/2021 12:43:17 AM. End time: 5/4/2021 12:43:28 AM. Task data: ''


----------------------------------------
----------------------------------------
Timestamp: 5/4/2021 1:00:07 AM

Message: Scheduler: Task executed: 'Telerik.Sitefinity.Versioning.Cleaner.VersioningCleanerTask'. Start time: 5/4/2021 1:00:07 AM. End time: 5/4/2021 1:00:07 AM. Task data: ''


----------------------------------------
