----------------------------------------
Timestamp: 4/30/2021 12:00:07 AM

Message: Scheduler: Task executed: 'Telerik.Sitefinity.Authentication.IdentityServer.Data.TransientDataCleanupTask'. Start time: 4/30/2021 12:00:07 AM. End time: 4/30/2021 12:00:07 AM. Task data: ''


----------------------------------------
----------------------------------------
Timestamp: 4/30/2021 12:00:07 AM

Message: Scheduler: Task executed: 'Telerik.Sitefinity.Translations.Synchronization.TranslationSyncTask'. Start time: 4/30/2021 12:00:07 AM. End time: 4/30/2021 12:00:07 AM. Task data: ''


----------------------------------------
----------------------------------------
Timestamp: 4/30/2021 12:00:07 AM

Message: Scheduler: Task executed: 'Telerik.Sitefinity.Translations.Synchronization.TranslationImportTask'. Start time: 4/30/2021 12:00:07 AM. End time: 4/30/2021 12:00:07 AM. Task data: ''


----------------------------------------
----------------------------------------
Timestamp: 4/30/2021 12:00:17 AM

Message: Scheduler: Task executed: 'Telerik.Sitefinity.UsageTracking.Scheduling.UsageTrackingTask'. Start time: 4/30/2021 12:00:07 AM. End time: 4/30/2021 12:00:17 AM. Task data: ''


----------------------------------------
----------------------------------------
Timestamp: 4/30/2021 12:01:07 AM

Message: Scheduler: Task executed: 'Telerik.Sitefinity.ABTesting.Scheduling.ABTestsSyncTask'. Start time: 4/30/2021 12:01:07 AM. End time: 4/30/2021 12:01:07 AM. Task data: ''


----------------------------------------
