----------------------------------------
ActivityId: 167a153b-2fa5-4c98-adce-562db3072dca

Timestamp: 5/12/2021 9:00:16 AM

Message: IdentityServer signing certificate is not configured. System will be using default IdentityServer certificate

Category: ErrorLog

Priority: -1

EventId: 1

Severity: Information

Title:

Machine: INSTANCE-TFS-SI

App Domain: /LM/W3SVC/5/ROOT-1-132652830634162694

ProcessId: 6424

Process Name: c:\windows\system32\inetsrv\w3wp.exe

Thread Name: 

Win32 ThreadId:5408

Extended Properties: 
----------------------------------------
----------------------------------------
ActivityId: bb259ad3-d88b-4e64-adfe-5a4ba9e6cc15

Timestamp: 5/12/2021 10:35:11 AM

Message: IdentityServer signing certificate is not configured. System will be using default IdentityServer certificate

Category: ErrorLog

Priority: -1

EventId: 1

Severity: Information

Title:

Machine: INSTANCE-TFS-SI

App Domain: /LM/W3SVC/5/ROOT-1-132652886306418441

ProcessId: 3632

Process Name: c:\windows\system32\inetsrv\w3wp.exe

Thread Name: 

Win32 ThreadId:6960

Extended Properties: 
----------------------------------------
----------------------------------------
ActivityId: d1a1da31-bee2-4295-8e74-2fd1dd46774e

Timestamp: 12/05/2021 12:18:23

Message: IdentityServer signing certificate is not configured. System will be using default IdentityServer certificate

Category: ErrorLog

Priority: -1

EventId: 1

Severity: Information

Title:

Machine: INSTANCE-TFS-SI

App Domain: /LM/W3SVC/5/ROOT-1-132652954668567376

ProcessId: 3628

Process Name: c:\windows\system32\inetsrv\w3wp.exe

Thread Name: 

Win32 ThreadId:9860

Extended Properties: 
----------------------------------------
----------------------------------------
ActivityId: d1a1da31-bee2-4295-8e74-2fd1dd46774e

Timestamp: 12/05/2021 12:18:28

Message: System.Web.HttpException (0x80004005): Server cannot append header after HTTP headers have been sent.
   at System.Web.HttpHeaderCollection.SetHeader(String name, String value, Boolean replace)
   at Microsoft.Owin.Host.SystemWeb.CallHeaders.AspNetResponseHeaders.Set(String key, String[] values)
   at Microsoft.Owin.Infrastructure.ChunkingCookieManager.AppendResponseCookie(IOwinContext context, String key, String value, CookieOptions options)
   at Telerik.Sitefinity.Authentication.Owin.SitefinityAuthentication.SitefinityCookieAuthenticationHandler.SetAuthCookie(AuthenticationTicket ticket, Boolean isPersistent, Nullable`1 expiresUtc)
   at Telerik.Sitefinity.Authentication.Owin.SitefinityAuthentication.SitefinityCookieAuthenticationHandler.<Renew>d__10.MoveNext()
--- End of stack trace from previous location where exception was thrown ---
   at System.Runtime.ExceptionServices.ExceptionDispatchInfo.Throw()
   at System.Runtime.CompilerServices.TaskAwaiter.HandleNonSuccessAndDebuggerNotification(Task task)
   at Telerik.Sitefinity.Authentication.Owin.SitefinityAuthentication.SitefinityCookieAuthenticationHandler.<ApplyResponseGrantAsync>d__2.MoveNext()
--- End of stack trace from previous location where exception was thrown ---
   at System.Runtime.ExceptionServices.ExceptionDispatchInfo.Throw()
   at System.Runtime.CompilerServices.TaskAwaiter.HandleNonSuccessAndDebuggerNotification(Task task)
   at Microsoft.Owin.Security.Infrastructure.AuthenticationHandler.<ApplyResponseCoreAsync>d__b.MoveNext()
--- End of stack trace from previous location where exception was thrown ---
   at System.Runtime.ExceptionServices.ExceptionDispatchInfo.Throw()
   at System.Runtime.CompilerServices.TaskAwaiter.HandleNonSuccessAndDebuggerNotification(Task task)
   at Microsoft.Owin.Security.Infrastructure.AuthenticationHandler.<ApplyResponseAsync>d__8.MoveNext()
--- End of stack trace from previous location where exception was thrown ---
   at System.Runtime.ExceptionServices.ExceptionDispatchInfo.Throw()
   at System.Runtime.CompilerServices.TaskAwaiter.HandleNonSuccessAndDebuggerNotification(Task task)
   at Microsoft.Owin.Security.Infrastructure.AuthenticationHandler.<TeardownAsync>d__5.MoveNext()
--- End of stack trace from previous location where exception was thrown ---
   at System.Runtime.ExceptionServices.ExceptionDispatchInfo.Throw()
   at System.Runtime.CompilerServices.TaskAwaiter.HandleNonSuccessAndDebuggerNotification(Task task)
   at Microsoft.Owin.Security.Infrastructure.AuthenticationMiddleware`1.<Invoke>d__0.MoveNext()
--- End of stack trace from previous location where exception was thrown ---
   at System.Runtime.ExceptionServices.ExceptionDispatchInfo.Throw()
   at System.Runtime.CompilerServices.TaskAwaiter.HandleNonSuccessAndDebuggerNotification(Task task)
   at Telerik.Sitefinity.Authentication.Owin.Cookies.CookieSaverMiddleware.<Invoke>d__1.MoveNext()
--- End of stack trace from previous location where exception was thrown ---
   at System.Runtime.ExceptionServices.ExceptionDispatchInfo.Throw()
   at System.Runtime.CompilerServices.TaskAwaiter.HandleNonSuccessAndDebuggerNotification(Task task)
   at Microsoft.Owin.Mapping.MapWhenMiddleware.<Invoke>d__0.MoveNext()
--- End of stack trace from previous location where exception was thrown ---
   at System.Runtime.ExceptionServices.ExceptionDispatchInfo.Throw()
   at System.Runtime.CompilerServices.TaskAwaiter.HandleNonSuccessAndDebuggerNotification(Task task)
   at Microsoft.Owin.Mapping.MapMiddleware.<Invoke>d__0.MoveNext()
--- End of stack trace from previous location where exception was thrown ---
   at System.Runtime.ExceptionServices.ExceptionDispatchInfo.Throw()
   at System.Runtime.CompilerServices.TaskAwaiter.HandleNonSuccessAndDebuggerNotification(Task task)
   at Microsoft.Owin.Mapping.MapMiddleware.<Invoke>d__0.MoveNext()
--- End of stack trace from previous location where exception was thrown ---
   at System.Runtime.ExceptionServices.ExceptionDispatchInfo.Throw()
   at System.Runtime.CompilerServices.TaskAwaiter.HandleNonSuccessAndDebuggerNotification(Task task)
   at Telerik.Sitefinity.Authentication.Owin.RelyingPartyMiddleware.<Invoke>d__1.MoveNext()
--- End of stack trace from previous location where exception was thrown ---
   at System.Runtime.ExceptionServices.ExceptionDispatchInfo.Throw()
   at System.Runtime.CompilerServices.TaskAwaiter.HandleNonSuccessAndDebuggerNotification(Task task)
   at Telerik.Sitefinity.Authentication.Owin.AnonymousUserMiddleware.<Invoke>d__1.MoveNext()
--- End of stack trace from previous location where exception was thrown ---
   at System.Runtime.ExceptionServices.ExceptionDispatchInfo.Throw()
   at System.Runtime.CompilerServices.TaskAwaiter.HandleNonSuccessAndDebuggerNotification(Task task)
   at Telerik.Sitefinity.Authentication.Owin.AccessControlMiddleware.<Invoke>d__1.MoveNext()
--- End of stack trace from previous location where exception was thrown ---
   at System.Runtime.ExceptionServices.ExceptionDispatchInfo.Throw()
   at System.Runtime.CompilerServices.TaskAwaiter.HandleNonSuccessAndDebuggerNotification(Task task)
   at Microsoft.Owin.Mapping.MapMiddleware.<Invoke>d__0.MoveNext()
--- End of stack trace from previous location where exception was thrown ---
   at System.Runtime.ExceptionServices.ExceptionDispatchInfo.Throw()
   at System.Runtime.CompilerServices.TaskAwaiter.HandleNonSuccessAndDebuggerNotification(Task task)
   at Microsoft.Owin.Mapping.MapMiddleware.<Invoke>d__0.MoveNext()
--- End of stack trace from previous location where exception was thrown ---
   at System.Runtime.ExceptionServices.ExceptionDispatchInfo.Throw()
   at System.Runtime.CompilerServices.TaskAwaiter.HandleNonSuccessAndDebuggerNotification(Task task)
   at Telerik.Sitefinity.Authentication.Owin.SecurityTokenServiceMiddleware.<Invoke>d__1.MoveNext()
--- End of stack trace from previous location where exception was thrown ---
   at System.Runtime.ExceptionServices.ExceptionDispatchInfo.Throw()
   at System.Runtime.CompilerServices.TaskAwaiter.HandleNonSuccessAndDebuggerNotification(Task task)
   at Telerik.Sitefinity.Authentication.Owin.SitefinityAuthenticationMiddleware.<Invoke>d__1.MoveNext()
--- End of stack trace from previous location where exception was thrown ---
   at System.Runtime.ExceptionServices.ExceptionDispatchInfo.Throw()
   at System.Runtime.CompilerServices.TaskAwaiter.HandleNonSuccessAndDebuggerNotification(Task task)
   at Telerik.Sitefinity.Owin.Extensions.SslOffloaderMiddleware.<Invoke>d__1.MoveNext()
--- End of stack trace from previous location where exception was thrown ---
   at System.Runtime.ExceptionServices.ExceptionDispatchInfo.Throw()
   at System.Runtime.CompilerServices.TaskAwaiter.HandleNonSuccessAndDebuggerNotification(Task task)
   at Telerik.Sitefinity.Owin.HttpsRedirectMiddleware.<Invoke>d__1.MoveNext()
--- End of stack trace from previous location where exception was thrown ---
   at System.Runtime.ExceptionServices.ExceptionDispatchInfo.Throw()
   at System.Runtime.CompilerServices.TaskAwaiter.HandleNonSuccessAndDebuggerNotification(Task task)
   at Telerik.Sitefinity.Owin.Extensions.GlobalExceptionMiddleware.<Invoke>d__1.MoveNext()

Category: ErrorLog

Priority: -1

EventId: 1

Severity: Information

Title:

Machine: INSTANCE-TFS-SI

App Domain: /LM/W3SVC/5/ROOT-1-132652954668567376

ProcessId: 3628

Process Name: c:\windows\system32\inetsrv\w3wp.exe

Thread Name: 

Win32 ThreadId:9860

Extended Properties: 
----------------------------------------
----------------------------------------
ActivityId: 00000000-0000-0000-0000-000000000000

Timestamp: 5/12/2021 12:18:28 PM

Message: HandlingInstanceID: a195f4f0-7de1-489b-8b3e-4cc0e271d873
An exception of type 'System.Web.HttpException' occurred and was caught.
------------------------------------------------------------------------
05/12/2021 12:18:28
Type : System.Web.HttpException, System.Web, Version=4.0.0.0, Culture=neutral, PublicKeyToken=b03f5f7f11d50a3a
Message : Server cannot append header after HTTP headers have been sent.
Source : Telerik.Sitefinity
Help link : 
WebEventCode : 0
ErrorCode : -2147467259
Data : System.Collections.ListDictionaryInternal
TargetSite : Void MoveNext()
HResult : -2147467259
Stack Trace :    at Telerik.Sitefinity.Owin.Extensions.GlobalExceptionMiddleware.<Invoke>d__1.MoveNext()
--- End of stack trace from previous location where exception was thrown ---
   at System.Runtime.ExceptionServices.ExceptionDispatchInfo.Throw()
   at System.Runtime.CompilerServices.TaskAwaiter.HandleNonSuccessAndDebuggerNotification(Task task)
   at Telerik.Sitefinity.Owin.SitefinityMiddleware.<Invoke>d__1.MoveNext()
--- End of stack trace from previous location where exception was thrown ---
   at System.Runtime.ExceptionServices.ExceptionDispatchInfo.Throw()
   at System.Runtime.CompilerServices.TaskAwaiter.HandleNonSuccessAndDebuggerNotification(Task task)
   at Microsoft.Owin.Host.SystemWeb.IntegratedPipeline.IntegratedPipelineContextStage.<RunApp>d__5.MoveNext()
--- End of stack trace from previous location where exception was thrown ---
   at System.Runtime.ExceptionServices.ExceptionDispatchInfo.Throw()
   at System.Runtime.CompilerServices.TaskAwaiter.HandleNonSuccessAndDebuggerNotification(Task task)
   at Microsoft.Owin.Host.SystemWeb.IntegratedPipeline.IntegratedPipelineContext.<DoFinalWork>d__2.MoveNext()
--- End of stack trace from previous location where exception was thrown ---
   at System.Runtime.ExceptionServices.ExceptionDispatchInfo.Throw()
   at Microsoft.Owin.Host.SystemWeb.IntegratedPipeline.StageAsyncResult.End(IAsyncResult ar)
   at System.Web.HttpApplication.AsyncEventExecutionStep.System.Web.HttpApplication.IExecutionStep.Execute()
   at System.Web.HttpApplication.ExecuteStepImpl(IExecutionStep step)
   at System.Web.HttpApplication.ExecuteStep(IExecutionStep step, Boolean& completedSynchronously)

Additional Info:

MachineName : INSTANCE-TFS-SI
TimeStamp : 5/12/2021 12:18:28 PM
FullName : Telerik.Sitefinity.Utilities, Version=13.3.7600.0, Culture=neutral, PublicKeyToken=b28c218413bdf563
AppDomainName : /LM/W3SVC/5/ROOT-1-132652954668567376
ThreadIdentity : Anonymous
WindowsIdentity : IIS APPPOOL\Sitefinity-Dev3
Requested URL : https://tfs-sitefinity.virtualdreams.io/appstatus


Category: ErrorLog

Priority: 0

EventId: 90000

Severity: Error

Title:Enterprise Library Exception Handling

Machine: INSTANCE-TFS-SI

App Domain: /LM/W3SVC/5/ROOT-1-132652954668567376

ProcessId: 3628

Process Name: c:\windows\system32\inetsrv\w3wp.exe

Thread Name: 

Win32 ThreadId:9860

Extended Properties: 
----------------------------------------
----------------------------------------
ActivityId: 7fdcc64f-c9eb-485e-bae3-db27d9c87706

Timestamp: 12/05/2021 12:46:12

Message: IdentityServer signing certificate is not configured. System will be using default IdentityServer certificate

Category: ErrorLog

Priority: -1

EventId: 1

Severity: Information

Title:

Machine: INSTANCE-TFS-SI

App Domain: /LM/W3SVC/5/ROOT-1-132652971370546940

ProcessId: 5336

Process Name: c:\windows\system32\inetsrv\w3wp.exe

Thread Name: 

Win32 ThreadId:7588

Extended Properties: 
----------------------------------------
----------------------------------------
ActivityId: 99da19a5-20ec-4a92-91dd-19669c94d23f

Timestamp: 12/05/2021 13:30:54

Message: IdentityServer signing certificate is not configured. System will be using default IdentityServer certificate

Category: ErrorLog

Priority: -1

EventId: 1

Severity: Information

Title:

Machine: INSTANCE-TFS-SI

App Domain: /LM/W3SVC/5/ROOT-1-132652998190868160

ProcessId: 8448

Process Name: c:\windows\system32\inetsrv\w3wp.exe

Thread Name: 

Win32 ThreadId:4824

Extended Properties: 
----------------------------------------
----------------------------------------
ActivityId: a8b88fc4-a290-4351-bff7-9e4697b2ff46

Timestamp: 12/05/2021 16:37:10

Message: IdentityServer signing certificate is not configured. System will be using default IdentityServer certificate

Category: ErrorLog

Priority: -1

EventId: 1

Severity: Information

Title:

Machine: INSTANCE-TFS-SI

App Domain: /LM/W3SVC/5/ROOT-1-132653107136666680

ProcessId: 9488

Process Name: c:\windows\system32\inetsrv\w3wp.exe

Thread Name: 

Win32 ThreadId:2888

Extended Properties: 
----------------------------------------
----------------------------------------
ActivityId: b92cfe69-8558-42cc-a270-738737a6ea89

Timestamp: 12/05/2021 18:35:39

Message: IdentityServer signing certificate is not configured. System will be using default IdentityServer certificate

Category: ErrorLog

Priority: -1

EventId: 1

Severity: Information

Title:

Machine: INSTANCE-TFS-SI

App Domain: /LM/W3SVC/5/ROOT-1-132653181044072002

ProcessId: 10236

Process Name: c:\windows\system32\inetsrv\w3wp.exe

Thread Name: 

Win32 ThreadId:9364

Extended Properties: 
----------------------------------------
----------------------------------------
ActivityId: 5a3f8a72-ddc1-4acc-ba1d-cc8116bd04e6

Timestamp: 5/12/2021 8:28:52 PM

Message: IdentityServer signing certificate is not configured. System will be using default IdentityServer certificate

Category: ErrorLog

Priority: -1

EventId: 1

Severity: Information

Title:

Machine: INSTANCE-TFS-SI

App Domain: /LM/W3SVC/5/ROOT-1-132653244630876627

ProcessId: 9336

Process Name: c:\windows\system32\inetsrv\w3wp.exe

Thread Name: 

Win32 ThreadId:10180

Extended Properties: 
----------------------------------------
----------------------------------------
ActivityId: 0477e319-26f8-4ece-bb6f-2732068987e9

Timestamp: 5/12/2021 9:32:42 PM

Message: IdentityServer signing certificate is not configured. System will be using default IdentityServer certificate

Category: ErrorLog

Priority: -1

EventId: 1

Severity: Information

Title:

Machine: INSTANCE-TFS-SI

App Domain: /LM/W3SVC/5/ROOT-1-132653284944857561

ProcessId: 5616

Process Name: c:\windows\system32\inetsrv\w3wp.exe

Thread Name: 

Win32 ThreadId:5260

Extended Properties: 
----------------------------------------
----------------------------------------
ActivityId: 4bda1458-a3da-4e7c-8f0f-775ec49376f3

Timestamp: 12/05/2021 22:42:16

Message: IdentityServer signing certificate is not configured. System will be using default IdentityServer certificate

Category: ErrorLog

Priority: -1

EventId: 1

Severity: Information

Title:

Machine: INSTANCE-TFS-SI

App Domain: /LM/W3SVC/5/ROOT-1-132653323966586868

ProcessId: 3224

Process Name: c:\windows\system32\inetsrv\w3wp.exe

Thread Name: 

Win32 ThreadId:5744

Extended Properties: 
----------------------------------------
----------------------------------------
ActivityId: 16795e39-0350-42b4-b673-d561f60e8100

Timestamp: 13/05/2021 0:09:51

Message: IdentityServer signing certificate is not configured. System will be using default IdentityServer certificate

Category: ErrorLog

Priority: -1

EventId: 1

Severity: Information

Title:

Machine: INSTANCE-TFS-SI

App Domain: /LM/W3SVC/5/ROOT-1-132653378613819388

ProcessId: 1192

Process Name: c:\windows\system32\inetsrv\w3wp.exe

Thread Name: 

Win32 ThreadId:7724

Extended Properties: 
----------------------------------------
----------------------------------------
ActivityId: 88ee35db-5618-4b5e-9499-eb18d2b2ea04

Timestamp: 5/13/2021 1:29:06 AM

Message: IdentityServer signing certificate is not configured. System will be using default IdentityServer certificate

Category: ErrorLog

Priority: -1

EventId: 1

Severity: Information

Title:

Machine: INSTANCE-TFS-SI

App Domain: /LM/W3SVC/5/ROOT-1-132653417374563188

ProcessId: 7772

Process Name: c:\windows\system32\inetsrv\w3wp.exe

Thread Name: 

Win32 ThreadId:9208

Extended Properties: 
----------------------------------------
----------------------------------------
ActivityId: 106fffbf-0df0-44d6-970a-46077bf8f2c1

Timestamp: 5/13/2021 2:44:40 AM

Message: IdentityServer signing certificate is not configured. System will be using default IdentityServer certificate

Category: ErrorLog

Priority: -1

EventId: 1

Severity: Information

Title:

Machine: INSTANCE-TFS-SI

App Domain: /LM/W3SVC/5/ROOT-1-132653463708005689

ProcessId: 9040

Process Name: c:\windows\system32\inetsrv\w3wp.exe

Thread Name: 

Win32 ThreadId:7684

Extended Properties: 
----------------------------------------
----------------------------------------
ActivityId: 25bfafa6-30e2-4fc2-b623-61ad4cc31a33

Timestamp: 13/05/2021 05:05:58

Message: IdentityServer signing certificate is not configured. System will be using default IdentityServer certificate

Category: ErrorLog

Priority: -1

EventId: 1

Severity: Information

Title:

Machine: INSTANCE-TFS-SI

App Domain: /LM/W3SVC/5/ROOT-1-132653553407028871

ProcessId: 2728

Process Name: c:\windows\system32\inetsrv\w3wp.exe

Thread Name: 

Win32 ThreadId:9600

Extended Properties: 
----------------------------------------
----------------------------------------
ActivityId: 1f3ef0f1-68f2-4bff-bb4b-c663a762a9e7

Timestamp: 5/13/2021 6:04:32 AM

Message: IdentityServer signing certificate is not configured. System will be using default IdentityServer certificate

Category: ErrorLog

Priority: -1

EventId: 1

Severity: Information

Title:

Machine: INSTANCE-TFS-SI

App Domain: /LM/W3SVC/5/ROOT-1-132653591623036789

ProcessId: 952

Process Name: c:\windows\system32\inetsrv\w3wp.exe

Thread Name: 

Win32 ThreadId:5772

Extended Properties: 
----------------------------------------
