----------------------------------------
ActivityId: 26e5889a-db76-4b89-8911-3f2da1176775

Timestamp: 08/05/2021 06:15:01

Message: IdentityServer signing certificate is not configured. System will be using default IdentityServer certificate

Category: ErrorLog

Priority: -1

EventId: 1

Severity: Information

Title:

Machine: INSTANCE-TFS-SI

App Domain: /LM/W3SVC/5/ROOT-1-132649280377417580

ProcessId: 7304

Process Name: c:\windows\system32\inetsrv\w3wp.exe

Thread Name: 

Win32 ThreadId:7764

Extended Properties: 
----------------------------------------
----------------------------------------
ActivityId: bbedd3e6-a08a-4995-83e8-daf18b58d41d

Timestamp: 5/8/2021 8:09:34 AM

Message: IdentityServer signing certificate is not configured. System will be using default IdentityServer certificate

Category: ErrorLog

Priority: -1

EventId: 1

Severity: Information

Title:

Machine: INSTANCE-TFS-SI

App Domain: /LM/W3SVC/5/ROOT-1-132649338631820157

ProcessId: 6048

Process Name: c:\windows\system32\inetsrv\w3wp.exe

Thread Name: 

Win32 ThreadId:2396

Extended Properties: 
----------------------------------------
----------------------------------------
ActivityId: 7c94a3a1-e6d0-4fad-a518-25480ac2a224

Timestamp: 5/8/2021 9:46:01 AM

Message: IdentityServer signing certificate is not configured. System will be using default IdentityServer certificate

Category: ErrorLog

Priority: -1

EventId: 1

Severity: Information

Title:

Machine: INSTANCE-TFS-SI

App Domain: /LM/W3SVC/5/ROOT-1-132649400051842797

ProcessId: 5868

Process Name: c:\windows\system32\inetsrv\w3wp.exe

Thread Name: 

Win32 ThreadId:7964

Extended Properties: 
----------------------------------------
----------------------------------------
ActivityId: ddc07288-a29b-4fb1-a2b9-cc6479c41f98

Timestamp: 5/8/2021 12:28:46 PM

Message: IdentityServer signing certificate is not configured. System will be using default IdentityServer certificate

Category: ErrorLog

Priority: -1

EventId: 1

Severity: Information

Title:

Machine: INSTANCE-TFS-SI

App Domain: /LM/W3SVC/5/ROOT-1-132649498374232482

ProcessId: 6488

Process Name: c:\windows\system32\inetsrv\w3wp.exe

Thread Name: 

Win32 ThreadId:6148

Extended Properties: 
----------------------------------------
----------------------------------------
ActivityId: 00000000-0000-0000-0000-000000000000

Timestamp: 5/8/2021 12:28:49 PM

Message: HandlingInstanceID: d231f6e8-9414-4ed6-a01c-b4125b0e3ac3
An exception of type 'System.Web.HttpRequestValidationException' occurred and was caught.
-----------------------------------------------------------------------------------------
05/08/2021 12:28:49
Type : System.Web.HttpRequestValidationException, System.Web, Version=4.0.0.0, Culture=neutral, PublicKeyToken=b03f5f7f11d50a3a
Message : A potentially dangerous Request.RawUrl value was detected from the client (="...h&content=<php>die(@md5(HelloT...").
Source : System.Web
Help link : 
WebEventCode : 0
ErrorCode : -2147467259
Data : System.Collections.ListDictionaryInternal
TargetSite : Void ValidateString(System.String, System.String, System.Web.Util.RequestValidationSource)
HResult : -2147467259
Stack Trace :    at System.Web.HttpRequest.ValidateString(String value, String collectionKey, RequestValidationSource requestCollection)
   at System.Web.HttpRequest.get_RawUrl()
   at Telerik.Sitefinity.Security.Claims.CustomRequestValidator.IsValidRequestString(HttpContext context, String value, RequestValidationSource requestValidationSource, String collectionKey, Int32& validationFailureIndex)
   at System.Web.HttpRequest.ValidateString(String value, String collectionKey, RequestValidationSource requestCollection)
   at System.Web.HttpRequest.get_Path()
   at System.Web.HttpRequest.BuildUrl(Func`1 pathAccessor)
   at System.Web.HttpRequest.get_Url()
   at Telerik.Sitefinity.Services.RequestStartEvent.GetOperationKey(HttpContextBase context)
   at Telerik.Sitefinity.Services.RequestStartEvent..ctor(HttpContextBase context)
   at Telerik.Sitefinity.Web.SitefinityHttpModule.context_BeginRequest(Object sender, EventArgs e)
   at System.Web.HttpApplication.SyncEventExecutionStep.System.Web.HttpApplication.IExecutionStep.Execute()
   at System.Web.HttpApplication.ExecuteStepImpl(IExecutionStep step)
   at System.Web.HttpApplication.ExecuteStep(IExecutionStep step, Boolean& completedSynchronously)

Additional Info:

MachineName : INSTANCE-TFS-SI
TimeStamp : 5/8/2021 12:28:49 PM
FullName : Telerik.Sitefinity.Utilities, Version=13.3.7600.0, Culture=neutral, PublicKeyToken=b28c218413bdf563
AppDomainName : /LM/W3SVC/5/ROOT-1-132649498374232482
ThreadIdentity : 
WindowsIdentity : IIS APPPOOL\Sitefinity-Dev3
Requested URL : http://130.211.122.213/?a=fetch&content=<php>die(@md5(HelloThinkCMF))</php>


Category: ErrorLog

Priority: 0

EventId: 90000

Severity: Error

Title:Enterprise Library Exception Handling

Machine: INSTANCE-TFS-SI

App Domain: /LM/W3SVC/5/ROOT-1-132649498374232482

ProcessId: 6488

Process Name: c:\windows\system32\inetsrv\w3wp.exe

Thread Name: 

Win32 ThreadId:5976

Extended Properties: 
----------------------------------------
----------------------------------------
ActivityId: 81d98a00-d3be-4b33-aab6-24a4e5854db1

Timestamp: 5/8/2021 4:52:54 PM

Message: IdentityServer signing certificate is not configured. System will be using default IdentityServer certificate

Category: ErrorLog

Priority: -1

EventId: 1

Severity: Information

Title:

Machine: INSTANCE-TFS-SI

App Domain: /LM/W3SVC/5/ROOT-1-132649654358625605

ProcessId: 3628

Process Name: c:\windows\system32\inetsrv\w3wp.exe

Thread Name: 

Win32 ThreadId:5784

Extended Properties: 
----------------------------------------
----------------------------------------
ActivityId: 6acd84bd-4918-4b69-82bc-b363d5e726a1

Timestamp: 5/8/2021 7:10:17 PM

Message: IdentityServer signing certificate is not configured. System will be using default IdentityServer certificate

Category: ErrorLog

Priority: -1

EventId: 1

Severity: Information

Title:

Machine: INSTANCE-TFS-SI

App Domain: /LM/W3SVC/5/ROOT-1-132649739193330073

ProcessId: 5888

Process Name: c:\windows\system32\inetsrv\w3wp.exe

Thread Name: 

Win32 ThreadId:8384

Extended Properties: 
----------------------------------------
----------------------------------------
ActivityId: a19624ad-c917-4f15-aedb-c34effe91793

Timestamp: 5/8/2021 9:17:37 PM

Message: IdentityServer signing certificate is not configured. System will be using default IdentityServer certificate

Category: ErrorLog

Priority: -1

EventId: 1

Severity: Information

Title:

Machine: INSTANCE-TFS-SI

App Domain: /LM/W3SVC/5/ROOT-1-132649815839860882

ProcessId: 8500

Process Name: c:\windows\system32\inetsrv\w3wp.exe

Thread Name: 

Win32 ThreadId:8260

Extended Properties: 
----------------------------------------
----------------------------------------
ActivityId: ee3c722a-bd50-4024-90d0-61ae176152fe

Timestamp: 5/9/2021 12:09:45 AM

Message: IdentityServer signing certificate is not configured. System will be using default IdentityServer certificate

Category: ErrorLog

Priority: -1

EventId: 1

Severity: Information

Title:

Machine: INSTANCE-TFS-SI

App Domain: /LM/W3SVC/5/ROOT-1-132649917015050514

ProcessId: 7872

Process Name: c:\windows\system32\inetsrv\w3wp.exe

Thread Name: 

Win32 ThreadId:8816

Extended Properties: 
----------------------------------------
----------------------------------------
ActivityId: 89da9cd7-c4bf-4709-b6e8-97bcff4efcf8

Timestamp: 5/9/2021 2:06:31 AM

Message: IdentityServer signing certificate is not configured. System will be using default IdentityServer certificate

Category: ErrorLog

Priority: -1

EventId: 1

Severity: Information

Title:

Machine: INSTANCE-TFS-SI

App Domain: /LM/W3SVC/5/ROOT-1-132649992844513867

ProcessId: 1016

Process Name: c:\windows\system32\inetsrv\w3wp.exe

Thread Name: 

Win32 ThreadId:720

Extended Properties: 
----------------------------------------
----------------------------------------
ActivityId: d51f0e9a-ad40-4b99-bf86-1e4083f73c90

Timestamp: 5/9/2021 2:30:23 AM

Message: IdentityServer signing certificate is not configured. System will be using default IdentityServer certificate

Category: ErrorLog

Priority: -1

EventId: 1

Severity: Information

Title:

Machine: INSTANCE-TFS-SI

App Domain: /LM/W3SVC/5/ROOT-1-132650009814657517

ProcessId: 6952

Process Name: c:\windows\system32\inetsrv\w3wp.exe

Thread Name: 

Win32 ThreadId:6920

Extended Properties: 
----------------------------------------
----------------------------------------
ActivityId: 00000000-0000-0000-0000-000000000000

Timestamp: 5/9/2021 4:22:15 AM

Message: HandlingInstanceID: 961fde8c-1b80-4693-bf55-d5005a3b4154
An exception of type 'System.Web.HttpException' occurred and was caught.
------------------------------------------------------------------------
05/09/2021 04:22:15
Type : System.Web.HttpException, System.Web, Version=4.0.0.0, Culture=neutral, PublicKeyToken=b03f5f7f11d50a3a
Message : A potentially dangerous Request.Path value was detected from the client (:).
Source : System.Web
Help link : 
WebEventCode : 0
ErrorCode : -2147467259
Data : System.Collections.ListDictionaryInternal
TargetSite : Void ValidateInputIfRequiredByConfig()
HResult : -2147467259
Stack Trace :    at System.Web.HttpRequest.ValidateInputIfRequiredByConfig()
   at System.Web.HttpApplication.PipelineStepManager.ValidateHelper(HttpContext context)

Additional Info:

MachineName : INSTANCE-TFS-SI
TimeStamp : 5/9/2021 4:22:15 AM
FullName : Telerik.Sitefinity.Utilities, Version=13.3.7600.0, Culture=neutral, PublicKeyToken=b28c218413bdf563
AppDomainName : /LM/W3SVC/5/ROOT-1-132650077184021468
ThreadIdentity : 
WindowsIdentity : IIS APPPOOL\Sitefinity-Dev3
Requested URL : http://130.211.122.213/w00tw00t.at.blackhats.romanian.anti-sec:)


Category: ErrorLog

Priority: 0

EventId: 90000

Severity: Error

Title:Enterprise Library Exception Handling

Machine: INSTANCE-TFS-SI

App Domain: /LM/W3SVC/5/ROOT-1-132650077184021468

ProcessId: 8828

Process Name: c:\windows\system32\inetsrv\w3wp.exe

Thread Name: 

Win32 ThreadId:3452

Extended Properties: 
----------------------------------------
----------------------------------------
ActivityId: 00000000-0000-0000-0000-000000000000

Timestamp: 5/9/2021 4:51:55 AM

Message: HandlingInstanceID: 92445599-3e95-4b9c-9f06-d87403f5ca5a
An exception of type 'System.Web.HttpRequestValidationException' occurred and was caught.
-----------------------------------------------------------------------------------------
05/09/2021 04:51:55
Type : System.Web.HttpRequestValidationException, System.Web, Version=4.0.0.0, Culture=neutral, PublicKeyToken=b03f5f7f11d50a3a
Message : A potentially dangerous Request.RawUrl value was detected from the client (="...h&content=<php>die(@md5(HelloT...").
Source : System.Web
Help link : 
WebEventCode : 0
ErrorCode : -2147467259
Data : System.Collections.ListDictionaryInternal
TargetSite : Void ValidateString(System.String, System.String, System.Web.Util.RequestValidationSource)
HResult : -2147467259
Stack Trace :    at System.Web.HttpRequest.ValidateString(String value, String collectionKey, RequestValidationSource requestCollection)
   at System.Web.HttpRequest.get_RawUrl()
   at Telerik.Sitefinity.Security.Claims.CustomRequestValidator.IsValidRequestString(HttpContext context, String value, RequestValidationSource requestValidationSource, String collectionKey, Int32& validationFailureIndex)
   at System.Web.HttpRequest.ValidateString(String value, String collectionKey, RequestValidationSource requestCollection)
   at System.Web.HttpRequest.get_PathInfo()
   at Telerik.Sitefinity.Web.SitefinityHttpModule.context_BeginRequest(Object sender, EventArgs e)
   at System.Web.HttpApplication.SyncEventExecutionStep.System.Web.HttpApplication.IExecutionStep.Execute()
   at System.Web.HttpApplication.ExecuteStepImpl(IExecutionStep step)
   at System.Web.HttpApplication.ExecuteStep(IExecutionStep step, Boolean& completedSynchronously)

Additional Info:

MachineName : INSTANCE-TFS-SI
TimeStamp : 5/9/2021 4:51:55 AM
FullName : Telerik.Sitefinity.Utilities, Version=13.3.7600.0, Culture=neutral, PublicKeyToken=b28c218413bdf563
AppDomainName : /LM/W3SVC/5/ROOT-1-132650094971606534
ThreadIdentity : 
WindowsIdentity : IIS APPPOOL\Sitefinity-Dev3
Requested URL : http://130.211.122.213/?a=fetch&content=<php>die(@md5(HelloThinkCMF))</php>


Category: ErrorLog

Priority: 0

EventId: 90000

Severity: Error

Title:Enterprise Library Exception Handling

Machine: INSTANCE-TFS-SI

App Domain: /LM/W3SVC/5/ROOT-1-132650094971606534

ProcessId: 4236

Process Name: c:\windows\system32\inetsrv\w3wp.exe

Thread Name: 

Win32 ThreadId:4192

Extended Properties: 
----------------------------------------
----------------------------------------
ActivityId: 0d959aa3-d0b7-41a2-b718-764e1acb3d00

Timestamp: 5/9/2021 4:52:26 AM

Message: IdentityServer signing certificate is not configured. System will be using default IdentityServer certificate

Category: ErrorLog

Priority: -1

EventId: 1

Severity: Information

Title:

Machine: INSTANCE-TFS-SI

App Domain: /LM/W3SVC/5/ROOT-1-132650094971606534

ProcessId: 4236

Process Name: c:\windows\system32\inetsrv\w3wp.exe

Thread Name: 

Win32 ThreadId:1056

Extended Properties: 
----------------------------------------
