----------------------------------------
ActivityId: 35b43b30-c96a-4c5b-9bf1-b2cec469b65f

Timestamp: 27/04/2021 19:15:38

Message: IdentityServer signing certificate is not configured. System will be using default IdentityServer certificate

Category: ErrorLog

Priority: -1

EventId: 1

Severity: Information

Title:

Machine: INSTANCE-TFS-SI

App Domain: /LM/W3SVC/5/ROOT-1-132640245028585891

ProcessId: 6524

Process Name: c:\windows\system32\inetsrv\w3wp.exe

Thread Name: 

Win32 ThreadId:6088

Extended Properties: 
----------------------------------------
----------------------------------------
ActivityId: 99151aa9-53af-4d28-b0ac-a1e281d966ce

Timestamp: 27.04.2021 21:36:38

Message: IdentityServer signing certificate is not configured. System will be using default IdentityServer certificate

Category: ErrorLog

Priority: -1

EventId: 1

Severity: Information

Title:

Machine: INSTANCE-TFS-SI

App Domain: /LM/W3SVC/5/ROOT-1-132640319180628645

ProcessId: 2940

Process Name: c:\windows\system32\inetsrv\w3wp.exe

Thread Name: 

Win32 ThreadId:7576

Extended Properties: 
----------------------------------------
----------------------------------------
ActivityId: 4fb447e9-8a1c-4a0b-9ff1-50d261842e52

Timestamp: 27/04/2021 22:06:10

Message: IdentityServer signing certificate is not configured. System will be using default IdentityServer certificate

Category: ErrorLog

Priority: -1

EventId: 1

Severity: Information

Title:

Machine: INSTANCE-TFS-SI

App Domain: /LM/W3SVC/5/ROOT-1-132640347361924340

ProcessId: 9356

Process Name: c:\windows\system32\inetsrv\w3wp.exe

Thread Name: 

Win32 ThreadId:8668

Extended Properties: 
----------------------------------------
----------------------------------------
ActivityId: 31d8ff01-4c43-40fc-8052-1d79234dceb0

Timestamp: 4/27/2021 11:18:25 PM

Message: IdentityServer signing certificate is not configured. System will be using default IdentityServer certificate

Category: ErrorLog

Priority: -1

EventId: 1

Severity: Information

Title:

Machine: INSTANCE-TFS-SI

App Domain: /LM/W3SVC/5/ROOT-1-132640389251028977

ProcessId: 11128

Process Name: c:\windows\system32\inetsrv\w3wp.exe

Thread Name: 

Win32 ThreadId:1564

Extended Properties: 
----------------------------------------
----------------------------------------
ActivityId: 4ca9b3f1-924f-4b90-aadc-905b2cc969fb

Timestamp: 4/28/2021 12:35:16 AM

Message: IdentityServer signing certificate is not configured. System will be using default IdentityServer certificate

Category: ErrorLog

Priority: -1

EventId: 1

Severity: Information

Title:

Machine: INSTANCE-TFS-SI

App Domain: /LM/W3SVC/5/ROOT-1-132640436146463147

ProcessId: 7948

Process Name: c:\windows\system32\inetsrv\w3wp.exe

Thread Name: 

Win32 ThreadId:6020

Extended Properties: 
----------------------------------------
----------------------------------------
ActivityId: a1c0d9af-de90-41f4-ba43-0759e31f324b

Timestamp: 28/04/2021 1:31:41

Message: IdentityServer signing certificate is not configured. System will be using default IdentityServer certificate

Category: ErrorLog

Priority: -1

EventId: 1

Severity: Information

Title:

Machine: INSTANCE-TFS-SI

App Domain: /LM/W3SVC/5/ROOT-1-132640470697061733

ProcessId: 7756

Process Name: c:\windows\system32\inetsrv\w3wp.exe

Thread Name: 

Win32 ThreadId:4144

Extended Properties: 
----------------------------------------
----------------------------------------
ActivityId: 00000000-0000-0000-0000-000000000000

Timestamp: 4/28/2021 1:56:02 AM

Message: HandlingInstanceID: e727867a-d9b6-40d6-a937-451272a65933
An exception of type 'System.Web.HttpRequestValidationException' occurred and was caught.
-----------------------------------------------------------------------------------------
04/28/2021 01:56:02
Type : System.Web.HttpRequestValidationException, System.Web, Version=4.0.0.0, Culture=neutral, PublicKeyToken=b03f5f7f11d50a3a
Message : A potentially dangerous Request.RawUrl value was detected from the client (="...h&content=<php>die(@md5(HelloT...").
Source : System.Web
Help link : 
WebEventCode : 0
ErrorCode : -2147467259
Data : System.Collections.ListDictionaryInternal
TargetSite : Void ValidateString(System.String, System.String, System.Web.Util.RequestValidationSource)
HResult : -2147467259
Stack Trace :    at System.Web.HttpRequest.ValidateString(String value, String collectionKey, RequestValidationSource requestCollection)
   at System.Web.HttpRequest.get_RawUrl()
   at Telerik.Sitefinity.Security.Claims.CustomRequestValidator.IsValidRequestString(HttpContext context, String value, RequestValidationSource requestValidationSource, String collectionKey, Int32& validationFailureIndex)
   at System.Web.HttpRequest.ValidateString(String value, String collectionKey, RequestValidationSource requestCollection)
   at System.Web.HttpRequest.get_PathInfo()
   at Telerik.Sitefinity.Web.SitefinityHttpModule.context_BeginRequest(Object sender, EventArgs e)
   at System.Web.HttpApplication.SyncEventExecutionStep.System.Web.HttpApplication.IExecutionStep.Execute()
   at System.Web.HttpApplication.ExecuteStepImpl(IExecutionStep step)
   at System.Web.HttpApplication.ExecuteStep(IExecutionStep step, Boolean& completedSynchronously)

Additional Info:

MachineName : INSTANCE-TFS-SI
TimeStamp : 4/28/2021 1:56:02 AM
FullName : Telerik.Sitefinity.Utilities, Version=13.3.7600.0, Culture=neutral, PublicKeyToken=b28c218413bdf563
AppDomainName : /LM/W3SVC/5/ROOT-1-132640485442870324
ThreadIdentity : 
WindowsIdentity : IIS APPPOOL\Sitefinity-Dev3
Requested URL : http://130.211.122.213/?a=fetch&content=<php>die(@md5(HelloThinkCMF))</php>


Category: ErrorLog

Priority: 0

EventId: 90000

Severity: Error

Title:Enterprise Library Exception Handling

Machine: INSTANCE-TFS-SI

App Domain: /LM/W3SVC/5/ROOT-1-132640485442870324

ProcessId: 8048

Process Name: c:\windows\system32\inetsrv\w3wp.exe

Thread Name: 

Win32 ThreadId:5860

Extended Properties: 
----------------------------------------
----------------------------------------
ActivityId: 7dc91996-3547-494d-8251-f4cc8a838307

Timestamp: 4/28/2021 2:13:33 AM

Message: IdentityServer signing certificate is not configured. System will be using default IdentityServer certificate

Category: ErrorLog

Priority: -1

EventId: 1

Severity: Information

Title:

Machine: INSTANCE-TFS-SI

App Domain: /LM/W3SVC/5/ROOT-1-132640485442870324

ProcessId: 8048

Process Name: c:\windows\system32\inetsrv\w3wp.exe

Thread Name: 

Win32 ThreadId:2620

Extended Properties: 
----------------------------------------
----------------------------------------
ActivityId: a07cd0f0-5443-4769-b26f-f4bef33399a5

Timestamp: 4/28/2021 3:22:31 AM

Message: IdentityServer signing certificate is not configured. System will be using default IdentityServer certificate

Category: ErrorLog

Priority: -1

EventId: 1

Severity: Information

Title:

Machine: INSTANCE-TFS-SI

App Domain: /LM/W3SVC/5/ROOT-1-132640528710712683

ProcessId: 8364

Process Name: c:\windows\system32\inetsrv\w3wp.exe

Thread Name: 

Win32 ThreadId:10524

Extended Properties: 
----------------------------------------
----------------------------------------
ActivityId: a24cf077-ffcb-453d-a5bf-42d1426096c6

Timestamp: 4/28/2021 4:00:15 AM

Message: IdentityServer signing certificate is not configured. System will be using default IdentityServer certificate

Category: ErrorLog

Priority: -1

EventId: 1

Severity: Information

Title:

Machine: INSTANCE-TFS-SI

App Domain: /LM/W3SVC/5/ROOT-1-132640557830281177

ProcessId: 8860

Process Name: c:\windows\system32\inetsrv\w3wp.exe

Thread Name: 

Win32 ThreadId:9576

Extended Properties: 
----------------------------------------
----------------------------------------
ActivityId: d73c2c81-06a5-4f84-b67a-c50e1be1074f

Timestamp: 4/28/2021 7:51:06 AM

Message: IdentityServer signing certificate is not configured. System will be using default IdentityServer certificate

Category: ErrorLog

Priority: -1

EventId: 1

Severity: Information

Title:

Machine: INSTANCE-TFS-SI

App Domain: /LM/W3SVC/5/ROOT-1-132640695016121106

ProcessId: 8980

Process Name: c:\windows\system32\inetsrv\w3wp.exe

Thread Name: 

Win32 ThreadId:10008

Extended Properties: 
----------------------------------------
----------------------------------------
ActivityId: 05bed1df-bddc-49b9-a594-0143a3c00dac

Timestamp: 4/28/2021 8:36:28 AM

Message: IdentityServer signing certificate is not configured. System will be using default IdentityServer certificate

Category: ErrorLog

Priority: -1

EventId: 1

Severity: Information

Title:

Machine: INSTANCE-TFS-SI

App Domain: /LM/W3SVC/5/ROOT-1-132640723208221064

ProcessId: 6944

Process Name: c:\windows\system32\inetsrv\w3wp.exe

Thread Name: 

Win32 ThreadId:7080

Extended Properties: 
----------------------------------------
----------------------------------------
ActivityId: c2d444a3-7118-45ba-80ce-eb50a7b70e3f

Timestamp: 4/28/2021 10:25:25 AM

Message: IdentityServer signing certificate is not configured. System will be using default IdentityServer certificate

Category: ErrorLog

Priority: -1

EventId: 1

Severity: Information

Title:

Machine: INSTANCE-TFS-SI

App Domain: /LM/W3SVC/5/ROOT-1-132640790177816238

ProcessId: 7296

Process Name: c:\windows\system32\inetsrv\w3wp.exe

Thread Name: 

Win32 ThreadId:3956

Extended Properties: 
----------------------------------------
----------------------------------------
ActivityId: 62046807-da53-4c6b-af2c-e71e07752864

Timestamp: 4/28/2021 10:59:04 AM

Message: IdentityServer signing certificate is not configured. System will be using default IdentityServer certificate

Category: ErrorLog

Priority: -1

EventId: 1

Severity: Information

Title:

Machine: INSTANCE-TFS-SI

App Domain: /LM/W3SVC/5/ROOT-1-132640805127664893

ProcessId: 10972

Process Name: c:\windows\system32\inetsrv\w3wp.exe

Thread Name: 

Win32 ThreadId:10376

Extended Properties: 
----------------------------------------
----------------------------------------
ActivityId: 87590c2b-c567-41d6-8dbc-e9f36794bb83

Timestamp: 4/28/2021 12:36:09 PM

Message: IdentityServer signing certificate is not configured. System will be using default IdentityServer certificate

Category: ErrorLog

Priority: -1

EventId: 1

Severity: Information

Title:

Machine: INSTANCE-TFS-SI

App Domain: /LM/W3SVC/5/ROOT-1-132640866791922500

ProcessId: 4916

Process Name: c:\windows\system32\inetsrv\w3wp.exe

Thread Name: 

Win32 ThreadId:5520

Extended Properties: 
----------------------------------------
----------------------------------------
ActivityId: 85d32061-60e9-47ce-9af6-4912503a3ceb

Timestamp: 4/28/2021 2:15:28 PM

Message: IdentityServer signing certificate is not configured. System will be using default IdentityServer certificate

Category: ErrorLog

Priority: -1

EventId: 1

Severity: Information

Title:

Machine: INSTANCE-TFS-SI

App Domain: /LM/W3SVC/5/ROOT-1-132640923240384558

ProcessId: 8056

Process Name: c:\windows\system32\inetsrv\w3wp.exe

Thread Name: 

Win32 ThreadId:9380

Extended Properties: 
----------------------------------------
----------------------------------------
ActivityId: a69991f7-b721-4c8c-a8a9-e0f715ab97b4

Timestamp: 28/04/2021 14:52:24

Message: IdentityServer signing certificate is not configured. System will be using default IdentityServer certificate

Category: ErrorLog

Priority: -1

EventId: 1

Severity: Information

Title:

Machine: INSTANCE-TFS-SI

App Domain: /LM/W3SVC/5/ROOT-1-132640942679190555

ProcessId: 8576

Process Name: c:\windows\system32\inetsrv\w3wp.exe

Thread Name: 

Win32 ThreadId:9048

Extended Properties: 
----------------------------------------
----------------------------------------
ActivityId: 6502a746-0d2e-4e22-be59-bac8771e3fc1

Timestamp: 4/28/2021 4:10:21 PM

Message: IdentityServer signing certificate is not configured. System will be using default IdentityServer certificate

Category: ErrorLog

Priority: -1

EventId: 1

Severity: Information

Title:

Machine: INSTANCE-TFS-SI

App Domain: /LM/W3SVC/5/ROOT-1-132640994872468533

ProcessId: 7464

Process Name: c:\windows\system32\inetsrv\w3wp.exe

Thread Name: 

Win32 ThreadId:6516

Extended Properties: 
----------------------------------------
----------------------------------------
ActivityId: 00000000-0000-0000-0000-000000000000

Timestamp: 4/28/2021 5:13:36 PM

Message: HandlingInstanceID: 535303db-9609-4a08-a74e-4f0b2f0ce38e
An exception of type 'System.Web.HttpRequestValidationException' occurred and was caught.
-----------------------------------------------------------------------------------------
04/28/2021 17:13:36
Type : System.Web.HttpRequestValidationException, System.Web, Version=4.0.0.0, Culture=neutral, PublicKeyToken=b03f5f7f11d50a3a
Message : A potentially dangerous Request.RawUrl value was detected from the client (="...h&content=<php>die(@md5(HelloT...").
Source : System.Web
Help link : 
WebEventCode : 0
ErrorCode : -2147467259
Data : System.Collections.ListDictionaryInternal
TargetSite : Void ValidateString(System.String, System.String, System.Web.Util.RequestValidationSource)
HResult : -2147467259
Stack Trace :    at System.Web.HttpRequest.ValidateString(String value, String collectionKey, RequestValidationSource requestCollection)
   at System.Web.HttpRequest.get_RawUrl()
   at Telerik.Sitefinity.Security.Claims.CustomRequestValidator.IsValidRequestString(HttpContext context, String value, RequestValidationSource requestValidationSource, String collectionKey, Int32& validationFailureIndex)
   at System.Web.HttpRequest.ValidateString(String value, String collectionKey, RequestValidationSource requestCollection)
   at System.Web.HttpRequest.get_PathInfo()
   at Telerik.Sitefinity.Web.SitefinityHttpModule.context_BeginRequest(Object sender, EventArgs e)
   at System.Web.HttpApplication.SyncEventExecutionStep.System.Web.HttpApplication.IExecutionStep.Execute()
   at System.Web.HttpApplication.ExecuteStepImpl(IExecutionStep step)
   at System.Web.HttpApplication.ExecuteStep(IExecutionStep step, Boolean& completedSynchronously)

Additional Info:

MachineName : INSTANCE-TFS-SI
TimeStamp : 4/28/2021 5:13:36 PM
FullName : Telerik.Sitefinity.Utilities, Version=13.3.7600.0, Culture=neutral, PublicKeyToken=b28c218413bdf563
AppDomainName : /LM/W3SVC/5/ROOT-1-132641035990181444
ThreadIdentity : 
WindowsIdentity : IIS APPPOOL\Sitefinity-Dev3
Requested URL : http://130.211.122.213/?a=fetch&content=<php>die(@md5(HelloThinkCMF))</php>


Category: ErrorLog

Priority: 0

EventId: 90000

Severity: Error

Title:Enterprise Library Exception Handling

Machine: INSTANCE-TFS-SI

App Domain: /LM/W3SVC/5/ROOT-1-132641035990181444

ProcessId: 4748

Process Name: c:\windows\system32\inetsrv\w3wp.exe

Thread Name: 

Win32 ThreadId:3520

Extended Properties: 
----------------------------------------
----------------------------------------
ActivityId: eb5b2528-44b8-4617-b134-cbefa0d1b020

Timestamp: 4/28/2021 5:19:02 PM

Message: IdentityServer signing certificate is not configured. System will be using default IdentityServer certificate

Category: ErrorLog

Priority: -1

EventId: 1

Severity: Information

Title:

Machine: INSTANCE-TFS-SI

App Domain: /LM/W3SVC/5/ROOT-1-132641035990181444

ProcessId: 4748

Process Name: c:\windows\system32\inetsrv\w3wp.exe

Thread Name: 

Win32 ThreadId:8912

Extended Properties: 
----------------------------------------
----------------------------------------
ActivityId: 00000000-0000-0000-0000-000000000000

Timestamp: 4/28/2021 6:08:34 PM

Message: HandlingInstanceID: 0bce5a9b-d995-4d6c-887c-69becdc9caa5
An exception of type 'System.Web.HttpException' occurred and was caught.
------------------------------------------------------------------------
04/28/2021 18:08:34
Type : System.Web.HttpException, System.Web, Version=4.0.0.0, Culture=neutral, PublicKeyToken=b03f5f7f11d50a3a
Message : A potentially dangerous Request.Path value was detected from the client (:).
Source : System.Web
Help link : 
WebEventCode : 0
ErrorCode : -2147467259
Data : System.Collections.ListDictionaryInternal
TargetSite : Void ValidateInputIfRequiredByConfig()
HResult : -2147467259
Stack Trace :    at System.Web.HttpRequest.ValidateInputIfRequiredByConfig()
   at System.Web.HttpApplication.PipelineStepManager.ValidateHelper(HttpContext context)

Additional Info:

MachineName : INSTANCE-TFS-SI
TimeStamp : 4/28/2021 6:08:34 PM
FullName : Telerik.Sitefinity.Utilities, Version=13.3.7600.0, Culture=neutral, PublicKeyToken=b28c218413bdf563
AppDomainName : /LM/W3SVC/5/ROOT-1-132641035990181444
ThreadIdentity : 
WindowsIdentity : IIS APPPOOL\Sitefinity-Dev3
Requested URL : https://tfs-sitefinity.virtualdreams.io/Sitefinity/adminapp/pages/(tfsm/quienes-somos/Action/Edit/en/dialog:confirm/img/imagen_superior.png


Category: ErrorLog

Priority: 0

EventId: 90000

Severity: Error

Title:Enterprise Library Exception Handling

Machine: INSTANCE-TFS-SI

App Domain: /LM/W3SVC/5/ROOT-1-132641035990181444

ProcessId: 4748

Process Name: c:\windows\system32\inetsrv\w3wp.exe

Thread Name: 

Win32 ThreadId:7616

Extended Properties: 
----------------------------------------
----------------------------------------
ActivityId: 00000000-0000-0000-0000-000000000000

Timestamp: 4/28/2021 6:08:34 PM

Message: HandlingInstanceID: ac85eea4-84c7-4d8c-9fc6-a97b3afa0244
An exception of type 'System.Web.HttpException' occurred and was caught.
------------------------------------------------------------------------
04/28/2021 18:08:34
Type : System.Web.HttpException, System.Web, Version=4.0.0.0, Culture=neutral, PublicKeyToken=b03f5f7f11d50a3a
Message : A potentially dangerous Request.Path value was detected from the client (:).
Source : System.Web
Help link : 
WebEventCode : 0
ErrorCode : -2147467259
Data : System.Collections.ListDictionaryInternal
TargetSite : Void ValidateInputIfRequiredByConfig()
HResult : -2147467259
Stack Trace :    at System.Web.HttpRequest.ValidateInputIfRequiredByConfig()
   at System.Web.HttpApplication.PipelineStepManager.ValidateHelper(HttpContext context)

Additional Info:

MachineName : INSTANCE-TFS-SI
TimeStamp : 4/28/2021 6:08:34 PM
FullName : Telerik.Sitefinity.Utilities, Version=13.3.7600.0, Culture=neutral, PublicKeyToken=b28c218413bdf563
AppDomainName : /LM/W3SVC/5/ROOT-1-132641035990181444
ThreadIdentity : 
WindowsIdentity : IIS APPPOOL\Sitefinity-Dev3
Requested URL : https://tfs-sitefinity.virtualdreams.io/Sitefinity/adminapp/pages/(tfsm/quienes-somos/Action/Edit/en/dialog:confirm/img/arrow-right.png


Category: ErrorLog

Priority: 0

EventId: 90000

Severity: Error

Title:Enterprise Library Exception Handling

Machine: INSTANCE-TFS-SI

App Domain: /LM/W3SVC/5/ROOT-1-132641035990181444

ProcessId: 4748

Process Name: c:\windows\system32\inetsrv\w3wp.exe

Thread Name: 

Win32 ThreadId:7716

Extended Properties: 
----------------------------------------
----------------------------------------
ActivityId: 00000000-0000-0000-0000-000000000000

Timestamp: 4/28/2021 6:08:34 PM

Message: HandlingInstanceID: 37dcb083-b24f-447b-8b7d-eab1b5062328
An exception of type 'System.Web.HttpException' occurred and was caught.
------------------------------------------------------------------------
04/28/2021 18:08:34
Type : System.Web.HttpException, System.Web, Version=4.0.0.0, Culture=neutral, PublicKeyToken=b03f5f7f11d50a3a
Message : A potentially dangerous Request.Path value was detected from the client (:).
Source : System.Web
Help link : 
WebEventCode : 0
ErrorCode : -2147467259
Data : System.Collections.ListDictionaryInternal
TargetSite : Void ValidateInputIfRequiredByConfig()
HResult : -2147467259
Stack Trace :    at System.Web.HttpRequest.ValidateInputIfRequiredByConfig()
   at System.Web.HttpApplication.PipelineStepManager.ValidateHelper(HttpContext context)

Additional Info:

MachineName : INSTANCE-TFS-SI
TimeStamp : 4/28/2021 6:08:34 PM
FullName : Telerik.Sitefinity.Utilities, Version=13.3.7600.0, Culture=neutral, PublicKeyToken=b28c218413bdf563
AppDomainName : /LM/W3SVC/5/ROOT-1-132641035990181444
ThreadIdentity : 
WindowsIdentity : IIS APPPOOL\Sitefinity-Dev3
Requested URL : https://tfs-sitefinity.virtualdreams.io/Sitefinity/adminapp/pages/(tfsm/quienes-somos/Action/Edit/en/dialog:confirm/img/video.png


Category: ErrorLog

Priority: 0

EventId: 90000

Severity: Error

Title:Enterprise Library Exception Handling

Machine: INSTANCE-TFS-SI

App Domain: /LM/W3SVC/5/ROOT-1-132641035990181444

ProcessId: 4748

Process Name: c:\windows\system32\inetsrv\w3wp.exe

Thread Name: 

Win32 ThreadId:8260

Extended Properties: 
----------------------------------------
----------------------------------------
ActivityId: 00000000-0000-0000-0000-000000000000

Timestamp: 4/28/2021 6:09:49 PM

Message: HandlingInstanceID: a6e29291-a775-4695-8191-3b933d29f3b6
An exception of type 'System.Web.HttpException' occurred and was caught.
------------------------------------------------------------------------
04/28/2021 18:09:49
Type : System.Web.HttpException, System.Web, Version=4.0.0.0, Culture=neutral, PublicKeyToken=b03f5f7f11d50a3a
Message : A potentially dangerous Request.Path value was detected from the client (:).
Source : System.Web
Help link : 
WebEventCode : 0
ErrorCode : -2147467259
Data : System.Collections.ListDictionaryInternal
TargetSite : Void ValidateInputIfRequiredByConfig()
HResult : -2147467259
Stack Trace :    at System.Web.HttpRequest.ValidateInputIfRequiredByConfig()
   at System.Web.HttpApplication.PipelineStepManager.ValidateHelper(HttpContext context)

Additional Info:

MachineName : INSTANCE-TFS-SI
TimeStamp : 4/28/2021 6:09:49 PM
FullName : Telerik.Sitefinity.Utilities, Version=13.3.7600.0, Culture=neutral, PublicKeyToken=b28c218413bdf563
AppDomainName : /LM/W3SVC/5/ROOT-1-132641035990181444
ThreadIdentity : 
WindowsIdentity : IIS APPPOOL\Sitefinity-Dev3
Requested URL : https://tfs-sitefinity.virtualdreams.io/Sitefinity/adminapp/pages/(tfsm/quienes-somos/Action/Edit/en/dialog:confirm/img/video.png


Category: ErrorLog

Priority: 0

EventId: 90000

Severity: Error

Title:Enterprise Library Exception Handling

Machine: INSTANCE-TFS-SI

App Domain: /LM/W3SVC/5/ROOT-1-132641035990181444

ProcessId: 4748

Process Name: c:\windows\system32\inetsrv\w3wp.exe

Thread Name: 

Win32 ThreadId:6060

Extended Properties: 
----------------------------------------
----------------------------------------
ActivityId: 00000000-0000-0000-0000-000000000000

Timestamp: 4/28/2021 6:09:49 PM

Message: HandlingInstanceID: 492f8c34-806d-41a2-8acd-38c6d522a1ba
An exception of type 'System.Web.HttpException' occurred and was caught.
------------------------------------------------------------------------
04/28/2021 18:09:49
Type : System.Web.HttpException, System.Web, Version=4.0.0.0, Culture=neutral, PublicKeyToken=b03f5f7f11d50a3a
Message : A potentially dangerous Request.Path value was detected from the client (:).
Source : System.Web
Help link : 
WebEventCode : 0
ErrorCode : -2147467259
Data : System.Collections.ListDictionaryInternal
TargetSite : Void ValidateInputIfRequiredByConfig()
HResult : -2147467259
Stack Trace :    at System.Web.HttpRequest.ValidateInputIfRequiredByConfig()
   at System.Web.HttpApplication.PipelineStepManager.ValidateHelper(HttpContext context)

Additional Info:

MachineName : INSTANCE-TFS-SI
TimeStamp : 4/28/2021 6:09:49 PM
FullName : Telerik.Sitefinity.Utilities, Version=13.3.7600.0, Culture=neutral, PublicKeyToken=b28c218413bdf563
AppDomainName : /LM/W3SVC/5/ROOT-1-132641035990181444
ThreadIdentity : 
WindowsIdentity : IIS APPPOOL\Sitefinity-Dev3
Requested URL : https://tfs-sitefinity.virtualdreams.io/Sitefinity/adminapp/pages/(tfsm/quienes-somos/Action/Edit/en/dialog:confirm/img/arrow-right.png


Category: ErrorLog

Priority: 0

EventId: 90000

Severity: Error

Title:Enterprise Library Exception Handling

Machine: INSTANCE-TFS-SI

App Domain: /LM/W3SVC/5/ROOT-1-132641035990181444

ProcessId: 4748

Process Name: c:\windows\system32\inetsrv\w3wp.exe

Thread Name: 

Win32 ThreadId:11040

Extended Properties: 
----------------------------------------
----------------------------------------
ActivityId: 00000000-0000-0000-0000-000000000000

Timestamp: 4/28/2021 6:10:22 PM

Message: HandlingInstanceID: ac781496-2b65-495b-bb11-d1d136de01eb
An exception of type 'System.Web.HttpException' occurred and was caught.
------------------------------------------------------------------------
04/28/2021 18:10:22
Type : System.Web.HttpException, System.Web, Version=4.0.0.0, Culture=neutral, PublicKeyToken=b03f5f7f11d50a3a
Message : A potentially dangerous Request.Path value was detected from the client (:).
Source : System.Web
Help link : 
WebEventCode : 0
ErrorCode : -2147467259
Data : System.Collections.ListDictionaryInternal
TargetSite : Void ValidateInputIfRequiredByConfig()
HResult : -2147467259
Stack Trace :    at System.Web.HttpRequest.ValidateInputIfRequiredByConfig()
   at System.Web.HttpApplication.PipelineStepManager.ValidateHelper(HttpContext context)

Additional Info:

MachineName : INSTANCE-TFS-SI
TimeStamp : 4/28/2021 6:10:22 PM
FullName : Telerik.Sitefinity.Utilities, Version=13.3.7600.0, Culture=neutral, PublicKeyToken=b28c218413bdf563
AppDomainName : /LM/W3SVC/5/ROOT-1-132641035990181444
ThreadIdentity : 
WindowsIdentity : IIS APPPOOL\Sitefinity-Dev3
Requested URL : https://tfs-sitefinity.virtualdreams.io/Sitefinity/adminapp/pages/(tfsm/quienes-somos/Action/Edit/en/dialog:confirm/img/video.png


Category: ErrorLog

Priority: 0

EventId: 90000

Severity: Error

Title:Enterprise Library Exception Handling

Machine: INSTANCE-TFS-SI

App Domain: /LM/W3SVC/5/ROOT-1-132641035990181444

ProcessId: 4748

Process Name: c:\windows\system32\inetsrv\w3wp.exe

Thread Name: 

Win32 ThreadId:4272

Extended Properties: 
----------------------------------------
----------------------------------------
ActivityId: 00000000-0000-0000-0000-000000000000

Timestamp: 4/28/2021 6:10:22 PM

Message: HandlingInstanceID: 8aa403e5-7c0e-4ad7-b4c1-61c285459820
An exception of type 'System.Web.HttpException' occurred and was caught.
------------------------------------------------------------------------
04/28/2021 18:10:22
Type : System.Web.HttpException, System.Web, Version=4.0.0.0, Culture=neutral, PublicKeyToken=b03f5f7f11d50a3a
Message : A potentially dangerous Request.Path value was detected from the client (:).
Source : System.Web
Help link : 
WebEventCode : 0
ErrorCode : -2147467259
Data : System.Collections.ListDictionaryInternal
TargetSite : Void ValidateInputIfRequiredByConfig()
HResult : -2147467259
Stack Trace :    at System.Web.HttpRequest.ValidateInputIfRequiredByConfig()
   at System.Web.HttpApplication.PipelineStepManager.ValidateHelper(HttpContext context)

Additional Info:

MachineName : INSTANCE-TFS-SI
TimeStamp : 4/28/2021 6:10:22 PM
FullName : Telerik.Sitefinity.Utilities, Version=13.3.7600.0, Culture=neutral, PublicKeyToken=b28c218413bdf563
AppDomainName : /LM/W3SVC/5/ROOT-1-132641035990181444
ThreadIdentity : 
WindowsIdentity : IIS APPPOOL\Sitefinity-Dev3
Requested URL : https://tfs-sitefinity.virtualdreams.io/Sitefinity/adminapp/pages/(tfsm/quienes-somos/Action/Edit/en/dialog:confirm/img/arrow-right.png


Category: ErrorLog

Priority: 0

EventId: 90000

Severity: Error

Title:Enterprise Library Exception Handling

Machine: INSTANCE-TFS-SI

App Domain: /LM/W3SVC/5/ROOT-1-132641035990181444

ProcessId: 4748

Process Name: c:\windows\system32\inetsrv\w3wp.exe

Thread Name: 

Win32 ThreadId:8376

Extended Properties: 
----------------------------------------
----------------------------------------
ActivityId: 00000000-0000-0000-0000-000000000000

Timestamp: 4/28/2021 6:11:15 PM

Message: HandlingInstanceID: 946af165-34cd-40e5-a2bf-d7ff284759f3
An exception of type 'System.Web.HttpException' occurred and was caught.
------------------------------------------------------------------------
04/28/2021 18:11:15
Type : System.Web.HttpException, System.Web, Version=4.0.0.0, Culture=neutral, PublicKeyToken=b03f5f7f11d50a3a
Message : A potentially dangerous Request.Path value was detected from the client (:).
Source : System.Web
Help link : 
WebEventCode : 0
ErrorCode : -2147467259
Data : System.Collections.ListDictionaryInternal
TargetSite : Void ValidateInputIfRequiredByConfig()
HResult : -2147467259
Stack Trace :    at System.Web.HttpRequest.ValidateInputIfRequiredByConfig()
   at System.Web.HttpApplication.PipelineStepManager.ValidateHelper(HttpContext context)

Additional Info:

MachineName : INSTANCE-TFS-SI
TimeStamp : 4/28/2021 6:11:15 PM
FullName : Telerik.Sitefinity.Utilities, Version=13.3.7600.0, Culture=neutral, PublicKeyToken=b28c218413bdf563
AppDomainName : /LM/W3SVC/5/ROOT-1-132641035990181444
ThreadIdentity : 
WindowsIdentity : IIS APPPOOL\Sitefinity-Dev3
Requested URL : https://tfs-sitefinity.virtualdreams.io/Sitefinity/adminapp/pages/(tfsm/quienes-somos/Action/Edit/en/dialog:confirm/img/arrow-right.png


Category: ErrorLog

Priority: 0

EventId: 90000

Severity: Error

Title:Enterprise Library Exception Handling

Machine: INSTANCE-TFS-SI

App Domain: /LM/W3SVC/5/ROOT-1-132641035990181444

ProcessId: 4748

Process Name: c:\windows\system32\inetsrv\w3wp.exe

Thread Name: 

Win32 ThreadId:8376

Extended Properties: 
----------------------------------------
----------------------------------------
ActivityId: fa1e7480-b20e-4efd-8b7b-c17df47e553e

Timestamp: 28/04/2021 19:06:44

Message: IdentityServer signing certificate is not configured. System will be using default IdentityServer certificate

Category: ErrorLog

Priority: -1

EventId: 1

Severity: Information

Title:

Machine: INSTANCE-TFS-SI

App Domain: /LM/W3SVC/5/ROOT-1-132641097105642851

ProcessId: 5660

Process Name: c:\windows\system32\inetsrv\w3wp.exe

Thread Name: 

Win32 ThreadId:8036

Extended Properties: 
----------------------------------------
