----------------------------------------
ActivityId: 0581b07d-19ab-4350-aa39-f13b2767962c

Timestamp: 5/3/2021 1:28:11 AM

Message: IdentityServer signing certificate is not configured. System will be using default IdentityServer certificate

Category: ErrorLog

Priority: -1

EventId: 1

Severity: Information

Title:

Machine: INSTANCE-TFS-SI

App Domain: /LM/W3SVC/5/ROOT-1-132644783340350673

ProcessId: 2456

Process Name: c:\windows\system32\inetsrv\w3wp.exe

Thread Name: 

Win32 ThreadId:10196

Extended Properties: 
----------------------------------------
----------------------------------------
ActivityId: 00000000-0000-0000-0000-000000000000

Timestamp: 5/3/2021 1:31:06 AM

Message: HandlingInstanceID: 64d7ab19-bdab-48f6-b1e3-64bba698dd9c
An exception of type 'System.Web.HttpException' occurred and was caught.
------------------------------------------------------------------------
05/03/2021 01:31:06
Type : System.Web.HttpException, System.Web, Version=4.0.0.0, Culture=neutral, PublicKeyToken=b03f5f7f11d50a3a
Message : A potentially dangerous Request.Path value was detected from the client (:).
Source : System.Web
Help link : 
WebEventCode : 0
ErrorCode : -2147467259
Data : System.Collections.ListDictionaryInternal
TargetSite : Void ValidateInputIfRequiredByConfig()
HResult : -2147467259
Stack Trace :    at System.Web.HttpRequest.ValidateInputIfRequiredByConfig()
   at System.Web.HttpApplication.PipelineStepManager.ValidateHelper(HttpContext context)

Additional Info:

MachineName : INSTANCE-TFS-SI
TimeStamp : 5/3/2021 1:31:06 AM
FullName : Telerik.Sitefinity.Utilities, Version=13.3.7600.0, Culture=neutral, PublicKeyToken=b28c218413bdf563
AppDomainName : /LM/W3SVC/5/ROOT-1-132644783340350673
ThreadIdentity : 
WindowsIdentity : IIS APPPOOL\Sitefinity-Dev3
Requested URL : http://130.211.122.213/w00tw00t.at.blackhats.romanian.anti-sec:)


Category: ErrorLog

Priority: 0

EventId: 90000

Severity: Error

Title:Enterprise Library Exception Handling

Machine: INSTANCE-TFS-SI

App Domain: /LM/W3SVC/5/ROOT-1-132644783340350673

ProcessId: 2456

Process Name: c:\windows\system32\inetsrv\w3wp.exe

Thread Name: 

Win32 ThreadId:3888

Extended Properties: 
----------------------------------------
----------------------------------------
ActivityId: 91f58d59-e5e9-4a0b-a7c6-93462f0f6359

Timestamp: 5/3/2021 4:37:01 AM

Message: IdentityServer signing certificate is not configured. System will be using default IdentityServer certificate

Category: ErrorLog

Priority: -1

EventId: 1

Severity: Information

Title:

Machine: INSTANCE-TFS-SI

App Domain: /LM/W3SVC/5/ROOT-1-132644890068657619

ProcessId: 11092

Process Name: c:\windows\system32\inetsrv\w3wp.exe

Thread Name: 

Win32 ThreadId:6992

Extended Properties: 
----------------------------------------
----------------------------------------
ActivityId: 65cfb482-3582-4442-80b0-fd893f5b1f21

Timestamp: 5/3/2021 5:30:59 AM

Message: IdentityServer signing certificate is not configured. System will be using default IdentityServer certificate

Category: ErrorLog

Priority: -1

EventId: 1

Severity: Information

Title:

Machine: INSTANCE-TFS-SI

App Domain: /LM/W3SVC/5/ROOT-1-132644926266817468

ProcessId: 10036

Process Name: c:\windows\system32\inetsrv\w3wp.exe

Thread Name: 

Win32 ThreadId:10572

Extended Properties: 
----------------------------------------
----------------------------------------
ActivityId: 00000000-0000-0000-0000-000000000000

Timestamp: 5/3/2021 6:58:08 AM

Message: HandlingInstanceID: d773091b-50a9-4eda-8718-7c5ae71614b4
An exception of type 'System.Web.HttpException' occurred and was caught.
------------------------------------------------------------------------
05/03/2021 06:58:07
Type : System.Web.HttpException, System.Web, Version=4.0.0.0, Culture=neutral, PublicKeyToken=b03f5f7f11d50a3a
Message : A potentially dangerous Request.Path value was detected from the client (:).
Source : System.Web
Help link : 
WebEventCode : 0
ErrorCode : -2147467259
Data : System.Collections.ListDictionaryInternal
TargetSite : Void ValidateInputIfRequiredByConfig()
HResult : -2147467259
Stack Trace :    at System.Web.HttpRequest.ValidateInputIfRequiredByConfig()
   at System.Web.HttpApplication.PipelineStepManager.ValidateHelper(HttpContext context)

Additional Info:

MachineName : INSTANCE-TFS-SI
TimeStamp : 5/3/2021 6:58:08 AM
FullName : Telerik.Sitefinity.Utilities, Version=13.3.7600.0, Culture=neutral, PublicKeyToken=b28c218413bdf563
AppDomainName : /LM/W3SVC/5/ROOT-1-132644986694200609
ThreadIdentity : 
WindowsIdentity : IIS APPPOOL\Sitefinity-Dev3
Requested URL : http://130.211.122.213/w00tw00t.at.blackhats.romanian.anti-sec:)


Category: ErrorLog

Priority: 0

EventId: 90000

Severity: Error

Title:Enterprise Library Exception Handling

Machine: INSTANCE-TFS-SI

App Domain: /LM/W3SVC/5/ROOT-1-132644986694200609

ProcessId: 10584

Process Name: c:\windows\system32\inetsrv\w3wp.exe

Thread Name: 

Win32 ThreadId:2620

Extended Properties: 
----------------------------------------
----------------------------------------
ActivityId: d790270c-7219-4279-96ec-74c5d926e8db

Timestamp: 5/3/2021 7:16:00 AM

Message: IdentityServer signing certificate is not configured. System will be using default IdentityServer certificate

Category: ErrorLog

Priority: -1

EventId: 1

Severity: Information

Title:

Machine: INSTANCE-TFS-SI

App Domain: /LM/W3SVC/5/ROOT-1-132644986694200609

ProcessId: 10584

Process Name: c:\windows\system32\inetsrv\w3wp.exe

Thread Name: 

Win32 ThreadId:6860

Extended Properties: 
----------------------------------------
----------------------------------------
ActivityId: 0cf69d21-7548-48d4-820f-a172e606a0f9

Timestamp: 5/3/2021 8:58:08 AM

Message: IdentityServer signing certificate is not configured. System will be using default IdentityServer certificate

Category: ErrorLog

Priority: -1

EventId: 1

Severity: Information

Title:

Machine: INSTANCE-TFS-SI

App Domain: /LM/W3SVC/5/ROOT-1-132645055964045970

ProcessId: 7080

Process Name: c:\windows\system32\inetsrv\w3wp.exe

Thread Name: 

Win32 ThreadId:6216

Extended Properties: 
----------------------------------------
----------------------------------------
ActivityId: f1bf8a89-89f6-47b3-b0c9-4eb382976766

Timestamp: 5/3/2021 12:03:23 PM

Message: IdentityServer signing certificate is not configured. System will be using default IdentityServer certificate

Category: ErrorLog

Priority: -1

EventId: 1

Severity: Information

Title:

Machine: INSTANCE-TFS-SI

App Domain: /LM/W3SVC/5/ROOT-1-132645162722173927

ProcessId: 7556

Process Name: c:\windows\system32\inetsrv\w3wp.exe

Thread Name: 

Win32 ThreadId:5516

Extended Properties: 
----------------------------------------
----------------------------------------
ActivityId: aff80ef7-4d8d-4b6d-9775-784ffc80382f

Timestamp: 5/3/2021 1:53:51 PM

Message: IdentityServer signing certificate is not configured. System will be using default IdentityServer certificate

Category: ErrorLog

Priority: -1

EventId: 1

Severity: Information

Title:

Machine: INSTANCE-TFS-SI

App Domain: /LM/W3SVC/5/ROOT-1-132645229276862311

ProcessId: 632

Process Name: c:\windows\system32\inetsrv\w3wp.exe

Thread Name: 

Win32 ThreadId:3656

Extended Properties: 
----------------------------------------
----------------------------------------
ActivityId: 55a05ebf-55d0-48ba-bafb-7a91229afe79

Timestamp: 5/3/2021 2:37:36 PM

Message: IdentityServer signing certificate is not configured. System will be using default IdentityServer certificate

Category: ErrorLog

Priority: -1

EventId: 1

Severity: Information

Title:

Machine: INSTANCE-TFS-SI

App Domain: /LM/W3SVC/5/ROOT-1-132645262201557281

ProcessId: 692

Process Name: c:\windows\system32\inetsrv\w3wp.exe

Thread Name: 

Win32 ThreadId:4732

Extended Properties: 
----------------------------------------
----------------------------------------
ActivityId: e6e8f2fb-4c06-45e4-8513-f22d86c23b04

Timestamp: 3/5/2021 15:45:34

Message: IdentityServer signing certificate is not configured. System will be using default IdentityServer certificate

Category: ErrorLog

Priority: -1

EventId: 1

Severity: Information

Title:

Machine: INSTANCE-TFS-SI

App Domain: /LM/W3SVC/5/ROOT-1-132645303012401449

ProcessId: 4792

Process Name: c:\windows\system32\inetsrv\w3wp.exe

Thread Name: 

Win32 ThreadId:6976

Extended Properties: 
----------------------------------------
----------------------------------------
ActivityId: 36437b39-af50-4e43-9e0a-26ddaece68fc

Timestamp: 5/3/2021 5:01:40 PM

Message: IdentityServer signing certificate is not configured. System will be using default IdentityServer certificate

Category: ErrorLog

Priority: -1

EventId: 1

Severity: Information

Title:

Machine: INSTANCE-TFS-SI

App Domain: /LM/W3SVC/5/ROOT-1-132645348390781538

ProcessId: 2620

Process Name: c:\windows\system32\inetsrv\w3wp.exe

Thread Name: 

Win32 ThreadId:6312

Extended Properties: 
----------------------------------------
----------------------------------------
ActivityId: 00000000-0000-0000-0000-000000000000

Timestamp: 5/3/2021 5:04:53 PM

Message: HandlingInstanceID: d8e69271-2294-4ee1-a40d-43248ba16937
An exception of type 'System.Web.HttpException' occurred and was caught.
------------------------------------------------------------------------
05/03/2021 17:04:53
Type : System.Web.HttpException, System.Web, Version=4.0.0.0, Culture=neutral, PublicKeyToken=b03f5f7f11d50a3a
Message : A potentially dangerous Request.Path value was detected from the client (:).
Source : System.Web
Help link : 
WebEventCode : 0
ErrorCode : -2147467259
Data : System.Collections.ListDictionaryInternal
TargetSite : Void ValidateInputIfRequiredByConfig()
HResult : -2147467259
Stack Trace :    at System.Web.HttpRequest.ValidateInputIfRequiredByConfig()
   at System.Web.HttpApplication.PipelineStepManager.ValidateHelper(HttpContext context)

Additional Info:

MachineName : INSTANCE-TFS-SI
TimeStamp : 5/3/2021 5:04:53 PM
FullName : Telerik.Sitefinity.Utilities, Version=13.3.7600.0, Culture=neutral, PublicKeyToken=b28c218413bdf563
AppDomainName : /LM/W3SVC/5/ROOT-1-132645348390781538
ThreadIdentity : 
WindowsIdentity : IIS APPPOOL\Sitefinity-Dev3
Requested URL : https://tfs-sitefinity.virtualdreams.io/Sitefinity/adminapp/pages/(tfsm/quienes-somos/Action/Edit/en/dialog:confirm/img/video.png


Category: ErrorLog

Priority: 0

EventId: 90000

Severity: Error

Title:Enterprise Library Exception Handling

Machine: INSTANCE-TFS-SI

App Domain: /LM/W3SVC/5/ROOT-1-132645348390781538

ProcessId: 2620

Process Name: c:\windows\system32\inetsrv\w3wp.exe

Thread Name: 

Win32 ThreadId:1872

Extended Properties: 
----------------------------------------
----------------------------------------
ActivityId: 06e67140-cdaa-4ca6-800c-3b52c917e587

Timestamp: 5/3/2021 7:36:13 PM

Message: IdentityServer signing certificate is not configured. System will be using default IdentityServer certificate

Category: ErrorLog

Priority: -1

EventId: 1

Severity: Information

Title:

Machine: INSTANCE-TFS-SI

App Domain: /LM/W3SVC/5/ROOT-1-132645438968975106

ProcessId: 8824

Process Name: c:\windows\system32\inetsrv\w3wp.exe

Thread Name: 

Win32 ThreadId:8576

Extended Properties: 
----------------------------------------
----------------------------------------
ActivityId: e2c241fe-7b5f-4fd5-82d1-031e810dfb41

Timestamp: 5/3/2021 8:59:53 PM

Message: IdentityServer signing certificate is not configured. System will be using default IdentityServer certificate

Category: ErrorLog

Priority: -1

EventId: 1

Severity: Information

Title:

Machine: INSTANCE-TFS-SI

App Domain: /LM/W3SVC/5/ROOT-1-132645490984755214

ProcessId: 9704

Process Name: c:\windows\system32\inetsrv\w3wp.exe

Thread Name: 

Win32 ThreadId:5684

Extended Properties: 
----------------------------------------
----------------------------------------
ActivityId: f349c816-653a-4bef-b6c2-bd6773be52e7

Timestamp: 5/4/2021 12:43:16 AM

Message: IdentityServer signing certificate is not configured. System will be using default IdentityServer certificate

Category: ErrorLog

Priority: -1

EventId: 1

Severity: Information

Title:

Machine: INSTANCE-TFS-SI

App Domain: /LM/W3SVC/5/ROOT-1-132645618934867141

ProcessId: 3708

Process Name: c:\windows\system32\inetsrv\w3wp.exe

Thread Name: 

Win32 ThreadId:2864

Extended Properties: 
----------------------------------------
