----------------------------------------
ActivityId: 3aaf5dcd-a88c-4d52-b6c8-535b2a8bc82d

Timestamp: 5/14/2021 10:37:49 AM

Message: IdentityServer signing certificate is not configured. System will be using default IdentityServer certificate

Category: ErrorLog

Priority: -1

EventId: 1

Severity: Information

Title:

Machine: INSTANCE-TFS-SI

App Domain: /LM/W3SVC/5/ROOT-1-132654618027660255

ProcessId: 6440

Process Name: c:\windows\system32\inetsrv\w3wp.exe

Thread Name: 

Win32 ThreadId:6944

Extended Properties: 
----------------------------------------
----------------------------------------
ActivityId: 5eb8c557-3e01-4c75-b7a5-59ae0b5479cb

Timestamp: 14/05/2021 12:03:04

Message: IdentityServer signing certificate is not configured. System will be using default IdentityServer certificate

Category: ErrorLog

Priority: -1

EventId: 1

Severity: Information

Title:

Machine: INSTANCE-TFS-SI

App Domain: /LM/W3SVC/5/ROOT-1-132654673504182157

ProcessId: 6304

Process Name: c:\windows\system32\inetsrv\w3wp.exe

Thread Name: 

Win32 ThreadId:3200

Extended Properties: 
----------------------------------------
----------------------------------------
ActivityId: 5eb8c557-3e01-4c75-b7a5-59ae0b5479cb

Timestamp: 14/05/2021 12:03:09

Message: System.Web.HttpException (0x80004005): Server cannot append header after HTTP headers have been sent.
   at System.Web.HttpHeaderCollection.SetHeader(String name, String value, Boolean replace)
   at Microsoft.Owin.Host.SystemWeb.CallHeaders.AspNetResponseHeaders.Set(String key, String[] values)
   at Microsoft.Owin.Infrastructure.ChunkingCookieManager.AppendResponseCookie(IOwinContext context, String key, String value, CookieOptions options)
   at Telerik.Sitefinity.Authentication.Owin.SitefinityAuthentication.SitefinityCookieAuthenticationHandler.SetAuthCookie(AuthenticationTicket ticket, Boolean isPersistent, Nullable`1 expiresUtc)
   at Telerik.Sitefinity.Authentication.Owin.SitefinityAuthentication.SitefinityCookieAuthenticationHandler.<Renew>d__10.MoveNext()
--- End of stack trace from previous location where exception was thrown ---
   at System.Runtime.ExceptionServices.ExceptionDispatchInfo.Throw()
   at System.Runtime.CompilerServices.TaskAwaiter.HandleNonSuccessAndDebuggerNotification(Task task)
   at Telerik.Sitefinity.Authentication.Owin.SitefinityAuthentication.SitefinityCookieAuthenticationHandler.<ApplyResponseGrantAsync>d__2.MoveNext()
--- End of stack trace from previous location where exception was thrown ---
   at System.Runtime.ExceptionServices.ExceptionDispatchInfo.Throw()
   at System.Runtime.CompilerServices.TaskAwaiter.HandleNonSuccessAndDebuggerNotification(Task task)
   at Microsoft.Owin.Security.Infrastructure.AuthenticationHandler.<ApplyResponseCoreAsync>d__b.MoveNext()
--- End of stack trace from previous location where exception was thrown ---
   at System.Runtime.ExceptionServices.ExceptionDispatchInfo.Throw()
   at System.Runtime.CompilerServices.TaskAwaiter.HandleNonSuccessAndDebuggerNotification(Task task)
   at Microsoft.Owin.Security.Infrastructure.AuthenticationHandler.<ApplyResponseAsync>d__8.MoveNext()
--- End of stack trace from previous location where exception was thrown ---
   at System.Runtime.ExceptionServices.ExceptionDispatchInfo.Throw()
   at System.Runtime.CompilerServices.TaskAwaiter.HandleNonSuccessAndDebuggerNotification(Task task)
   at Microsoft.Owin.Security.Infrastructure.AuthenticationHandler.<TeardownAsync>d__5.MoveNext()
--- End of stack trace from previous location where exception was thrown ---
   at System.Runtime.ExceptionServices.ExceptionDispatchInfo.Throw()
   at System.Runtime.CompilerServices.TaskAwaiter.HandleNonSuccessAndDebuggerNotification(Task task)
   at Microsoft.Owin.Security.Infrastructure.AuthenticationMiddleware`1.<Invoke>d__0.MoveNext()
--- End of stack trace from previous location where exception was thrown ---
   at System.Runtime.ExceptionServices.ExceptionDispatchInfo.Throw()
   at System.Runtime.CompilerServices.TaskAwaiter.HandleNonSuccessAndDebuggerNotification(Task task)
   at Telerik.Sitefinity.Authentication.Owin.Cookies.CookieSaverMiddleware.<Invoke>d__1.MoveNext()
--- End of stack trace from previous location where exception was thrown ---
   at System.Runtime.ExceptionServices.ExceptionDispatchInfo.Throw()
   at System.Runtime.CompilerServices.TaskAwaiter.HandleNonSuccessAndDebuggerNotification(Task task)
   at Microsoft.Owin.Mapping.MapWhenMiddleware.<Invoke>d__0.MoveNext()
--- End of stack trace from previous location where exception was thrown ---
   at System.Runtime.ExceptionServices.ExceptionDispatchInfo.Throw()
   at System.Runtime.CompilerServices.TaskAwaiter.HandleNonSuccessAndDebuggerNotification(Task task)
   at Microsoft.Owin.Mapping.MapMiddleware.<Invoke>d__0.MoveNext()
--- End of stack trace from previous location where exception was thrown ---
   at System.Runtime.ExceptionServices.ExceptionDispatchInfo.Throw()
   at System.Runtime.CompilerServices.TaskAwaiter.HandleNonSuccessAndDebuggerNotification(Task task)
   at Microsoft.Owin.Mapping.MapMiddleware.<Invoke>d__0.MoveNext()
--- End of stack trace from previous location where exception was thrown ---
   at System.Runtime.ExceptionServices.ExceptionDispatchInfo.Throw()
   at System.Runtime.CompilerServices.TaskAwaiter.HandleNonSuccessAndDebuggerNotification(Task task)
   at Telerik.Sitefinity.Authentication.Owin.RelyingPartyMiddleware.<Invoke>d__1.MoveNext()
--- End of stack trace from previous location where exception was thrown ---
   at System.Runtime.ExceptionServices.ExceptionDispatchInfo.Throw()
   at System.Runtime.CompilerServices.TaskAwaiter.HandleNonSuccessAndDebuggerNotification(Task task)
   at Telerik.Sitefinity.Authentication.Owin.AnonymousUserMiddleware.<Invoke>d__1.MoveNext()
--- End of stack trace from previous location where exception was thrown ---
   at System.Runtime.ExceptionServices.ExceptionDispatchInfo.Throw()
   at System.Runtime.CompilerServices.TaskAwaiter.HandleNonSuccessAndDebuggerNotification(Task task)
   at Telerik.Sitefinity.Authentication.Owin.AccessControlMiddleware.<Invoke>d__1.MoveNext()
--- End of stack trace from previous location where exception was thrown ---
   at System.Runtime.ExceptionServices.ExceptionDispatchInfo.Throw()
   at System.Runtime.CompilerServices.TaskAwaiter.HandleNonSuccessAndDebuggerNotification(Task task)
   at Microsoft.Owin.Mapping.MapMiddleware.<Invoke>d__0.MoveNext()
--- End of stack trace from previous location where exception was thrown ---
   at System.Runtime.ExceptionServices.ExceptionDispatchInfo.Throw()
   at System.Runtime.CompilerServices.TaskAwaiter.HandleNonSuccessAndDebuggerNotification(Task task)
   at Microsoft.Owin.Mapping.MapMiddleware.<Invoke>d__0.MoveNext()
--- End of stack trace from previous location where exception was thrown ---
   at System.Runtime.ExceptionServices.ExceptionDispatchInfo.Throw()
   at System.Runtime.CompilerServices.TaskAwaiter.HandleNonSuccessAndDebuggerNotification(Task task)
   at Telerik.Sitefinity.Authentication.Owin.SecurityTokenServiceMiddleware.<Invoke>d__1.MoveNext()
--- End of stack trace from previous location where exception was thrown ---
   at System.Runtime.ExceptionServices.ExceptionDispatchInfo.Throw()
   at System.Runtime.CompilerServices.TaskAwaiter.HandleNonSuccessAndDebuggerNotification(Task task)
   at Telerik.Sitefinity.Authentication.Owin.SitefinityAuthenticationMiddleware.<Invoke>d__1.MoveNext()
--- End of stack trace from previous location where exception was thrown ---
   at System.Runtime.ExceptionServices.ExceptionDispatchInfo.Throw()
   at System.Runtime.CompilerServices.TaskAwaiter.HandleNonSuccessAndDebuggerNotification(Task task)
   at Telerik.Sitefinity.Owin.Extensions.SslOffloaderMiddleware.<Invoke>d__1.MoveNext()
--- End of stack trace from previous location where exception was thrown ---
   at System.Runtime.ExceptionServices.ExceptionDispatchInfo.Throw()
   at System.Runtime.CompilerServices.TaskAwaiter.HandleNonSuccessAndDebuggerNotification(Task task)
   at Telerik.Sitefinity.Owin.HttpsRedirectMiddleware.<Invoke>d__1.MoveNext()
--- End of stack trace from previous location where exception was thrown ---
   at System.Runtime.ExceptionServices.ExceptionDispatchInfo.Throw()
   at System.Runtime.CompilerServices.TaskAwaiter.HandleNonSuccessAndDebuggerNotification(Task task)
   at Telerik.Sitefinity.Owin.Extensions.GlobalExceptionMiddleware.<Invoke>d__1.MoveNext()

Category: ErrorLog

Priority: -1

EventId: 1

Severity: Information

Title:

Machine: INSTANCE-TFS-SI

App Domain: /LM/W3SVC/5/ROOT-1-132654673504182157

ProcessId: 6304

Process Name: c:\windows\system32\inetsrv\w3wp.exe

Thread Name: 

Win32 ThreadId:3200

Extended Properties: 
----------------------------------------
----------------------------------------
ActivityId: 5c445f36-36d2-481b-beee-ae1c802bbc0d

Timestamp: 14/05/2021 12:03:09

Message: System.Web.HttpException (0x80004005): Server cannot append header after HTTP headers have been sent.
   at System.Web.HttpHeaderCollection.SetHeader(String name, String value, Boolean replace)
   at Microsoft.Owin.Host.SystemWeb.CallHeaders.AspNetResponseHeaders.Set(String key, String[] values)
   at Microsoft.Owin.Infrastructure.ChunkingCookieManager.AppendResponseCookie(IOwinContext context, String key, String value, CookieOptions options)
   at Telerik.Sitefinity.Authentication.Owin.SitefinityAuthentication.SitefinityCookieAuthenticationHandler.SetAuthCookie(AuthenticationTicket ticket, Boolean isPersistent, Nullable`1 expiresUtc)
   at Telerik.Sitefinity.Authentication.Owin.SitefinityAuthentication.SitefinityCookieAuthenticationHandler.<Renew>d__10.MoveNext()
--- End of stack trace from previous location where exception was thrown ---
   at System.Runtime.ExceptionServices.ExceptionDispatchInfo.Throw()
   at System.Runtime.CompilerServices.TaskAwaiter.HandleNonSuccessAndDebuggerNotification(Task task)
   at Telerik.Sitefinity.Authentication.Owin.SitefinityAuthentication.SitefinityCookieAuthenticationHandler.<ApplyResponseGrantAsync>d__2.MoveNext()
--- End of stack trace from previous location where exception was thrown ---
   at System.Runtime.ExceptionServices.ExceptionDispatchInfo.Throw()
   at System.Runtime.CompilerServices.TaskAwaiter.HandleNonSuccessAndDebuggerNotification(Task task)
   at Microsoft.Owin.Security.Infrastructure.AuthenticationHandler.<ApplyResponseCoreAsync>d__b.MoveNext()
--- End of stack trace from previous location where exception was thrown ---
   at System.Runtime.ExceptionServices.ExceptionDispatchInfo.Throw()
   at System.Runtime.CompilerServices.TaskAwaiter.HandleNonSuccessAndDebuggerNotification(Task task)
   at Microsoft.Owin.Security.Infrastructure.AuthenticationHandler.<ApplyResponseAsync>d__8.MoveNext()
--- End of stack trace from previous location where exception was thrown ---
   at System.Runtime.ExceptionServices.ExceptionDispatchInfo.Throw()
   at System.Runtime.CompilerServices.TaskAwaiter.HandleNonSuccessAndDebuggerNotification(Task task)
   at Microsoft.Owin.Security.Infrastructure.AuthenticationHandler.<TeardownAsync>d__5.MoveNext()
--- End of stack trace from previous location where exception was thrown ---
   at System.Runtime.ExceptionServices.ExceptionDispatchInfo.Throw()
   at System.Runtime.CompilerServices.TaskAwaiter.HandleNonSuccessAndDebuggerNotification(Task task)
   at Microsoft.Owin.Security.Infrastructure.AuthenticationMiddleware`1.<Invoke>d__0.MoveNext()
--- End of stack trace from previous location where exception was thrown ---
   at System.Runtime.ExceptionServices.ExceptionDispatchInfo.Throw()
   at System.Runtime.CompilerServices.TaskAwaiter.HandleNonSuccessAndDebuggerNotification(Task task)
   at Telerik.Sitefinity.Authentication.Owin.Cookies.CookieSaverMiddleware.<Invoke>d__1.MoveNext()
--- End of stack trace from previous location where exception was thrown ---
   at System.Runtime.ExceptionServices.ExceptionDispatchInfo.Throw()
   at System.Runtime.CompilerServices.TaskAwaiter.HandleNonSuccessAndDebuggerNotification(Task task)
   at Microsoft.Owin.Mapping.MapWhenMiddleware.<Invoke>d__0.MoveNext()
--- End of stack trace from previous location where exception was thrown ---
   at System.Runtime.ExceptionServices.ExceptionDispatchInfo.Throw()
   at System.Runtime.CompilerServices.TaskAwaiter.HandleNonSuccessAndDebuggerNotification(Task task)
   at Microsoft.Owin.Mapping.MapMiddleware.<Invoke>d__0.MoveNext()
--- End of stack trace from previous location where exception was thrown ---
   at System.Runtime.ExceptionServices.ExceptionDispatchInfo.Throw()
   at System.Runtime.CompilerServices.TaskAwaiter.HandleNonSuccessAndDebuggerNotification(Task task)
   at Microsoft.Owin.Mapping.MapMiddleware.<Invoke>d__0.MoveNext()
--- End of stack trace from previous location where exception was thrown ---
   at System.Runtime.ExceptionServices.ExceptionDispatchInfo.Throw()
   at System.Runtime.CompilerServices.TaskAwaiter.HandleNonSuccessAndDebuggerNotification(Task task)
   at Telerik.Sitefinity.Authentication.Owin.RelyingPartyMiddleware.<Invoke>d__1.MoveNext()
--- End of stack trace from previous location where exception was thrown ---
   at System.Runtime.ExceptionServices.ExceptionDispatchInfo.Throw()
   at System.Runtime.CompilerServices.TaskAwaiter.HandleNonSuccessAndDebuggerNotification(Task task)
   at Telerik.Sitefinity.Authentication.Owin.AnonymousUserMiddleware.<Invoke>d__1.MoveNext()
--- End of stack trace from previous location where exception was thrown ---
   at System.Runtime.ExceptionServices.ExceptionDispatchInfo.Throw()
   at System.Runtime.CompilerServices.TaskAwaiter.HandleNonSuccessAndDebuggerNotification(Task task)
   at Telerik.Sitefinity.Authentication.Owin.AccessControlMiddleware.<Invoke>d__1.MoveNext()
--- End of stack trace from previous location where exception was thrown ---
   at System.Runtime.ExceptionServices.ExceptionDispatchInfo.Throw()
   at System.Runtime.CompilerServices.TaskAwaiter.HandleNonSuccessAndDebuggerNotification(Task task)
   at Microsoft.Owin.Mapping.MapMiddleware.<Invoke>d__0.MoveNext()
--- End of stack trace from previous location where exception was thrown ---
   at System.Runtime.ExceptionServices.ExceptionDispatchInfo.Throw()
   at System.Runtime.CompilerServices.TaskAwaiter.HandleNonSuccessAndDebuggerNotification(Task task)
   at Microsoft.Owin.Mapping.MapMiddleware.<Invoke>d__0.MoveNext()
--- End of stack trace from previous location where exception was thrown ---
   at System.Runtime.ExceptionServices.ExceptionDispatchInfo.Throw()
   at System.Runtime.CompilerServices.TaskAwaiter.HandleNonSuccessAndDebuggerNotification(Task task)
   at Telerik.Sitefinity.Authentication.Owin.SecurityTokenServiceMiddleware.<Invoke>d__1.MoveNext()
--- End of stack trace from previous location where exception was thrown ---
   at System.Runtime.ExceptionServices.ExceptionDispatchInfo.Throw()
   at System.Runtime.CompilerServices.TaskAwaiter.HandleNonSuccessAndDebuggerNotification(Task task)
   at Telerik.Sitefinity.Authentication.Owin.SitefinityAuthenticationMiddleware.<Invoke>d__1.MoveNext()
--- End of stack trace from previous location where exception was thrown ---
   at System.Runtime.ExceptionServices.ExceptionDispatchInfo.Throw()
   at System.Runtime.CompilerServices.TaskAwaiter.HandleNonSuccessAndDebuggerNotification(Task task)
   at Telerik.Sitefinity.Owin.Extensions.SslOffloaderMiddleware.<Invoke>d__1.MoveNext()
--- End of stack trace from previous location where exception was thrown ---
   at System.Runtime.ExceptionServices.ExceptionDispatchInfo.Throw()
   at System.Runtime.CompilerServices.TaskAwaiter.HandleNonSuccessAndDebuggerNotification(Task task)
   at Telerik.Sitefinity.Owin.HttpsRedirectMiddleware.<Invoke>d__1.MoveNext()
--- End of stack trace from previous location where exception was thrown ---
   at System.Runtime.ExceptionServices.ExceptionDispatchInfo.Throw()
   at System.Runtime.CompilerServices.TaskAwaiter.HandleNonSuccessAndDebuggerNotification(Task task)
   at Telerik.Sitefinity.Owin.Extensions.GlobalExceptionMiddleware.<Invoke>d__1.MoveNext()

Category: ErrorLog

Priority: -1

EventId: 1

Severity: Information

Title:

Machine: INSTANCE-TFS-SI

App Domain: /LM/W3SVC/5/ROOT-1-132654673504182157

ProcessId: 6304

Process Name: c:\windows\system32\inetsrv\w3wp.exe

Thread Name: 

Win32 ThreadId:400

Extended Properties: 
----------------------------------------
----------------------------------------
ActivityId: 00000000-0000-0000-0000-000000000000

Timestamp: 5/14/2021 12:03:10 PM

Message: HandlingInstanceID: 1e124bb4-033b-4ce8-9a99-fcf91a32f91c
An exception of type 'System.Web.HttpException' occurred and was caught.
------------------------------------------------------------------------
05/14/2021 12:03:09
Type : System.Web.HttpException, System.Web, Version=4.0.0.0, Culture=neutral, PublicKeyToken=b03f5f7f11d50a3a
Message : Server cannot append header after HTTP headers have been sent.
Source : Telerik.Sitefinity
Help link : 
WebEventCode : 0
ErrorCode : -2147467259
Data : System.Collections.ListDictionaryInternal
TargetSite : Void MoveNext()
HResult : -2147467259
Stack Trace :    at Telerik.Sitefinity.Owin.Extensions.GlobalExceptionMiddleware.<Invoke>d__1.MoveNext()
--- End of stack trace from previous location where exception was thrown ---
   at System.Runtime.ExceptionServices.ExceptionDispatchInfo.Throw()
   at System.Runtime.CompilerServices.TaskAwaiter.HandleNonSuccessAndDebuggerNotification(Task task)
   at Telerik.Sitefinity.Owin.SitefinityMiddleware.<Invoke>d__1.MoveNext()
--- End of stack trace from previous location where exception was thrown ---
   at System.Runtime.ExceptionServices.ExceptionDispatchInfo.Throw()
   at System.Runtime.CompilerServices.TaskAwaiter.HandleNonSuccessAndDebuggerNotification(Task task)
   at Microsoft.Owin.Host.SystemWeb.IntegratedPipeline.IntegratedPipelineContextStage.<RunApp>d__5.MoveNext()
--- End of stack trace from previous location where exception was thrown ---
   at System.Runtime.ExceptionServices.ExceptionDispatchInfo.Throw()
   at System.Runtime.CompilerServices.TaskAwaiter.HandleNonSuccessAndDebuggerNotification(Task task)
   at Microsoft.Owin.Host.SystemWeb.IntegratedPipeline.IntegratedPipelineContext.<DoFinalWork>d__2.MoveNext()
--- End of stack trace from previous location where exception was thrown ---
   at System.Runtime.ExceptionServices.ExceptionDispatchInfo.Throw()
   at Microsoft.Owin.Host.SystemWeb.IntegratedPipeline.StageAsyncResult.End(IAsyncResult ar)
   at System.Web.HttpApplication.AsyncEventExecutionStep.System.Web.HttpApplication.IExecutionStep.Execute()
   at System.Web.HttpApplication.ExecuteStepImpl(IExecutionStep step)
   at System.Web.HttpApplication.ExecuteStep(IExecutionStep step, Boolean& completedSynchronously)

Additional Info:

MachineName : INSTANCE-TFS-SI
TimeStamp : 5/14/2021 12:03:10 PM
FullName : Telerik.Sitefinity.Utilities, Version=13.3.7600.0, Culture=neutral, PublicKeyToken=b28c218413bdf563
AppDomainName : /LM/W3SVC/5/ROOT-1-132654673504182157
ThreadIdentity : Anonymous
WindowsIdentity : IIS APPPOOL\Sitefinity-Dev3
Requested URL : https://tfs-sitefinity.virtualdreams.io/appstatus


Category: ErrorLog

Priority: 0

EventId: 90000

Severity: Error

Title:Enterprise Library Exception Handling

Machine: INSTANCE-TFS-SI

App Domain: /LM/W3SVC/5/ROOT-1-132654673504182157

ProcessId: 6304

Process Name: c:\windows\system32\inetsrv\w3wp.exe

Thread Name: 

Win32 ThreadId:3200

Extended Properties: 
----------------------------------------
----------------------------------------
ActivityId: 00000000-0000-0000-0000-000000000000

Timestamp: 5/14/2021 12:03:10 PM

Message: HandlingInstanceID: a6c2d78f-8269-4f54-9573-b5632a3c6622
An exception of type 'System.Web.HttpException' occurred and was caught.
------------------------------------------------------------------------
05/14/2021 12:03:10
Type : System.Web.HttpException, System.Web, Version=4.0.0.0, Culture=neutral, PublicKeyToken=b03f5f7f11d50a3a
Message : Server cannot append header after HTTP headers have been sent.
Source : Telerik.Sitefinity
Help link : 
WebEventCode : 0
ErrorCode : -2147467259
Data : System.Collections.ListDictionaryInternal
TargetSite : Void MoveNext()
HResult : -2147467259
Stack Trace :    at Telerik.Sitefinity.Owin.Extensions.GlobalExceptionMiddleware.<Invoke>d__1.MoveNext()
--- End of stack trace from previous location where exception was thrown ---
   at System.Runtime.ExceptionServices.ExceptionDispatchInfo.Throw()
   at System.Runtime.CompilerServices.TaskAwaiter.HandleNonSuccessAndDebuggerNotification(Task task)
   at Telerik.Sitefinity.Owin.SitefinityMiddleware.<Invoke>d__1.MoveNext()
--- End of stack trace from previous location where exception was thrown ---
   at System.Runtime.ExceptionServices.ExceptionDispatchInfo.Throw()
   at System.Runtime.CompilerServices.TaskAwaiter.HandleNonSuccessAndDebuggerNotification(Task task)
   at Microsoft.Owin.Host.SystemWeb.IntegratedPipeline.IntegratedPipelineContextStage.<RunApp>d__5.MoveNext()
--- End of stack trace from previous location where exception was thrown ---
   at System.Runtime.ExceptionServices.ExceptionDispatchInfo.Throw()
   at System.Runtime.CompilerServices.TaskAwaiter.HandleNonSuccessAndDebuggerNotification(Task task)
   at Microsoft.Owin.Host.SystemWeb.IntegratedPipeline.IntegratedPipelineContext.<DoFinalWork>d__2.MoveNext()
--- End of stack trace from previous location where exception was thrown ---
   at System.Runtime.ExceptionServices.ExceptionDispatchInfo.Throw()
   at Microsoft.Owin.Host.SystemWeb.IntegratedPipeline.StageAsyncResult.End(IAsyncResult ar)
   at System.Web.HttpApplication.AsyncEventExecutionStep.System.Web.HttpApplication.IExecutionStep.Execute()
   at System.Web.HttpApplication.ExecuteStepImpl(IExecutionStep step)
   at System.Web.HttpApplication.ExecuteStep(IExecutionStep step, Boolean& completedSynchronously)

Additional Info:

MachineName : INSTANCE-TFS-SI
TimeStamp : 5/14/2021 12:03:10 PM
FullName : Telerik.Sitefinity.Utilities, Version=13.3.7600.0, Culture=neutral, PublicKeyToken=b28c218413bdf563
AppDomainName : /LM/W3SVC/5/ROOT-1-132654673504182157
ThreadIdentity : Anonymous
WindowsIdentity : IIS APPPOOL\Sitefinity-Dev3
Requested URL : https://tfs-sitefinity.virtualdreams.io/appstatus


Category: ErrorLog

Priority: 0

EventId: 90000

Severity: Error

Title:Enterprise Library Exception Handling

Machine: INSTANCE-TFS-SI

App Domain: /LM/W3SVC/5/ROOT-1-132654673504182157

ProcessId: 6304

Process Name: c:\windows\system32\inetsrv\w3wp.exe

Thread Name: 

Win32 ThreadId:400

Extended Properties: 
----------------------------------------
----------------------------------------
ActivityId: aa1b9427-9740-466c-a480-82a7c992c231

Timestamp: 14/05/2021 12:50:06

Message: IdentityServer signing certificate is not configured. System will be using default IdentityServer certificate

Category: ErrorLog

Priority: -1

EventId: 1

Severity: Information

Title:

Machine: INSTANCE-TFS-SI

App Domain: /LM/W3SVC/5/ROOT-1-132654689564860532

ProcessId: 6892

Process Name: c:\windows\system32\inetsrv\w3wp.exe

Thread Name: 

Win32 ThreadId:64

Extended Properties: 
----------------------------------------
----------------------------------------
ActivityId: 6a64663e-9ae5-4b06-8aed-fadf9eac7657

Timestamp: 5/14/2021 4:41:10 PM

Message: IdentityServer signing certificate is not configured. System will be using default IdentityServer certificate

Category: ErrorLog

Priority: -1

EventId: 1

Severity: Information

Title:

Machine: INSTANCE-TFS-SI

App Domain: /LM/W3SVC/5/ROOT-1-132654839654920539

ProcessId: 6884

Process Name: c:\windows\system32\inetsrv\w3wp.exe

Thread Name: 

Win32 ThreadId:9580

Extended Properties: 
----------------------------------------
----------------------------------------
ActivityId: d0339709-3caf-4a50-872b-703abe03f8c0

Timestamp: 14/05/2021 19:12:16

Message: System.Web.HttpException (0x80004005): Server cannot modify cookies after HTTP headers have been sent.
   at System.Web.HttpResponse.BeforeCookieCollectionChange()
   at Telerik.Sitefinity.Authentication.Owin.Cookies.CookieSaver.Save(IOwinContext owinContext)
   at Telerik.Sitefinity.Authentication.Owin.Cookies.CookieSaverMiddleware.<Invoke>d__1.MoveNext()
--- End of stack trace from previous location where exception was thrown ---
   at System.Runtime.ExceptionServices.ExceptionDispatchInfo.Throw()
   at System.Runtime.CompilerServices.TaskAwaiter.HandleNonSuccessAndDebuggerNotification(Task task)
   at Microsoft.Owin.Mapping.MapWhenMiddleware.<Invoke>d__0.MoveNext()
--- End of stack trace from previous location where exception was thrown ---
   at System.Runtime.ExceptionServices.ExceptionDispatchInfo.Throw()
   at System.Runtime.CompilerServices.TaskAwaiter.HandleNonSuccessAndDebuggerNotification(Task task)
   at Microsoft.Owin.Mapping.MapMiddleware.<Invoke>d__0.MoveNext()
--- End of stack trace from previous location where exception was thrown ---
   at System.Runtime.ExceptionServices.ExceptionDispatchInfo.Throw()
   at System.Runtime.CompilerServices.TaskAwaiter.HandleNonSuccessAndDebuggerNotification(Task task)
   at Microsoft.Owin.Mapping.MapMiddleware.<Invoke>d__0.MoveNext()
--- End of stack trace from previous location where exception was thrown ---
   at System.Runtime.ExceptionServices.ExceptionDispatchInfo.Throw()
   at System.Runtime.CompilerServices.TaskAwaiter.HandleNonSuccessAndDebuggerNotification(Task task)
   at Telerik.Sitefinity.Authentication.Owin.RelyingPartyMiddleware.<Invoke>d__1.MoveNext()
--- End of stack trace from previous location where exception was thrown ---
   at System.Runtime.ExceptionServices.ExceptionDispatchInfo.Throw()
   at System.Runtime.CompilerServices.TaskAwaiter.HandleNonSuccessAndDebuggerNotification(Task task)
   at Telerik.Sitefinity.Authentication.Owin.AnonymousUserMiddleware.<Invoke>d__1.MoveNext()
--- End of stack trace from previous location where exception was thrown ---
   at System.Runtime.ExceptionServices.ExceptionDispatchInfo.Throw()
   at System.Runtime.CompilerServices.TaskAwaiter.HandleNonSuccessAndDebuggerNotification(Task task)
   at Telerik.Sitefinity.Authentication.Owin.AccessControlMiddleware.<Invoke>d__1.MoveNext()
--- End of stack trace from previous location where exception was thrown ---
   at System.Runtime.ExceptionServices.ExceptionDispatchInfo.Throw()
   at System.Runtime.CompilerServices.TaskAwaiter.HandleNonSuccessAndDebuggerNotification(Task task)
   at Microsoft.Owin.Mapping.MapMiddleware.<Invoke>d__0.MoveNext()
--- End of stack trace from previous location where exception was thrown ---
   at System.Runtime.ExceptionServices.ExceptionDispatchInfo.Throw()
   at System.Runtime.CompilerServices.TaskAwaiter.HandleNonSuccessAndDebuggerNotification(Task task)
   at Microsoft.Owin.Mapping.MapMiddleware.<Invoke>d__0.MoveNext()
--- End of stack trace from previous location where exception was thrown ---
   at System.Runtime.ExceptionServices.ExceptionDispatchInfo.Throw()
   at System.Runtime.CompilerServices.TaskAwaiter.HandleNonSuccessAndDebuggerNotification(Task task)
   at Telerik.Sitefinity.Authentication.Owin.SecurityTokenServiceMiddleware.<Invoke>d__1.MoveNext()
--- End of stack trace from previous location where exception was thrown ---
   at System.Runtime.ExceptionServices.ExceptionDispatchInfo.Throw()
   at System.Runtime.CompilerServices.TaskAwaiter.HandleNonSuccessAndDebuggerNotification(Task task)
   at Telerik.Sitefinity.Authentication.Owin.SitefinityAuthenticationMiddleware.<Invoke>d__1.MoveNext()
--- End of stack trace from previous location where exception was thrown ---
   at System.Runtime.ExceptionServices.ExceptionDispatchInfo.Throw()
   at System.Runtime.CompilerServices.TaskAwaiter.HandleNonSuccessAndDebuggerNotification(Task task)
   at Telerik.Sitefinity.Owin.Extensions.SslOffloaderMiddleware.<Invoke>d__1.MoveNext()
--- End of stack trace from previous location where exception was thrown ---
   at System.Runtime.ExceptionServices.ExceptionDispatchInfo.Throw()
   at System.Runtime.CompilerServices.TaskAwaiter.HandleNonSuccessAndDebuggerNotification(Task task)
   at Telerik.Sitefinity.Owin.HttpsRedirectMiddleware.<Invoke>d__1.MoveNext()
--- End of stack trace from previous location where exception was thrown ---
   at System.Runtime.ExceptionServices.ExceptionDispatchInfo.Throw()
   at System.Runtime.CompilerServices.TaskAwaiter.HandleNonSuccessAndDebuggerNotification(Task task)
   at Telerik.Sitefinity.Owin.Extensions.GlobalExceptionMiddleware.<Invoke>d__1.MoveNext()

Category: ErrorLog

Priority: -1

EventId: 1

Severity: Information

Title:

Machine: INSTANCE-TFS-SI

App Domain: /LM/W3SVC/5/ROOT-1-132654839654920539

ProcessId: 6884

Process Name: c:\windows\system32\inetsrv\w3wp.exe

Thread Name: 

Win32 ThreadId:9872

Extended Properties: 
----------------------------------------
----------------------------------------
ActivityId: 9afef4e7-7a1a-4cea-8aaa-aef27465bfe5

Timestamp: 14/05/2021 19:12:16

Message: System.Web.HttpException (0x80004005): Server cannot modify cookies after HTTP headers have been sent.
   at System.Web.HttpResponse.BeforeCookieCollectionChange()
   at Telerik.Sitefinity.Authentication.Owin.Cookies.CookieSaver.Save(IOwinContext owinContext)
   at Telerik.Sitefinity.Authentication.Owin.Cookies.CookieSaverMiddleware.<Invoke>d__1.MoveNext()
--- End of stack trace from previous location where exception was thrown ---
   at System.Runtime.ExceptionServices.ExceptionDispatchInfo.Throw()
   at System.Runtime.CompilerServices.TaskAwaiter.HandleNonSuccessAndDebuggerNotification(Task task)
   at Microsoft.Owin.Mapping.MapWhenMiddleware.<Invoke>d__0.MoveNext()
--- End of stack trace from previous location where exception was thrown ---
   at System.Runtime.ExceptionServices.ExceptionDispatchInfo.Throw()
   at System.Runtime.CompilerServices.TaskAwaiter.HandleNonSuccessAndDebuggerNotification(Task task)
   at Microsoft.Owin.Mapping.MapMiddleware.<Invoke>d__0.MoveNext()
--- End of stack trace from previous location where exception was thrown ---
   at System.Runtime.ExceptionServices.ExceptionDispatchInfo.Throw()
   at System.Runtime.CompilerServices.TaskAwaiter.HandleNonSuccessAndDebuggerNotification(Task task)
   at Microsoft.Owin.Mapping.MapMiddleware.<Invoke>d__0.MoveNext()
--- End of stack trace from previous location where exception was thrown ---
   at System.Runtime.ExceptionServices.ExceptionDispatchInfo.Throw()
   at System.Runtime.CompilerServices.TaskAwaiter.HandleNonSuccessAndDebuggerNotification(Task task)
   at Telerik.Sitefinity.Authentication.Owin.RelyingPartyMiddleware.<Invoke>d__1.MoveNext()
--- End of stack trace from previous location where exception was thrown ---
   at System.Runtime.ExceptionServices.ExceptionDispatchInfo.Throw()
   at System.Runtime.CompilerServices.TaskAwaiter.HandleNonSuccessAndDebuggerNotification(Task task)
   at Telerik.Sitefinity.Authentication.Owin.AnonymousUserMiddleware.<Invoke>d__1.MoveNext()
--- End of stack trace from previous location where exception was thrown ---
   at System.Runtime.ExceptionServices.ExceptionDispatchInfo.Throw()
   at System.Runtime.CompilerServices.TaskAwaiter.HandleNonSuccessAndDebuggerNotification(Task task)
   at Telerik.Sitefinity.Authentication.Owin.AccessControlMiddleware.<Invoke>d__1.MoveNext()
--- End of stack trace from previous location where exception was thrown ---
   at System.Runtime.ExceptionServices.ExceptionDispatchInfo.Throw()
   at System.Runtime.CompilerServices.TaskAwaiter.HandleNonSuccessAndDebuggerNotification(Task task)
   at Microsoft.Owin.Mapping.MapMiddleware.<Invoke>d__0.MoveNext()
--- End of stack trace from previous location where exception was thrown ---
   at System.Runtime.ExceptionServices.ExceptionDispatchInfo.Throw()
   at System.Runtime.CompilerServices.TaskAwaiter.HandleNonSuccessAndDebuggerNotification(Task task)
   at Microsoft.Owin.Mapping.MapMiddleware.<Invoke>d__0.MoveNext()
--- End of stack trace from previous location where exception was thrown ---
   at System.Runtime.ExceptionServices.ExceptionDispatchInfo.Throw()
   at System.Runtime.CompilerServices.TaskAwaiter.HandleNonSuccessAndDebuggerNotification(Task task)
   at Telerik.Sitefinity.Authentication.Owin.SecurityTokenServiceMiddleware.<Invoke>d__1.MoveNext()
--- End of stack trace from previous location where exception was thrown ---
   at System.Runtime.ExceptionServices.ExceptionDispatchInfo.Throw()
   at System.Runtime.CompilerServices.TaskAwaiter.HandleNonSuccessAndDebuggerNotification(Task task)
   at Telerik.Sitefinity.Authentication.Owin.SitefinityAuthenticationMiddleware.<Invoke>d__1.MoveNext()
--- End of stack trace from previous location where exception was thrown ---
   at System.Runtime.ExceptionServices.ExceptionDispatchInfo.Throw()
   at System.Runtime.CompilerServices.TaskAwaiter.HandleNonSuccessAndDebuggerNotification(Task task)
   at Telerik.Sitefinity.Owin.Extensions.SslOffloaderMiddleware.<Invoke>d__1.MoveNext()
--- End of stack trace from previous location where exception was thrown ---
   at System.Runtime.ExceptionServices.ExceptionDispatchInfo.Throw()
   at System.Runtime.CompilerServices.TaskAwaiter.HandleNonSuccessAndDebuggerNotification(Task task)
   at Telerik.Sitefinity.Owin.HttpsRedirectMiddleware.<Invoke>d__1.MoveNext()
--- End of stack trace from previous location where exception was thrown ---
   at System.Runtime.ExceptionServices.ExceptionDispatchInfo.Throw()
   at System.Runtime.CompilerServices.TaskAwaiter.HandleNonSuccessAndDebuggerNotification(Task task)
   at Telerik.Sitefinity.Owin.Extensions.GlobalExceptionMiddleware.<Invoke>d__1.MoveNext()

Category: ErrorLog

Priority: -1

EventId: 1

Severity: Information

Title:

Machine: INSTANCE-TFS-SI

App Domain: /LM/W3SVC/5/ROOT-1-132654839654920539

ProcessId: 6884

Process Name: c:\windows\system32\inetsrv\w3wp.exe

Thread Name: 

Win32 ThreadId:9132

Extended Properties: 
----------------------------------------
----------------------------------------
ActivityId: 6137af14-5be1-44f8-8c5e-48acece9067a

Timestamp: 14/05/2021 19:12:16

Message: System.Web.HttpException (0x80004005): Server cannot modify cookies after HTTP headers have been sent.
   at System.Web.HttpResponse.BeforeCookieCollectionChange()
   at Telerik.Sitefinity.Authentication.Owin.Cookies.CookieSaver.Save(IOwinContext owinContext)
   at Telerik.Sitefinity.Authentication.Owin.Cookies.CookieSaverMiddleware.<Invoke>d__1.MoveNext()
--- End of stack trace from previous location where exception was thrown ---
   at System.Runtime.ExceptionServices.ExceptionDispatchInfo.Throw()
   at System.Runtime.CompilerServices.TaskAwaiter.HandleNonSuccessAndDebuggerNotification(Task task)
   at Microsoft.Owin.Mapping.MapWhenMiddleware.<Invoke>d__0.MoveNext()
--- End of stack trace from previous location where exception was thrown ---
   at System.Runtime.ExceptionServices.ExceptionDispatchInfo.Throw()
   at System.Runtime.CompilerServices.TaskAwaiter.HandleNonSuccessAndDebuggerNotification(Task task)
   at Microsoft.Owin.Mapping.MapMiddleware.<Invoke>d__0.MoveNext()
--- End of stack trace from previous location where exception was thrown ---
   at System.Runtime.ExceptionServices.ExceptionDispatchInfo.Throw()
   at System.Runtime.CompilerServices.TaskAwaiter.HandleNonSuccessAndDebuggerNotification(Task task)
   at Microsoft.Owin.Mapping.MapMiddleware.<Invoke>d__0.MoveNext()
--- End of stack trace from previous location where exception was thrown ---
   at System.Runtime.ExceptionServices.ExceptionDispatchInfo.Throw()
   at System.Runtime.CompilerServices.TaskAwaiter.HandleNonSuccessAndDebuggerNotification(Task task)
   at Telerik.Sitefinity.Authentication.Owin.RelyingPartyMiddleware.<Invoke>d__1.MoveNext()
--- End of stack trace from previous location where exception was thrown ---
   at System.Runtime.ExceptionServices.ExceptionDispatchInfo.Throw()
   at System.Runtime.CompilerServices.TaskAwaiter.HandleNonSuccessAndDebuggerNotification(Task task)
   at Telerik.Sitefinity.Authentication.Owin.AnonymousUserMiddleware.<Invoke>d__1.MoveNext()
--- End of stack trace from previous location where exception was thrown ---
   at System.Runtime.ExceptionServices.ExceptionDispatchInfo.Throw()
   at System.Runtime.CompilerServices.TaskAwaiter.HandleNonSuccessAndDebuggerNotification(Task task)
   at Telerik.Sitefinity.Authentication.Owin.AccessControlMiddleware.<Invoke>d__1.MoveNext()
--- End of stack trace from previous location where exception was thrown ---
   at System.Runtime.ExceptionServices.ExceptionDispatchInfo.Throw()
   at System.Runtime.CompilerServices.TaskAwaiter.HandleNonSuccessAndDebuggerNotification(Task task)
   at Microsoft.Owin.Mapping.MapMiddleware.<Invoke>d__0.MoveNext()
--- End of stack trace from previous location where exception was thrown ---
   at System.Runtime.ExceptionServices.ExceptionDispatchInfo.Throw()
   at System.Runtime.CompilerServices.TaskAwaiter.HandleNonSuccessAndDebuggerNotification(Task task)
   at Microsoft.Owin.Mapping.MapMiddleware.<Invoke>d__0.MoveNext()
--- End of stack trace from previous location where exception was thrown ---
   at System.Runtime.ExceptionServices.ExceptionDispatchInfo.Throw()
   at System.Runtime.CompilerServices.TaskAwaiter.HandleNonSuccessAndDebuggerNotification(Task task)
   at Telerik.Sitefinity.Authentication.Owin.SecurityTokenServiceMiddleware.<Invoke>d__1.MoveNext()
--- End of stack trace from previous location where exception was thrown ---
   at System.Runtime.ExceptionServices.ExceptionDispatchInfo.Throw()
   at System.Runtime.CompilerServices.TaskAwaiter.HandleNonSuccessAndDebuggerNotification(Task task)
   at Telerik.Sitefinity.Authentication.Owin.SitefinityAuthenticationMiddleware.<Invoke>d__1.MoveNext()
--- End of stack trace from previous location where exception was thrown ---
   at System.Runtime.ExceptionServices.ExceptionDispatchInfo.Throw()
   at System.Runtime.CompilerServices.TaskAwaiter.HandleNonSuccessAndDebuggerNotification(Task task)
   at Telerik.Sitefinity.Owin.Extensions.SslOffloaderMiddleware.<Invoke>d__1.MoveNext()
--- End of stack trace from previous location where exception was thrown ---
   at System.Runtime.ExceptionServices.ExceptionDispatchInfo.Throw()
   at System.Runtime.CompilerServices.TaskAwaiter.HandleNonSuccessAndDebuggerNotification(Task task)
   at Telerik.Sitefinity.Owin.HttpsRedirectMiddleware.<Invoke>d__1.MoveNext()
--- End of stack trace from previous location where exception was thrown ---
   at System.Runtime.ExceptionServices.ExceptionDispatchInfo.Throw()
   at System.Runtime.CompilerServices.TaskAwaiter.HandleNonSuccessAndDebuggerNotification(Task task)
   at Telerik.Sitefinity.Owin.Extensions.GlobalExceptionMiddleware.<Invoke>d__1.MoveNext()

Category: ErrorLog

Priority: -1

EventId: 1

Severity: Information

Title:

Machine: INSTANCE-TFS-SI

App Domain: /LM/W3SVC/5/ROOT-1-132654839654920539

ProcessId: 6884

Process Name: c:\windows\system32\inetsrv\w3wp.exe

Thread Name: 

Win32 ThreadId:8516

Extended Properties: 
----------------------------------------
----------------------------------------
ActivityId: b73251db-2e5c-4e4d-9aba-8860275b1e4a

Timestamp: 14/05/2021 19:12:16

Message: System.Web.HttpException (0x80004005): Server cannot modify cookies after HTTP headers have been sent.
   at System.Web.HttpResponse.BeforeCookieCollectionChange()
   at Telerik.Sitefinity.Authentication.Owin.Cookies.CookieSaver.Save(IOwinContext owinContext)
   at Telerik.Sitefinity.Authentication.Owin.Cookies.CookieSaverMiddleware.<Invoke>d__1.MoveNext()
--- End of stack trace from previous location where exception was thrown ---
   at System.Runtime.ExceptionServices.ExceptionDispatchInfo.Throw()
   at System.Runtime.CompilerServices.TaskAwaiter.HandleNonSuccessAndDebuggerNotification(Task task)
   at Microsoft.Owin.Mapping.MapWhenMiddleware.<Invoke>d__0.MoveNext()
--- End of stack trace from previous location where exception was thrown ---
   at System.Runtime.ExceptionServices.ExceptionDispatchInfo.Throw()
   at System.Runtime.CompilerServices.TaskAwaiter.HandleNonSuccessAndDebuggerNotification(Task task)
   at Microsoft.Owin.Mapping.MapMiddleware.<Invoke>d__0.MoveNext()
--- End of stack trace from previous location where exception was thrown ---
   at System.Runtime.ExceptionServices.ExceptionDispatchInfo.Throw()
   at System.Runtime.CompilerServices.TaskAwaiter.HandleNonSuccessAndDebuggerNotification(Task task)
   at Microsoft.Owin.Mapping.MapMiddleware.<Invoke>d__0.MoveNext()
--- End of stack trace from previous location where exception was thrown ---
   at System.Runtime.ExceptionServices.ExceptionDispatchInfo.Throw()
   at System.Runtime.CompilerServices.TaskAwaiter.HandleNonSuccessAndDebuggerNotification(Task task)
   at Telerik.Sitefinity.Authentication.Owin.RelyingPartyMiddleware.<Invoke>d__1.MoveNext()
--- End of stack trace from previous location where exception was thrown ---
   at System.Runtime.ExceptionServices.ExceptionDispatchInfo.Throw()
   at System.Runtime.CompilerServices.TaskAwaiter.HandleNonSuccessAndDebuggerNotification(Task task)
   at Telerik.Sitefinity.Authentication.Owin.AnonymousUserMiddleware.<Invoke>d__1.MoveNext()
--- End of stack trace from previous location where exception was thrown ---
   at System.Runtime.ExceptionServices.ExceptionDispatchInfo.Throw()
   at System.Runtime.CompilerServices.TaskAwaiter.HandleNonSuccessAndDebuggerNotification(Task task)
   at Telerik.Sitefinity.Authentication.Owin.AccessControlMiddleware.<Invoke>d__1.MoveNext()
--- End of stack trace from previous location where exception was thrown ---
   at System.Runtime.ExceptionServices.ExceptionDispatchInfo.Throw()
   at System.Runtime.CompilerServices.TaskAwaiter.HandleNonSuccessAndDebuggerNotification(Task task)
   at Microsoft.Owin.Mapping.MapMiddleware.<Invoke>d__0.MoveNext()
--- End of stack trace from previous location where exception was thrown ---
   at System.Runtime.ExceptionServices.ExceptionDispatchInfo.Throw()
   at System.Runtime.CompilerServices.TaskAwaiter.HandleNonSuccessAndDebuggerNotification(Task task)
   at Microsoft.Owin.Mapping.MapMiddleware.<Invoke>d__0.MoveNext()
--- End of stack trace from previous location where exception was thrown ---
   at System.Runtime.ExceptionServices.ExceptionDispatchInfo.Throw()
   at System.Runtime.CompilerServices.TaskAwaiter.HandleNonSuccessAndDebuggerNotification(Task task)
   at Telerik.Sitefinity.Authentication.Owin.SecurityTokenServiceMiddleware.<Invoke>d__1.MoveNext()
--- End of stack trace from previous location where exception was thrown ---
   at System.Runtime.ExceptionServices.ExceptionDispatchInfo.Throw()
   at System.Runtime.CompilerServices.TaskAwaiter.HandleNonSuccessAndDebuggerNotification(Task task)
   at Telerik.Sitefinity.Authentication.Owin.SitefinityAuthenticationMiddleware.<Invoke>d__1.MoveNext()
--- End of stack trace from previous location where exception was thrown ---
   at System.Runtime.ExceptionServices.ExceptionDispatchInfo.Throw()
   at System.Runtime.CompilerServices.TaskAwaiter.HandleNonSuccessAndDebuggerNotification(Task task)
   at Telerik.Sitefinity.Owin.Extensions.SslOffloaderMiddleware.<Invoke>d__1.MoveNext()
--- End of stack trace from previous location where exception was thrown ---
   at System.Runtime.ExceptionServices.ExceptionDispatchInfo.Throw()
   at System.Runtime.CompilerServices.TaskAwaiter.HandleNonSuccessAndDebuggerNotification(Task task)
   at Telerik.Sitefinity.Owin.HttpsRedirectMiddleware.<Invoke>d__1.MoveNext()
--- End of stack trace from previous location where exception was thrown ---
   at System.Runtime.ExceptionServices.ExceptionDispatchInfo.Throw()
   at System.Runtime.CompilerServices.TaskAwaiter.HandleNonSuccessAndDebuggerNotification(Task task)
   at Telerik.Sitefinity.Owin.Extensions.GlobalExceptionMiddleware.<Invoke>d__1.MoveNext()

Category: ErrorLog

Priority: -1

EventId: 1

Severity: Information

Title:

Machine: INSTANCE-TFS-SI

App Domain: /LM/W3SVC/5/ROOT-1-132654839654920539

ProcessId: 6884

Process Name: c:\windows\system32\inetsrv\w3wp.exe

Thread Name: 

Win32 ThreadId:9428

Extended Properties: 
----------------------------------------
----------------------------------------
ActivityId: 00000000-0000-0000-0000-000000000000

Timestamp: 5/14/2021 7:12:17 PM

Message: HandlingInstanceID: e261f27a-b50a-42c9-ab30-805235c7a57d
An exception of type 'System.Web.HttpException' occurred and was caught.
------------------------------------------------------------------------
05/14/2021 19:12:17
Type : System.Web.HttpException, System.Web, Version=4.0.0.0, Culture=neutral, PublicKeyToken=b03f5f7f11d50a3a
Message : Server cannot modify cookies after HTTP headers have been sent.
Source : Telerik.Sitefinity
Help link : 
WebEventCode : 0
ErrorCode : -2147467259
Data : System.Collections.ListDictionaryInternal
TargetSite : Void MoveNext()
HResult : -2147467259
Stack Trace :    at Telerik.Sitefinity.Owin.Extensions.GlobalExceptionMiddleware.<Invoke>d__1.MoveNext()
--- End of stack trace from previous location where exception was thrown ---
   at System.Runtime.ExceptionServices.ExceptionDispatchInfo.Throw()
   at System.Runtime.CompilerServices.TaskAwaiter.HandleNonSuccessAndDebuggerNotification(Task task)
   at Telerik.Sitefinity.Owin.SitefinityMiddleware.<Invoke>d__1.MoveNext()
--- End of stack trace from previous location where exception was thrown ---
   at System.Runtime.ExceptionServices.ExceptionDispatchInfo.Throw()
   at System.Runtime.CompilerServices.TaskAwaiter.HandleNonSuccessAndDebuggerNotification(Task task)
   at Microsoft.Owin.Host.SystemWeb.IntegratedPipeline.IntegratedPipelineContextStage.<RunApp>d__5.MoveNext()
--- End of stack trace from previous location where exception was thrown ---
   at System.Runtime.ExceptionServices.ExceptionDispatchInfo.Throw()
   at System.Runtime.CompilerServices.TaskAwaiter.HandleNonSuccessAndDebuggerNotification(Task task)
   at Microsoft.Owin.Host.SystemWeb.IntegratedPipeline.IntegratedPipelineContext.<DoFinalWork>d__2.MoveNext()
--- End of stack trace from previous location where exception was thrown ---
   at System.Runtime.ExceptionServices.ExceptionDispatchInfo.Throw()
   at Microsoft.Owin.Host.SystemWeb.IntegratedPipeline.StageAsyncResult.End(IAsyncResult ar)
   at System.Web.HttpApplication.AsyncEventExecutionStep.System.Web.HttpApplication.IExecutionStep.Execute()
   at System.Web.HttpApplication.ExecuteStepImpl(IExecutionStep step)
   at System.Web.HttpApplication.ExecuteStep(IExecutionStep step, Boolean& completedSynchronously)

Additional Info:

MachineName : INSTANCE-TFS-SI
TimeStamp : 5/14/2021 7:12:17 PM
FullName : Telerik.Sitefinity.Utilities, Version=13.3.7600.0, Culture=neutral, PublicKeyToken=b28c218413bdf563
AppDomainName : /LM/W3SVC/5/ROOT-1-132654839654920539
ThreadIdentity : tomas.vera@virtualdreams.io
WindowsIdentity : IIS APPPOOL\Sitefinity-Dev3
Requested URL : https://tfs-sitefinity.virtualdreams.io/images/default-source/tfsm/plans/reparaciones-en-tu-distribuidor.tmb-.png?Status=Master&sfvrsn=26c61ebd_3


Category: ErrorLog

Priority: 0

EventId: 90000

Severity: Error

Title:Enterprise Library Exception Handling

Machine: INSTANCE-TFS-SI

App Domain: /LM/W3SVC/5/ROOT-1-132654839654920539

ProcessId: 6884

Process Name: c:\windows\system32\inetsrv\w3wp.exe

Thread Name: 

Win32 ThreadId:9132

Extended Properties: 
----------------------------------------
----------------------------------------
ActivityId: 00000000-0000-0000-0000-000000000000

Timestamp: 5/14/2021 7:12:17 PM

Message: HandlingInstanceID: ef8ab900-fb6d-48dd-b0c5-301d76ace09f
An exception of type 'System.Web.HttpException' occurred and was caught.
------------------------------------------------------------------------
05/14/2021 19:12:17
Type : System.Web.HttpException, System.Web, Version=4.0.0.0, Culture=neutral, PublicKeyToken=b03f5f7f11d50a3a
Message : Server cannot modify cookies after HTTP headers have been sent.
Source : Telerik.Sitefinity
Help link : 
WebEventCode : 0
ErrorCode : -2147467259
Data : System.Collections.ListDictionaryInternal
TargetSite : Void MoveNext()
HResult : -2147467259
Stack Trace :    at Telerik.Sitefinity.Owin.Extensions.GlobalExceptionMiddleware.<Invoke>d__1.MoveNext()
--- End of stack trace from previous location where exception was thrown ---
   at System.Runtime.ExceptionServices.ExceptionDispatchInfo.Throw()
   at System.Runtime.CompilerServices.TaskAwaiter.HandleNonSuccessAndDebuggerNotification(Task task)
   at Telerik.Sitefinity.Owin.SitefinityMiddleware.<Invoke>d__1.MoveNext()
--- End of stack trace from previous location where exception was thrown ---
   at System.Runtime.ExceptionServices.ExceptionDispatchInfo.Throw()
   at System.Runtime.CompilerServices.TaskAwaiter.HandleNonSuccessAndDebuggerNotification(Task task)
   at Microsoft.Owin.Host.SystemWeb.IntegratedPipeline.IntegratedPipelineContextStage.<RunApp>d__5.MoveNext()
--- End of stack trace from previous location where exception was thrown ---
   at System.Runtime.ExceptionServices.ExceptionDispatchInfo.Throw()
   at System.Runtime.CompilerServices.TaskAwaiter.HandleNonSuccessAndDebuggerNotification(Task task)
   at Microsoft.Owin.Host.SystemWeb.IntegratedPipeline.IntegratedPipelineContext.<DoFinalWork>d__2.MoveNext()
--- End of stack trace from previous location where exception was thrown ---
   at System.Runtime.ExceptionServices.ExceptionDispatchInfo.Throw()
   at Microsoft.Owin.Host.SystemWeb.IntegratedPipeline.StageAsyncResult.End(IAsyncResult ar)
   at System.Web.HttpApplication.AsyncEventExecutionStep.System.Web.HttpApplication.IExecutionStep.Execute()
   at System.Web.HttpApplication.ExecuteStepImpl(IExecutionStep step)
   at System.Web.HttpApplication.ExecuteStep(IExecutionStep step, Boolean& completedSynchronously)

Additional Info:

MachineName : INSTANCE-TFS-SI
TimeStamp : 5/14/2021 7:12:17 PM
FullName : Telerik.Sitefinity.Utilities, Version=13.3.7600.0, Culture=neutral, PublicKeyToken=b28c218413bdf563
AppDomainName : /LM/W3SVC/5/ROOT-1-132654839654920539
ThreadIdentity : tomas.vera@virtualdreams.io
WindowsIdentity : IIS APPPOOL\Sitefinity-Dev3
Requested URL : https://tfs-sitefinity.virtualdreams.io/images/default-source/tfsm/plans/comision.tmb-.png?Status=Master&sfvrsn=9204b85e_3


Category: ErrorLog

Priority: 0

EventId: 90000

Severity: Error

Title:Enterprise Library Exception Handling

Machine: INSTANCE-TFS-SI

App Domain: /LM/W3SVC/5/ROOT-1-132654839654920539

ProcessId: 6884

Process Name: c:\windows\system32\inetsrv\w3wp.exe

Thread Name: 

Win32 ThreadId:9428

Extended Properties: 
----------------------------------------
----------------------------------------
ActivityId: 00000000-0000-0000-0000-000000000000

Timestamp: 5/14/2021 7:12:17 PM

Message: HandlingInstanceID: 396fe053-ee78-44db-9956-3556693a8a32
An exception of type 'System.Web.HttpException' occurred and was caught.
------------------------------------------------------------------------
05/14/2021 19:12:17
Type : System.Web.HttpException, System.Web, Version=4.0.0.0, Culture=neutral, PublicKeyToken=b03f5f7f11d50a3a
Message : Server cannot modify cookies after HTTP headers have been sent.
Source : Telerik.Sitefinity
Help link : 
WebEventCode : 0
ErrorCode : -2147467259
Data : System.Collections.ListDictionaryInternal
TargetSite : Void MoveNext()
HResult : -2147467259
Stack Trace :    at Telerik.Sitefinity.Owin.Extensions.GlobalExceptionMiddleware.<Invoke>d__1.MoveNext()
--- End of stack trace from previous location where exception was thrown ---
   at System.Runtime.ExceptionServices.ExceptionDispatchInfo.Throw()
   at System.Runtime.CompilerServices.TaskAwaiter.HandleNonSuccessAndDebuggerNotification(Task task)
   at Telerik.Sitefinity.Owin.SitefinityMiddleware.<Invoke>d__1.MoveNext()
--- End of stack trace from previous location where exception was thrown ---
   at System.Runtime.ExceptionServices.ExceptionDispatchInfo.Throw()
   at System.Runtime.CompilerServices.TaskAwaiter.HandleNonSuccessAndDebuggerNotification(Task task)
   at Microsoft.Owin.Host.SystemWeb.IntegratedPipeline.IntegratedPipelineContextStage.<RunApp>d__5.MoveNext()
--- End of stack trace from previous location where exception was thrown ---
   at System.Runtime.ExceptionServices.ExceptionDispatchInfo.Throw()
   at System.Runtime.CompilerServices.TaskAwaiter.HandleNonSuccessAndDebuggerNotification(Task task)
   at Microsoft.Owin.Host.SystemWeb.IntegratedPipeline.IntegratedPipelineContext.<DoFinalWork>d__2.MoveNext()
--- End of stack trace from previous location where exception was thrown ---
   at System.Runtime.ExceptionServices.ExceptionDispatchInfo.Throw()
   at Microsoft.Owin.Host.SystemWeb.IntegratedPipeline.StageAsyncResult.End(IAsyncResult ar)
   at System.Web.HttpApplication.AsyncEventExecutionStep.System.Web.HttpApplication.IExecutionStep.Execute()
   at System.Web.HttpApplication.ExecuteStepImpl(IExecutionStep step)
   at System.Web.HttpApplication.ExecuteStep(IExecutionStep step, Boolean& completedSynchronously)

Additional Info:

MachineName : INSTANCE-TFS-SI
TimeStamp : 5/14/2021 7:12:17 PM
FullName : Telerik.Sitefinity.Utilities, Version=13.3.7600.0, Culture=neutral, PublicKeyToken=b28c218413bdf563
AppDomainName : /LM/W3SVC/5/ROOT-1-132654839654920539
ThreadIdentity : tomas.vera@virtualdreams.io
WindowsIdentity : IIS APPPOOL\Sitefinity-Dev3
Requested URL : https://tfs-sitefinity.virtualdreams.io/images/default-source/tfsm/plans/al-termino-del-plazo-puedes-adquirir-el-auto.tmb-.png?Status=Master&sfvrsn=ed501e99_3


Category: ErrorLog

Priority: 0

EventId: 90000

Severity: Error

Title:Enterprise Library Exception Handling

Machine: INSTANCE-TFS-SI

App Domain: /LM/W3SVC/5/ROOT-1-132654839654920539

ProcessId: 6884

Process Name: c:\windows\system32\inetsrv\w3wp.exe

Thread Name: 

Win32 ThreadId:8516

Extended Properties: 
----------------------------------------
----------------------------------------
ActivityId: 00000000-0000-0000-0000-000000000000

Timestamp: 5/14/2021 7:12:17 PM

Message: HandlingInstanceID: b1d1faf9-dd4e-4cd2-ad28-77e86bcba9da
An exception of type 'System.Web.HttpException' occurred and was caught.
------------------------------------------------------------------------
05/14/2021 19:12:17
Type : System.Web.HttpException, System.Web, Version=4.0.0.0, Culture=neutral, PublicKeyToken=b03f5f7f11d50a3a
Message : Server cannot modify cookies after HTTP headers have been sent.
Source : Telerik.Sitefinity
Help link : 
WebEventCode : 0
ErrorCode : -2147467259
Data : System.Collections.ListDictionaryInternal
TargetSite : Void MoveNext()
HResult : -2147467259
Stack Trace :    at Telerik.Sitefinity.Owin.Extensions.GlobalExceptionMiddleware.<Invoke>d__1.MoveNext()
--- End of stack trace from previous location where exception was thrown ---
   at System.Runtime.ExceptionServices.ExceptionDispatchInfo.Throw()
   at System.Runtime.CompilerServices.TaskAwaiter.HandleNonSuccessAndDebuggerNotification(Task task)
   at Telerik.Sitefinity.Owin.SitefinityMiddleware.<Invoke>d__1.MoveNext()
--- End of stack trace from previous location where exception was thrown ---
   at System.Runtime.ExceptionServices.ExceptionDispatchInfo.Throw()
   at System.Runtime.CompilerServices.TaskAwaiter.HandleNonSuccessAndDebuggerNotification(Task task)
   at Microsoft.Owin.Host.SystemWeb.IntegratedPipeline.IntegratedPipelineContextStage.<RunApp>d__5.MoveNext()
--- End of stack trace from previous location where exception was thrown ---
   at System.Runtime.ExceptionServices.ExceptionDispatchInfo.Throw()
   at System.Runtime.CompilerServices.TaskAwaiter.HandleNonSuccessAndDebuggerNotification(Task task)
   at Microsoft.Owin.Host.SystemWeb.IntegratedPipeline.IntegratedPipelineContext.<DoFinalWork>d__2.MoveNext()
--- End of stack trace from previous location where exception was thrown ---
   at System.Runtime.ExceptionServices.ExceptionDispatchInfo.Throw()
   at Microsoft.Owin.Host.SystemWeb.IntegratedPipeline.StageAsyncResult.End(IAsyncResult ar)
   at System.Web.HttpApplication.AsyncEventExecutionStep.System.Web.HttpApplication.IExecutionStep.Execute()
   at System.Web.HttpApplication.ExecuteStepImpl(IExecutionStep step)
   at System.Web.HttpApplication.ExecuteStep(IExecutionStep step, Boolean& completedSynchronously)

Additional Info:

MachineName : INSTANCE-TFS-SI
TimeStamp : 5/14/2021 7:12:17 PM
FullName : Telerik.Sitefinity.Utilities, Version=13.3.7600.0, Culture=neutral, PublicKeyToken=b28c218413bdf563
AppDomainName : /LM/W3SVC/5/ROOT-1-132654839654920539
ThreadIdentity : tomas.vera@virtualdreams.io
WindowsIdentity : IIS APPPOOL\Sitefinity-Dev3
Requested URL : https://tfs-sitefinity.virtualdreams.io/images/default-source/tfsm/plans/plazos.tmb-.png?Status=Master&sfvrsn=dd81c9be_3


Category: ErrorLog

Priority: 0

EventId: 90000

Severity: Error

Title:Enterprise Library Exception Handling

Machine: INSTANCE-TFS-SI

App Domain: /LM/W3SVC/5/ROOT-1-132654839654920539

ProcessId: 6884

Process Name: c:\windows\system32\inetsrv\w3wp.exe

Thread Name: 

Win32 ThreadId:9872

Extended Properties: 
----------------------------------------
----------------------------------------
ActivityId: 00000000-0000-0000-0000-000000000000

Timestamp: 5/14/2021 8:34:39 PM

Message: HandlingInstanceID: 34c33a69-6a28-4104-b6f9-d36c9314d1ee
An exception of type 'Telerik.Sitefinity.Modules.Pages.Web.Services.ContentLockedException' occurred and was caught.
--------------------------------------------------------------------------------------------------------------------
05/14/2021 20:34:39
Type : Telerik.Sitefinity.Modules.Pages.Web.Services.ContentLockedException, Telerik.Sitefinity, Version=13.3.7600.0, Culture=neutral, PublicKeyToken=b28c218413bdf563
Message : Locked: 055394e6-3ad0-43dd-bf1f-d10eb9275a70:DiscardPageDraft
Source : Telerik.Sitefinity
Help link : 
StatusCode : InternalServerError
StatusDescription : Locked: 055394e6-3ad0-43dd-bf1f-d10eb9275a70:DiscardPageDraft
IsDetailXhtml : False
Data : System.Collections.ListDictionaryInternal
TargetSite : Void ThrowExceptionIfLocked(System.Guid, Telerik.Sitefinity.Modules.Pages.DesignMediaType, System.String, Boolean)
HResult : -2146233087
detailWriterInstance : Telerik.Sitefinity.Utilities.MS.ServiceModel.Web.WebProtocolException+DataContractDetailWriter
Stack Trace :    at Telerik.Sitefinity.Modules.Pages.Web.Services.ZoneEditorValidationExtensions.ThrowExceptionIfLocked(Guid pageId, DesignMediaType mediaType, String operationName, Boolean checkLive)
   at Telerik.Sitefinity.Modules.Pages.Web.Services.ZoneEditorValidationExtensions.ValidateChange(Guid pageId, DesignMediaType mediaType, String operationName, Boolean checkLive, Boolean validateChange)
   at Telerik.Sitefinity.Modules.Pages.Web.Services.ZoneEditorOperationValidationAttribute.BeforeCall(String operationName, Object[] inputs)
   at System.ServiceModel.Dispatcher.DispatchOperationRuntime.InspectInputsCore(MessageRpc& rpc)
   at System.ServiceModel.Dispatcher.DispatchOperationRuntime.InvokeBegin(MessageRpc& rpc)
   at System.ServiceModel.Dispatcher.ImmutableDispatchRuntime.ProcessMessage5(MessageRpc& rpc)
   at System.ServiceModel.Dispatcher.ImmutableDispatchRuntime.ProcessMessage11(MessageRpc& rpc)
   at System.ServiceModel.Dispatcher.MessageRpc.Process(Boolean isOperationContextSet)

Additional Info:

MachineName : INSTANCE-TFS-SI
TimeStamp : 5/14/2021 8:34:39 PM
FullName : Telerik.Sitefinity.Utilities, Version=13.3.7600.0, Culture=neutral, PublicKeyToken=b28c218413bdf563
AppDomainName : /LM/W3SVC/5/ROOT-1-132654839654920539
ThreadIdentity : digevit608@zcai55.com
WindowsIdentity : IIS APPPOOL\Sitefinity-Dev3
Requested URL : https://tfs-sitefinity.virtualdreams.io/Sitefinity/Services/Pages/ZoneEditorService.svc/Page/a158292e-498d-478f-8795-8466dbae0126/?package=Bootstrap4


Category: ErrorLog

Priority: 0

EventId: 90000

Severity: Error

Title:Enterprise Library Exception Handling

Machine: INSTANCE-TFS-SI

App Domain: /LM/W3SVC/5/ROOT-1-132654839654920539

ProcessId: 6884

Process Name: c:\windows\system32\inetsrv\w3wp.exe

Thread Name: 

Win32 ThreadId:8664

Extended Properties: 
----------------------------------------
----------------------------------------
ActivityId: 00000000-0000-0000-0000-000000000000

Timestamp: 5/14/2021 11:12:44 PM

Message: HandlingInstanceID: 9d7faab6-575d-418d-b55e-88db8652a456
An exception of type 'Telerik.OpenAccess.OpenAccessException' occurred and was caught.
--------------------------------------------------------------------------------------
05/14/2021 23:12:44
Type : Telerik.OpenAccess.OpenAccessException, Telerik.OpenAccess, Version=2020.0.428.1, Culture=neutral, PublicKeyToken=7ce17eeaf1d59342
Message : The query does not accept parameters, but valid params were passed for query execution.
Source : Telerik.Sitefinity
Help link : 
InnerExceptions : 
FailedObject : 
BackendError : 
Reason : Internal
CanRetry : False
Data : System.Collections.ListDictionaryInternal
TargetSite : Telerik.Sitefinity.Data.IManager GetManager(System.Type, System.String)
HResult : -2146233088
Stack Trace :    at Telerik.Sitefinity.Data.ManagerBase.GetManager(Type managerType, String providerName)
   at Telerik.Sitefinity.Modules.GenericContent.ContentModuleBase.GetContractsInternal()
   at Telerik.Sitefinity.Web.Services.Contracts.TypeSettingsProviderRepo.GetContractsInternal()
   at Telerik.Sitefinity.Utilities.ConcurrentProperty`1.get_Value()
   at Telerik.Sitefinity.Web.Api.Configuration.ServiceElement.TryInitializeDefaultTypes(ConfigElement element)
   at Telerik.Sitefinity.Configuration.ConfigElementCollection.EnsureDelayedInitialization()
   at Telerik.Sitefinity.Configuration.ConfigElement.GetRawValue(ConfigProperty prop, PersistedValueWrapper& valueWrapper, Boolean skipDefaultValue)
   at Telerik.Sitefinity.Configuration.ConfigElement.get_Item(ConfigProperty prop)
   at Telerik.Sitefinity.Configuration.ConfigElement.get_Item(String propertyName)
   at Telerik.Sitefinity.Web.Api.Configuration.ServiceElement.get_Types()
   at Telerik.Sitefinity.Web.Api.Configuration.ServiceElement.Telerik.Sitefinity.Web.Api.OData.Model.Proxies.IServiceConfiguration.get_Types()
   at Telerik.Sitefinity.Web.Api.OData.Model.Proxies.ServiceProxy..ctor(IServiceConfiguration copyFrom)
   at Telerik.Sitefinity.Web.Api.OData.Routing.CompositeRoute.GetRoute(String routePrefix, IServiceConfiguration service)
   at Telerik.Sitefinity.Web.Api.OData.Routing.CompositeRoute.GetRouteDataInternal(String virtualPathRoot, HttpRequestMessage request)
   at Telerik.Sitefinity.Web.Api.OData.Routing.CompositeRoute.GetRouteData(String virtualPathRoot, HttpRequestMessage request)

Additional Info:

MachineName : INSTANCE-TFS-SI
TimeStamp : 5/14/2021 11:12:44 PM
FullName : Telerik.Sitefinity.Utilities, Version=13.3.7600.0, Culture=neutral, PublicKeyToken=b28c218413bdf563
AppDomainName : /LM/W3SVC/5/ROOT-1-132655075299212469
ThreadIdentity : Anonymous
WindowsIdentity : IIS APPPOOL\Sitefinity-Dev3
Requested URL : https://tfs-sitefinity.virtualdreams.io/


Category: ErrorLog

Priority: 0

EventId: 90000

Severity: Error

Title:Enterprise Library Exception Handling

Machine: INSTANCE-TFS-SI

App Domain: /LM/W3SVC/5/ROOT-1-132655075299212469

ProcessId: 3016

Process Name: c:\windows\system32\inetsrv\w3wp.exe

Thread Name: BackgroundTasksService-Thread-1

Win32 ThreadId:8816

Extended Properties: 
----------------------------------------
----------------------------------------
ActivityId: dcb722e4-25b5-4aae-8ed6-62393f1a8e9b

Timestamp: 14/05/2021 23:12:45

Message: IdentityServer signing certificate is not configured. System will be using default IdentityServer certificate

Category: ErrorLog

Priority: -1

EventId: 1

Severity: Information

Title:

Machine: INSTANCE-TFS-SI

App Domain: /LM/W3SVC/5/ROOT-1-132655075299212469

ProcessId: 3016

Process Name: c:\windows\system32\inetsrv\w3wp.exe

Thread Name: 

Win32 ThreadId:8652

Extended Properties: 
----------------------------------------
----------------------------------------
ActivityId: 5b2eb32c-2be6-43a9-8f54-3e48415c414c

Timestamp: 15/05/2021 0:08:05

Message: IdentityServer signing certificate is not configured. System will be using default IdentityServer certificate

Category: ErrorLog

Priority: -1

EventId: 1

Severity: Information

Title:

Machine: INSTANCE-TFS-SI

App Domain: /LM/W3SVC/5/ROOT-1-132655108254336696

ProcessId: 9444

Process Name: c:\windows\system32\inetsrv\w3wp.exe

Thread Name: 

Win32 ThreadId:8204

Extended Properties: 
----------------------------------------
----------------------------------------
ActivityId: 00000000-0000-0000-0000-000000000000

Timestamp: 5/15/2021 12:08:22 AM

Message: HandlingInstanceID: 918ab340-2553-4099-993f-549f96bfa61d
An exception of type 'System.Web.HttpRequestValidationException' occurred and was caught.
-----------------------------------------------------------------------------------------
05/15/2021 00:08:22
Type : System.Web.HttpRequestValidationException, System.Web, Version=4.0.0.0, Culture=neutral, PublicKeyToken=b03f5f7f11d50a3a
Message : A potentially dangerous Request.RawUrl value was detected from the client (="...h&content=<php>die(@md5(HelloT...").
Source : System.Web
Help link : 
WebEventCode : 0
ErrorCode : -2147467259
Data : System.Collections.ListDictionaryInternal
TargetSite : Void ValidateString(System.String, System.String, System.Web.Util.RequestValidationSource)
HResult : -2147467259
Stack Trace :    at System.Web.HttpRequest.ValidateString(String value, String collectionKey, RequestValidationSource requestCollection)
   at System.Web.HttpRequest.get_RawUrl()
   at Telerik.Sitefinity.Security.Claims.CustomRequestValidator.IsValidRequestString(HttpContext context, String value, RequestValidationSource requestValidationSource, String collectionKey, Int32& validationFailureIndex)
   at System.Web.HttpRequest.ValidateString(String value, String collectionKey, RequestValidationSource requestCollection)
   at System.Web.HttpRequest.get_Path()
   at System.Web.HttpRequest.BuildUrl(Func`1 pathAccessor)
   at System.Web.HttpRequest.get_Url()
   at Telerik.Sitefinity.Services.RequestStartEvent.GetOperationKey(HttpContextBase context)
   at Telerik.Sitefinity.Services.RequestStartEvent..ctor(HttpContextBase context)
   at Telerik.Sitefinity.Web.SitefinityHttpModule.context_BeginRequest(Object sender, EventArgs e)
   at System.Web.HttpApplication.SyncEventExecutionStep.System.Web.HttpApplication.IExecutionStep.Execute()
   at System.Web.HttpApplication.ExecuteStepImpl(IExecutionStep step)
   at System.Web.HttpApplication.ExecuteStep(IExecutionStep step, Boolean& completedSynchronously)

Additional Info:

MachineName : INSTANCE-TFS-SI
TimeStamp : 5/15/2021 12:08:22 AM
FullName : Telerik.Sitefinity.Utilities, Version=13.3.7600.0, Culture=neutral, PublicKeyToken=b28c218413bdf563
AppDomainName : /LM/W3SVC/5/ROOT-1-132655108254336696
ThreadIdentity : 
WindowsIdentity : IIS APPPOOL\Sitefinity-Dev3
Requested URL : http://130.211.122.213/?a=fetch&content=<php>die(@md5(HelloThinkCMF))</php>


Category: ErrorLog

Priority: 0

EventId: 90000

Severity: Error

Title:Enterprise Library Exception Handling

Machine: INSTANCE-TFS-SI

App Domain: /LM/W3SVC/5/ROOT-1-132655108254336696

ProcessId: 9444

Process Name: c:\windows\system32\inetsrv\w3wp.exe

Thread Name: 

Win32 ThreadId:9636

Extended Properties: 
----------------------------------------
----------------------------------------
ActivityId: 08d36611-9328-4b96-bf2b-08d5eb36ac18

Timestamp: 5/15/2021 1:12:44 AM

Message: IdentityServer signing certificate is not configured. System will be using default IdentityServer certificate

Category: ErrorLog

Priority: -1

EventId: 1

Severity: Information

Title:

Machine: INSTANCE-TFS-SI

App Domain: /LM/W3SVC/5/ROOT-1-132655143387343076

ProcessId: 3744

Process Name: c:\windows\system32\inetsrv\w3wp.exe

Thread Name: 

Win32 ThreadId:10064

Extended Properties: 
----------------------------------------
----------------------------------------
ActivityId: cf4150ee-38e3-4fe0-9a1c-13ef9ad96c08

Timestamp: 5/15/2021 2:06:45 AM

Message: IdentityServer signing certificate is not configured. System will be using default IdentityServer certificate

Category: ErrorLog

Priority: -1

EventId: 1

Severity: Information

Title:

Machine: INSTANCE-TFS-SI

App Domain: /LM/W3SVC/5/ROOT-1-132655175638252180

ProcessId: 8580

Process Name: c:\windows\system32\inetsrv\w3wp.exe

Thread Name: 

Win32 ThreadId:4784

Extended Properties: 
----------------------------------------
----------------------------------------
ActivityId: a9bd2420-f16b-44e5-ab35-2aa3f05ad5cf

Timestamp: 5/15/2021 8:33:32 AM

Message: IdentityServer signing certificate is not configured. System will be using default IdentityServer certificate

Category: ErrorLog

Priority: -1

EventId: 1

Severity: Information

Title:

Machine: INSTANCE-TFS-SI

App Domain: /LM/W3SVC/5/ROOT-1-132655407078494211

ProcessId: 752

Process Name: c:\windows\system32\inetsrv\w3wp.exe

Thread Name: 

Win32 ThreadId:4828

Extended Properties: 
----------------------------------------
----------------------------------------
ActivityId: b5b053bc-3c2c-4f4a-b5bb-a9b1c5c4c3ce

Timestamp: 5/15/2021 9:54:27 AM

Message: IdentityServer signing certificate is not configured. System will be using default IdentityServer certificate

Category: ErrorLog

Priority: -1

EventId: 1

Severity: Information

Title:

Machine: INSTANCE-TFS-SI

App Domain: /LM/W3SVC/5/ROOT-1-132655455945430401

ProcessId: 880

Process Name: c:\windows\system32\inetsrv\w3wp.exe

Thread Name: 

Win32 ThreadId:2816

Extended Properties: 
----------------------------------------
