----------------------------------------
ActivityId: 18a91348-6767-4cb6-9eb3-d0b69a5c29f2

Timestamp: 19/05/2021 18:43:37

Message: IdentityServer signing certificate is not configured. System will be using default IdentityServer certificate

Category: ErrorLog

Priority: -1

EventId: 1

Severity: Information

Title:

Machine: INSTANCE-TFS-SI

App Domain: /LM/W3SVC/5/ROOT-1-132659233836716216

ProcessId: 6268

Process Name: c:\windows\system32\inetsrv\w3wp.exe

Thread Name: 

Win32 ThreadId:5256

Extended Properties: 
----------------------------------------
----------------------------------------
ActivityId: f4cbed5b-f9b1-4a09-95f4-52a31039e6aa

Timestamp: 19/05/2021 20:21:54

Message: IdentityServer signing certificate is not configured. System will be using default IdentityServer certificate

Category: ErrorLog

Priority: -1

EventId: 1

Severity: Information

Title:

Machine: INSTANCE-TFS-SI

App Domain: /LM/W3SVC/5/ROOT-1-132659292797006010

ProcessId: 5756

Process Name: c:\windows\system32\inetsrv\w3wp.exe

Thread Name: 

Win32 ThreadId:6124

Extended Properties: 
----------------------------------------
----------------------------------------
ActivityId: e42ac756-10fa-4360-8047-d6dd068551c7

Timestamp: 5/20/2021 3:23:42 AM

Message: IdentityServer signing certificate is not configured. System will be using default IdentityServer certificate

Category: ErrorLog

Priority: -1

EventId: 1

Severity: Information

Title:

Machine: INSTANCE-TFS-SI

App Domain: /LM/W3SVC/5/ROOT-1-132659539127493602

ProcessId: 1412

Process Name: c:\windows\system32\inetsrv\w3wp.exe

Thread Name: 

Win32 ThreadId:3256

Extended Properties: 
----------------------------------------
----------------------------------------
ActivityId: cdf36620-9504-4ce2-a870-e4bb9951a5e8

Timestamp: 5/20/2021 6:08:24 AM

Message: IdentityServer signing certificate is not configured. System will be using default IdentityServer certificate

Category: ErrorLog

Priority: -1

EventId: 1

Severity: Information

Title:

Machine: INSTANCE-TFS-SI

App Domain: /LM/W3SVC/5/ROOT-1-132659639842400524

ProcessId: 5908

Process Name: c:\windows\system32\inetsrv\w3wp.exe

Thread Name: 

Win32 ThreadId:5928

Extended Properties: 
----------------------------------------
----------------------------------------
ActivityId: ef144263-a138-4256-8f9e-bd56fe862bf0

Timestamp: 5/20/2021 8:29:52 AM

Message: IdentityServer signing certificate is not configured. System will be using default IdentityServer certificate

Category: ErrorLog

Priority: -1

EventId: 1

Severity: Information

Title:

Machine: INSTANCE-TFS-SI

App Domain: /LM/W3SVC/5/ROOT-1-132659727388950681

ProcessId: 696

Process Name: c:\windows\system32\inetsrv\w3wp.exe

Thread Name: 

Win32 ThreadId:5912

Extended Properties: 
----------------------------------------
----------------------------------------
ActivityId: 00000000-0000-0000-0000-000000000000

Timestamp: 5/20/2021 8:58:26 AM

Message: HandlingInstanceID: d47f7204-3ac2-4749-875c-6d8d760fc1d5
An exception of type 'System.Web.HttpRequestValidationException' occurred and was caught.
-----------------------------------------------------------------------------------------
05/20/2021 08:58:26
Type : System.Web.HttpRequestValidationException, System.Web, Version=4.0.0.0, Culture=neutral, PublicKeyToken=b03f5f7f11d50a3a
Message : A potentially dangerous Request.RawUrl value was detected from the client (="...h&content=<php>die(@md5(HelloT...").
Source : System.Web
Help link : 
WebEventCode : 0
ErrorCode : -2147467259
Data : System.Collections.ListDictionaryInternal
TargetSite : Void ValidateString(System.String, System.String, System.Web.Util.RequestValidationSource)
HResult : -2147467259
Stack Trace :    at System.Web.HttpRequest.ValidateString(String value, String collectionKey, RequestValidationSource requestCollection)
   at System.Web.HttpRequest.get_RawUrl()
   at Telerik.Sitefinity.Security.Claims.CustomRequestValidator.IsValidRequestString(HttpContext context, String value, RequestValidationSource requestValidationSource, String collectionKey, Int32& validationFailureIndex)
   at System.Web.HttpRequest.ValidateString(String value, String collectionKey, RequestValidationSource requestCollection)
   at System.Web.HttpRequest.get_Path()
   at System.Web.HttpRequest.BuildUrl(Func`1 pathAccessor)
   at System.Web.HttpRequest.get_Url()
   at Telerik.Sitefinity.Services.RequestStartEvent.GetOperationKey(HttpContextBase context)
   at Telerik.Sitefinity.Services.RequestStartEvent..ctor(HttpContextBase context)
   at Telerik.Sitefinity.Web.SitefinityHttpModule.context_BeginRequest(Object sender, EventArgs e)
   at System.Web.HttpApplication.SyncEventExecutionStep.System.Web.HttpApplication.IExecutionStep.Execute()
   at System.Web.HttpApplication.ExecuteStepImpl(IExecutionStep step)
   at System.Web.HttpApplication.ExecuteStep(IExecutionStep step, Boolean& completedSynchronously)

Additional Info:

MachineName : INSTANCE-TFS-SI
TimeStamp : 5/20/2021 8:58:26 AM
FullName : Telerik.Sitefinity.Utilities, Version=13.3.7600.0, Culture=neutral, PublicKeyToken=b28c218413bdf563
AppDomainName : /LM/W3SVC/5/ROOT-1-132659727388950681
ThreadIdentity : 
WindowsIdentity : IIS APPPOOL\Sitefinity-Dev3
Requested URL : http://130.211.122.213/?a=fetch&content=<php>die(@md5(HelloThinkCMF))</php>


Category: ErrorLog

Priority: 0

EventId: 90000

Severity: Error

Title:Enterprise Library Exception Handling

Machine: INSTANCE-TFS-SI

App Domain: /LM/W3SVC/5/ROOT-1-132659727388950681

ProcessId: 696

Process Name: c:\windows\system32\inetsrv\w3wp.exe

Thread Name: 

Win32 ThreadId:796

Extended Properties: 
----------------------------------------
----------------------------------------
ActivityId: 90e638c9-31fa-46f2-b9be-8526df1aa666

Timestamp: 20/05/2021 12:45:07

Message: IdentityServer signing certificate is not configured. System will be using default IdentityServer certificate

Category: ErrorLog

Priority: -1

EventId: 1

Severity: Information

Title:

Machine: INSTANCE-TFS-SI

App Domain: /LM/W3SVC/5/ROOT-1-132659881781554547

ProcessId: 8292

Process Name: c:\windows\system32\inetsrv\w3wp.exe

Thread Name: 

Win32 ThreadId:9308

Extended Properties: 
----------------------------------------
----------------------------------------
ActivityId: 4eafa70e-6054-4bd7-b37d-f2c2c015fdec

Timestamp: 20/05/2021 13:18:10

Message: IdentityServer signing certificate is not configured. System will be using default IdentityServer certificate

Category: ErrorLog

Priority: -1

EventId: 1

Severity: Information

Title:

Machine: INSTANCE-TFS-SI

App Domain: /LM/W3SVC/5/ROOT-1-132659901002829161

ProcessId: 6636

Process Name: c:\windows\system32\inetsrv\w3wp.exe

Thread Name: 

Win32 ThreadId:9140

Extended Properties: 
----------------------------------------
----------------------------------------
ActivityId: 7dc63b88-c21b-49ab-b25c-42381c64f1ea

Timestamp: 20/05/2021 13:29:13

Message: IdentityServer signing certificate is not configured. System will be using default IdentityServer certificate

Category: ErrorLog

Priority: -1

EventId: 1

Severity: Information

Title:

Machine: INSTANCE-TFS-SI

App Domain: /LM/W3SVC/5/ROOT-2-132659908822219192

ProcessId: 6636

Process Name: c:\windows\system32\inetsrv\w3wp.exe

Thread Name: 

Win32 ThreadId:8500

Extended Properties: 
----------------------------------------
----------------------------------------
ActivityId: e2f762d5-7fa6-4dae-affc-c3413ae3bcd9

Timestamp: 20/05/2021 13:31:38

Message: System.OperationCanceledException: The operation was canceled.
   at System.Threading.CancellationToken.ThrowOperationCanceledException()
   at System.Web.Http.Owin.HttpMessageHandlerAdapter.<SendResponseContentAsync>d__20.MoveNext()
--- End of stack trace from previous location where exception was thrown ---
   at System.Runtime.ExceptionServices.ExceptionDispatchInfo.Throw()
   at System.Runtime.CompilerServices.TaskAwaiter.ThrowForNonSuccess(Task task)
   at System.Runtime.CompilerServices.TaskAwaiter.HandleNonSuccessAndDebuggerNotification(Task task)
   at System.Web.Http.Owin.HttpMessageHandlerAdapter.<InvokeCore>d__0.MoveNext()
--- End of stack trace from previous location where exception was thrown ---
   at System.Runtime.ExceptionServices.ExceptionDispatchInfo.Throw()
   at System.Runtime.CompilerServices.TaskAwaiter.ThrowForNonSuccess(Task task)
   at System.Runtime.CompilerServices.TaskAwaiter.HandleNonSuccessAndDebuggerNotification(Task task)
   at System.Runtime.CompilerServices.TaskAwaiter.GetResult()
   at Owin.SignOutMessageCookieExtension.<>c.<<ConfigureSignOutMessageCookie>b__0_0>d.MoveNext()
--- End of stack trace from previous location where exception was thrown ---
   at System.Runtime.ExceptionServices.ExceptionDispatchInfo.Throw()
   at System.Runtime.CompilerServices.TaskAwaiter.ThrowForNonSuccess(Task task)
   at System.Runtime.CompilerServices.TaskAwaiter.HandleNonSuccessAndDebuggerNotification(Task task)
   at System.Runtime.CompilerServices.TaskAwaiter.GetResult()
   at Owin.UseCookieAuthenticationExtension.<>c__DisplayClass0_0.<<ConfigureCookieAuthentication>b__1>d.MoveNext()
--- End of stack trace from previous location where exception was thrown ---
   at System.Runtime.ExceptionServices.ExceptionDispatchInfo.Throw()
   at System.Runtime.CompilerServices.TaskAwaiter.ThrowForNonSuccess(Task task)
   at System.Runtime.CompilerServices.TaskAwaiter.HandleNonSuccessAndDebuggerNotification(Task task)
   at Microsoft.Owin.Security.Infrastructure.AuthenticationMiddleware`1.<Invoke>d__0.MoveNext()
--- End of stack trace from previous location where exception was thrown ---
   at System.Runtime.ExceptionServices.ExceptionDispatchInfo.Throw()
   at System.Runtime.CompilerServices.TaskAwaiter.ThrowForNonSuccess(Task task)
   at System.Runtime.CompilerServices.TaskAwaiter.HandleNonSuccessAndDebuggerNotification(Task task)
   at Microsoft.Owin.Security.Infrastructure.AuthenticationMiddleware`1.<Invoke>d__0.MoveNext()
--- End of stack trace from previous location where exception was thrown ---
   at System.Runtime.ExceptionServices.ExceptionDispatchInfo.Throw()
   at System.Runtime.CompilerServices.TaskAwaiter.ThrowForNonSuccess(Task task)
   at System.Runtime.CompilerServices.TaskAwaiter.HandleNonSuccessAndDebuggerNotification(Task task)
   at Microsoft.Owin.Security.Infrastructure.AuthenticationMiddleware`1.<Invoke>d__0.MoveNext()
--- End of stack trace from previous location where exception was thrown ---
   at System.Runtime.ExceptionServices.ExceptionDispatchInfo.Throw()
   at System.Runtime.CompilerServices.TaskAwaiter.ThrowForNonSuccess(Task task)
   at System.Runtime.CompilerServices.TaskAwaiter.HandleNonSuccessAndDebuggerNotification(Task task)
   at Microsoft.Owin.Cors.CorsMiddleware.<Invoke>d__0.MoveNext()
--- End of stack trace from previous location where exception was thrown ---
   at System.Runtime.ExceptionServices.ExceptionDispatchInfo.Throw()
   at System.Runtime.CompilerServices.TaskAwaiter.ThrowForNonSuccess(Task task)
   at System.Runtime.CompilerServices.TaskAwaiter.HandleNonSuccessAndDebuggerNotification(Task task)
   at System.Runtime.CompilerServices.TaskAwaiter.GetResult()
   at Owin.OwinExtensions.<>c__DisplayClass0_0.<<UseAutofacMiddleware>b__0>d.MoveNext()
--- End of stack trace from previous location where exception was thrown ---
   at System.Runtime.ExceptionServices.ExceptionDispatchInfo.Throw()
   at System.Runtime.CompilerServices.TaskAwaiter.ThrowForNonSuccess(Task task)
   at System.Runtime.CompilerServices.TaskAwaiter.HandleNonSuccessAndDebuggerNotification(Task task)
   at System.Runtime.CompilerServices.TaskAwaiter.GetResult()
   at Owin.ConfigureRenderLoggedOutPageExtension.<>c.<<ConfigureRenderLoggedOutPage>b__0_0>d.MoveNext()
--- End of stack trace from previous location where exception was thrown ---
   at System.Runtime.ExceptionServices.ExceptionDispatchInfo.Throw()
   at System.Runtime.CompilerServices.TaskAwaiter.ThrowForNonSuccess(Task task)
   at System.Runtime.CompilerServices.TaskAwaiter.HandleNonSuccessAndDebuggerNotification(Task task)
   at System.Runtime.CompilerServices.TaskAwaiter.GetResult()
   at Owin.ConfigureRequestBodyBufferExtension.<>c.<<ConfigureRequestBodyBuffer>b__0_0>d.MoveNext()
--- End of stack trace from previous location where exception was thrown ---
   at System.Runtime.ExceptionServices.ExceptionDispatchInfo.Throw()
   at System.Runtime.CompilerServices.TaskAwaiter.ThrowForNonSuccess(Task task)
   at System.Runtime.CompilerServices.TaskAwaiter.HandleNonSuccessAndDebuggerNotification(Task task)
   at System.Runtime.CompilerServices.TaskAwaiter.GetResult()
   at Owin.ConfigureIdentityServerIssuerExtension.<>c__DisplayClass0_1.<<ConfigureIdentityServerIssuer>b__1>d.MoveNext()
--- End of stack trace from previous location where exception was thrown ---
   at System.Runtime.ExceptionServices.ExceptionDispatchInfo.Throw()
   at System.Runtime.CompilerServices.TaskAwaiter.ThrowForNonSuccess(Task task)
   at System.Runtime.CompilerServices.TaskAwaiter.HandleNonSuccessAndDebuggerNotification(Task task)
   at System.Runtime.CompilerServices.TaskAwaiter.GetResult()
   at Owin.ConfigureIdentityServerBaseUrlExtension.<>c__DisplayClass0_0.<<ConfigureIdentityServerBaseUrl>b__0>d.MoveNext()
--- End of stack trace from previous location where exception was thrown ---
   at System.Runtime.ExceptionServices.ExceptionDispatchInfo.Throw()
   at System.Runtime.CompilerServices.TaskAwaiter.ThrowForNonSuccess(Task task)
   at System.Runtime.CompilerServices.TaskAwaiter.HandleNonSuccessAndDebuggerNotification(Task task)
   at System.Runtime.CompilerServices.TaskAwaiter.GetResult()
   at Owin.ConfigureRequestIdExtension.<>c.<<ConfigureRequestId>b__0_0>d.MoveNext()
--- End of stack trace from previous location where exception was thrown ---
   at System.Runtime.ExceptionServices.ExceptionDispatchInfo.Throw()
   at System.Runtime.CompilerServices.TaskAwaiter.ThrowForNonSuccess(Task task)
   at System.Runtime.CompilerServices.TaskAwaiter.HandleNonSuccessAndDebuggerNotification(Task task)
   at Telerik.Sitefinity.Authentication.IdentityServer.IdentityServerCookieTransformationMiddleware.<Invoke>d__1.MoveNext()
--- End of stack trace from previous location where exception was thrown ---
   at System.Runtime.ExceptionServices.ExceptionDispatchInfo.Throw()
   at System.Runtime.CompilerServices.TaskAwaiter.ThrowForNonSuccess(Task task)
   at System.Runtime.CompilerServices.TaskAwaiter.HandleNonSuccessAndDebuggerNotification(Task task)
   at Telerik.Sitefinity.Authentication.IdentityServer.ChangeResponseStatusCodeMiddleware.<Invoke>d__1.MoveNext()
--- End of stack trace from previous location where exception was thrown ---
   at System.Runtime.ExceptionServices.ExceptionDispatchInfo.Throw()
   at System.Runtime.CompilerServices.TaskAwaiter.ThrowForNonSuccess(Task task)
   at System.Runtime.CompilerServices.TaskAwaiter.HandleNonSuccessAndDebuggerNotification(Task task)
   at Telerik.Sitefinity.Authentication.Owin.SitefinityAuthenticationExtensions.<>c.<<EnsureCurrentPathIsFrontend>b__10_0>d.MoveNext()
--- End of stack trace from previous location where exception was thrown ---
   at System.Runtime.ExceptionServices.ExceptionDispatchInfo.Throw()
   at System.Runtime.CompilerServices.TaskAwaiter.ThrowForNonSuccess(Task task)
   at System.Runtime.CompilerServices.TaskAwaiter.HandleNonSuccessAndDebuggerNotification(Task task)
   at Microsoft.Owin.Mapping.MapMiddleware.<Invoke>d__0.MoveNext()
--- End of stack trace from previous location where exception was thrown ---
   at System.Runtime.ExceptionServices.ExceptionDispatchInfo.Throw()
   at System.Runtime.CompilerServices.TaskAwaiter.ThrowForNonSuccess(Task task)
   at System.Runtime.CompilerServices.TaskAwaiter.HandleNonSuccessAndDebuggerNotification(Task task)
   at Microsoft.Owin.Mapping.MapMiddleware.<Invoke>d__0.MoveNext()
--- End of stack trace from previous location where exception was thrown ---
   at System.Runtime.ExceptionServices.ExceptionDispatchInfo.Throw()
   at System.Runtime.CompilerServices.TaskAwaiter.ThrowForNonSuccess(Task task)
   at System.Runtime.CompilerServices.TaskAwaiter.HandleNonSuccessAndDebuggerNotification(Task task)
   at Telerik.Sitefinity.Authentication.Owin.SecurityTokenServiceMiddleware.<Invoke>d__1.MoveNext()
--- End of stack trace from previous location where exception was thrown ---
   at System.Runtime.ExceptionServices.ExceptionDispatchInfo.Throw()
   at System.Runtime.CompilerServices.TaskAwaiter.ThrowForNonSuccess(Task task)
   at System.Runtime.CompilerServices.TaskAwaiter.HandleNonSuccessAndDebuggerNotification(Task task)
   at Telerik.Sitefinity.Authentication.Owin.SitefinityAuthenticationMiddleware.<Invoke>d__1.MoveNext()
--- End of stack trace from previous location where exception was thrown ---
   at System.Runtime.ExceptionServices.ExceptionDispatchInfo.Throw()
   at System.Runtime.CompilerServices.TaskAwaiter.ThrowForNonSuccess(Task task)
   at System.Runtime.CompilerServices.TaskAwaiter.HandleNonSuccessAndDebuggerNotification(Task task)
   at Telerik.Sitefinity.Owin.Extensions.SslOffloaderMiddleware.<Invoke>d__1.MoveNext()
--- End of stack trace from previous location where exception was thrown ---
   at System.Runtime.ExceptionServices.ExceptionDispatchInfo.Throw()
   at System.Runtime.CompilerServices.TaskAwaiter.ThrowForNonSuccess(Task task)
   at System.Runtime.CompilerServices.TaskAwaiter.HandleNonSuccessAndDebuggerNotification(Task task)
   at Telerik.Sitefinity.Owin.HttpsRedirectMiddleware.<Invoke>d__1.MoveNext()
--- End of stack trace from previous location where exception was thrown ---
   at System.Runtime.ExceptionServices.ExceptionDispatchInfo.Throw()
   at System.Runtime.CompilerServices.TaskAwaiter.ThrowForNonSuccess(Task task)
   at System.Runtime.CompilerServices.TaskAwaiter.HandleNonSuccessAndDebuggerNotification(Task task)
   at Telerik.Sitefinity.Owin.Extensions.GlobalExceptionMiddleware.<Invoke>d__1.MoveNext()

Category: ErrorLog

Priority: -1

EventId: 1

Severity: Information

Title:

Machine: INSTANCE-TFS-SI

App Domain: /LM/W3SVC/5/ROOT-2-132659908822219192

ProcessId: 6636

Process Name: c:\windows\system32\inetsrv\w3wp.exe

Thread Name: 

Win32 ThreadId:6200

Extended Properties: 
----------------------------------------
----------------------------------------
ActivityId: 0d7ee863-4ea4-431e-8f80-87431e79fdcc

Timestamp: 20/05/2021 15:53:45

Message: IdentityServer signing certificate is not configured. System will be using default IdentityServer certificate

Category: ErrorLog

Priority: -1

EventId: 1

Severity: Information

Title:

Machine: INSTANCE-TFS-SI

App Domain: /LM/W3SVC/5/ROOT-1-132659995858621972

ProcessId: 5188

Process Name: c:\windows\system32\inetsrv\w3wp.exe

Thread Name: 

Win32 ThreadId:6456

Extended Properties: 
----------------------------------------
----------------------------------------
ActivityId: 00000000-0000-0000-0000-000000000000

Timestamp: 5/20/2021 5:06:53 PM

Message: HandlingInstanceID: 7d54f579-db37-4a01-8d0a-63c74d28ec6c
An exception of type 'Telerik.OpenAccess.OpenAccessException' occurred and was caught.
--------------------------------------------------------------------------------------
05/20/2021 17:06:53
Type : Telerik.OpenAccess.OpenAccessException, Telerik.OpenAccess, Version=2020.0.428.1, Culture=neutral, PublicKeyToken=7ce17eeaf1d59342
Message : The query does not accept parameters, but valid params were passed for query execution.
Source : Telerik.Sitefinity
Help link : 
InnerExceptions : 
FailedObject : 
BackendError : 
Reason : Internal
CanRetry : False
Data : System.Collections.ListDictionaryInternal
TargetSite : Telerik.Sitefinity.Data.IManager GetManager(System.Type, System.String)
HResult : -2146233088
Stack Trace :    at Telerik.Sitefinity.Data.ManagerBase.GetManager(Type managerType, String providerName)
   at Telerik.Sitefinity.Modules.GenericContent.ContentModuleBase.GetContractsInternal()
   at Telerik.Sitefinity.Web.Services.Contracts.TypeSettingsProviderRepo.GetContractsInternal()
   at Telerik.Sitefinity.Utilities.ConcurrentProperty`1.get_Value()
   at Telerik.Sitefinity.Web.Api.Configuration.ServiceElement.TryInitializeDefaultTypes(ConfigElement element)
   at Telerik.Sitefinity.Configuration.ConfigElementCollection.EnsureDelayedInitialization()
   at Telerik.Sitefinity.Configuration.ConfigElement.GetRawValue(ConfigProperty prop, PersistedValueWrapper& valueWrapper, Boolean skipDefaultValue)
   at Telerik.Sitefinity.Configuration.ConfigElement.get_Item(ConfigProperty prop)
   at Telerik.Sitefinity.Configuration.ConfigElement.get_Item(String propertyName)
   at Telerik.Sitefinity.Web.Api.Configuration.ServiceElement.get_Types()
   at Telerik.Sitefinity.Web.Api.Configuration.ServiceElement.Telerik.Sitefinity.Web.Api.OData.Model.Proxies.IServiceConfiguration.get_Types()
   at Telerik.Sitefinity.Web.Api.OData.Model.Proxies.ServiceProxy..ctor(IServiceConfiguration copyFrom)
   at Telerik.Sitefinity.Web.Api.OData.Routing.CompositeRoute.GetRoute(String routePrefix, IServiceConfiguration service)
   at Telerik.Sitefinity.Web.Api.OData.Routing.CompositeRoute.GetRouteDataInternal(String virtualPathRoot, HttpRequestMessage request)
   at Telerik.Sitefinity.Web.Api.OData.Routing.CompositeRoute.GetRouteData(String virtualPathRoot, HttpRequestMessage request)

Additional Info:

MachineName : INSTANCE-TFS-SI
TimeStamp : 5/20/2021 5:06:53 PM
FullName : Telerik.Sitefinity.Utilities, Version=13.3.7600.0, Culture=neutral, PublicKeyToken=b28c218413bdf563
AppDomainName : /LM/W3SVC/5/ROOT-1-132660039808770570
ThreadIdentity : Anonymous
WindowsIdentity : IIS APPPOOL\Sitefinity-Dev3
Requested URL : http://130.211.122.213/


Category: ErrorLog

Priority: 0

EventId: 90000

Severity: Error

Title:Enterprise Library Exception Handling

Machine: INSTANCE-TFS-SI

App Domain: /LM/W3SVC/5/ROOT-1-132660039808770570

ProcessId: 5496

Process Name: c:\windows\system32\inetsrv\w3wp.exe

Thread Name: BackgroundTasksService-Thread-1

Win32 ThreadId:9956

Extended Properties: 
----------------------------------------
----------------------------------------
ActivityId: d2efbd03-9a14-439c-ac2f-307c7fb8947c

Timestamp: 5/20/2021 5:09:32 PM

Message: IdentityServer signing certificate is not configured. System will be using default IdentityServer certificate

Category: ErrorLog

Priority: -1

EventId: 1

Severity: Information

Title:

Machine: INSTANCE-TFS-SI

App Domain: /LM/W3SVC/5/ROOT-1-132660039808770570

ProcessId: 5496

Process Name: c:\windows\system32\inetsrv\w3wp.exe

Thread Name: 

Win32 ThreadId:5884

Extended Properties: 
----------------------------------------
----------------------------------------
ActivityId: 98ba0ad4-024d-4ac0-84e7-4bd56d071e5c

Timestamp: 20/05/2021 17:57:30

Message: IdentityServer signing certificate is not configured. System will be using default IdentityServer certificate

Category: ErrorLog

Priority: -1

EventId: 1

Severity: Information

Title:

Machine: INSTANCE-TFS-SI

App Domain: /LM/W3SVC/5/ROOT-1-132660070162887736

ProcessId: 3148

Process Name: c:\windows\system32\inetsrv\w3wp.exe

Thread Name: 

Win32 ThreadId:9588

Extended Properties: 
----------------------------------------
