----------------------------------------
ActivityId: 5b81e244-4ebc-48c1-8d56-e109222f4720

Timestamp: 17/05/2021 18:18:56

Message: IdentityServer signing certificate is not configured. System will be using default IdentityServer certificate

Category: ErrorLog

Priority: -1

EventId: 1

Severity: Information

Title:

Machine: INSTANCE-TFS-SI

App Domain: /LM/W3SVC/5/ROOT-1-132657491015558686

ProcessId: 6984

Process Name: c:\windows\system32\inetsrv\w3wp.exe

Thread Name: 

Win32 ThreadId:6536

Extended Properties: 
----------------------------------------
----------------------------------------
ActivityId: 00000000-0000-0000-0000-000000000000

Timestamp: 5/17/2021 6:25:19 PM

Message: HandlingInstanceID: 098612d1-e63b-41cd-adf8-c5c4461dbd8e
An exception of type 'Telerik.OpenAccess.OpenAccessException' occurred and was caught.
--------------------------------------------------------------------------------------
05/17/2021 18:25:19
Type : Telerik.OpenAccess.OpenAccessException, Telerik.OpenAccess, Version=2020.0.428.1, Culture=neutral, PublicKeyToken=7ce17eeaf1d59342
Message : The query does not accept parameters, but valid params were passed for query execution.
Source : Telerik.Sitefinity
Help link : 
InnerExceptions : 
FailedObject : 
BackendError : 
Reason : Internal
CanRetry : False
Data : System.Collections.ListDictionaryInternal
TargetSite : Telerik.Sitefinity.Data.IManager GetManager(System.Type, System.String)
HResult : -2146233088
Stack Trace :    at Telerik.Sitefinity.Data.ManagerBase.GetManager(Type managerType, String providerName)
   at Telerik.Sitefinity.Modules.GenericContent.ContentModuleBase.GetContractsInternal()
   at Telerik.Sitefinity.Web.Services.Contracts.TypeSettingsProviderRepo.GetContractsInternal()
   at Telerik.Sitefinity.Utilities.ConcurrentProperty`1.get_Value()
   at Telerik.Sitefinity.Web.Api.Configuration.ServiceElement.TryInitializeDefaultTypes(ConfigElement element)
   at Telerik.Sitefinity.Configuration.ConfigElementCollection.EnsureDelayedInitialization()
   at Telerik.Sitefinity.Configuration.ConfigElement.GetRawValue(ConfigProperty prop, PersistedValueWrapper& valueWrapper, Boolean skipDefaultValue)
   at Telerik.Sitefinity.Configuration.ConfigElement.get_Item(ConfigProperty prop)
   at Telerik.Sitefinity.Configuration.ConfigElement.get_Item(String propertyName)
   at Telerik.Sitefinity.Web.Api.Configuration.ServiceElement.get_Types()
   at Telerik.Sitefinity.Web.Api.Configuration.ServiceElement.Telerik.Sitefinity.Web.Api.OData.Model.Proxies.IServiceConfiguration.get_Types()
   at Telerik.Sitefinity.Web.Api.OData.Model.Proxies.ServiceProxy..ctor(IServiceConfiguration copyFrom)
   at Telerik.Sitefinity.Web.Api.OData.Routing.CompositeRoute.GetRoute(String routePrefix, IServiceConfiguration service)
   at Telerik.Sitefinity.Web.Api.OData.Routing.CompositeRoute.GetRouteDataInternal(String virtualPathRoot, HttpRequestMessage request)
   at Telerik.Sitefinity.Web.Api.OData.Routing.CompositeRoute.GetRouteData(String virtualPathRoot, HttpRequestMessage request)

Additional Info:

MachineName : INSTANCE-TFS-SI
TimeStamp : 5/17/2021 6:25:19 PM
FullName : Telerik.Sitefinity.Utilities, Version=13.3.7600.0, Culture=neutral, PublicKeyToken=b28c218413bdf563
AppDomainName : /LM/W3SVC/5/ROOT-1-132657494784360738
ThreadIdentity : Anonymous
WindowsIdentity : IIS APPPOOL\Sitefinity-Dev3
Requested URL : https://tfs-sitefinity.virtualdreams.io/


Category: ErrorLog

Priority: 0

EventId: 90000

Severity: Error

Title:Enterprise Library Exception Handling

Machine: INSTANCE-TFS-SI

App Domain: /LM/W3SVC/5/ROOT-1-132657494784360738

ProcessId: 1380

Process Name: c:\windows\system32\inetsrv\w3wp.exe

Thread Name: BackgroundTasksService-Thread-1

Win32 ThreadId:5408

Extended Properties: 
----------------------------------------
----------------------------------------
ActivityId: 7b1aa422-7c4f-456c-8c9d-e6bd03cb610f

Timestamp: 5/17/2021 6:25:47 PM

Message: IdentityServer signing certificate is not configured. System will be using default IdentityServer certificate

Category: ErrorLog

Priority: -1

EventId: 1

Severity: Information

Title:

Machine: INSTANCE-TFS-SI

App Domain: /LM/W3SVC/5/ROOT-1-132657494784360738

ProcessId: 1380

Process Name: c:\windows\system32\inetsrv\w3wp.exe

Thread Name: 

Win32 ThreadId:4116

Extended Properties: 
----------------------------------------
----------------------------------------
ActivityId: d3d7e33b-6a38-4f72-a244-01fd3b83f8fa

Timestamp: 17/05/2021 18:27:49

Message: IdentityServer signing certificate is not configured. System will be using default IdentityServer certificate

Category: ErrorLog

Priority: -1

EventId: 1

Severity: Information

Title:

Machine: INSTANCE-TFS-SI

App Domain: /LM/W3SVC/5/ROOT-1-132657496058937225

ProcessId: 4316

Process Name: c:\windows\system32\inetsrv\w3wp.exe

Thread Name: 

Win32 ThreadId:3280

Extended Properties: 
----------------------------------------
----------------------------------------
ActivityId: 44cf18e7-7d1e-46e5-9b5b-49001688c930

Timestamp: 17/05/2021 19:16:36

Message: IdentityServer signing certificate is not configured. System will be using default IdentityServer certificate

Category: ErrorLog

Priority: -1

EventId: 1

Severity: Information

Title:

Machine: INSTANCE-TFS-SI

App Domain: /LM/W3SVC/5/ROOT-1-132657525609009417

ProcessId: 1180

Process Name: c:\windows\system32\inetsrv\w3wp.exe

Thread Name: 

Win32 ThreadId:544

Extended Properties: 
----------------------------------------
----------------------------------------
ActivityId: 00000000-0000-0000-0000-000000000000

Timestamp: 5/17/2021 9:53:50 PM

Message: HandlingInstanceID: 3f4bfc44-5bde-43a8-8f3b-e7836cb21733
An exception of type 'System.Web.HttpRequestValidationException' occurred and was caught.
-----------------------------------------------------------------------------------------
05/17/2021 21:53:50
Type : System.Web.HttpRequestValidationException, System.Web, Version=4.0.0.0, Culture=neutral, PublicKeyToken=b03f5f7f11d50a3a
Message : A potentially dangerous Request.RawUrl value was detected from the client (="...h&content=<php>die(@md5(HelloT...").
Source : System.Web
Help link : 
WebEventCode : 0
ErrorCode : -2147467259
Data : System.Collections.ListDictionaryInternal
TargetSite : Void ValidateString(System.String, System.String, System.Web.Util.RequestValidationSource)
HResult : -2147467259
Stack Trace :    at System.Web.HttpRequest.ValidateString(String value, String collectionKey, RequestValidationSource requestCollection)
   at System.Web.HttpRequest.get_RawUrl()
   at Telerik.Sitefinity.Security.Claims.CustomRequestValidator.IsValidRequestString(HttpContext context, String value, RequestValidationSource requestValidationSource, String collectionKey, Int32& validationFailureIndex)
   at System.Web.HttpRequest.ValidateString(String value, String collectionKey, RequestValidationSource requestCollection)
   at System.Web.HttpRequest.get_PathInfo()
   at Telerik.Sitefinity.Web.SitefinityHttpModule.context_BeginRequest(Object sender, EventArgs e)
   at System.Web.HttpApplication.SyncEventExecutionStep.System.Web.HttpApplication.IExecutionStep.Execute()
   at System.Web.HttpApplication.ExecuteStepImpl(IExecutionStep step)
   at System.Web.HttpApplication.ExecuteStep(IExecutionStep step, Boolean& completedSynchronously)

Additional Info:

MachineName : INSTANCE-TFS-SI
TimeStamp : 5/17/2021 9:53:50 PM
FullName : Telerik.Sitefinity.Utilities, Version=13.3.7600.0, Culture=neutral, PublicKeyToken=b28c218413bdf563
AppDomainName : /LM/W3SVC/5/ROOT-1-132657620120901363
ThreadIdentity : 
WindowsIdentity : IIS APPPOOL\Sitefinity-Dev3
Requested URL : http://130.211.122.213/?a=fetch&content=<php>die(@md5(HelloThinkCMF))</php>


Category: ErrorLog

Priority: 0

EventId: 90000

Severity: Error

Title:Enterprise Library Exception Handling

Machine: INSTANCE-TFS-SI

App Domain: /LM/W3SVC/5/ROOT-1-132657620120901363

ProcessId: 340

Process Name: c:\windows\system32\inetsrv\w3wp.exe

Thread Name: 

Win32 ThreadId:6636

Extended Properties: 
----------------------------------------
----------------------------------------
ActivityId: 4e660b9e-6a37-4155-b33e-578ddbfbeb89

Timestamp: 5/17/2021 10:02:53 PM

Message: IdentityServer signing certificate is not configured. System will be using default IdentityServer certificate

Category: ErrorLog

Priority: -1

EventId: 1

Severity: Information

Title:

Machine: INSTANCE-TFS-SI

App Domain: /LM/W3SVC/5/ROOT-1-132657620120901363

ProcessId: 340

Process Name: c:\windows\system32\inetsrv\w3wp.exe

Thread Name: 

Win32 ThreadId:1368

Extended Properties: 
----------------------------------------
----------------------------------------
ActivityId: 8d02c5cf-d684-42d1-a65d-33c08c763927

Timestamp: 5/17/2021 10:41:20 PM

Message: IdentityServer signing certificate is not configured. System will be using default IdentityServer certificate

Category: ErrorLog

Priority: -1

EventId: 1

Severity: Information

Title:

Machine: INSTANCE-TFS-SI

App Domain: /LM/W3SVC/5/ROOT-1-132657644025880973

ProcessId: 6028

Process Name: c:\windows\system32\inetsrv\w3wp.exe

Thread Name: 

Win32 ThreadId:5476

Extended Properties: 
----------------------------------------
----------------------------------------
ActivityId: 11ddcd5c-d1f1-4c02-a27f-c6fb8b29f864

Timestamp: 5/18/2021 12:09:24 AM

Message: IdentityServer signing certificate is not configured. System will be using default IdentityServer certificate

Category: ErrorLog

Priority: -1

EventId: 1

Severity: Information

Title:

Machine: INSTANCE-TFS-SI

App Domain: /LM/W3SVC/5/ROOT-1-132657699574287863

ProcessId: 1888

Process Name: c:\windows\system32\inetsrv\w3wp.exe

Thread Name: 

Win32 ThreadId:2876

Extended Properties: 
----------------------------------------
----------------------------------------
ActivityId: 0b31585e-c751-44ed-9866-280475550da5

Timestamp: 18/05/2021 00:57:08

Message: IdentityServer signing certificate is not configured. System will be using default IdentityServer certificate

Category: ErrorLog

Priority: -1

EventId: 1

Severity: Information

Title:

Machine: INSTANCE-TFS-SI

App Domain: /LM/W3SVC/5/ROOT-1-132657728497123699

ProcessId: 6784

Process Name: c:\windows\system32\inetsrv\w3wp.exe

Thread Name: 

Win32 ThreadId:700

Extended Properties: 
----------------------------------------
----------------------------------------
ActivityId: 5cf43a13-2b33-454d-9689-21035fbe3c53

Timestamp: 18/05/2021 1:32:33

Message: IdentityServer signing certificate is not configured. System will be using default IdentityServer certificate

Category: ErrorLog

Priority: -1

EventId: 1

Severity: Information

Title:

Machine: INSTANCE-TFS-SI

App Domain: /LM/W3SVC/5/ROOT-1-132657751198383125

ProcessId: 6220

Process Name: c:\windows\system32\inetsrv\w3wp.exe

Thread Name: 

Win32 ThreadId:4344

Extended Properties: 
----------------------------------------
----------------------------------------
ActivityId: 5cf43a13-2b33-454d-9689-21035fbe3c53

Timestamp: 18/05/2021 1:32:38

Message: System.Web.HttpException (0x80004005): Server cannot append header after HTTP headers have been sent.
   at System.Web.HttpHeaderCollection.SetHeader(String name, String value, Boolean replace)
   at Microsoft.Owin.Host.SystemWeb.CallHeaders.AspNetResponseHeaders.Set(String key, String[] values)
   at Microsoft.Owin.Infrastructure.ChunkingCookieManager.AppendResponseCookie(IOwinContext context, String key, String value, CookieOptions options)
   at Telerik.Sitefinity.Authentication.Owin.SitefinityAuthentication.SitefinityCookieAuthenticationHandler.SetAuthCookie(AuthenticationTicket ticket, Boolean isPersistent, Nullable`1 expiresUtc)
   at Telerik.Sitefinity.Authentication.Owin.SitefinityAuthentication.SitefinityCookieAuthenticationHandler.<Renew>d__10.MoveNext()
--- End of stack trace from previous location where exception was thrown ---
   at System.Runtime.ExceptionServices.ExceptionDispatchInfo.Throw()
   at System.Runtime.CompilerServices.TaskAwaiter.HandleNonSuccessAndDebuggerNotification(Task task)
   at Telerik.Sitefinity.Authentication.Owin.SitefinityAuthentication.SitefinityCookieAuthenticationHandler.<ApplyResponseGrantAsync>d__2.MoveNext()
--- End of stack trace from previous location where exception was thrown ---
   at System.Runtime.ExceptionServices.ExceptionDispatchInfo.Throw()
   at System.Runtime.CompilerServices.TaskAwaiter.HandleNonSuccessAndDebuggerNotification(Task task)
   at Microsoft.Owin.Security.Infrastructure.AuthenticationHandler.<ApplyResponseCoreAsync>d__b.MoveNext()
--- End of stack trace from previous location where exception was thrown ---
   at System.Runtime.ExceptionServices.ExceptionDispatchInfo.Throw()
   at System.Runtime.CompilerServices.TaskAwaiter.HandleNonSuccessAndDebuggerNotification(Task task)
   at Microsoft.Owin.Security.Infrastructure.AuthenticationHandler.<ApplyResponseAsync>d__8.MoveNext()
--- End of stack trace from previous location where exception was thrown ---
   at System.Runtime.ExceptionServices.ExceptionDispatchInfo.Throw()
   at System.Runtime.CompilerServices.TaskAwaiter.HandleNonSuccessAndDebuggerNotification(Task task)
   at Microsoft.Owin.Security.Infrastructure.AuthenticationHandler.<TeardownAsync>d__5.MoveNext()
--- End of stack trace from previous location where exception was thrown ---
   at System.Runtime.ExceptionServices.ExceptionDispatchInfo.Throw()
   at System.Runtime.CompilerServices.TaskAwaiter.HandleNonSuccessAndDebuggerNotification(Task task)
   at Microsoft.Owin.Security.Infrastructure.AuthenticationMiddleware`1.<Invoke>d__0.MoveNext()
--- End of stack trace from previous location where exception was thrown ---
   at System.Runtime.ExceptionServices.ExceptionDispatchInfo.Throw()
   at System.Runtime.CompilerServices.TaskAwaiter.HandleNonSuccessAndDebuggerNotification(Task task)
   at Telerik.Sitefinity.Authentication.Owin.Cookies.CookieSaverMiddleware.<Invoke>d__1.MoveNext()
--- End of stack trace from previous location where exception was thrown ---
   at System.Runtime.ExceptionServices.ExceptionDispatchInfo.Throw()
   at System.Runtime.CompilerServices.TaskAwaiter.HandleNonSuccessAndDebuggerNotification(Task task)
   at Microsoft.Owin.Mapping.MapWhenMiddleware.<Invoke>d__0.MoveNext()
--- End of stack trace from previous location where exception was thrown ---
   at System.Runtime.ExceptionServices.ExceptionDispatchInfo.Throw()
   at System.Runtime.CompilerServices.TaskAwaiter.HandleNonSuccessAndDebuggerNotification(Task task)
   at Microsoft.Owin.Mapping.MapMiddleware.<Invoke>d__0.MoveNext()
--- End of stack trace from previous location where exception was thrown ---
   at System.Runtime.ExceptionServices.ExceptionDispatchInfo.Throw()
   at System.Runtime.CompilerServices.TaskAwaiter.HandleNonSuccessAndDebuggerNotification(Task task)
   at Microsoft.Owin.Mapping.MapMiddleware.<Invoke>d__0.MoveNext()
--- End of stack trace from previous location where exception was thrown ---
   at System.Runtime.ExceptionServices.ExceptionDispatchInfo.Throw()
   at System.Runtime.CompilerServices.TaskAwaiter.HandleNonSuccessAndDebuggerNotification(Task task)
   at Telerik.Sitefinity.Authentication.Owin.RelyingPartyMiddleware.<Invoke>d__1.MoveNext()
--- End of stack trace from previous location where exception was thrown ---
   at System.Runtime.ExceptionServices.ExceptionDispatchInfo.Throw()
   at System.Runtime.CompilerServices.TaskAwaiter.HandleNonSuccessAndDebuggerNotification(Task task)
   at Telerik.Sitefinity.Authentication.Owin.AnonymousUserMiddleware.<Invoke>d__1.MoveNext()
--- End of stack trace from previous location where exception was thrown ---
   at System.Runtime.ExceptionServices.ExceptionDispatchInfo.Throw()
   at System.Runtime.CompilerServices.TaskAwaiter.HandleNonSuccessAndDebuggerNotification(Task task)
   at Telerik.Sitefinity.Authentication.Owin.AccessControlMiddleware.<Invoke>d__1.MoveNext()
--- End of stack trace from previous location where exception was thrown ---
   at System.Runtime.ExceptionServices.ExceptionDispatchInfo.Throw()
   at System.Runtime.CompilerServices.TaskAwaiter.HandleNonSuccessAndDebuggerNotification(Task task)
   at Microsoft.Owin.Mapping.MapMiddleware.<Invoke>d__0.MoveNext()
--- End of stack trace from previous location where exception was thrown ---
   at System.Runtime.ExceptionServices.ExceptionDispatchInfo.Throw()
   at System.Runtime.CompilerServices.TaskAwaiter.HandleNonSuccessAndDebuggerNotification(Task task)
   at Microsoft.Owin.Mapping.MapMiddleware.<Invoke>d__0.MoveNext()
--- End of stack trace from previous location where exception was thrown ---
   at System.Runtime.ExceptionServices.ExceptionDispatchInfo.Throw()
   at System.Runtime.CompilerServices.TaskAwaiter.HandleNonSuccessAndDebuggerNotification(Task task)
   at Telerik.Sitefinity.Authentication.Owin.SecurityTokenServiceMiddleware.<Invoke>d__1.MoveNext()
--- End of stack trace from previous location where exception was thrown ---
   at System.Runtime.ExceptionServices.ExceptionDispatchInfo.Throw()
   at System.Runtime.CompilerServices.TaskAwaiter.HandleNonSuccessAndDebuggerNotification(Task task)
   at Telerik.Sitefinity.Authentication.Owin.SitefinityAuthenticationMiddleware.<Invoke>d__1.MoveNext()
--- End of stack trace from previous location where exception was thrown ---
   at System.Runtime.ExceptionServices.ExceptionDispatchInfo.Throw()
   at System.Runtime.CompilerServices.TaskAwaiter.HandleNonSuccessAndDebuggerNotification(Task task)
   at Telerik.Sitefinity.Owin.Extensions.SslOffloaderMiddleware.<Invoke>d__1.MoveNext()
--- End of stack trace from previous location where exception was thrown ---
   at System.Runtime.ExceptionServices.ExceptionDispatchInfo.Throw()
   at System.Runtime.CompilerServices.TaskAwaiter.HandleNonSuccessAndDebuggerNotification(Task task)
   at Telerik.Sitefinity.Owin.HttpsRedirectMiddleware.<Invoke>d__1.MoveNext()
--- End of stack trace from previous location where exception was thrown ---
   at System.Runtime.ExceptionServices.ExceptionDispatchInfo.Throw()
   at System.Runtime.CompilerServices.TaskAwaiter.HandleNonSuccessAndDebuggerNotification(Task task)
   at Telerik.Sitefinity.Owin.Extensions.GlobalExceptionMiddleware.<Invoke>d__1.MoveNext()

Category: ErrorLog

Priority: -1

EventId: 1

Severity: Information

Title:

Machine: INSTANCE-TFS-SI

App Domain: /LM/W3SVC/5/ROOT-1-132657751198383125

ProcessId: 6220

Process Name: c:\windows\system32\inetsrv\w3wp.exe

Thread Name: 

Win32 ThreadId:4344

Extended Properties: 
----------------------------------------
----------------------------------------
ActivityId: 00000000-0000-0000-0000-000000000000

Timestamp: 5/18/2021 1:32:39 AM

Message: HandlingInstanceID: de0459de-a229-4636-951a-692979390bed
An exception of type 'System.Web.HttpException' occurred and was caught.
------------------------------------------------------------------------
05/18/2021 01:32:39
Type : System.Web.HttpException, System.Web, Version=4.0.0.0, Culture=neutral, PublicKeyToken=b03f5f7f11d50a3a
Message : Server cannot append header after HTTP headers have been sent.
Source : Telerik.Sitefinity
Help link : 
WebEventCode : 0
ErrorCode : -2147467259
Data : System.Collections.ListDictionaryInternal
TargetSite : Void MoveNext()
HResult : -2147467259
Stack Trace :    at Telerik.Sitefinity.Owin.Extensions.GlobalExceptionMiddleware.<Invoke>d__1.MoveNext()
--- End of stack trace from previous location where exception was thrown ---
   at System.Runtime.ExceptionServices.ExceptionDispatchInfo.Throw()
   at System.Runtime.CompilerServices.TaskAwaiter.HandleNonSuccessAndDebuggerNotification(Task task)
   at Telerik.Sitefinity.Owin.SitefinityMiddleware.<Invoke>d__1.MoveNext()
--- End of stack trace from previous location where exception was thrown ---
   at System.Runtime.ExceptionServices.ExceptionDispatchInfo.Throw()
   at System.Runtime.CompilerServices.TaskAwaiter.HandleNonSuccessAndDebuggerNotification(Task task)
   at Microsoft.Owin.Host.SystemWeb.IntegratedPipeline.IntegratedPipelineContextStage.<RunApp>d__5.MoveNext()
--- End of stack trace from previous location where exception was thrown ---
   at System.Runtime.ExceptionServices.ExceptionDispatchInfo.Throw()
   at System.Runtime.CompilerServices.TaskAwaiter.HandleNonSuccessAndDebuggerNotification(Task task)
   at Microsoft.Owin.Host.SystemWeb.IntegratedPipeline.IntegratedPipelineContext.<DoFinalWork>d__2.MoveNext()
--- End of stack trace from previous location where exception was thrown ---
   at System.Runtime.ExceptionServices.ExceptionDispatchInfo.Throw()
   at Microsoft.Owin.Host.SystemWeb.IntegratedPipeline.StageAsyncResult.End(IAsyncResult ar)
   at System.Web.HttpApplication.AsyncEventExecutionStep.System.Web.HttpApplication.IExecutionStep.Execute()
   at System.Web.HttpApplication.ExecuteStepImpl(IExecutionStep step)
   at System.Web.HttpApplication.ExecuteStep(IExecutionStep step, Boolean& completedSynchronously)

Additional Info:

MachineName : INSTANCE-TFS-SI
TimeStamp : 5/18/2021 1:32:39 AM
FullName : Telerik.Sitefinity.Utilities, Version=13.3.7600.0, Culture=neutral, PublicKeyToken=b28c218413bdf563
AppDomainName : /LM/W3SVC/5/ROOT-1-132657751198383125
ThreadIdentity : Anonymous
WindowsIdentity : IIS APPPOOL\Sitefinity-Dev3
Requested URL : https://tfs-sitefinity.virtualdreams.io/appstatus


Category: ErrorLog

Priority: 0

EventId: 90000

Severity: Error

Title:Enterprise Library Exception Handling

Machine: INSTANCE-TFS-SI

App Domain: /LM/W3SVC/5/ROOT-1-132657751198383125

ProcessId: 6220

Process Name: c:\windows\system32\inetsrv\w3wp.exe

Thread Name: 

Win32 ThreadId:4344

Extended Properties: 
----------------------------------------
----------------------------------------
ActivityId: 53cd48b1-fb17-472f-a843-f0b626e116a2

Timestamp: 5/18/2021 5:39:43 AM

Message: IdentityServer signing certificate is not configured. System will be using default IdentityServer certificate

Category: ErrorLog

Priority: -1

EventId: 1

Severity: Information

Title:

Machine: INSTANCE-TFS-SI

App Domain: /LM/W3SVC/5/ROOT-1-132657897300295572

ProcessId: 4648

Process Name: c:\windows\system32\inetsrv\w3wp.exe

Thread Name: 

Win32 ThreadId:2164

Extended Properties: 
----------------------------------------
----------------------------------------
ActivityId: 737b76a8-59a2-4010-bc6f-8bd04b713bd7

Timestamp: 5/18/2021 6:30:37 AM

Message: IdentityServer signing certificate is not configured. System will be using default IdentityServer certificate

Category: ErrorLog

Priority: -1

EventId: 1

Severity: Information

Title:

Machine: INSTANCE-TFS-SI

App Domain: /LM/W3SVC/5/ROOT-1-132657923527659557

ProcessId: 3264

Process Name: c:\windows\system32\inetsrv\w3wp.exe

Thread Name: 

Win32 ThreadId:1440

Extended Properties: 
----------------------------------------
----------------------------------------
ActivityId: 7e3e1766-dc64-4371-8c48-1d42a363f632

Timestamp: 5/18/2021 9:02:19 AM

Message: IdentityServer signing certificate is not configured. System will be using default IdentityServer certificate

Category: ErrorLog

Priority: -1

EventId: 1

Severity: Information

Title:

Machine: INSTANCE-TFS-SI

App Domain: /LM/W3SVC/5/ROOT-1-132658014705730010

ProcessId: 3940

Process Name: c:\windows\system32\inetsrv\w3wp.exe

Thread Name: 

Win32 ThreadId:992

Extended Properties: 
----------------------------------------
----------------------------------------
ActivityId: 3e7fde79-589b-4c20-ade9-a8b04ee1d6fa

Timestamp: 2021/5/18 10:03:55

Message: IdentityServer signing certificate is not configured. System will be using default IdentityServer certificate

Category: ErrorLog

Priority: -1

EventId: 1

Severity: Information

Title:

Machine: INSTANCE-TFS-SI

App Domain: /LM/W3SVC/5/ROOT-1-132658047818090000

ProcessId: 4204

Process Name: c:\windows\system32\inetsrv\w3wp.exe

Thread Name: 

Win32 ThreadId:1740

Extended Properties: 
----------------------------------------
----------------------------------------
ActivityId: 3bc977cd-8a36-46ee-b4dc-c9dafc86827f

Timestamp: 5/18/2021 10:49:11 AM

Message: IdentityServer signing certificate is not configured. System will be using default IdentityServer certificate

Category: ErrorLog

Priority: -1

EventId: 1

Severity: Information

Title:

Machine: INSTANCE-TFS-SI

App Domain: /LM/W3SVC/5/ROOT-1-132658077920950325

ProcessId: 3400

Process Name: c:\windows\system32\inetsrv\w3wp.exe

Thread Name: 

Win32 ThreadId:304

Extended Properties: 
----------------------------------------
----------------------------------------
ActivityId: 00000000-0000-0000-0000-000000000000

Timestamp: 5/18/2021 12:19:29 PM

Message: HandlingInstanceID: ae974cef-f610-45c9-94c3-0db01d35261f
An exception of type 'Telerik.OpenAccess.OpenAccessException' occurred and was caught.
--------------------------------------------------------------------------------------
05/18/2021 12:19:29
Type : Telerik.OpenAccess.OpenAccessException, Telerik.OpenAccess, Version=2020.0.428.1, Culture=neutral, PublicKeyToken=7ce17eeaf1d59342
Message : The query does not accept parameters, but valid params were passed for query execution.
Source : Telerik.Sitefinity
Help link : 
InnerExceptions : 
FailedObject : 
BackendError : 
Reason : Internal
CanRetry : False
Data : System.Collections.ListDictionaryInternal
TargetSite : Telerik.Sitefinity.Data.IManager GetManager(System.Type, System.String)
HResult : -2146233088
Stack Trace :    at Telerik.Sitefinity.Data.ManagerBase.GetManager(Type managerType, String providerName)
   at Telerik.Sitefinity.Modules.GenericContent.ContentModuleBase.GetContractsInternal()
   at Telerik.Sitefinity.Web.Services.Contracts.TypeSettingsProviderRepo.GetContractsInternal()
   at Telerik.Sitefinity.Utilities.ConcurrentProperty`1.get_Value()
   at Telerik.Sitefinity.Web.Api.Configuration.ServiceElement.TryInitializeDefaultTypes(ConfigElement element)
   at Telerik.Sitefinity.Configuration.ConfigElementCollection.EnsureDelayedInitialization()
   at Telerik.Sitefinity.Configuration.ConfigElement.GetRawValue(ConfigProperty prop, PersistedValueWrapper& valueWrapper, Boolean skipDefaultValue)
   at Telerik.Sitefinity.Configuration.ConfigElement.get_Item(ConfigProperty prop)
   at Telerik.Sitefinity.Configuration.ConfigElement.get_Item(String propertyName)
   at Telerik.Sitefinity.Web.Api.Configuration.ServiceElement.get_Types()
   at Telerik.Sitefinity.Web.Api.Configuration.ServiceElement.Telerik.Sitefinity.Web.Api.OData.Model.Proxies.IServiceConfiguration.get_Types()
   at Telerik.Sitefinity.Web.Api.OData.Model.Proxies.ServiceProxy..ctor(IServiceConfiguration copyFrom)
   at Telerik.Sitefinity.Web.Api.OData.Routing.CompositeRoute.GetRoute(String routePrefix, IServiceConfiguration service)
   at Telerik.Sitefinity.Web.Api.OData.Routing.CompositeRoute.GetRouteDataInternal(String virtualPathRoot, HttpRequestMessage request)
   at Telerik.Sitefinity.Web.Api.OData.Routing.CompositeRoute.GetRouteData(String virtualPathRoot, HttpRequestMessage request)

Additional Info:

MachineName : INSTANCE-TFS-SI
TimeStamp : 5/18/2021 12:19:29 PM
FullName : Telerik.Sitefinity.Utilities, Version=13.3.7600.0, Culture=neutral, PublicKeyToken=b28c218413bdf563
AppDomainName : /LM/W3SVC/5/ROOT-1-132658139359863567
ThreadIdentity : Anonymous
WindowsIdentity : IIS APPPOOL\Sitefinity-Dev3
Requested URL : https://tfs-sitefinity.virtualdreams.io/


Category: ErrorLog

Priority: 0

EventId: 90000

Severity: Error

Title:Enterprise Library Exception Handling

Machine: INSTANCE-TFS-SI

App Domain: /LM/W3SVC/5/ROOT-1-132658139359863567

ProcessId: 2796

Process Name: c:\windows\system32\inetsrv\w3wp.exe

Thread Name: BackgroundTasksService-Thread-1

Win32 ThreadId:2712

Extended Properties: 
----------------------------------------
----------------------------------------
ActivityId: 66d35a5b-8f92-4cda-8a3e-b161b3d3f679

Timestamp: 18/05/2021 12:19:33

Message: IdentityServer signing certificate is not configured. System will be using default IdentityServer certificate

Category: ErrorLog

Priority: -1

EventId: 1

Severity: Information

Title:

Machine: INSTANCE-TFS-SI

App Domain: /LM/W3SVC/5/ROOT-1-132658139359863567

ProcessId: 2796

Process Name: c:\windows\system32\inetsrv\w3wp.exe

Thread Name: 

Win32 ThreadId:4128

Extended Properties: 
----------------------------------------
----------------------------------------
ActivityId: ee8bee4c-a995-48a8-b415-be7c0664188c

Timestamp: 5/18/2021 1:22:02 PM

Message: IdentityServer signing certificate is not configured. System will be using default IdentityServer certificate

Category: ErrorLog

Priority: -1

EventId: 1

Severity: Information

Title:

Machine: INSTANCE-TFS-SI

App Domain: /LM/W3SVC/5/ROOT-1-132658167208829594

ProcessId: 4812

Process Name: c:\windows\system32\inetsrv\w3wp.exe

Thread Name: 

Win32 ThreadId:1032

Extended Properties: 
----------------------------------------
----------------------------------------
ActivityId: 38b14b77-5bc6-44c3-ab77-a05d84ecec91

Timestamp: 18/05/2021 13:56:53

Message: System.OperationCanceledException: The operation was canceled.
   at System.Threading.CancellationToken.ThrowOperationCanceledException()
   at System.Web.Http.Owin.HttpMessageHandlerAdapter.<SendResponseContentAsync>d__20.MoveNext()
--- End of stack trace from previous location where exception was thrown ---
   at System.Runtime.ExceptionServices.ExceptionDispatchInfo.Throw()
   at System.Runtime.CompilerServices.TaskAwaiter.ThrowForNonSuccess(Task task)
   at System.Runtime.CompilerServices.TaskAwaiter.HandleNonSuccessAndDebuggerNotification(Task task)
   at System.Web.Http.Owin.HttpMessageHandlerAdapter.<InvokeCore>d__0.MoveNext()
--- End of stack trace from previous location where exception was thrown ---
   at System.Runtime.ExceptionServices.ExceptionDispatchInfo.Throw()
   at System.Runtime.CompilerServices.TaskAwaiter.ThrowForNonSuccess(Task task)
   at System.Runtime.CompilerServices.TaskAwaiter.HandleNonSuccessAndDebuggerNotification(Task task)
   at System.Runtime.CompilerServices.TaskAwaiter.GetResult()
   at Owin.SignOutMessageCookieExtension.<>c.<<ConfigureSignOutMessageCookie>b__0_0>d.MoveNext()
--- End of stack trace from previous location where exception was thrown ---
   at System.Runtime.ExceptionServices.ExceptionDispatchInfo.Throw()
   at System.Runtime.CompilerServices.TaskAwaiter.ThrowForNonSuccess(Task task)
   at System.Runtime.CompilerServices.TaskAwaiter.HandleNonSuccessAndDebuggerNotification(Task task)
   at System.Runtime.CompilerServices.TaskAwaiter.GetResult()
   at Owin.UseCookieAuthenticationExtension.<>c__DisplayClass0_0.<<ConfigureCookieAuthentication>b__1>d.MoveNext()
--- End of stack trace from previous location where exception was thrown ---
   at System.Runtime.ExceptionServices.ExceptionDispatchInfo.Throw()
   at System.Runtime.CompilerServices.TaskAwaiter.ThrowForNonSuccess(Task task)
   at System.Runtime.CompilerServices.TaskAwaiter.HandleNonSuccessAndDebuggerNotification(Task task)
   at Microsoft.Owin.Security.Infrastructure.AuthenticationMiddleware`1.<Invoke>d__0.MoveNext()
--- End of stack trace from previous location where exception was thrown ---
   at System.Runtime.ExceptionServices.ExceptionDispatchInfo.Throw()
   at System.Runtime.CompilerServices.TaskAwaiter.ThrowForNonSuccess(Task task)
   at System.Runtime.CompilerServices.TaskAwaiter.HandleNonSuccessAndDebuggerNotification(Task task)
   at Microsoft.Owin.Security.Infrastructure.AuthenticationMiddleware`1.<Invoke>d__0.MoveNext()
--- End of stack trace from previous location where exception was thrown ---
   at System.Runtime.ExceptionServices.ExceptionDispatchInfo.Throw()
   at System.Runtime.CompilerServices.TaskAwaiter.ThrowForNonSuccess(Task task)
   at System.Runtime.CompilerServices.TaskAwaiter.HandleNonSuccessAndDebuggerNotification(Task task)
   at Microsoft.Owin.Security.Infrastructure.AuthenticationMiddleware`1.<Invoke>d__0.MoveNext()
--- End of stack trace from previous location where exception was thrown ---
   at System.Runtime.ExceptionServices.ExceptionDispatchInfo.Throw()
   at System.Runtime.CompilerServices.TaskAwaiter.ThrowForNonSuccess(Task task)
   at System.Runtime.CompilerServices.TaskAwaiter.HandleNonSuccessAndDebuggerNotification(Task task)
   at Microsoft.Owin.Cors.CorsMiddleware.<Invoke>d__0.MoveNext()
--- End of stack trace from previous location where exception was thrown ---
   at System.Runtime.ExceptionServices.ExceptionDispatchInfo.Throw()
   at System.Runtime.CompilerServices.TaskAwaiter.ThrowForNonSuccess(Task task)
   at System.Runtime.CompilerServices.TaskAwaiter.HandleNonSuccessAndDebuggerNotification(Task task)
   at System.Runtime.CompilerServices.TaskAwaiter.GetResult()
   at Owin.OwinExtensions.<>c__DisplayClass0_0.<<UseAutofacMiddleware>b__0>d.MoveNext()
--- End of stack trace from previous location where exception was thrown ---
   at System.Runtime.ExceptionServices.ExceptionDispatchInfo.Throw()
   at System.Runtime.CompilerServices.TaskAwaiter.ThrowForNonSuccess(Task task)
   at System.Runtime.CompilerServices.TaskAwaiter.HandleNonSuccessAndDebuggerNotification(Task task)
   at System.Runtime.CompilerServices.TaskAwaiter.GetResult()
   at Owin.ConfigureRenderLoggedOutPageExtension.<>c.<<ConfigureRenderLoggedOutPage>b__0_0>d.MoveNext()
--- End of stack trace from previous location where exception was thrown ---
   at System.Runtime.ExceptionServices.ExceptionDispatchInfo.Throw()
   at System.Runtime.CompilerServices.TaskAwaiter.ThrowForNonSuccess(Task task)
   at System.Runtime.CompilerServices.TaskAwaiter.HandleNonSuccessAndDebuggerNotification(Task task)
   at System.Runtime.CompilerServices.TaskAwaiter.GetResult()
   at Owin.ConfigureRequestBodyBufferExtension.<>c.<<ConfigureRequestBodyBuffer>b__0_0>d.MoveNext()
--- End of stack trace from previous location where exception was thrown ---
   at System.Runtime.ExceptionServices.ExceptionDispatchInfo.Throw()
   at System.Runtime.CompilerServices.TaskAwaiter.ThrowForNonSuccess(Task task)
   at System.Runtime.CompilerServices.TaskAwaiter.HandleNonSuccessAndDebuggerNotification(Task task)
   at System.Runtime.CompilerServices.TaskAwaiter.GetResult()
   at Owin.ConfigureIdentityServerIssuerExtension.<>c__DisplayClass0_1.<<ConfigureIdentityServerIssuer>b__1>d.MoveNext()
--- End of stack trace from previous location where exception was thrown ---
   at System.Runtime.ExceptionServices.ExceptionDispatchInfo.Throw()
   at System.Runtime.CompilerServices.TaskAwaiter.ThrowForNonSuccess(Task task)
   at System.Runtime.CompilerServices.TaskAwaiter.HandleNonSuccessAndDebuggerNotification(Task task)
   at System.Runtime.CompilerServices.TaskAwaiter.GetResult()
   at Owin.ConfigureIdentityServerBaseUrlExtension.<>c__DisplayClass0_0.<<ConfigureIdentityServerBaseUrl>b__0>d.MoveNext()
--- End of stack trace from previous location where exception was thrown ---
   at System.Runtime.ExceptionServices.ExceptionDispatchInfo.Throw()
   at System.Runtime.CompilerServices.TaskAwaiter.ThrowForNonSuccess(Task task)
   at System.Runtime.CompilerServices.TaskAwaiter.HandleNonSuccessAndDebuggerNotification(Task task)
   at System.Runtime.CompilerServices.TaskAwaiter.GetResult()
   at Owin.ConfigureRequestIdExtension.<>c.<<ConfigureRequestId>b__0_0>d.MoveNext()
--- End of stack trace from previous location where exception was thrown ---
   at System.Runtime.ExceptionServices.ExceptionDispatchInfo.Throw()
   at System.Runtime.CompilerServices.TaskAwaiter.ThrowForNonSuccess(Task task)
   at System.Runtime.CompilerServices.TaskAwaiter.HandleNonSuccessAndDebuggerNotification(Task task)
   at Telerik.Sitefinity.Authentication.IdentityServer.IdentityServerCookieTransformationMiddleware.<Invoke>d__1.MoveNext()
--- End of stack trace from previous location where exception was thrown ---
   at System.Runtime.ExceptionServices.ExceptionDispatchInfo.Throw()
   at System.Runtime.CompilerServices.TaskAwaiter.ThrowForNonSuccess(Task task)
   at System.Runtime.CompilerServices.TaskAwaiter.HandleNonSuccessAndDebuggerNotification(Task task)
   at Telerik.Sitefinity.Authentication.IdentityServer.ChangeResponseStatusCodeMiddleware.<Invoke>d__1.MoveNext()
--- End of stack trace from previous location where exception was thrown ---
   at System.Runtime.ExceptionServices.ExceptionDispatchInfo.Throw()
   at System.Runtime.CompilerServices.TaskAwaiter.ThrowForNonSuccess(Task task)
   at System.Runtime.CompilerServices.TaskAwaiter.HandleNonSuccessAndDebuggerNotification(Task task)
   at Telerik.Sitefinity.Authentication.Owin.SitefinityAuthenticationExtensions.<>c.<<EnsureCurrentPathIsFrontend>b__10_0>d.MoveNext()
--- End of stack trace from previous location where exception was thrown ---
   at System.Runtime.ExceptionServices.ExceptionDispatchInfo.Throw()
   at System.Runtime.CompilerServices.TaskAwaiter.ThrowForNonSuccess(Task task)
   at System.Runtime.CompilerServices.TaskAwaiter.HandleNonSuccessAndDebuggerNotification(Task task)
   at Microsoft.Owin.Mapping.MapMiddleware.<Invoke>d__0.MoveNext()
--- End of stack trace from previous location where exception was thrown ---
   at System.Runtime.ExceptionServices.ExceptionDispatchInfo.Throw()
   at System.Runtime.CompilerServices.TaskAwaiter.ThrowForNonSuccess(Task task)
   at System.Runtime.CompilerServices.TaskAwaiter.HandleNonSuccessAndDebuggerNotification(Task task)
   at Microsoft.Owin.Mapping.MapMiddleware.<Invoke>d__0.MoveNext()
--- End of stack trace from previous location where exception was thrown ---
   at System.Runtime.ExceptionServices.ExceptionDispatchInfo.Throw()
   at System.Runtime.CompilerServices.TaskAwaiter.ThrowForNonSuccess(Task task)
   at System.Runtime.CompilerServices.TaskAwaiter.HandleNonSuccessAndDebuggerNotification(Task task)
   at Telerik.Sitefinity.Authentication.Owin.SecurityTokenServiceMiddleware.<Invoke>d__1.MoveNext()
--- End of stack trace from previous location where exception was thrown ---
   at System.Runtime.ExceptionServices.ExceptionDispatchInfo.Throw()
   at System.Runtime.CompilerServices.TaskAwaiter.ThrowForNonSuccess(Task task)
   at System.Runtime.CompilerServices.TaskAwaiter.HandleNonSuccessAndDebuggerNotification(Task task)
   at Telerik.Sitefinity.Authentication.Owin.SitefinityAuthenticationMiddleware.<Invoke>d__1.MoveNext()
--- End of stack trace from previous location where exception was thrown ---
   at System.Runtime.ExceptionServices.ExceptionDispatchInfo.Throw()
   at System.Runtime.CompilerServices.TaskAwaiter.ThrowForNonSuccess(Task task)
   at System.Runtime.CompilerServices.TaskAwaiter.HandleNonSuccessAndDebuggerNotification(Task task)
   at Telerik.Sitefinity.Owin.Extensions.SslOffloaderMiddleware.<Invoke>d__1.MoveNext()
--- End of stack trace from previous location where exception was thrown ---
   at System.Runtime.ExceptionServices.ExceptionDispatchInfo.Throw()
   at System.Runtime.CompilerServices.TaskAwaiter.ThrowForNonSuccess(Task task)
   at System.Runtime.CompilerServices.TaskAwaiter.HandleNonSuccessAndDebuggerNotification(Task task)
   at Telerik.Sitefinity.Owin.HttpsRedirectMiddleware.<Invoke>d__1.MoveNext()
--- End of stack trace from previous location where exception was thrown ---
   at System.Runtime.ExceptionServices.ExceptionDispatchInfo.Throw()
   at System.Runtime.CompilerServices.TaskAwaiter.ThrowForNonSuccess(Task task)
   at System.Runtime.CompilerServices.TaskAwaiter.HandleNonSuccessAndDebuggerNotification(Task task)
   at Telerik.Sitefinity.Owin.Extensions.GlobalExceptionMiddleware.<Invoke>d__1.MoveNext()

Category: ErrorLog

Priority: -1

EventId: 1

Severity: Information

Title:

Machine: INSTANCE-TFS-SI

App Domain: /LM/W3SVC/5/ROOT-1-132658167208829594

ProcessId: 4812

Process Name: c:\windows\system32\inetsrv\w3wp.exe

Thread Name: 

Win32 ThreadId:5152

Extended Properties: 
----------------------------------------
----------------------------------------
ActivityId: a355da9f-879f-49b3-95a6-1d01ea1bb46a

Timestamp: 18/05/2021 14:46:03

Message: IdentityServer signing certificate is not configured. System will be using default IdentityServer certificate

Category: ErrorLog

Priority: -1

EventId: 1

Severity: Information

Title:

Machine: INSTANCE-TFS-SI

App Domain: /LM/W3SVC/5/ROOT-1-132658227265796381

ProcessId: 5428

Process Name: c:\windows\system32\inetsrv\w3wp.exe

Thread Name: 

Win32 ThreadId:5852

Extended Properties: 
----------------------------------------
----------------------------------------
ActivityId: 249034d9-ae8d-422f-b3be-5cec301a7fd9

Timestamp: 18/05/2021 15:14:07

Message: IdentityServer signing certificate is not configured. System will be using default IdentityServer certificate

Category: ErrorLog

Priority: -1

EventId: 1

Severity: Information

Title:

Machine: INSTANCE-TFS-SI

App Domain: /LM/W3SVC/5/ROOT-1-132658244129241984

ProcessId: 1956

Process Name: c:\windows\system32\inetsrv\w3wp.exe

Thread Name: 

Win32 ThreadId:5860

Extended Properties: 
----------------------------------------
----------------------------------------
ActivityId: 0228730b-04c2-4046-bce8-64c671c4601e

Timestamp: 5/18/2021 4:33:13 PM

Message: IdentityServer signing certificate is not configured. System will be using default IdentityServer certificate

Category: ErrorLog

Priority: -1

EventId: 1

Severity: Information

Title:

Machine: INSTANCE-TFS-SI

App Domain: /LM/W3SVC/5/ROOT-1-132658290128852702

ProcessId: 5856

Process Name: c:\windows\system32\inetsrv\w3wp.exe

Thread Name: 

Win32 ThreadId:5132

Extended Properties: 
----------------------------------------
----------------------------------------
ActivityId: 0e1ee794-508c-411a-8637-fee45c01b7e7

Timestamp: 18/05/2021 17:14:25

Message: IdentityServer signing certificate is not configured. System will be using default IdentityServer certificate

Category: ErrorLog

Priority: -1

EventId: 1

Severity: Information

Title:

Machine: INSTANCE-TFS-SI

App Domain: /LM/W3SVC/5/ROOT-1-132658316306500599

ProcessId: 1256

Process Name: c:\windows\system32\inetsrv\w3wp.exe

Thread Name: 

Win32 ThreadId:5448

Extended Properties: 
----------------------------------------
----------------------------------------
ActivityId: 747bfca9-5530-4593-b1b2-c1dfa4038b07

Timestamp: 5/18/2021 5:14:32 PM

Message: HandlingInstanceID: 76226bf5-8ec6-4609-a233-d7eda393537e
An exception of type 'Telerik.Sitefinity.Utilities.MS.ServiceModel.Web.WebProtocolException' occurred and was caught.
---------------------------------------------------------------------------------------------------------------------
05/18/2021 17:14:32
Type : Telerik.Sitefinity.Utilities.MS.ServiceModel.Web.WebProtocolException, Telerik.Sitefinity.Utilities, Version=13.3.7600.0, Culture=neutral, PublicKeyToken=b28c218413bdf563
Message : Unauthorized
Source : Telerik.Sitefinity
Help link : 
StatusCode : Unauthorized
StatusDescription : Unauthorized
IsDetailXhtml : True
Data : System.Collections.ListDictionaryInternal
TargetSite : Void RequestAuthentication(System.Func`2[Telerik.Sitefinity.Security.SitefinityIdentity,System.Boolean])
HResult : -2146233087
detailWriterInstance : Telerik.Sitefinity.Utilities.MS.ServiceModel.Web.WebProtocolException+StringDetailWriter
Stack Trace :    at Telerik.Sitefinity.Web.Services.ServiceUtility.RequestAuthentication(Func`2 isForbidden)
   at ServiceStack.RequestFilterAttribute.RequestFilter(IRequest req, IResponse res, Object requestDto) in C:\BuildAgent\work\3481147c480f4a2f\src\ServiceStack\RequestFilterAttribute.cs:line 29
   at ServiceStack.Host.ServiceRunner`1.<ExecuteAsync>d__15.MoveNext() in C:\BuildAgent\work\3481147c480f4a2f\src\ServiceStack\Host\ServiceRunner.cs:line 123

Additional Info:

MachineName : INSTANCE-TFS-SI
TimeStamp : 5/18/2021 5:14:32 PM
FullName : Telerik.Sitefinity.Utilities, Version=13.3.7600.0, Culture=neutral, PublicKeyToken=b28c218413bdf563
AppDomainName : /LM/W3SVC/5/ROOT-1-132658316306500599
ThreadIdentity : Anonymous
WindowsIdentity : IIS APPPOOL\Sitefinity-Dev3
Requested URL : https://tfs-sitefinity.virtualdreams.io/RestApi/adminapp/log-webclient-error?sf_site=fab5e68c-4517-4bea-91e2-565354087e40


Category: ErrorLog

Priority: 0

EventId: 90000

Severity: Error

Title:Enterprise Library Exception Handling

Machine: INSTANCE-TFS-SI

App Domain: /LM/W3SVC/5/ROOT-1-132658316306500599

ProcessId: 1256

Process Name: c:\windows\system32\inetsrv\w3wp.exe

Thread Name: 

Win32 ThreadId:5572

Extended Properties: 
----------------------------------------
