----------------------------------------
ActivityId: 00000000-0000-0000-0000-000000000000

Timestamp: 4/22/2021 11:29:34 PM

Message: HandlingInstanceID: 1baac769-98ed-47aa-b58b-c686e20ee79d
An exception of type 'Telerik.OpenAccess.OpenAccessException' occurred and was caught.
--------------------------------------------------------------------------------------
04/22/2021 23:29:34
Type : Telerik.OpenAccess.OpenAccessException, Telerik.OpenAccess, Version=2020.0.428.1, Culture=neutral, PublicKeyToken=7ce17eeaf1d59342
Message : System.ArgumentException: MsSqlDriver.GetCreateDatabaseSql : Database= missing
Source : Unity_ILEmit_DynamicClasses
Help link : 
InnerExceptions : System.Exception[]
FailedObject : 
BackendError : 
Reason : Runtime
CanRetry : True
Data : System.Collections.ListDictionaryInternal
TargetSite : Void Initialize(System.String, System.Collections.Specialized.NameValueCollection, System.Type)
HResult : -2146233088
Stack Trace :    at DynamicModule.ns.Wrapped_OpenAccessMetaDataProvider_dd5c0bd8c64b489ca8f1941eccd3c770.Initialize(String providerName, NameValueCollection config, Type managerType)
   at Telerik.Sitefinity.Data.ManagerBase`1.InstantiateProvider(IDataProviderSettings providerSettings, Type providerType, ExceptionPolicyName policy, Type managerType)

Additional Info:

MachineName : INSTANCE-TFS-SI
TimeStamp : 4/22/2021 11:29:34 PM
FullName : Telerik.Sitefinity.Utilities, Version=13.3.7600.0, Culture=neutral, PublicKeyToken=b28c218413bdf563
AppDomainName : /LM/W3SVC/7/ROOT-4-132636077564404707
ThreadIdentity : 
WindowsIdentity : IIS APPPOOL\Test2
Requested URL : http://127.0.0.1/
	Inner Exception
	---------------
	Type : System.ArgumentException, mscorlib, Version=4.0.0.0, Culture=neutral, PublicKeyToken=b77a5c561934e089
	Message : MsSqlDriver.GetCreateDatabaseSql : Database= missing
	Source : Telerik.OpenAccess.Runtime
	Help link : 
	ParamName : 
	Data : System.Collections.ListDictionaryInternal
	TargetSite : System.String GetCreateDatabaseSql(System.String, System.String, System.Collections.IDictionary, Telerik.OpenAccess.RT.Adonet2Generic.Impl.DBDriver, System.IO.StreamWriter)
	HResult : -2147024809
	Stack Trace :    at OpenAccessRuntime.Relational.sql.MsSqlDriver.GetCreateDatabaseSql(String url, String databaseName, IDictionary p, DBDriver drv, StreamWriter out_Renamed)
	   at OpenAccessRuntime.DataObjects.tools.ant.DatabaseCreationTask.createDatabase()



Category: ErrorLog

Priority: 0

EventId: 9010

Severity: Warning

Title:Enterprise Library Exception Handling

Machine: INSTANCE-TFS-SI

App Domain: /LM/W3SVC/7/ROOT-4-132636077564404707

ProcessId: 6040

Process Name: c:\windows\system32\inetsrv\w3wp.exe

Thread Name: 

Win32 ThreadId:7968

Extended Properties: 
----------------------------------------
----------------------------------------
ActivityId: 00000000-0000-0000-0000-000000000000

Timestamp: 4/22/2021 11:29:44 PM

Message: HandlingInstanceID: 86bc5f12-4fb9-4fb3-9c09-9cdf91de22ad
An exception of type 'Telerik.OpenAccess.OpenAccessException' occurred and was caught.
--------------------------------------------------------------------------------------
04/22/2021 23:29:44
Type : Telerik.OpenAccess.OpenAccessException, Telerik.OpenAccess, Version=2020.0.428.1, Culture=neutral, PublicKeyToken=7ce17eeaf1d59342
Message : System.ArgumentException: MsSqlDriver.GetCreateDatabaseSql : Database= missing
Source : Unity_ILEmit_DynamicClasses
Help link : 
InnerExceptions : System.Exception[]
FailedObject : 
BackendError : 
Reason : Runtime
CanRetry : True
Data : System.Collections.ListDictionaryInternal
TargetSite : Void Initialize(System.String, System.Collections.Specialized.NameValueCollection, System.Type)
HResult : -2146233088
Stack Trace :    at DynamicModule.ns.Wrapped_OpenAccessMetaDataProvider_dd5c0bd8c64b489ca8f1941eccd3c770.Initialize(String providerName, NameValueCollection config, Type managerType)
   at Telerik.Sitefinity.Data.ManagerBase`1.InstantiateProvider(IDataProviderSettings providerSettings, Type providerType, ExceptionPolicyName policy, Type managerType)

Additional Info:

MachineName : INSTANCE-TFS-SI
TimeStamp : 4/22/2021 11:29:44 PM
FullName : Telerik.Sitefinity.Utilities, Version=13.3.7600.0, Culture=neutral, PublicKeyToken=b28c218413bdf563
AppDomainName : /LM/W3SVC/7/ROOT-4-132636077564404707
ThreadIdentity : 
WindowsIdentity : IIS APPPOOL\Test2
Requested URL : http://127.0.0.1/
	Inner Exception
	---------------
	Type : System.ArgumentException, mscorlib, Version=4.0.0.0, Culture=neutral, PublicKeyToken=b77a5c561934e089
	Message : MsSqlDriver.GetCreateDatabaseSql : Database= missing
	Source : Telerik.OpenAccess.Runtime
	Help link : 
	ParamName : 
	Data : System.Collections.ListDictionaryInternal
	TargetSite : System.String GetCreateDatabaseSql(System.String, System.String, System.Collections.IDictionary, Telerik.OpenAccess.RT.Adonet2Generic.Impl.DBDriver, System.IO.StreamWriter)
	HResult : -2147024809
	Stack Trace :    at OpenAccessRuntime.Relational.sql.MsSqlDriver.GetCreateDatabaseSql(String url, String databaseName, IDictionary p, DBDriver drv, StreamWriter out_Renamed)
	   at OpenAccessRuntime.DataObjects.tools.ant.DatabaseCreationTask.createDatabase()



Category: ErrorLog

Priority: 0

EventId: 90030

Severity: Error

Title:Enterprise Library Exception Handling

Machine: INSTANCE-TFS-SI

App Domain: /LM/W3SVC/7/ROOT-4-132636077564404707

ProcessId: 6040

Process Name: c:\windows\system32\inetsrv\w3wp.exe

Thread Name: 

Win32 ThreadId:7968

Extended Properties: 
----------------------------------------
----------------------------------------
ActivityId: 00000000-0000-0000-0000-000000000000

Timestamp: 4/22/2021 11:29:44 PM

Message: Timestamp: 4/22/2021 11:29:44 PM
Message: Telerik.OpenAccess.OpenAccessException: System.ArgumentException: MsSqlDriver.GetCreateDatabaseSql : Database= missing ---> System.ArgumentException: MsSqlDriver.GetCreateDatabaseSql : Database= missing
   at OpenAccessRuntime.Relational.sql.MsSqlDriver.GetCreateDatabaseSql(String url, String databaseName, IDictionary p, DBDriver drv, StreamWriter out_Renamed)
   at OpenAccessRuntime.DataObjects.tools.ant.DatabaseCreationTask.createDatabase()
   --- End of inner exception stack trace ---
   at DynamicModule.ns.Wrapped_OpenAccessMetaDataProvider_dd5c0bd8c64b489ca8f1941eccd3c770.Initialize(String providerName, NameValueCollection config, Type managerType)
   at Telerik.Sitefinity.Data.ManagerBase`1.InstantiateProvider(IDataProviderSettings providerSettings, Type providerType, ExceptionPolicyName policy, Type managerType)
   at Telerik.Sitefinity.Data.ManagerBase`1.InstantiateProvider(IDataProviderSettings providerSettings, ExceptionPolicyName policy, Type managerType)
   at Telerik.Sitefinity.Data.ManagerBase`1.ResolveProvider(String providerName, String dataSourceName)
   at Telerik.Sitefinity.Data.ManagerBase`1.SetProvider(String providerName, String transactionName)
   at Telerik.Sitefinity.Data.Metadata.MetadataManager..ctor()
Category: 
Priority: -1
EventId: 0
Severity: Critical
Title:
Machine: INSTANCE-TFS-SI
App Domain: /LM/W3SVC/7/ROOT-4-132636077564404707
ProcessId: 6040
Process Name: c:\windows\system32\inetsrv\w3wp.exe
Thread Name: 
Win32 ThreadId:7968
Extended Properties: 

Category: ErrorLog

Priority: -1

EventId: 1

Severity: Information

Title:

Machine: INSTANCE-TFS-SI

App Domain: /LM/W3SVC/7/ROOT-4-132636077564404707

ProcessId: 6040

Process Name: c:\windows\system32\inetsrv\w3wp.exe

Thread Name: 

Win32 ThreadId:7968

Extended Properties: 
----------------------------------------
----------------------------------------
ActivityId: 00000000-0000-0000-0000-000000000000

Timestamp: 4/22/2021 11:29:55 PM

Message: HandlingInstanceID: bea2986a-170f-44be-87cf-7adc6dc57550
An exception of type 'Telerik.OpenAccess.OpenAccessException' occurred and was caught.
--------------------------------------------------------------------------------------
04/22/2021 23:29:55
Type : Telerik.OpenAccess.OpenAccessException, Telerik.OpenAccess, Version=2020.0.428.1, Culture=neutral, PublicKeyToken=7ce17eeaf1d59342
Message : System.ArgumentException: MsSqlDriver.GetCreateDatabaseSql : Database= missing
Source : Unity_ILEmit_DynamicClasses
Help link : 
InnerExceptions : System.Exception[]
FailedObject : 
BackendError : 
Reason : Runtime
CanRetry : True
Data : System.Collections.ListDictionaryInternal
TargetSite : Void Initialize(System.String, System.Collections.Specialized.NameValueCollection, System.Type)
HResult : -2146233088
Stack Trace :    at DynamicModule.ns.Wrapped_OpenAccessMetaDataProvider_dd5c0bd8c64b489ca8f1941eccd3c770.Initialize(String providerName, NameValueCollection config, Type managerType)
   at Telerik.Sitefinity.Data.ManagerBase`1.InstantiateProvider(IDataProviderSettings providerSettings, Type providerType, ExceptionPolicyName policy, Type managerType)

Additional Info:

MachineName : INSTANCE-TFS-SI
TimeStamp : 4/22/2021 11:29:55 PM
FullName : Telerik.Sitefinity.Utilities, Version=13.3.7600.0, Culture=neutral, PublicKeyToken=b28c218413bdf563
AppDomainName : /LM/W3SVC/7/ROOT-4-132636077564404707
ThreadIdentity : 
WindowsIdentity : IIS APPPOOL\Test2
Requested URL : http://127.0.0.1/
	Inner Exception
	---------------
	Type : System.ArgumentException, mscorlib, Version=4.0.0.0, Culture=neutral, PublicKeyToken=b77a5c561934e089
	Message : MsSqlDriver.GetCreateDatabaseSql : Database= missing
	Source : Telerik.OpenAccess.Runtime
	Help link : 
	ParamName : 
	Data : System.Collections.ListDictionaryInternal
	TargetSite : System.String GetCreateDatabaseSql(System.String, System.String, System.Collections.IDictionary, Telerik.OpenAccess.RT.Adonet2Generic.Impl.DBDriver, System.IO.StreamWriter)
	HResult : -2147024809
	Stack Trace :    at OpenAccessRuntime.Relational.sql.MsSqlDriver.GetCreateDatabaseSql(String url, String databaseName, IDictionary p, DBDriver drv, StreamWriter out_Renamed)
	   at OpenAccessRuntime.DataObjects.tools.ant.DatabaseCreationTask.createDatabase()



Category: ErrorLog

Priority: 0

EventId: 90030

Severity: Error

Title:Enterprise Library Exception Handling

Machine: INSTANCE-TFS-SI

App Domain: /LM/W3SVC/7/ROOT-4-132636077564404707

ProcessId: 6040

Process Name: c:\windows\system32\inetsrv\w3wp.exe

Thread Name: 

Win32 ThreadId:2188

Extended Properties: 
----------------------------------------
----------------------------------------
ActivityId: 00000000-0000-0000-0000-000000000000

Timestamp: 4/22/2021 11:30:05 PM

Message: HandlingInstanceID: f3393e21-5422-4cff-9fc7-1e7a38564920
An exception of type 'Telerik.OpenAccess.OpenAccessException' occurred and was caught.
--------------------------------------------------------------------------------------
04/22/2021 23:30:05
Type : Telerik.OpenAccess.OpenAccessException, Telerik.OpenAccess, Version=2020.0.428.1, Culture=neutral, PublicKeyToken=7ce17eeaf1d59342
Message : System.ArgumentException: MsSqlDriver.GetCreateDatabaseSql : Database= missing
Source : Unity_ILEmit_DynamicClasses
Help link : 
InnerExceptions : System.Exception[]
FailedObject : 
BackendError : 
Reason : Runtime
CanRetry : True
Data : System.Collections.ListDictionaryInternal
TargetSite : Void Initialize(System.String, System.Collections.Specialized.NameValueCollection, System.Type)
HResult : -2146233088
Stack Trace :    at DynamicModule.ns.Wrapped_OpenAccessMetaDataProvider_dd5c0bd8c64b489ca8f1941eccd3c770.Initialize(String providerName, NameValueCollection config, Type managerType)
   at Telerik.Sitefinity.Data.ManagerBase`1.InstantiateProvider(IDataProviderSettings providerSettings, Type providerType, ExceptionPolicyName policy, Type managerType)

Additional Info:

MachineName : INSTANCE-TFS-SI
TimeStamp : 4/22/2021 11:30:05 PM
FullName : Telerik.Sitefinity.Utilities, Version=13.3.7600.0, Culture=neutral, PublicKeyToken=b28c218413bdf563
AppDomainName : /LM/W3SVC/7/ROOT-4-132636077564404707
ThreadIdentity : 
WindowsIdentity : IIS APPPOOL\Test2
Requested URL : http://127.0.0.1/
	Inner Exception
	---------------
	Type : System.ArgumentException, mscorlib, Version=4.0.0.0, Culture=neutral, PublicKeyToken=b77a5c561934e089
	Message : MsSqlDriver.GetCreateDatabaseSql : Database= missing
	Source : Telerik.OpenAccess.Runtime
	Help link : 
	ParamName : 
	Data : System.Collections.ListDictionaryInternal
	TargetSite : System.String GetCreateDatabaseSql(System.String, System.String, System.Collections.IDictionary, Telerik.OpenAccess.RT.Adonet2Generic.Impl.DBDriver, System.IO.StreamWriter)
	HResult : -2147024809
	Stack Trace :    at OpenAccessRuntime.Relational.sql.MsSqlDriver.GetCreateDatabaseSql(String url, String databaseName, IDictionary p, DBDriver drv, StreamWriter out_Renamed)
	   at OpenAccessRuntime.DataObjects.tools.ant.DatabaseCreationTask.createDatabase()



Category: ErrorLog

Priority: 0

EventId: 90030

Severity: Error

Title:Enterprise Library Exception Handling

Machine: INSTANCE-TFS-SI

App Domain: /LM/W3SVC/7/ROOT-4-132636077564404707

ProcessId: 6040

Process Name: c:\windows\system32\inetsrv\w3wp.exe

Thread Name: 

Win32 ThreadId:2188

Extended Properties: 
----------------------------------------
