----------------------------------------
Timestamp: 4/27/2021 7:17:26 PM

Message: Exporting Blogs structure


----------------------------------------
----------------------------------------
Timestamp: 4/27/2021 7:17:30 PM

Message: Exported Blogs structure


----------------------------------------
----------------------------------------
Timestamp: 4/27/2021 7:17:30 PM

Message: Exporting Classifications structure


----------------------------------------
----------------------------------------
Timestamp: 4/27/2021 7:17:30 PM

Message: Exported Classifications structure


----------------------------------------
----------------------------------------
Timestamp: 4/27/2021 7:17:30 PM

Message: Exporting Events structure


----------------------------------------
----------------------------------------
Timestamp: 4/27/2021 7:17:33 PM

Message: Exported Events structure


----------------------------------------
----------------------------------------
Timestamp: 4/27/2021 7:17:33 PM

Message: Exporting Libraries structure


----------------------------------------
----------------------------------------
Timestamp: 4/27/2021 7:17:39 PM

Message: Exported Libraries structure


----------------------------------------
----------------------------------------
Timestamp: 4/27/2021 7:17:39 PM

Message: Exporting Lists structure


----------------------------------------
----------------------------------------
Timestamp: 4/27/2021 7:17:42 PM

Message: Exported Lists structure


----------------------------------------
----------------------------------------
Timestamp: 4/27/2021 7:17:42 PM

Message: Exporting News structure


----------------------------------------
----------------------------------------
Timestamp: 4/27/2021 7:17:45 PM

Message: Exported News structure


----------------------------------------
----------------------------------------
Timestamp: 4/27/2021 7:17:45 PM

Message: Exporting Pages structure


----------------------------------------
----------------------------------------
Timestamp: 4/27/2021 7:17:45 PM

Message: Pages are up to date


----------------------------------------
----------------------------------------
Timestamp: 4/27/2021 7:17:45 PM

Message: Exporting User profiles structure


----------------------------------------
----------------------------------------
Timestamp: 4/27/2021 7:17:46 PM

Message: Exported User profiles structure


----------------------------------------
----------------------------------------
Timestamp: 4/27/2021 7:17:46 PM

Message: Exporting WebServices structure


----------------------------------------
----------------------------------------
Timestamp: 4/27/2021 7:17:46 PM

Message: Exported WebServices structure


----------------------------------------
----------------------------------------
Timestamp: 4/27/2021 7:17:46 PM

Message: Content export requested by system with the following settings: TypeName: Telerik.Sitefinity.Blogs.Model.Blog; ProviderName: []; Languages: []; ItemsFilterExpression: ; ItemsSortExpression: Id


----------------------------------------
----------------------------------------
Timestamp: 4/27/2021 7:17:46 PM

Message: Content export started.


----------------------------------------
----------------------------------------
Timestamp: 4/27/2021 7:17:46 PM

Message: Content export successfully completed for 0 items [0 succeeded, 0 failed].


----------------------------------------
----------------------------------------
Timestamp: 4/27/2021 7:17:46 PM

Message: Content export requested by system with the following settings: TypeName: Telerik.Sitefinity.Taxonomies.Model.Taxonomy; ProviderName: []; Languages: []; ItemsFilterExpression: ; ItemsSortExpression: Id


----------------------------------------
----------------------------------------
Timestamp: 4/27/2021 7:17:46 PM

Message: Content export started.


----------------------------------------
----------------------------------------
Timestamp: 4/27/2021 7:17:46 PM

Message: Content export successfully completed for 0 items [0 succeeded, 0 failed].


----------------------------------------
----------------------------------------
Timestamp: 4/27/2021 7:17:46 PM

Message: Content export requested by system with the following settings: TypeName: Telerik.Sitefinity.GenericContent.Model.ContentItem; ProviderName: []; Languages: []; ItemsFilterExpression: ; ItemsSortExpression: Id


----------------------------------------
----------------------------------------
Timestamp: 4/27/2021 7:17:46 PM

Message: Content export started.


----------------------------------------
----------------------------------------
Timestamp: 4/27/2021 7:17:46 PM

Message: Content export successfully completed for 0 items [0 succeeded, 0 failed].


----------------------------------------
----------------------------------------
Timestamp: 4/27/2021 7:17:46 PM

Message: Content export requested by system with the following settings: TypeName: Telerik.Sitefinity.Events.Model.Event; ProviderName: []; Languages: []; ItemsFilterExpression: ; ItemsSortExpression: Id


----------------------------------------
----------------------------------------
Timestamp: 4/27/2021 7:17:46 PM

Message: Content export started.


----------------------------------------
----------------------------------------
Timestamp: 4/27/2021 7:17:47 PM

Message: Content export successfully completed for 1 items [1 succeeded, 0 failed].


----------------------------------------
----------------------------------------
Timestamp: 4/27/2021 7:17:47 PM

Message: Content export requested by system with the following settings: TypeName: Telerik.Sitefinity.Forms.Model.FormDescription; ProviderName: []; Languages: []; ItemsFilterExpression: ; ItemsSortExpression: Id


----------------------------------------
----------------------------------------
Timestamp: 4/27/2021 7:17:47 PM

Message: Content export started.


----------------------------------------
----------------------------------------
Timestamp: 4/27/2021 7:17:53 PM

Message: Content export successfully completed for 0 items [0 succeeded, 0 failed].


----------------------------------------
----------------------------------------
Timestamp: 4/27/2021 7:17:53 PM

Message: Content export requested by system with the following settings: TypeName: Telerik.Sitefinity.Libraries.Model.Album; ProviderName: []; Languages: []; ItemsFilterExpression: ; ItemsSortExpression: Id


----------------------------------------
----------------------------------------
Timestamp: 4/27/2021 7:17:53 PM

Message: Content export started.


----------------------------------------
----------------------------------------
Timestamp: 4/27/2021 7:17:54 PM

Message: Content export successfully completed for 37 items [37 succeeded, 0 failed].


----------------------------------------
----------------------------------------
Timestamp: 4/27/2021 7:17:54 PM

Message: Content export requested by system with the following settings: TypeName: Telerik.Sitefinity.Libraries.Model.VideoLibrary; ProviderName: []; Languages: []; ItemsFilterExpression: ; ItemsSortExpression: Id


----------------------------------------
----------------------------------------
Timestamp: 4/27/2021 7:17:54 PM

Message: Content export started.


----------------------------------------
----------------------------------------
Timestamp: 4/27/2021 7:17:54 PM

Message: Content export successfully completed for 1 items [1 succeeded, 0 failed].


----------------------------------------
----------------------------------------
Timestamp: 4/27/2021 7:17:54 PM

Message: Content export requested by system with the following settings: TypeName: Telerik.Sitefinity.Libraries.Model.DocumentLibrary; ProviderName: []; Languages: []; ItemsFilterExpression: ; ItemsSortExpression: Id


----------------------------------------
----------------------------------------
Timestamp: 4/27/2021 7:17:54 PM

Message: Content export started.


----------------------------------------
----------------------------------------
Timestamp: 4/27/2021 7:17:54 PM

Message: Content export successfully completed for 1 items [1 succeeded, 0 failed].


----------------------------------------
----------------------------------------
Timestamp: 4/27/2021 7:17:54 PM

Message: Content export requested by system with the following settings: TypeName: Telerik.Sitefinity.Lists.Model.List; ProviderName: []; Languages: []; ItemsFilterExpression: ; ItemsSortExpression: Id


----------------------------------------
----------------------------------------
Timestamp: 4/27/2021 7:17:54 PM

Message: Content export started.


----------------------------------------
----------------------------------------
Timestamp: 4/27/2021 7:17:54 PM

Message: Content export successfully completed for 0 items [0 succeeded, 0 failed].


----------------------------------------
----------------------------------------
Timestamp: 4/27/2021 7:17:54 PM

Message: Content export requested by system with the following settings: TypeName: Telerik.Sitefinity.News.Model.NewsItem; ProviderName: []; Languages: []; ItemsFilterExpression: ; ItemsSortExpression: Id


----------------------------------------
----------------------------------------
Timestamp: 4/27/2021 7:17:54 PM

Message: Content export started.


----------------------------------------
----------------------------------------
Timestamp: 4/27/2021 7:17:55 PM

Message: Content export successfully completed for 0 items [0 succeeded, 0 failed].


----------------------------------------
----------------------------------------
Timestamp: 4/27/2021 7:17:55 PM

Message: Content export requested by system with the following settings: TypeName: Telerik.Sitefinity.Pages.Model.PageTemplate; ProviderName: []; Languages: []; ItemsFilterExpression: ; ItemsSortExpression: Id


----------------------------------------
----------------------------------------
Timestamp: 4/27/2021 7:17:55 PM

Message: Content export started.


----------------------------------------
----------------------------------------
Timestamp: 4/27/2021 7:17:55 PM

Message: Content export successfully completed for 1 items [1 succeeded, 0 failed].


----------------------------------------
----------------------------------------
Timestamp: 4/27/2021 7:17:55 PM

Message: Content export requested by system with the following settings: TypeName: Telerik.Sitefinity.Pages.Model.PageNode; ProviderName: []; Languages: []; ItemsFilterExpression: ; ItemsSortExpression: Id


----------------------------------------
----------------------------------------
Timestamp: 4/27/2021 7:17:55 PM

Message: Content export started.


----------------------------------------
----------------------------------------
Timestamp: 4/27/2021 7:17:55 PM

Message: Content export successfully completed for 10 items [10 succeeded, 0 failed].


----------------------------------------
