----------------------------------------
Timestamp: 4/23/2021 10:10:29 PM

Message: The domain name Default configured to serve your website content was not found in your current license file. Refer to tfs-sitefinity.virtualdreams.io for troubleshooting advice.


----------------------------------------
----------------------------------------
Timestamp: 4/23/2021 10:56:48 PM

Message: The domain name Default configured to serve your website content was not found in your current license file. Refer to tfs-sitefinity.virtualdreams.io for troubleshooting advice.


----------------------------------------
----------------------------------------
Timestamp: 4/23/2021 11:36:43 PM

Message: The domain name Default configured to serve your website content was not found in your current license file. Refer to tfs-sitefinity.virtualdreams.io for troubleshooting advice.


----------------------------------------
----------------------------------------
Timestamp: 4/24/2021 1:23:48 AM

Message: The domain name Default configured to serve your website content was not found in your current license file. Refer to tfs-sitefinity.virtualdreams.io for troubleshooting advice.


----------------------------------------
----------------------------------------
Timestamp: 4/24/2021 2:14:19 AM

Message: The domain name Default configured to serve your website content was not found in your current license file. Refer to tfs-sitefinity.virtualdreams.io for troubleshooting advice.


----------------------------------------
----------------------------------------
Timestamp: 4/24/2021 2:50:43 AM

Message: The domain name Default configured to serve your website content was not found in your current license file. Refer to tfs-sitefinity.virtualdreams.io for troubleshooting advice.


----------------------------------------
----------------------------------------
Timestamp: 4/24/2021 4:28:24 AM

Message: The domain name Default configured to serve your website content was not found in your current license file. Refer to tfs-sitefinity.virtualdreams.io for troubleshooting advice.


----------------------------------------
----------------------------------------
Timestamp: 4/24/2021 5:25:32 AM

Message: The domain name Default configured to serve your website content was not found in your current license file. Refer to tfs-sitefinity.virtualdreams.io for troubleshooting advice.


----------------------------------------
----------------------------------------
Timestamp: 4/24/2021 7:34:44 AM

Message: The domain name Default configured to serve your website content was not found in your current license file. Refer to tfs-sitefinity.virtualdreams.io for troubleshooting advice.


----------------------------------------
----------------------------------------
Timestamp: 4/24/2021 8:19:33 AM

Message: The domain name Default configured to serve your website content was not found in your current license file. Refer to tfs-sitefinity.virtualdreams.io for troubleshooting advice.


----------------------------------------
----------------------------------------
Timestamp: 4/24/2021 8:49:45 AM

Message: The domain name Default configured to serve your website content was not found in your current license file. Refer to tfs-sitefinity.virtualdreams.io for troubleshooting advice.


----------------------------------------
----------------------------------------
Timestamp: 4/24/2021 10:12:32 AM

Message: The domain name Default configured to serve your website content was not found in your current license file. Refer to tfs-sitefinity.virtualdreams.io for troubleshooting advice.


----------------------------------------
----------------------------------------
Timestamp: 4/24/2021 10:57:21 AM

Message: The domain name Default configured to serve your website content was not found in your current license file. Refer to tfs-sitefinity.virtualdreams.io for troubleshooting advice.


----------------------------------------
----------------------------------------
Timestamp: 4/24/2021 12:32:31 PM

Message: Scheduler: Task executed: 'Telerik.Sitefinity.ABTesting.Scheduling.ABTestsSyncTask'. Start time: 4/24/2021 12:32:31 PM. End time: 4/24/2021 12:32:31 PM. Task data: ''


----------------------------------------
----------------------------------------
Timestamp: 4/24/2021 2:39:42 PM

Message: The domain name Default configured to serve your website content was not found in your current license file. Refer to tfs-sitefinity.virtualdreams.io for troubleshooting advice.


----------------------------------------
----------------------------------------
Timestamp: 4/24/2021 4:44:44 PM

Message: The domain name Default configured to serve your website content was not found in your current license file. Refer to tfs-sitefinity.virtualdreams.io for troubleshooting advice.


----------------------------------------
----------------------------------------
Timestamp: 4/24/2021 5:28:07 PM

Message: The domain name Default configured to serve your website content was not found in your current license file. Refer to tfs-sitefinity.virtualdreams.io for troubleshooting advice.


----------------------------------------
----------------------------------------
Timestamp: 4/24/2021 5:51:46 PM

Message: The domain name Default configured to serve your website content was not found in your current license file. Refer to tfs-sitefinity.virtualdreams.io for troubleshooting advice.


----------------------------------------
----------------------------------------
Timestamp: 4/24/2021 6:14:36 PM

Message: The domain name Default configured to serve your website content was not found in your current license file. Refer to tfs-sitefinity.virtualdreams.io for troubleshooting advice.


----------------------------------------
----------------------------------------
Timestamp: 4/24/2021 8:43:18 PM

Message: The domain name Default configured to serve your website content was not found in your current license file. Refer to tfs-sitefinity.virtualdreams.io for troubleshooting advice.


----------------------------------------
----------------------------------------
Timestamp: 4/24/2021 9:09:09 PM

Message: The domain name Default configured to serve your website content was not found in your current license file. Refer to tfs-sitefinity.virtualdreams.io for troubleshooting advice.


----------------------------------------
