----------------------------------------
Timestamp: 4/25/2021 10:55:58 PM

Message: Scheduler: Task executed: 'Telerik.Sitefinity.ABTesting.Scheduling.ABTestsSyncTask'. Start time: 4/25/2021 10:55:57 PM. End time: 4/25/2021 10:55:58 PM. Task data: ''


----------------------------------------
----------------------------------------
Timestamp: 4/25/2021 11:52:27 PM

Message: The domain name Default configured to serve your website content was not found in your current license file. Refer to tfs-sitefinity.virtualdreams.io for troubleshooting advice.


----------------------------------------
----------------------------------------
Timestamp: 4/26/2021 12:13:45 AM

Message: The domain name Default configured to serve your website content was not found in your current license file. Refer to tfs-sitefinity.virtualdreams.io for troubleshooting advice.


----------------------------------------
----------------------------------------
Timestamp: 4/26/2021 1:31:04 AM

Message: Scheduler: Task executed: 'Telerik.Sitefinity.Authentication.IdentityServer.Data.TransientDataCleanupTask'. Start time: 4/26/2021 1:31:03 AM. End time: 4/26/2021 1:31:04 AM. Task data: ''


----------------------------------------
----------------------------------------
Timestamp: 4/26/2021 1:31:04 AM

Message: Scheduler: Task executed: 'Telerik.Sitefinity.Translations.Synchronization.TranslationSyncTask'. Start time: 4/26/2021 1:31:03 AM. End time: 4/26/2021 1:31:04 AM. Task data: ''


----------------------------------------
----------------------------------------
Timestamp: 4/26/2021 1:31:04 AM

Message: Scheduler: Task executed: 'Telerik.Sitefinity.ABTesting.Scheduling.ABTestsSyncTask'. Start time: 4/26/2021 1:31:04 AM. End time: 4/26/2021 1:31:04 AM. Task data: ''


----------------------------------------
----------------------------------------
Timestamp: 4/26/2021 1:31:04 AM

Message: Scheduler: Task executed: 'Telerik.Sitefinity.Versioning.Cleaner.VersioningCleanerTask'. Start time: 4/26/2021 1:31:04 AM. End time: 4/26/2021 1:31:04 AM. Task data: ''


----------------------------------------
----------------------------------------
Timestamp: 4/26/2021 1:31:06 AM

Message: Scheduler: Task executed: 'Telerik.Sitefinity.Translations.Synchronization.TranslationImportTask'. Start time: 4/26/2021 1:31:04 AM. End time: 4/26/2021 1:31:06 AM. Task data: ''


----------------------------------------
----------------------------------------
Timestamp: 4/26/2021 1:31:15 AM

Message: Scheduler: Task executed: 'Telerik.Sitefinity.UsageTracking.Scheduling.UsageTrackingTask'. Start time: 4/26/2021 1:31:04 AM. End time: 4/26/2021 1:31:15 AM. Task data: ''


----------------------------------------
----------------------------------------
Timestamp: 4/26/2021 2:21:36 AM

Message: The domain name Default configured to serve your website content was not found in your current license file. Refer to tfs-sitefinity.virtualdreams.io for troubleshooting advice.


----------------------------------------
----------------------------------------
Timestamp: 4/26/2021 2:42:43 AM

Message: The domain name Default configured to serve your website content was not found in your current license file. Refer to tfs-sitefinity.virtualdreams.io for troubleshooting advice.


----------------------------------------
----------------------------------------
Timestamp: 4/26/2021 3:39:12 AM

Message: The domain name Default configured to serve your website content was not found in your current license file. Refer to tfs-sitefinity.virtualdreams.io for troubleshooting advice.


----------------------------------------
----------------------------------------
Timestamp: 4/26/2021 4:23:38 AM

Message: The domain name Default configured to serve your website content was not found in your current license file. Refer to tfs-sitefinity.virtualdreams.io for troubleshooting advice.


----------------------------------------
----------------------------------------
Timestamp: 4/26/2021 6:52:35 AM

Message: The domain name Default configured to serve your website content was not found in your current license file. Refer to tfs-sitefinity.virtualdreams.io for troubleshooting advice.


----------------------------------------
----------------------------------------
Timestamp: 4/26/2021 7:44:54 AM

Message: The domain name Default configured to serve your website content was not found in your current license file. Refer to tfs-sitefinity.virtualdreams.io for troubleshooting advice.


----------------------------------------
----------------------------------------
Timestamp: 4/26/2021 9:50:20 AM

Message: Scheduler: Task executed: 'Telerik.Sitefinity.ABTesting.Scheduling.ABTestsSyncTask'. Start time: 4/26/2021 9:50:20 AM. End time: 4/26/2021 9:50:20 AM. Task data: ''


----------------------------------------
----------------------------------------
Timestamp: 4/26/2021 11:45:17 AM

Message: The domain name Default configured to serve your website content was not found in your current license file. Refer to tfs-sitefinity.virtualdreams.io for troubleshooting advice.


----------------------------------------
----------------------------------------
Timestamp: 4/26/2021 12:03:42 PM

Message: Scheduler: Task executed: 'Telerik.Sitefinity.ABTesting.Scheduling.ABTestsSyncTask'. Start time: 4/26/2021 12:03:42 PM. End time: 4/26/2021 12:03:42 PM. Task data: ''


----------------------------------------
----------------------------------------
Timestamp: 4/26/2021 12:50:56 PM

Message: The domain name Default configured to serve your website content was not found in your current license file. Refer to tfs-sitefinity.virtualdreams.io for troubleshooting advice.


----------------------------------------
----------------------------------------
Timestamp: 4/26/2021 1:31:38 PM

Message: The domain name Default configured to serve your website content was not found in your current license file. Refer to tfs-sitefinity.virtualdreams.io for troubleshooting advice.


----------------------------------------
----------------------------------------
Timestamp: 4/26/2021 2:28:13 PM

Message: The domain name Default configured to serve your website content was not found in your current license file. Refer to tfs-sitefinity.virtualdreams.io for troubleshooting advice.


----------------------------------------
----------------------------------------
Timestamp: 4/26/2021 4:05:04 PM

Message: The domain name Default configured to serve your website content was not found in your current license file. Refer to tfs-sitefinity.virtualdreams.io for troubleshooting advice.


----------------------------------------
----------------------------------------
Timestamp: 4/26/2021 4:57:41 PM

Message: The domain name Default configured to serve your website content was not found in your current license file. Refer to tfs-sitefinity.virtualdreams.io for troubleshooting advice.


----------------------------------------
----------------------------------------
Timestamp: 4/26/2021 6:29:50 PM

Message: The domain name Default configured to serve your website content was not found in your current license file. Refer to tfs-sitefinity.virtualdreams.io for troubleshooting advice.


----------------------------------------
----------------------------------------
Timestamp: 4/26/2021 7:55:54 PM

Message: The domain name Default configured to serve your website content was not found in your current license file. Refer to tfs-sitefinity.virtualdreams.io for troubleshooting advice.


----------------------------------------
----------------------------------------
Timestamp: 4/26/2021 8:56:52 PM

Message: The domain name Default configured to serve your website content was not found in your current license file. Refer to tfs-sitefinity.virtualdreams.io for troubleshooting advice.


----------------------------------------
----------------------------------------
Timestamp: 4/26/2021 9:43:34 PM

Message: The domain name Default configured to serve your website content was not found in your current license file. Refer to tfs-sitefinity.virtualdreams.io for troubleshooting advice.


----------------------------------------
----------------------------------------
Timestamp: 4/26/2021 10:24:21 PM

Message: The domain name Default configured to serve your website content was not found in your current license file. Refer to tfs-sitefinity.virtualdreams.io for troubleshooting advice.


----------------------------------------
