----------------------------------------
Timestamp: 4/21/2021 6:01:07 AM

Message: Scheduler: Task executed: 'Telerik.Sitefinity.ABTesting.Scheduling.ABTestsSyncTask'. Start time: 4/21/2021 6:01:07 AM. End time: 4/21/2021 6:01:07 AM. Task data: ''


----------------------------------------
----------------------------------------
Timestamp: 4/21/2021 12:01:05 PM

Message: Scheduler: Task executed: 'Telerik.Sitefinity.ABTesting.Scheduling.ABTestsSyncTask'. Start time: 4/21/2021 12:01:05 PM. End time: 4/21/2021 12:01:05 PM. Task data: ''


----------------------------------------
----------------------------------------
Timestamp: 4/21/2021 6:01:07 PM

Message: Scheduler: Task executed: 'Telerik.Sitefinity.ABTesting.Scheduling.ABTestsSyncTask'. Start time: 4/21/2021 6:01:07 PM. End time: 4/21/2021 6:01:07 PM. Task data: ''


----------------------------------------
----------------------------------------
Timestamp: 4/21/2021 8:25:16 PM

Message: Attempting application domain unload. Reason: 'Resolution of the dependency failed, type = "Telerik.Sitefinity.Data.Metadata.MetadataManager", name = "OPENACCESSDATAPROVIDER".
Exception occurred while: Calling constructor Telerik.Sitefinity.Data.Metadata.MetadataManager(System.String providerName).
Exception is: DataStoreException - Cannot open user default database. Login failed.
Login failed for user 'INSTANCE-TFS-SI\mariana_martinez'. Telerik.OpenAccess.RT.sql.SQLException: Cannot open user default database. Login failed.
Login failed for user 'INSTANCE-TFS-SI\mariana_martinez'. ---> System.Data.SqlClient.SqlException: Cannot open user default database. Login failed.
Login failed for user 'INSTANCE-TFS-SI\mariana_martinez'.
   at System.Data.SqlClient.SqlInternalConnectionTds..ctor(DbConnectionPoolIdentity identity, SqlConnectionString connectionOptions, SqlCredential credential, Object providerInfo, String newPassword, SecureString newSecurePassword, Boolean redirectedUserInstance, SqlConnectionString userConnectionOptions, SessionData reconnectSessionData, DbConnectionPool pool, String accessToken, Boolean applyTransientFaultHandling, SqlAuthenticationProviderManager sqlAuthProviderManager)
   at System.Data.SqlClient.SqlConnectionFactory.CreateConnection(DbConnectionOptions options, DbConnectionPoolKey poolKey, Object poolGroupProviderInfo, DbConnectionPool pool, DbConnection owningConnection, DbConnectionOptions userOptions)
   at System.Data.ProviderBase.DbConnectionFactory.CreateNonPooledConnection(DbConnection owningConnection, DbConnectionPoolGroup poolGroup, DbConnectionOptions userOptions)
   at System.Data.ProviderBase.DbConnectionFactory.TryGetConnection(DbConnection owningConnection, TaskCompletionSource`1 retry, DbConnectionOptions userOptions, DbConnectionInternal oldConnection, DbConnectionInternal& connection)
   at System.Data.ProviderBase.DbConnectionInternal.TryOpenConnectionInternal(DbConnection outerConnection, DbConnectionFactory connectionFactory, TaskCompletionSource`1 retry, DbConnectionOptions userOptions)
   at System.Data.ProviderBase.DbConnectionClosed.TryOpenConnection(DbConnection outerConnection, DbConnectionFactory connectionFactory, TaskCompletionSource`1 retry, DbConnectionOptions userOptions)
   at System.Data.SqlClient.SqlConnection.TryOpenInner(TaskCompletionSource`1 retry)
   at System.Data.SqlClient.SqlConnection.TryOpen(TaskCompletionSource`1 retry)
   at System.Data.SqlClient.SqlConnection.Open()
   at OpenAccessRuntime.Intellitrace.OpenConnection(DbConnection connection, String connectionString, String id)
   at Telerik.OpenAccess.RT.Adonet2Generic.Impl.DBDriver.connect(ConnectionString connectionString, PropertySet driverProps, ConnectionPoolType poolType, LogEventStore pes)
   --- End of inner exception stack trace ---
   at Telerik.OpenAccess.RT.Adonet2Generic.Impl.DBDriver.connect(ConnectionString connectionString, PropertySet driverProps, ConnectionPoolType poolType, LogEventStore pes)
   at OpenAccessRuntime.Relational.sql.SqlDriver.InitializeFor(ConnectionString connectionString, Boolean noConnect, PropertySet props, DBDriver& driver, Connection& conn, ConnectionPoolType poolType)
-----------------------------------------------
At the time of the exception, the container was:

  Resolving Telerik.Sitefinity.Data.Metadata.MetadataManager,OPENACCESSDATAPROVIDER
  Calling constructor Telerik.Sitefinity.Data.Metadata.MetadataManager(System.String providerName)
 ---> Cannot open user default database. Login failed.
Login failed for user 'INSTANCE-TFS-SI\mariana_martinez'. Telerik.OpenAccess.RT.sql.SQLException: Cannot open user default database. Login failed.
Login failed for user 'INSTANCE-TFS-SI\mariana_martinez'. ---> System.Data.SqlClient.SqlException: Cannot open user default database. Login failed.
Login failed for user 'INSTANCE-TFS-SI\mariana_martinez'.
   at System.Data.SqlClient.SqlInternalConnectionTds..ctor(DbConnectionPoolIdentity identity, SqlConnectionString connectionOptions, SqlCredential credential, Object providerInfo, String newPassword, SecureString newSecurePassword, Boolean redirectedUserInstance, SqlConnectionString userConnectionOptions, SessionData reconnectSessionData, DbConnectionPool pool, String accessToken, Boolean applyTransientFaultHandling, SqlAuthenticationProviderManager sqlAuthProviderManager)
   at System.Data.SqlClient.SqlConnectionFactory.CreateConnection(DbConnectionOptions options, DbConnectionPoolKey poolKey, Object poolGroupProviderInfo, DbConnectionPool pool, DbConnection owningConnection, DbConnectionOptions userOptions)
   at System.Data.ProviderBase.DbConnectionFactory.CreateNonPooledConnection(DbConnection owningConnection, DbConnectionPoolGroup poolGroup, DbConnectionOptions userOptions)
   at System.Data.ProviderBase.DbConnectionFactory.TryGetConnection(DbConnection owningConnection, TaskCompletionSource`1 retry, DbConnectionOptions userOptions, DbConnectionInternal oldConnection, DbConnectionInternal& connection)
   at System.Data.ProviderBase.DbConnectionInternal.TryOpenConnectionInternal(DbConnection outerConnection, DbConnectionFactory connectionFactory, TaskCompletionSource`1 retry, DbConnectionOptions userOptions)
   at System.Data.ProviderBase.DbConnectionClosed.TryOpenConnection(DbConnection outerConnection, DbConnectionFactory connectionFactory, TaskCompletionSource`1 retry, DbConnectionOptions userOptions)
   at System.Data.SqlClient.SqlConnection.TryOpenInner(TaskCompletionSource`1 retry)
   at System.Data.SqlClient.SqlConnection.TryOpen(TaskCompletionSource`1 retry)
   at System.Data.SqlClient.SqlConnection.Open()
   at OpenAccessRuntime.Intellitrace.OpenConnection(DbConnection connection, String connectionString, String id)
   at Telerik.OpenAccess.RT.Adonet2Generic.Impl.DBDriver.connect(ConnectionString connectionString, PropertySet driverProps, ConnectionPoolType poolType, LogEventStore pes)
   --- End of inner exception stack trace ---
   at Telerik.OpenAccess.RT.Adonet2Generic.Impl.DBDriver.connect(ConnectionString connectionString, PropertySet driverProps, ConnectionPoolType poolType, LogEventStore pes)
   at OpenAccessRuntime.Relational.sql.SqlDriver.InitializeFor(ConnectionString connectionString, Boolean noConnect, PropertySet props, DBDriver& driver, Connection& conn, ConnectionPoolType poolType) ---> Cannot open user default database. Login failed.
Login failed for user 'INSTANCE-TFS-SI\mariana_martinez'. ---> Cannot open user default database. Login failed.
Login failed for user 'INSTANCE-TFS-SI\mariana_martinez'.'. StackTrace: '   at System.Environment.GetStackTrace(Exception e, Boolean needFileInfo)
   at System.Environment.get_StackTrace()
   at Telerik.Sitefinity.Services.SystemManager.TryRestartApplication(String restartReason)
   at Telerik.Sitefinity.Web.SitefinityHttpModule.HandleBootstrapException(Exception exception)
   at Telerik.Sitefinity.Web.SitefinityHttpModule.<>c.<BootstrapAsync>b__4_0(Object ctx)
   at System.Threading.Tasks.Task.InnerInvoke()
   at System.Threading.Tasks.Task.Execute()
   at System.Threading.Tasks.Task.ExecutionContextCallback(Object obj)
   at System.Threading.ExecutionContext.RunInternal(ExecutionContext executionContext, ContextCallback callback, Object state, Boolean preserveSyncCtx)
   at System.Threading.ExecutionContext.Run(ExecutionContext executionContext, ContextCallback callback, Object state, Boolean preserveSyncCtx)
   at System.Threading.Tasks.Task.ExecuteWithThreadLocal(Task& currentTaskSlot)
   at System.Threading.Tasks.Task.ExecuteEntry(Boolean bPreventDoubleExecution)
   at System.Threading.Tasks.Task.System.Threading.IThreadPoolWorkItem.ExecuteWorkItem()
   at System.Threading.ThreadPoolWorkQueue.Dispatch()
   at System.Threading._ThreadPoolWaitCallback.PerformWaitCallback()'


----------------------------------------
----------------------------------------
Timestamp: 4/21/2021 8:25:16 PM

Message: Application domain unload succeeded. StackTrace: '   at System.Environment.GetStackTrace(Exception e, Boolean needFileInfo)
   at System.Environment.get_StackTrace()
   at Telerik.Sitefinity.Services.SystemManager.TryRestartApplication(String restartReason)
   at Telerik.Sitefinity.Web.SitefinityHttpModule.HandleBootstrapException(Exception exception)
   at Telerik.Sitefinity.Web.SitefinityHttpModule.<>c.<BootstrapAsync>b__4_0(Object ctx)
   at System.Threading.Tasks.Task.InnerInvoke()
   at System.Threading.Tasks.Task.Execute()
   at System.Threading.Tasks.Task.ExecutionContextCallback(Object obj)
   at System.Threading.ExecutionContext.RunInternal(ExecutionContext executionContext, ContextCallback callback, Object state, Boolean preserveSyncCtx)
   at System.Threading.ExecutionContext.Run(ExecutionContext executionContext, ContextCallback callback, Object state, Boolean preserveSyncCtx)
   at System.Threading.Tasks.Task.ExecuteWithThreadLocal(Task& currentTaskSlot)
   at System.Threading.Tasks.Task.ExecuteEntry(Boolean bPreventDoubleExecution)
   at System.Threading.Tasks.Task.System.Threading.IThreadPoolWorkItem.ExecuteWorkItem()
   at System.Threading.ThreadPoolWorkQueue.Dispatch()
   at System.Threading._ThreadPoolWaitCallback.PerformWaitCallback()'


----------------------------------------
----------------------------------------
Timestamp: 4/22/2021 12:00:07 AM

Message: Scheduler: Task executed: 'Telerik.Sitefinity.Authentication.IdentityServer.Data.TransientDataCleanupTask'. Start time: 4/22/2021 12:00:06 AM. End time: 4/22/2021 12:00:07 AM. Task data: ''


----------------------------------------
----------------------------------------
Timestamp: 4/22/2021 12:00:07 AM

Message: Scheduler: Task executed: 'Telerik.Sitefinity.Translations.Synchronization.TranslationSyncTask'. Start time: 4/22/2021 12:00:06 AM. End time: 4/22/2021 12:00:07 AM. Task data: ''


----------------------------------------
----------------------------------------
Timestamp: 4/22/2021 12:00:07 AM

Message: Scheduler: Task executed: 'Telerik.Sitefinity.Translations.Synchronization.TranslationImportTask'. Start time: 4/22/2021 12:00:07 AM. End time: 4/22/2021 12:00:07 AM. Task data: ''


----------------------------------------
----------------------------------------
Timestamp: 4/22/2021 12:00:22 AM

Message: Scheduler: Task executed: 'Telerik.Sitefinity.UsageTracking.Scheduling.UsageTrackingTask'. Start time: 4/22/2021 12:00:07 AM. End time: 4/22/2021 12:00:22 AM. Task data: ''


----------------------------------------
----------------------------------------
Timestamp: 4/22/2021 12:01:02 AM

Message: Scheduler: Task executed: 'Telerik.Sitefinity.ABTesting.Scheduling.ABTestsSyncTask'. Start time: 4/22/2021 12:01:02 AM. End time: 4/22/2021 12:01:02 AM. Task data: ''


----------------------------------------
----------------------------------------
Timestamp: 4/22/2021 1:00:07 AM

Message: Scheduler: Task executed: 'Telerik.Sitefinity.Versioning.Cleaner.VersioningCleanerTask'. Start time: 4/22/2021 1:00:07 AM. End time: 4/22/2021 1:00:07 AM. Task data: ''


----------------------------------------
----------------------------------------
Timestamp: 4/22/2021 6:01:06 AM

Message: Scheduler: Task executed: 'Telerik.Sitefinity.ABTesting.Scheduling.ABTestsSyncTask'. Start time: 4/22/2021 6:01:06 AM. End time: 4/22/2021 6:01:06 AM. Task data: ''


----------------------------------------
