----------------------------------------
Timestamp: 4/26/2021 11:24:27 PM

Message: The domain name Default configured to serve your website content was not found in your current license file. Refer to tfs-sitefinity.virtualdreams.io for troubleshooting advice.


----------------------------------------
----------------------------------------
Timestamp: 4/27/2021 12:43:38 AM

Message: The domain name Default configured to serve your website content was not found in your current license file. Refer to tfs-sitefinity.virtualdreams.io for troubleshooting advice.


----------------------------------------
----------------------------------------
Timestamp: 4/27/2021 1:06:01 AM

Message: The domain name Default configured to serve your website content was not found in your current license file. Refer to tfs-sitefinity.virtualdreams.io for troubleshooting advice.


----------------------------------------
----------------------------------------
Timestamp: 4/27/2021 1:45:15 AM

Message: The domain name Default configured to serve your website content was not found in your current license file. Refer to tfs-sitefinity.virtualdreams.io for troubleshooting advice.


----------------------------------------
----------------------------------------
Timestamp: 4/27/2021 2:46:08 AM

Message: The domain name Default configured to serve your website content was not found in your current license file. Refer to tfs-sitefinity.virtualdreams.io for troubleshooting advice.


----------------------------------------
----------------------------------------
Timestamp: 4/27/2021 4:06:43 AM

Message: The domain name Default configured to serve your website content was not found in your current license file. Refer to tfs-sitefinity.virtualdreams.io for troubleshooting advice.


----------------------------------------
----------------------------------------
Timestamp: 4/27/2021 4:32:55 AM

Message: The domain name Default configured to serve your website content was not found in your current license file. Refer to tfs-sitefinity.virtualdreams.io for troubleshooting advice.


----------------------------------------
----------------------------------------
Timestamp: 4/27/2021 5:07:36 AM

Message: The domain name Default configured to serve your website content was not found in your current license file. Refer to tfs-sitefinity.virtualdreams.io for troubleshooting advice.


----------------------------------------
----------------------------------------
Timestamp: 4/27/2021 5:58:27 AM

Message: The domain name Default configured to serve your website content was not found in your current license file. Refer to tfs-sitefinity.virtualdreams.io for troubleshooting advice.


----------------------------------------
----------------------------------------
Timestamp: 4/27/2021 7:05:30 AM

Message: The domain name Default configured to serve your website content was not found in your current license file. Refer to tfs-sitefinity.virtualdreams.io for troubleshooting advice.


----------------------------------------
----------------------------------------
Timestamp: 4/27/2021 9:00:29 AM

Message: The domain name Default configured to serve your website content was not found in your current license file. Refer to tfs-sitefinity.virtualdreams.io for troubleshooting advice.


----------------------------------------
----------------------------------------
Timestamp: 4/27/2021 10:32:17 AM

Message: The domain name Default configured to serve your website content was not found in your current license file. Refer to tfs-sitefinity.virtualdreams.io for troubleshooting advice.


----------------------------------------
----------------------------------------
Timestamp: 4/27/2021 12:18:36 PM

Message: The domain name Default configured to serve your website content was not found in your current license file. Refer to tfs-sitefinity.virtualdreams.io for troubleshooting advice.


----------------------------------------
----------------------------------------
Timestamp: 4/27/2021 2:47:34 PM

Message: The domain name Default configured to serve your website content was not found in your current license file. Refer to tfs-sitefinity.virtualdreams.io for troubleshooting advice.


----------------------------------------
----------------------------------------
Timestamp: 4/27/2021 2:55:11 PM

Message: The domain name Default configured to serve your website content was not found in your current license file. Refer to tfs-sitefinity.virtualdreams.io for troubleshooting advice.


----------------------------------------
----------------------------------------
Timestamp: 4/27/2021 7:17:56 PM

Message: Scheduler: Task executed: 'Telerik.Sitefinity.Packaging.Tasks.PackagingExportForArchiveScheduledTask'. Start time: 4/27/2021 7:17:26 PM. End time: 4/27/2021 7:17:56 PM. Task data: '["Blogs","Telerik.Sitefinity.Taxonomies.Model.Taxonomy","Events","Libraries","Telerik.Sitefinity.Libraries.Model.Album","Telerik.Sitefinity.Libraries.Model.VideoLibrary","Telerik.Sitefinity.Libraries.Model.DocumentLibrary","Lists","News","Pages","User profiles","WebServices"];["Telerik.Sitefinity.Blogs.Model.Blog","Telerik.Sitefinity.Taxonomies.Model.Taxonomy","Telerik.Sitefinity.GenericContent.Model.ContentItem","Telerik.Sitefinity.Events.Model.Event","Telerik.Sitefinity.Forms.Model.FormDescription","Telerik.Sitefinity.Libraries.Model.Album","Telerik.Sitefinity.Libraries.Model.VideoLibrary","Telerik.Sitefinity.Libraries.Model.DocumentLibrary","Telerik.Sitefinity.Lists.Model.List","Telerik.Sitefinity.News.Model.NewsItem","Telerik.Sitefinity.Pages.Model.PageTemplate","Telerik.Sitefinity.Pages.Model.PageNode"];fab5e68c-4517-4bea-91e2-565354087e40'


----------------------------------------
----------------------------------------
Timestamp: 4/27/2021 9:00:28 PM

Message: The domain name Default configured to serve your website content was not found in your current license file. Refer to tfs-sitefinity.virtualdreams.io for troubleshooting advice.


----------------------------------------
----------------------------------------
Timestamp: 4/27/2021 9:24:06 PM

Message: The domain name Default configured to serve your website content was not found in your current license file. Refer to tfs-sitefinity.virtualdreams.io for troubleshooting advice.


----------------------------------------
----------------------------------------
Timestamp: 4/27/2021 10:11:03 PM

Message: The domain name Default configured to serve your website content was not found in your current license file. Refer to tfs-sitefinity.virtualdreams.io for troubleshooting advice.


----------------------------------------
----------------------------------------
Timestamp: 4/27/2021 11:20:53 PM

Message: The domain name Default configured to serve your website content was not found in your current license file. Refer to tfs-sitefinity.virtualdreams.io for troubleshooting advice.


----------------------------------------
