----------------------------------------
Timestamp: 5/11/2021 8:21:03 AM

Message: The domain name Default configured to serve your website content was not found in your current license file. Refer to tfs-sitefinity.virtualdreams.io for troubleshooting advice.


----------------------------------------
----------------------------------------
Timestamp: 5/11/2021 8:51:41 AM

Message: The domain name Default configured to serve your website content was not found in your current license file. Refer to tfs-sitefinity.virtualdreams.io for troubleshooting advice.


----------------------------------------
----------------------------------------
Timestamp: 5/11/2021 9:43:35 AM

Message: The domain name Default configured to serve your website content was not found in your current license file. Refer to tfs-sitefinity.virtualdreams.io for troubleshooting advice.


----------------------------------------
----------------------------------------
Timestamp: 5/11/2021 10:17:17 AM

Message: The domain name Default configured to serve your website content was not found in your current license file. Refer to tfs-sitefinity.virtualdreams.io for troubleshooting advice.


----------------------------------------
----------------------------------------
Timestamp: 11/05/2021 12:39:39

Message: Scheduler: Task executed: 'Telerik.Sitefinity.ABTesting.Scheduling.ABTestsSyncTask'. Start time: 11/05/2021 12:39:37. End time: 11/05/2021 12:39:39. Task data: ''


----------------------------------------
----------------------------------------
Timestamp: 5/11/2021 1:52:13 PM

Message: The domain name Default configured to serve your website content was not found in your current license file. Refer to tfs-sitefinity.virtualdreams.io for troubleshooting advice.


----------------------------------------
----------------------------------------
Timestamp: 5/11/2021 3:25:05 PM

Message: The domain name Default configured to serve your website content was not found in your current license file. Refer to tfs-sitefinity.virtualdreams.io for troubleshooting advice.


----------------------------------------
----------------------------------------
Timestamp: 5/12/2021 4:50:22 AM

Message: The domain name Default configured to serve your website content was not found in your current license file. Refer to tfs-sitefinity.virtualdreams.io for troubleshooting advice.


----------------------------------------
----------------------------------------
Timestamp: 5/12/2021 5:43:06 AM

Message: The domain name Default configured to serve your website content was not found in your current license file. Refer to tfs-sitefinity.virtualdreams.io for troubleshooting advice.


----------------------------------------
